# JRE version: OpenJDK Runtime Environment (8.0_345-b01) (build 1.8.0_345-b01)
# Java VM: OpenJDK 64-Bit Server VM (25.345-b01 mixed mode linux-amd64 )
Heap:
 PSYoungGen      total 34952704K, used 992486K [0x00007f2a81000000, 0x00007f3701000000, 0x00007f3701000000)
  eden space 17476608K, 0% used [0x00007f2a81000000,0x00007f2a81000000,0x00007f2eabb00000)
  from space 17476096K, 5% used [0x00007f2eabb00000,0x00007f2ee8439828,0x00007f32d6580000)
  to   space 17476096K, 0% used [0x00007f32d6580000,0x00007f32d6580000,0x00007f3701000000)
 ParOldGen       total 65683456K, used 65656206K [0x00007f1181000000, 0x00007f212a000000, 0x00007f2a81000000)
  object space 65683456K, 99% used [0x00007f1181000000,0x00007f21285638a0,0x00007f212a000000)
 Metaspace       used 140220K, capacity 153217K, committed 157184K, reserved 157696K
GC Heap History (225 events):
Event: 3.495 GC heap before
{Heap before GC invocations=1 (full 0):
 PSYoungGen      total 611840K, used 199426K [0x00007f2a81000000, 0x00007f2aaba80000, 0x00007f3701000000)
  eden space 524800K, 38% used [0x00007f2a81000000,0x00007f2a8d2c0988,0x00007f2aa1080000)
  from space 87040K, 0% used [0x00007f2aa6580000,0x00007f2aa6580000,0x00007f2aaba80000)
  to   space 87040K, 0% used [0x00007f2aa1080000,0x00007f2aa1080000,0x00007f2aa6580000)
 ParOldGen       total 1398272K, used 0K [0x00007f1181000000, 0x00007f11d6580000, 0x00007f2a81000000)
  object space 1398272K, 0% used [0x00007f1181000000,0x00007f1181000000,0x00007f11d6580000)
 Metaspace       used 20372K, capacity 21206K, committed 21248K, reserved 22528K
Event: 3.511 GC heap after
Heap after GC invocations=1 (full 0):
 PSYoungGen      total 611840K, used 15426K [0x00007f2a81000000, 0x00007f2aaba80000, 0x00007f3701000000)
  eden space 524800K, 0% used [0x00007f2a81000000,0x00007f2a81000000,0x00007f2aa1080000)
  from space 87040K, 17% used [0x00007f2aa1080000,0x00007f2aa1f90828,0x00007f2aa6580000)
  to   space 87040K, 0% used [0x00007f2aa6580000,0x00007f2aa6580000,0x00007f2aaba80000)
 ParOldGen       total 1398272K, used 24K [0x00007f1181000000, 0x00007f11d6580000, 0x00007f2a81000000)
  object space 1398272K, 0% used [0x00007f1181000000,0x00007f1181006000,0x00007f11d6580000)
 Metaspace       used 20372K, capacity 21206K, committed 21248K, reserved 22528K
}
Event: 3.511 GC heap before
{Heap before GC invocations=2 (full 1):
 PSYoungGen      total 611840K, used 15426K [0x00007f2a81000000, 0x00007f2aaba80000, 0x00007f3701000000)
  eden space 524800K, 0% used [0x00007f2a81000000,0x00007f2a81000000,0x00007f2aa1080000)
  from space 87040K, 17% used [0x00007f2aa1080000,0x00007f2aa1f90828,0x00007f2aa6580000)
  to   space 87040K, 0% used [0x00007f2aa6580000,0x00007f2aa6580000,0x00007f2aaba80000)
 ParOldGen       total 1398272K, used 24K [0x00007f1181000000, 0x00007f11d6580000, 0x00007f2a81000000)
  object space 1398272K, 0% used [0x00007f1181000000,0x00007f1181006000,0x00007f11d6580000)
 Metaspace       used 20372K, capacity 21206K, committed 21248K, reserved 22528K
Event: 3.539 GC heap after
Heap after GC invocations=2 (full 1):
 PSYoungGen      total 611840K, used 0K [0x00007f2a81000000, 0x00007f2aaba80000, 0x00007f3701000000)
  eden space 524800K, 0% used [0x00007f2a81000000,0x00007f2a81000000,0x00007f2aa1080000)
  from space 87040K, 0% used [0x00007f2aa1080000,0x00007f2aa1080000,0x00007f2aa6580000)
  to   space 87040K, 0% used [0x00007f2aa6580000,0x00007f2aa6580000,0x00007f2aaba80000)
 ParOldGen       total 871936K, used 14542K [0x00007f1181000000, 0x00007f11b6380000, 0x00007f2a81000000)
  object space 871936K, 1% used [0x00007f1181000000,0x00007f1181e33ab0,0x00007f11b6380000)
 Metaspace       used 20351K, capacity 21151K, committed 21248K, reserved 22528K
}
Event: 5.797 GC heap before
{Heap before GC invocations=3 (full 1):
 PSYoungGen      total 611840K, used 231283K [0x00007f2a81000000, 0x00007f2aaba80000, 0x00007f3701000000)
  eden space 524800K, 44% used [0x00007f2a81000000,0x00007f2a8f1dced0,0x00007f2aa1080000)
  from space 87040K, 0% used [0x00007f2aa1080000,0x00007f2aa1080000,0x00007f2aa6580000)
  to   space 87040K, 0% used [0x00007f2aa6580000,0x00007f2aa6580000,0x00007f2aaba80000)
 ParOldGen       total 871936K, used 14542K [0x00007f1181000000, 0x00007f11b6380000, 0x00007f2a81000000)
  object space 871936K, 1% used [0x00007f1181000000,0x00007f1181e33ab0,0x00007f11b6380000)
 Metaspace       used 33740K, capacity 35361K, committed 35416K, reserved 36864K
Event: 5.812 GC heap after
Heap after GC invocations=3 (full 1):
 PSYoungGen      total 611840K, used 13621K [0x00007f2a81000000, 0x00007f2ab8d00000, 0x00007f3701000000)
  eden space 524800K, 0% used [0x00007f2a81000000,0x00007f2a81000000,0x00007f2aa1080000)
  from space 87040K, 15% used [0x00007f2aa6580000,0x00007f2aa72cd748,0x00007f2aaba80000)
  to   space 87040K, 0% used [0x00007f2aa1080000,0x00007f2aa1080000,0x00007f2aa6580000)
 ParOldGen       total 871936K, used 14614K [0x00007f1181000000, 0x00007f11b6380000, 0x00007f2a81000000)
  object space 871936K, 1% used [0x00007f1181000000,0x00007f1181e45ac8,0x00007f11b6380000)
 Metaspace       used 33740K, capacity 35361K, committed 35416K, reserved 36864K
}
Event: 5.812 GC heap before
{Heap before GC invocations=4 (full 2):
 PSYoungGen      total 611840K, used 13621K [0x00007f2a81000000, 0x00007f2ab8d00000, 0x00007f3701000000)
  eden space 524800K, 0% used [0x00007f2a81000000,0x00007f2a81000000,0x00007f2aa1080000)
  from space 87040K, 15% used [0x00007f2aa6580000,0x00007f2aa72cd748,0x00007f2aaba80000)
  to   space 87040K, 0% used [0x00007f2aa1080000,0x00007f2aa1080000,0x00007f2aa6580000)
 ParOldGen       total 871936K, used 14614K [0x00007f1181000000, 0x00007f11b6380000, 0x00007f2a81000000)
  object space 871936K, 1% used [0x00007f1181000000,0x00007f1181e45ac8,0x00007f11b6380000)
 Metaspace       used 33740K, capacity 35361K, committed 35416K, reserved 36864K
Event: 5.853 GC heap after
Heap after GC invocations=4 (full 2):
 PSYoungGen      total 611840K, used 0K [0x00007f2a81000000, 0x00007f2ab8d00000, 0x00007f3701000000)
  eden space 524800K, 0% used [0x00007f2a81000000,0x00007f2a81000000,0x00007f2aa1080000)
  from space 87040K, 0% used [0x00007f2aa6580000,0x00007f2aa6580000,0x00007f2aaba80000)
  to   space 87040K, 0% used [0x00007f2aa1080000,0x00007f2aa1080000,0x00007f2aa6580000)
 ParOldGen       total 1471488K, used 19083K [0x00007f1181000000, 0x00007f11dad00000, 0x00007f2a81000000)
  object space 1471488K, 1% used [0x00007f1181000000,0x00007f11822a2c18,0x00007f11dad00000)
 Metaspace       used 33737K, capacity 35351K, committed 35416K, reserved 36864K
}
Event: 12.700 GC heap before
{Heap before GC invocations=5 (full 2):
 PSYoungGen      total 611840K, used 408922K [0x00007f2a81000000, 0x00007f2ab8d00000, 0x00007f3701000000)
  eden space 524800K, 77% used [0x00007f2a81000000,0x00007f2a99f56a50,0x00007f2aa1080000)
  from space 87040K, 0% used [0x00007f2aa6580000,0x00007f2aa6580000,0x00007f2aaba80000)
  to   space 87040K, 0% used [0x00007f2aa1080000,0x00007f2aa1080000,0x00007f2aa6580000)
 ParOldGen       total 1471488K, used 19083K [0x00007f1181000000, 0x00007f11dad00000, 0x00007f2a81000000)
  object space 1471488K, 1% used [0x00007f1181000000,0x00007f11822a2c18,0x00007f11dad00000)
 Metaspace       used 55962K, capacity 58926K, committed 59028K, reserved 59392K
Event: 12.722 GC heap after
Heap after GC invocations=5 (full 2):
 PSYoungGen      total 611840K, used 33174K [0x00007f2a81000000, 0x00007f2ab4880000, 0x00007f3701000000)
  eden space 524800K, 0% used [0x00007f2a81000000,0x00007f2a81000000,0x00007f2aa1080000)
  from space 87040K, 38% used [0x00007f2aa1080000,0x00007f2aa30e5a88,0x00007f2aa6580000)
  to   space 87040K, 0% used [0x00007f2aaf380000,0x00007f2aaf380000,0x00007f2ab4880000)
 ParOldGen       total 1471488K, used 19091K [0x00007f1181000000, 0x00007f11dad00000, 0x00007f2a81000000)
  object space 1471488K, 1% used [0x00007f1181000000,0x00007f11822a4c18,0x00007f11dad00000)
 Metaspace       used 55962K, capacity 58926K, committed 59028K, reserved 59392K
}
Event: 12.722 GC heap before
{Heap before GC invocations=6 (full 3):
 PSYoungGen      total 611840K, used 33174K [0x00007f2a81000000, 0x00007f2ab4880000, 0x00007f3701000000)
  eden space 524800K, 0% used [0x00007f2a81000000,0x00007f2a81000000,0x00007f2aa1080000)
  from space 87040K, 38% used [0x00007f2aa1080000,0x00007f2aa30e5a88,0x00007f2aa6580000)
  to   space 87040K, 0% used [0x00007f2aaf380000,0x00007f2aaf380000,0x00007f2ab4880000)
 ParOldGen       total 1471488K, used 19091K [0x00007f1181000000, 0x00007f11dad00000, 0x00007f2a81000000)
  object space 1471488K, 1% used [0x00007f1181000000,0x00007f11822a4c18,0x00007f11dad00000)
 Metaspace       used 55962K, capacity 58926K, committed 59028K, reserved 59392K
Event: 12.818 GC heap after
Heap after GC invocations=6 (full 3):
 PSYoungGen      total 611840K, used 0K [0x00007f2a81000000, 0x00007f2ab4880000, 0x00007f3701000000)
  eden space 524800K, 0% used [0x00007f2a81000000,0x00007f2a81000000,0x00007f2aa1080000)
  from space 87040K, 0% used [0x00007f2aa1080000,0x00007f2aa1080000,0x00007f2aa6580000)
  to   space 87040K, 0% used [0x00007f2aaf380000,0x00007f2aaf380000,0x00007f2ab4880000)
 ParOldGen       total 2130432K, used 41739K [0x00007f1181000000, 0x00007f1203080000, 0x00007f2a81000000)
  object space 2130432K, 1% used [0x00007f1181000000,0x00007f11838c2fb8,0x00007f1203080000)
 Metaspace       used 55939K, capacity 58861K, committed 59028K, reserved 59392K
}
Event: 16.022 GC heap before
{Heap before GC invocations=7 (full 3):
 PSYoungGen      total 611840K, used 524800K [0x00007f2a81000000, 0x00007f2ab4880000, 0x00007f3701000000)
  eden space 524800K, 100% used [0x00007f2a81000000,0x00007f2aa1080000,0x00007f2aa1080000)
  from space 87040K, 0% used [0x00007f2aa1080000,0x00007f2aa1080000,0x00007f2aa6580000)
  to   space 87040K, 0% used [0x00007f2aaf380000,0x00007f2aaf380000,0x00007f2ab4880000)
 ParOldGen       total 2130432K, used 41739K [0x00007f1181000000, 0x00007f1203080000, 0x00007f2a81000000)
  object space 2130432K, 1% used [0x00007f1181000000,0x00007f11838c2fb8,0x00007f1203080000)
 Metaspace       used 85933K, capacity 92721K, committed 92928K, reserved 94208K
Event: 16.053 GC heap after
Heap after GC invocations=7 (full 3):
 PSYoungGen      total 757248K, used 39622K [0x00007f2a81000000, 0x00007f2ab5c80000, 0x00007f3701000000)
  eden space 670208K, 0% used [0x00007f2a81000000,0x00007f2a81000000,0x00007f2aa9e80000)
  from space 87040K, 45% used [0x00007f2aaf380000,0x00007f2ab1a31b00,0x00007f2ab4880000)
  to   space 87040K, 0% used [0x00007f2aa9e80000,0x00007f2aa9e80000,0x00007f2aaf380000)
 ParOldGen       total 2130432K, used 41755K [0x00007f1181000000, 0x00007f1203080000, 0x00007f2a81000000)
  object space 2130432K, 1% used [0x00007f1181000000,0x00007f11838c6fb8,0x00007f1203080000)
 Metaspace       used 85933K, capacity 92721K, committed 92928K, reserved 94208K
}
Event: 16.492 GC heap before
{Heap before GC invocations=8 (full 3):
 PSYoungGen      total 757248K, used 124563K [0x00007f2a81000000, 0x00007f2ab5c80000, 0x00007f3701000000)
  eden space 670208K, 12% used [0x00007f2a81000000,0x00007f2a862f3320,0x00007f2aa9e80000)
  from space 87040K, 45% used [0x00007f2aaf380000,0x00007f2ab1a31b00,0x00007f2ab4880000)
  to   space 87040K, 0% used [0x00007f2aa9e80000,0x00007f2aa9e80000,0x00007f2aaf380000)
 ParOldGen       total 2130432K, used 41755K [0x00007f1181000000, 0x00007f1203080000, 0x00007f2a81000000)
  object space 2130432K, 1% used [0x00007f1181000000,0x00007f11838c6fb8,0x00007f1203080000)
 Metaspace       used 91269K, capacity 98355K, committed 98380K, reserved 100352K
Event: 16.504 GC heap after
Heap after GC invocations=8 (full 3):
 PSYoungGen      total 757248K, used 20330K [0x00007f2a81000000, 0x00007f2ac1f80000, 0x00007f3701000000)
  eden space 670208K, 0% used [0x00007f2a81000000,0x00007f2a81000000,0x00007f2aa9e80000)
  from space 87040K, 23% used [0x00007f2aa9e80000,0x00007f2aab25ab08,0x00007f2aaf380000)
  to   space 43520K, 0% used [0x00007f2abf500000,0x00007f2abf500000,0x00007f2ac1f80000)
 ParOldGen       total 2130432K, used 41763K [0x00007f1181000000, 0x00007f1203080000, 0x00007f2a81000000)
  object space 2130432K, 1% used [0x00007f1181000000,0x00007f11838c8fb8,0x00007f1203080000)
 Metaspace       used 91269K, capacity 98355K, committed 98380K, reserved 100352K
}
Event: 16.504 GC heap before
{Heap before GC invocations=9 (full 4):
 PSYoungGen      total 757248K, used 20330K [0x00007f2a81000000, 0x00007f2ac1f80000, 0x00007f3701000000)
  eden space 670208K, 0% used [0x00007f2a81000000,0x00007f2a81000000,0x00007f2aa9e80000)
  from space 87040K, 23% used [0x00007f2aa9e80000,0x00007f2aab25ab08,0x00007f2aaf380000)
  to   space 43520K, 0% used [0x00007f2abf500000,0x00007f2abf500000,0x00007f2ac1f80000)
 ParOldGen       total 2130432K, used 41763K [0x00007f1181000000, 0x00007f1203080000, 0x00007f2a81000000)
  object space 2130432K, 1% used [0x00007f1181000000,0x00007f11838c8fb8,0x00007f1203080000)
 Metaspace       used 91269K, capacity 98355K, committed 98380K, reserved 100352K
Event: 16.578 GC heap after
Heap after GC invocations=9 (full 4):
 PSYoungGen      total 757248K, used 0K [0x00007f2a81000000, 0x00007f2ac1f80000, 0x00007f3701000000)
  eden space 670208K, 0% used [0x00007f2a81000000,0x00007f2a81000000,0x00007f2aa9e80000)
  from space 87040K, 0% used [0x00007f2aa9e80000,0x00007f2aa9e80000,0x00007f2aaf380000)
  to   space 43520K, 0% used [0x00007f2abf500000,0x00007f2abf500000,0x00007f2ac1f80000)
 ParOldGen       total 2850304K, used 44659K [0x00007f1181000000, 0x00007f122ef80000, 0x00007f2a81000000)
  object space 2850304K, 1% used [0x00007f1181000000,0x00007f1183b9cc98,0x00007f122ef80000)
 Metaspace       used 91269K, capacity 98355K, committed 98380K, reserved 100352K
}
Event: 25.064 GC heap before
{Heap before GC invocations=10 (full 4):
 PSYoungGen      total 757248K, used 670208K [0x00007f2a81000000, 0x00007f2ac1f80000, 0x00007f3701000000)
  eden space 670208K, 100% used [0x00007f2a81000000,0x00007f2aa9e80000,0x00007f2aa9e80000)
  from space 87040K, 0% used [0x00007f2aa9e80000,0x00007f2aa9e80000,0x00007f2aaf380000)
  to   space 43520K, 0% used [0x00007f2abf500000,0x00007f2abf500000,0x00007f2ac1f80000)
 ParOldGen       total 2850304K, used 44659K [0x00007f1181000000, 0x00007f122ef80000, 0x00007f2a81000000)
  object space 2850304K, 1% used [0x00007f1181000000,0x00007f1183b9cc98,0x00007f122ef80000)
 Metaspace       used 118800K, capacity 131789K, committed 131840K, reserved 133120K
Event: 25.099 GC heap after
Heap after GC invocations=10 (full 4):
 PSYoungGen      total 970752K, used 40878K [0x00007f2a81000000, 0x00007f2ac1d00000, 0x00007f3701000000)
  eden space 929792K, 0% used [0x00007f2a81000000,0x00007f2a81000000,0x00007f2ab9c00000)
  from space 40960K, 99% used [0x00007f2abf500000,0x00007f2ac1cebbd8,0x00007f2ac1d00000)
  to   space 49664K, 0% used [0x00007f2abbc00000,0x00007f2abbc00000,0x00007f2abec80000)
 ParOldGen       total 2850304K, used 44683K [0x00007f1181000000, 0x00007f122ef80000, 0x00007f2a81000000)
  object space 2850304K, 1% used [0x00007f1181000000,0x00007f1183ba2c98,0x00007f122ef80000)
 Metaspace       used 118800K, capacity 131789K, committed 131840K, reserved 133120K
}
Event: 25.581 GC heap before
{Heap before GC invocations=11 (full 4):
 PSYoungGen      total 970752K, used 970670K [0x00007f2a81000000, 0x00007f2ac1d00000, 0x00007f3701000000)
  eden space 929792K, 100% used [0x00007f2a81000000,0x00007f2ab9c00000,0x00007f2ab9c00000)
  from space 40960K, 99% used [0x00007f2abf500000,0x00007f2ac1cebbd8,0x00007f2ac1d00000)
  to   space 49664K, 0% used [0x00007f2abbc00000,0x00007f2abbc00000,0x00007f2abec80000)
 ParOldGen       total 2850304K, used 44683K [0x00007f1181000000, 0x00007f122ef80000, 0x00007f2a81000000)
  object space 2850304K, 1% used [0x00007f1181000000,0x00007f1183ba2c98,0x00007f122ef80000)
 Metaspace       used 121934K, capacity 136049K, committed 136192K, reserved 137216K
Event: 25.594 GC heap after
Heap after GC invocations=11 (full 4):
 PSYoungGen      total 1012224K, used 36599K [0x00007f2a81000000, 0x00007f2adb600000, 0x00007f3701000000)
  eden space 962560K, 0% used [0x00007f2a81000000,0x00007f2a81000000,0x00007f2abbc00000)
  from space 49664K, 73% used [0x00007f2abbc00000,0x00007f2abdfbdf70,0x00007f2abec80000)
  to   space 51712K, 0% used [0x00007f2ad8380000,0x00007f2ad8380000,0x00007f2adb600000)
 ParOldGen       total 2850304K, used 44691K [0x00007f1181000000, 0x00007f122ef80000, 0x00007f2a81000000)
  object space 2850304K, 1% used [0x00007f1181000000,0x00007f1183ba4c98,0x00007f122ef80000)
 Metaspace       used 121934K, capacity 136049K, committed 136192K, reserved 137216K
}
Event: 25.671 GC heap before
{Heap before GC invocations=12 (full 4):
 PSYoungGen      total 1012224K, used 999159K [0x00007f2a81000000, 0x00007f2adb600000, 0x00007f3701000000)
  eden space 962560K, 100% used [0x00007f2a81000000,0x00007f2abbc00000,0x00007f2abbc00000)
  from space 49664K, 73% used [0x00007f2abbc00000,0x00007f2abdfbdf70,0x00007f2abec80000)
  to   space 51712K, 0% used [0x00007f2ad8380000,0x00007f2ad8380000,0x00007f2adb600000)
 ParOldGen       total 2850304K, used 44691K [0x00007f1181000000, 0x00007f122ef80000, 0x00007f2a81000000)
  object space 2850304K, 1% used [0x00007f1181000000,0x00007f1183ba4c98,0x00007f122ef80000)
 Metaspace       used 121935K, capacity 136049K, committed 136192K, reserved 137216K
Event: 25.684 GC heap after
Heap after GC invocations=12 (full 4):
 PSYoungGen      total 1428992K, used 35066K [0x00007f2a81000000, 0x00007f2aeea00000, 0x00007f3701000000)
  eden space 1377280K, 0% used [0x00007f2a81000000,0x00007f2a81000000,0x00007f2ad5100000)
  from space 51712K, 67% used [0x00007f2ad8380000,0x00007f2ada5bea30,0x00007f2adb600000)
  to   space 51712K, 0% used [0x00007f2ad5100000,0x00007f2ad5100000,0x00007f2ad8380000)
 ParOldGen       total 2850304K, used 44699K [0x00007f1181000000, 0x00007f122ef80000, 0x00007f2a81000000)
  object space 2850304K, 1% used [0x00007f1181000000,0x00007f1183ba6c98,0x00007f122ef80000)
 Metaspace       used 121935K, capacity 136049K, committed 136192K, reserved 137216K
}
Event: 25.790 GC heap before
{Heap before GC invocations=13 (full 4):
 PSYoungGen      total 1428992K, used 1412346K [0x00007f2a81000000, 0x00007f2aeea00000, 0x00007f3701000000)
  eden space 1377280K, 100% used [0x00007f2a81000000,0x00007f2ad5100000,0x00007f2ad5100000)
  from space 51712K, 67% used [0x00007f2ad8380000,0x00007f2ada5bea30,0x00007f2adb600000)
  to   space 51712K, 0% used [0x00007f2ad5100000,0x00007f2ad5100000,0x00007f2ad8380000)
 ParOldGen       total 2850304K, used 44699K [0x00007f1181000000, 0x00007f122ef80000, 0x00007f2a81000000)
  object space 2850304K, 1% used [0x00007f1181000000,0x00007f1183ba6c98,0x00007f122ef80000)
 Metaspace       used 121935K, capacity 136049K, committed 136192K, reserved 137216K
Event: 25.803 GC heap after
Heap after GC invocations=13 (full 4):
 PSYoungGen      total 1428992K, used 34970K [0x00007f2a81000000, 0x00007f2b04300000, 0x00007f3701000000)
  eden space 1377280K, 0% used [0x00007f2a81000000,0x00007f2a81000000,0x00007f2ad5100000)
  from space 51712K, 67% used [0x00007f2ad5100000,0x00007f2ad7326a30,0x00007f2ad8380000)
  to   space 51712K, 0% used [0x00007f2b01080000,0x00007f2b01080000,0x00007f2b04300000)
 ParOldGen       total 2850304K, used 44707K [0x00007f1181000000, 0x00007f122ef80000, 0x00007f2a81000000)
  object space 2850304K, 1% used [0x00007f1181000000,0x00007f1183ba8c98,0x00007f122ef80000)
 Metaspace       used 121935K, capacity 136049K, committed 136192K, reserved 137216K
}
Event: 25.910 GC heap before
{Heap before GC invocations=14 (full 4):
 PSYoungGen      total 1428992K, used 1412250K [0x00007f2a81000000, 0x00007f2b04300000, 0x00007f3701000000)
  eden space 1377280K, 100% used [0x00007f2a81000000,0x00007f2ad5100000,0x00007f2ad5100000)
  from space 51712K, 67% used [0x00007f2ad5100000,0x00007f2ad7326a30,0x00007f2ad8380000)
  to   space 51712K, 0% used [0x00007f2b01080000,0x00007f2b01080000,0x00007f2b04300000)
 ParOldGen       total 2850304K, used 44707K [0x00007f1181000000, 0x00007f122ef80000, 0x00007f2a81000000)
  object space 2850304K, 1% used [0x00007f1181000000,0x00007f1183ba8c98,0x00007f122ef80000)
 Metaspace       used 122031K, capacity 136163K, committed 136192K, reserved 137216K
Event: 25.923 GC heap after
Heap after GC invocations=14 (full 4):
 PSYoungGen      total 2098176K, used 34897K [0x00007f2a81000000, 0x00007f2b05700000, 0x00007f3701000000)
  eden space 2046464K, 0% used [0x00007f2a81000000,0x00007f2a81000000,0x00007f2afde80000)
  from space 51712K, 67% used [0x00007f2b01080000,0x00007f2b032947d0,0x00007f2b04300000)
  to   space 51200K, 0% used [0x00007f2afde80000,0x00007f2afde80000,0x00007f2b01080000)
 ParOldGen       total 2850304K, used 44715K [0x00007f1181000000, 0x00007f122ef80000, 0x00007f2a81000000)
  object space 2850304K, 1% used [0x00007f1181000000,0x00007f1183baac98,0x00007f122ef80000)
 Metaspace       used 122031K, capacity 136163K, committed 136192K, reserved 137216K
}
Event: 26.294 GC heap before
{Heap before GC invocations=15 (full 4):
 PSYoungGen      total 2098176K, used 2081361K [0x00007f2a81000000, 0x00007f2b05700000, 0x00007f3701000000)
  eden space 2046464K, 100% used [0x00007f2a81000000,0x00007f2afde80000,0x00007f2afde80000)
  from space 51712K, 67% used [0x00007f2b01080000,0x00007f2b032947d0,0x00007f2b04300000)
  to   space 51200K, 0% used [0x00007f2afde80000,0x00007f2afde80000,0x00007f2b01080000)
 ParOldGen       total 2850304K, used 44715K [0x00007f1181000000, 0x00007f122ef80000, 0x00007f2a81000000)
  object space 2850304K, 1% used [0x00007f1181000000,0x00007f1183baac98,0x00007f122ef80000)
 Metaspace       used 122337K, capacity 136565K, committed 136704K, reserved 137216K
Event: 26.308 GC heap after
Heap after GC invocations=15 (full 4):
 PSYoungGen      total 2097664K, used 31466K [0x00007f2a81000000, 0x00007f2b40f80000, 0x00007f3701000000)
  eden space 2046464K, 0% used [0x00007f2a81000000,0x00007f2a81000000,0x00007f2afde80000)
  from space 51200K, 61% used [0x00007f2afde80000,0x00007f2affd3a910,0x00007f2b01080000)
  to   space 49664K, 0% used [0x00007f2b3df00000,0x00007f2b3df00000,0x00007f2b40f80000)
 ParOldGen       total 2850304K, used 44723K [0x00007f1181000000, 0x00007f122ef80000, 0x00007f2a81000000)
  object space 2850304K, 1% used [0x00007f1181000000,0x00007f1183bacc98,0x00007f122ef80000)
 Metaspace       used 122337K, capacity 136565K, committed 136704K, reserved 137216K
}
Event: 26.558 GC heap before
{Heap before GC invocations=16 (full 4):
 PSYoungGen      total 2097664K, used 2077930K [0x00007f2a81000000, 0x00007f2b40f80000, 0x00007f3701000000)
  eden space 2046464K, 100% used [0x00007f2a81000000,0x00007f2afde80000,0x00007f2afde80000)
  from space 51200K, 61% used [0x00007f2afde80000,0x00007f2affd3a910,0x00007f2b01080000)
  to   space 49664K, 0% used [0x00007f2b3df00000,0x00007f2b3df00000,0x00007f2b40f80000)
 ParOldGen       total 2850304K, used 44723K [0x00007f1181000000, 0x00007f122ef80000, 0x00007f2a81000000)
  object space 2850304K, 1% used [0x00007f1181000000,0x00007f1183bacc98,0x00007f122ef80000)
 Metaspace       used 122502K, capacity 136723K, committed 136960K, reserved 137216K
Event: 26.572 GC heap after
Heap after GC invocations=16 (full 4):
 PSYoungGen      total 3076096K, used 18909K [0x00007f2a81000000, 0x00007f2b40600000, 0x00007f3701000000)
  eden space 3036160K, 0% used [0x00007f2a81000000,0x00007f2a81000000,0x00007f2b3a500000)
  from space 39936K, 47% used [0x00007f2b3df00000,0x00007f2b3f1776e0,0x00007f2b40600000)
  to   space 49664K, 0% used [0x00007f2b3a500000,0x00007f2b3a500000,0x00007f2b3d580000)
 ParOldGen       total 2850304K, used 63641K [0x00007f1181000000, 0x00007f122ef80000, 0x00007f2a81000000)
  object space 2850304K, 2% used [0x00007f1181000000,0x00007f1184e26468,0x00007f122ef80000)
 Metaspace       used 122502K, capacity 136723K, committed 136960K, reserved 137216K
}
Event: 26.859 GC heap before
{Heap before GC invocations=17 (full 4):
 PSYoungGen      total 3076096K, used 3055069K [0x00007f2a81000000, 0x00007f2b40600000, 0x00007f3701000000)
  eden space 3036160K, 100% used [0x00007f2a81000000,0x00007f2b3a500000,0x00007f2b3a500000)
  from space 39936K, 47% used [0x00007f2b3df00000,0x00007f2b3f1776e0,0x00007f2b40600000)
  to   space 49664K, 0% used [0x00007f2b3a500000,0x00007f2b3a500000,0x00007f2b3d580000)
 ParOldGen       total 2850304K, used 63641K [0x00007f1181000000, 0x00007f122ef80000, 0x00007f2a81000000)
  object space 2850304K, 2% used [0x00007f1181000000,0x00007f1184e26468,0x00007f122ef80000)
 Metaspace       used 122582K, capacity 136851K, committed 136960K, reserved 137216K
Event: 26.868 GC heap after
Heap after GC invocations=17 (full 4):
 PSYoungGen      total 3085824K, used 17277K [0x00007f2a81000000, 0x00007f2b96e80000, 0x00007f3701000000)
  eden space 3036160K, 0% used [0x00007f2a81000000,0x00007f2a81000000,0x00007f2b3a500000)
  from space 49664K, 34% used [0x00007f2b3a500000,0x00007f2b3b5df6c0,0x00007f2b3d580000)
  to   space 49664K, 0% used [0x00007f2b93e00000,0x00007f2b93e00000,0x00007f2b96e80000)
 ParOldGen       total 2850304K, used 63673K [0x00007f1181000000, 0x00007f122ef80000, 0x00007f2a81000000)
  object space 2850304K, 2% used [0x00007f1181000000,0x00007f1184e2e468,0x00007f122ef80000)
 Metaspace       used 122582K, capacity 136851K, committed 136960K, reserved 137216K
}
Event: 27.174 GC heap before
{Heap before GC invocations=18 (full 4):
 PSYoungGen      total 3085824K, used 3053437K [0x00007f2a81000000, 0x00007f2b96e80000, 0x00007f3701000000)
  eden space 3036160K, 100% used [0x00007f2a81000000,0x00007f2b3a500000,0x00007f2b3a500000)
  from space 49664K, 34% used [0x00007f2b3a500000,0x00007f2b3b5df6c0,0x00007f2b3d580000)
  to   space 49664K, 0% used [0x00007f2b93e00000,0x00007f2b93e00000,0x00007f2b96e80000)
 ParOldGen       total 2850304K, used 63673K [0x00007f1181000000, 0x00007f122ef80000, 0x00007f2a81000000)
  object space 2850304K, 2% used [0x00007f1181000000,0x00007f1184e2e468,0x00007f122ef80000)
 Metaspace       used 122726K, capacity 136979K, committed 137216K, reserved 137216K
Event: 27.180 GC heap after
Heap after GC invocations=18 (full 4):
 PSYoungGen      total 4417536K, used 15979K [0x00007f2a81000000, 0x00007f2b94e00000, 0x00007f3701000000)
  eden space 4401152K, 0% used [0x00007f2a81000000,0x00007f2a81000000,0x00007f2b8da00000)
  from space 16384K, 97% used [0x00007f2b93e00000,0x00007f2b94d9ad88,0x00007f2b94e00000)
  to   space 49664K, 0% used [0x00007f2b8ed00000,0x00007f2b8ed00000,0x00007f2b91d80000)
 ParOldGen       total 2850304K, used 63961K [0x00007f1181000000, 0x00007f122ef80000, 0x00007f2a81000000)
  object space 2850304K, 2% used [0x00007f1181000000,0x00007f1184e76468,0x00007f122ef80000)
 Metaspace       used 122726K, capacity 136979K, committed 137216K, reserved 137216K
}
Event: 27.621 GC heap before
{Heap before GC invocations=19 (full 4):
 PSYoungGen      total 4417536K, used 4417131K [0x00007f2a81000000, 0x00007f2b94e00000, 0x00007f3701000000)
  eden space 4401152K, 100% used [0x00007f2a81000000,0x00007f2b8da00000,0x00007f2b8da00000)
  from space 16384K, 97% used [0x00007f2b93e00000,0x00007f2b94d9ad88,0x00007f2b94e00000)
  to   space 49664K, 0% used [0x00007f2b8ed00000,0x00007f2b8ed00000,0x00007f2b91d80000)
 ParOldGen       total 2850304K, used 63961K [0x00007f1181000000, 0x00007f122ef80000, 0x00007f2a81000000)
  object space 2850304K, 2% used [0x00007f1181000000,0x00007f1184e76468,0x00007f122ef80000)
 Metaspace       used 122857K, capacity 137103K, committed 137216K, reserved 137216K
Event: 27.631 GC heap after
Heap after GC invocations=19 (full 4):
 PSYoungGen      total 4470272K, used 18050K [0x00007f2a81000000, 0x00007f2c07000000, 0x00007f3701000000)
  eden space 4420608K, 0% used [0x00007f2a81000000,0x00007f2a81000000,0x00007f2b8ed00000)
  from space 49664K, 36% used [0x00007f2b8ed00000,0x00007f2b8fea0858,0x00007f2b91d80000)
  to   space 48640K, 0% used [0x00007f2c04080000,0x00007f2c04080000,0x00007f2c07000000)
 ParOldGen       total 2850304K, used 65256K [0x00007f1181000000, 0x00007f122ef80000, 0x00007f2a81000000)
  object space 2850304K, 2% used [0x00007f1181000000,0x00007f1184fba308,0x00007f122ef80000)
 Metaspace       used 122857K, capacity 137103K, committed 137216K, reserved 137216K
}
Event: 28.051 GC heap before
{Heap before GC invocations=20 (full 4):
 PSYoungGen      total 4470272K, used 4438658K [0x00007f2a81000000, 0x00007f2c07000000, 0x00007f3701000000)
  eden space 4420608K, 100% used [0x00007f2a81000000,0x00007f2b8ed00000,0x00007f2b8ed00000)
  from space 49664K, 36% used [0x00007f2b8ed00000,0x00007f2b8fea0858,0x00007f2b91d80000)
  to   space 48640K, 0% used [0x00007f2c04080000,0x00007f2c04080000,0x00007f2c07000000)
 ParOldGen       total 2850304K, used 65256K [0x00007f1181000000, 0x00007f122ef80000, 0x00007f2a81000000)
  object space 2850304K, 2% used [0x00007f1181000000,0x00007f1184fba308,0x00007f122ef80000)
 Metaspace       used 123070K, capacity 137324K, committed 137472K, reserved 139264K
Event: 28.059 GC heap after
Heap after GC invocations=20 (full 4):
 PSYoungGen      total 6257664K, used 16129K [0x00007f2a81000000, 0x00007f2c05080000, 0x00007f3701000000)
  eden space 6241280K, 0% used [0x00007f2a81000000,0x00007f2a81000000,0x00007f2bfdf00000)
  from space 16384K, 98% used [0x00007f2c04080000,0x00007f2c050407e0,0x00007f2c05080000)
  to   space 48128K, 0% used [0x00007f2bff280000,0x00007f2bff280000,0x00007f2c02180000)
 ParOldGen       total 2850304K, used 71165K [0x00007f1181000000, 0x00007f122ef80000, 0x00007f2a81000000)
  object space 2850304K, 2% used [0x00007f1181000000,0x00007f118557f730,0x00007f122ef80000)
 Metaspace       used 123070K, capacity 137324K, committed 137472K, reserved 139264K
}
Event: 31.941 GC heap before
{Heap before GC invocations=21 (full 4):
 PSYoungGen      total 6257664K, used 6257409K [0x00007f2a81000000, 0x00007f2c05080000, 0x00007f3701000000)
  eden space 6241280K, 100% used [0x00007f2a81000000,0x00007f2bfdf00000,0x00007f2bfdf00000)
  from space 16384K, 98% used [0x00007f2c04080000,0x00007f2c050407e0,0x00007f2c05080000)
  to   space 48128K, 0% used [0x00007f2bff280000,0x00007f2bff280000,0x00007f2c02180000)
 ParOldGen       total 2850304K, used 71165K [0x00007f1181000000, 0x00007f122ef80000, 0x00007f2a81000000)
  object space 2850304K, 2% used [0x00007f1181000000,0x00007f118557f730,0x00007f122ef80000)
 Metaspace       used 124705K, capacity 139522K, committed 139776K, reserved 141312K
Event: 31.952 GC heap after
Heap after GC invocations=21 (full 4):
 PSYoungGen      total 6309376K, used 14193K [0x00007f2a81000000, 0x00007f2c63480000, 0x00007f3701000000)
  eden space 6261248K, 0% used [0x00007f2a81000000,0x00007f2a81000000,0x00007f2bff280000)
  from space 48128K, 29% used [0x00007f2bff280000,0x00007f2c0005c598,0x00007f2c02180000)
  to   space 47616K, 0% used [0x00007f2c60600000,0x00007f2c60600000,0x00007f2c63480000)
 ParOldGen       total 2850304K, used 75198K [0x00007f1181000000, 0x00007f122ef80000, 0x00007f2a81000000)
  object space 2850304K, 2% used [0x00007f1181000000,0x00007f118596fb40,0x00007f122ef80000)
 Metaspace       used 124705K, capacity 139522K, committed 139776K, reserved 141312K
}
Event: 32.402 GC heap before
{Heap before GC invocations=22 (full 4):
 PSYoungGen      total 6309376K, used 6275441K [0x00007f2a81000000, 0x00007f2c63480000, 0x00007f3701000000)
  eden space 6261248K, 100% used [0x00007f2a81000000,0x00007f2bff280000,0x00007f2bff280000)
  from space 48128K, 29% used [0x00007f2bff280000,0x00007f2c0005c598,0x00007f2c02180000)
  to   space 47616K, 0% used [0x00007f2c60600000,0x00007f2c60600000,0x00007f2c63480000)
 ParOldGen       total 2850304K, used 75198K [0x00007f1181000000, 0x00007f122ef80000, 0x00007f2a81000000)
  object space 2850304K, 2% used [0x00007f1181000000,0x00007f118596fb40,0x00007f122ef80000)
 Metaspace       used 124709K, capacity 139522K, committed 139776K, reserved 141312K
Event: 32.409 GC heap after
Heap after GC invocations=22 (full 4):
 PSYoungGen      total 7800832K, used 736K [0x00007f2a81000000, 0x00007f2c61c80000, 0x00007f3701000000)
  eden space 7777792K, 0% used [0x00007f2a81000000,0x00007f2a81000000,0x00007f2c5bb80000)
  from space 23040K, 3% used [0x00007f2c60600000,0x00007f2c606b8000,0x00007f2c61c80000)
  to   space 49664K, 0% used [0x00007f2c5bb80000,0x00007f2c5bb80000,0x00007f2c5ec00000)
 ParOldGen       total 2850304K, used 87730K [0x00007f1181000000, 0x00007f122ef80000, 0x00007f2a81000000)
  object space 2850304K, 3% used [0x00007f1181000000,0x00007f11865ac8e0,0x00007f122ef80000)
 Metaspace       used 124709K, capacity 139522K, committed 139776K, reserved 141312K
}
Event: 33.071 GC heap before
{Heap before GC invocations=23 (full 4):
 PSYoungGen      total 7800832K, used 7778528K [0x00007f2a81000000, 0x00007f2c61c80000, 0x00007f3701000000)
  eden space 7777792K, 100% used [0x00007f2a81000000,0x00007f2c5bb80000,0x00007f2c5bb80000)
  from space 23040K, 3% used [0x00007f2c60600000,0x00007f2c606b8000,0x00007f2c61c80000)
  to   space 49664K, 0% used [0x00007f2c5bb80000,0x00007f2c5bb80000,0x00007f2c5ec00000)
 ParOldGen       total 2850304K, used 87730K [0x00007f1181000000, 0x00007f122ef80000, 0x00007f2a81000000)
  object space 2850304K, 3% used [0x00007f1181000000,0x00007f11865ac8e0,0x00007f122ef80000)
 Metaspace       used 124874K, capacity 139714K, committed 139776K, reserved 141312K
Event: 33.080 GC heap after
Heap after GC invocations=23 (full 4):
 PSYoungGen      total 7827456K, used 9601K [0x00007f2a81000000, 0x00007f2ccde00000, 0x00007f3701000000)
  eden space 7777792K, 0% used [0x00007f2a81000000,0x00007f2a81000000,0x00007f2c5bb80000)
  from space 49664K, 19% used [0x00007f2c5bb80000,0x00007f2c5c4e0708,0x00007f2c5ec00000)
  to   space 48640K, 0% used [0x00007f2ccae80000,0x00007f2ccae80000,0x00007f2ccde00000)
 ParOldGen       total 2850304K, used 87850K [0x00007f1181000000, 0x00007f122ef80000, 0x00007f2a81000000)
  object space 2850304K, 3% used [0x00007f1181000000,0x00007f11865ca8e0,0x00007f122ef80000)
 Metaspace       used 124874K, capacity 139714K, committed 139776K, reserved 141312K
}
Event: 33.790 GC heap before
{Heap before GC invocations=24 (full 4):
 PSYoungGen      total 7827456K, used 7787393K [0x00007f2a81000000, 0x00007f2ccde00000, 0x00007f3701000000)
  eden space 7777792K, 100% used [0x00007f2a81000000,0x00007f2c5bb80000,0x00007f2c5bb80000)
  from space 49664K, 19% used [0x00007f2c5bb80000,0x00007f2c5c4e0708,0x00007f2c5ec00000)
  to   space 48640K, 0% used [0x00007f2ccae80000,0x00007f2ccae80000,0x00007f2ccde00000)
 ParOldGen       total 2850304K, used 87850K [0x00007f1181000000, 0x00007f122ef80000, 0x00007f2a81000000)
  object space 2850304K, 3% used [0x00007f1181000000,0x00007f11865ca8e0,0x00007f122ef80000)
 Metaspace       used 125028K, capacity 139842K, committed 140032K, reserved 141312K
Event: 33.797 GC heap after
Heap after GC invocations=24 (full 4):
 PSYoungGen      total 9446912K, used 2368K [0x00007f2a81000000, 0x00007f2ccb100000, 0x00007f3701000000)
  eden space 9444352K, 0% used [0x00007f2a81000000,0x00007f2a81000000,0x00007f2cc1700000)
  from space 2560K, 92% used [0x00007f2ccae80000,0x00007f2ccb0d0168,0x00007f2ccb100000)
  to   space 49152K, 0% used [0x00007f2cc5100000,0x00007f2cc5100000,0x00007f2cc8100000)
 ParOldGen       total 2850304K, used 93716K [0x00007f1181000000, 0x00007f122ef80000, 0x00007f2a81000000)
  object space 2850304K, 3% used [0x00007f1181000000,0x00007f1186b85078,0x00007f122ef80000)
 Metaspace       used 125028K, capacity 139842K, committed 140032K, reserved 141312K
}
Event: 36.113 GC heap before
{Heap before GC invocations=25 (full 4):
 PSYoungGen      total 9446912K, used 9402592K [0x00007f2a81000000, 0x00007f2ccb100000, 0x00007f3701000000)
  eden space 9444352K, 99% used [0x00007f2a81000000,0x00007f2cbebe7ff0,0x00007f2cc1700000)
  from space 2560K, 92% used [0x00007f2ccae80000,0x00007f2ccb0d0168,0x00007f2ccb100000)
  to   space 49152K, 0% used [0x00007f2cc5100000,0x00007f2cc5100000,0x00007f2cc8100000)
 ParOldGen       total 2850304K, used 93716K [0x00007f1181000000, 0x00007f122ef80000, 0x00007f2a81000000)
  object space 2850304K, 3% used [0x00007f1181000000,0x00007f1186b85078,0x00007f122ef80000)
 Metaspace       used 130474K, capacity 145722K, committed 145920K, reserved 147456K
Event: 36.609 GC heap after
Heap after GC invocations=25 (full 4):
 PSYoungGen      total 9552896K, used 49142K [0x00007f2a81000000, 0x00007f2e94c00000, 0x00007f3701000000)
  eden space 9503744K, 0% used [0x00007f2a81000000,0x00007f2a81000000,0x00007f2cc5100000)
  from space 49152K, 99% used [0x00007f2cc5100000,0x00007f2cc80fdbc8,0x00007f2cc8100000)
  to   space 2324992K, 0% used [0x00007f2e06d80000,0x00007f2e06d80000,0x00007f2e94c00000)
 ParOldGen       total 6222848K, used 6222667K [0x00007f1181000000, 0x00007f12fcd00000, 0x00007f2a81000000)
  object space 6222848K, 99% used [0x00007f1181000000,0x00007f12fccd2f58,0x00007f12fcd00000)
 Metaspace       used 130474K, capacity 145722K, committed 145920K, reserved 147456K
}
Event: 36.609 GC heap before
{Heap before GC invocations=26 (full 5):
 PSYoungGen      total 9552896K, used 49142K [0x00007f2a81000000, 0x00007f2e94c00000, 0x00007f3701000000)
  eden space 9503744K, 0% used [0x00007f2a81000000,0x00007f2a81000000,0x00007f2cc5100000)
  from space 49152K, 99% used [0x00007f2cc5100000,0x00007f2cc80fdbc8,0x00007f2cc8100000)
  to   space 2324992K, 0% used [0x00007f2e06d80000,0x00007f2e06d80000,0x00007f2e94c00000)
 ParOldGen       total 6222848K, used 6222667K [0x00007f1181000000, 0x00007f12fcd00000, 0x00007f2a81000000)
  object space 6222848K, 99% used [0x00007f1181000000,0x00007f12fccd2f58,0x00007f12fcd00000)
 Metaspace       used 130474K, capacity 145722K, committed 145920K, reserved 147456K
Event: 37.005 GC heap after
Heap after GC invocations=26 (full 5):
 PSYoungGen      total 9552896K, used 0K [0x00007f2a81000000, 0x00007f2e94c00000, 0x00007f3701000000)
  eden space 9503744K, 0% used [0x00007f2a81000000,0x00007f2a81000000,0x00007f2cc5100000)
  from space 49152K, 0% used [0x00007f2cc5100000,0x00007f2cc5100000,0x00007f2cc8100000)
  to   space 2324992K, 0% used [0x00007f2e06d80000,0x00007f2e06d80000,0x00007f2e94c00000)
 ParOldGen       total 10004992K, used 4678899K [0x00007f1181000000, 0x00007f13e3a80000, 0x00007f2a81000000)
  object space 10004992K, 46% used [0x00007f1181000000,0x00007f129e93cc48,0x00007f13e3a80000)
 Metaspace       used 126783K, capacity 137577K, committed 145920K, reserved 147456K
}
Event: 38.169 GC heap before
{Heap before GC invocations=27 (full 5):
 PSYoungGen      total 9552896K, used 9425465K [0x00007f2a81000000, 0x00007f2e94c00000, 0x00007f3701000000)
  eden space 9503744K, 99% used [0x00007f2a81000000,0x00007f2cc048e718,0x00007f2cc5100000)
  from space 49152K, 0% used [0x00007f2cc5100000,0x00007f2cc5100000,0x00007f2cc8100000)
  to   space 2324992K, 0% used [0x00007f2e06d80000,0x00007f2e06d80000,0x00007f2e94c00000)
 ParOldGen       total 10004992K, used 4678899K [0x00007f1181000000, 0x00007f13e3a80000, 0x00007f2a81000000)
  object space 10004992K, 46% used [0x00007f1181000000,0x00007f129e93cc48,0x00007f13e3a80000)
 Metaspace       used 126837K, capacity 137657K, committed 145920K, reserved 147456K
Event: 38.732 GC heap after
Heap after GC invocations=27 (full 5):
 PSYoungGen      total 14328832K, used 2299529K [0x00007f2a81000000, 0x00007f2ee2580000, 0x00007f3701000000)
  eden space 12003840K, 0% used [0x00007f2a81000000,0x00007f2a81000000,0x00007f2d5da80000)
  from space 2324992K, 98% used [0x00007f2e06d80000,0x00007f2e93322670,0x00007f2e94c00000)
  to   space 2771968K, 0% used [0x00007f2d5da80000,0x00007f2d5da80000,0x00007f2e06d80000)
 ParOldGen       total 10663424K, used 10642676K [0x00007f1181000000, 0x00007f140bd80000, 0x00007f2a81000000)
  object space 10663424K, 99% used [0x00007f1181000000,0x00007f140a93d188,0x00007f140bd80000)
 Metaspace       used 126837K, capacity 137657K, committed 145920K, reserved 147456K
}
Event: 38.732 GC heap before
{Heap before GC invocations=28 (full 6):
 PSYoungGen      total 14328832K, used 2299529K [0x00007f2a81000000, 0x00007f2ee2580000, 0x00007f3701000000)
  eden space 12003840K, 0% used [0x00007f2a81000000,0x00007f2a81000000,0x00007f2d5da80000)
  from space 2324992K, 98% used [0x00007f2e06d80000,0x00007f2e93322670,0x00007f2e94c00000)
  to   space 2771968K, 0% used [0x00007f2d5da80000,0x00007f2d5da80000,0x00007f2e06d80000)
 ParOldGen       total 10663424K, used 10642676K [0x00007f1181000000, 0x00007f140bd80000, 0x00007f2a81000000)
  object space 10663424K, 99% used [0x00007f1181000000,0x00007f140a93d188,0x00007f140bd80000)
 Metaspace       used 126837K, capacity 137657K, committed 145920K, reserved 147456K
Event: 39.349 GC heap after
Heap after GC invocations=28 (full 6):
 PSYoungGen      total 14328832K, used 0K [0x00007f2a81000000, 0x00007f2ee2580000, 0x00007f3701000000)
  eden space 12003840K, 0% used [0x00007f2a81000000,0x00007f2a81000000,0x00007f2d5da80000)
  from space 2324992K, 0% used [0x00007f2e06d80000,0x00007f2e06d80000,0x00007f2e94c00000)
  to   space 2771968K, 0% used [0x00007f2d5da80000,0x00007f2d5da80000,0x00007f2e06d80000)
 ParOldGen       total 16786432K, used 9142829K [0x00007f1181000000, 0x00007f1581900000, 0x00007f2a81000000)
  object space 16786432K, 54% used [0x00007f1181000000,0x00007f13af08b640,0x00007f1581900000)
 Metaspace       used 126837K, capacity 137657K, committed 145920K, reserved 147456K
}
Event: 41.013 GC heap before
{Heap before GC invocations=29 (full 6):
 PSYoungGen      total 14328832K, used 11835873K [0x00007f2a81000000, 0x00007f2ee2580000, 0x00007f3701000000)
  eden space 12003840K, 98% used [0x00007f2a81000000,0x00007f2d53678408,0x00007f2d5da80000)
  from space 2324992K, 0% used [0x00007f2e06d80000,0x00007f2e06d80000,0x00007f2e94c00000)
  to   space 2771968K, 0% used [0x00007f2d5da80000,0x00007f2d5da80000,0x00007f2e06d80000)
 ParOldGen       total 16786432K, used 9142829K [0x00007f1181000000, 0x00007f1581900000, 0x00007f2a81000000)
  object space 16786432K, 54% used [0x00007f1181000000,0x00007f13af08b640,0x00007f1581900000)
 Metaspace       used 126838K, capacity 137657K, committed 145920K, reserved 147456K
Event: 41.825 GC heap after
Heap after GC invocations=29 (full 6):
 PSYoungGen      total 14775808K, used 2758533K [0x00007f2a81000000, 0x00007f2fb1300000, 0x00007f3701000000)
  eden space 12003840K, 0% used [0x00007f2a81000000,0x00007f2a81000000,0x00007f2d5da80000)
  from space 2771968K, 99% used [0x00007f2d5da80000,0x00007f2e060616b8,0x00007f2e06d80000)
  to   space 3299328K, 0% used [0x00007f2ee7d00000,0x00007f2ee7d00000,0x00007f2fb1300000)
 ParOldGen       total 18100224K, used 18055726K [0x00007f1181000000, 0x00007f15d1c00000, 0x00007f2a81000000)
  object space 18100224K, 99% used [0x00007f1181000000,0x00007f15cf08bb20,0x00007f15d1c00000)
 Metaspace       used 126838K, capacity 137657K, committed 145920K, reserved 147456K
}
Event: 41.825 GC heap before
{Heap before GC invocations=30 (full 7):
 PSYoungGen      total 14775808K, used 2758533K [0x00007f2a81000000, 0x00007f2fb1300000, 0x00007f3701000000)
  eden space 12003840K, 0% used [0x00007f2a81000000,0x00007f2a81000000,0x00007f2d5da80000)
  from space 2771968K, 99% used [0x00007f2d5da80000,0x00007f2e060616b8,0x00007f2e06d80000)
  to   space 3299328K, 0% used [0x00007f2ee7d00000,0x00007f2ee7d00000,0x00007f2fb1300000)
 ParOldGen       total 18100224K, used 18055726K [0x00007f1181000000, 0x00007f15d1c00000, 0x00007f2a81000000)
  object space 18100224K, 99% used [0x00007f1181000000,0x00007f15cf08bb20,0x00007f15d1c00000)
 Metaspace       used 126838K, capacity 137657K, committed 145920K, reserved 147456K
Event: 42.690 GC heap after
Heap after GC invocations=30 (full 7):
 PSYoungGen      total 14775808K, used 0K [0x00007f2a81000000, 0x00007f2fb1300000, 0x00007f3701000000)
  eden space 12003840K, 0% used [0x00007f2a81000000,0x00007f2a81000000,0x00007f2d5da80000)
  from space 2771968K, 0% used [0x00007f2d5da80000,0x00007f2d5da80000,0x00007f2e06d80000)
  to   space 3299328K, 0% used [0x00007f2ee7d00000,0x00007f2ee7d00000,0x00007f2fb1300000)
 ParOldGen       total 25498624K, used 14794911K [0x00007f1181000000, 0x00007f1795500000, 0x00007f2a81000000)
  object space 25498624K, 58% used [0x00007f1181000000,0x00007f1508027f68,0x00007f1795500000)
 Metaspace       used 126838K, capacity 137657K, committed 145920K, reserved 147456K
}
Event: 44.762 GC heap before
{Heap before GC invocations=31 (full 7):
 PSYoungGen      total 14775808K, used 11494539K [0x00007f2a81000000, 0x00007f2fb1300000, 0x00007f3701000000)
  eden space 12003840K, 95% used [0x00007f2a81000000,0x00007f2d3e922c48,0x00007f2d5da80000)
  from space 2771968K, 0% used [0x00007f2d5da80000,0x00007f2d5da80000,0x00007f2e06d80000)
  to   space 3299328K, 0% used [0x00007f2ee7d00000,0x00007f2ee7d00000,0x00007f2fb1300000)
 ParOldGen       total 25498624K, used 14794911K [0x00007f1181000000, 0x00007f1795500000, 0x00007f2a81000000)
  object space 25498624K, 58% used [0x00007f1181000000,0x00007f1508027f68,0x00007f1795500000)
 Metaspace       used 126838K, capacity 137657K, committed 145920K, reserved 147456K
Event: 45.538 GC heap after
Heap after GC invocations=31 (full 7):
 PSYoungGen      total 17846272K, used 3282914K [0x00007f2a81000000, 0x00007f2fe3800000, 0x00007f3701000000)
  eden space 14546944K, 0% used [0x00007f2a81000000,0x00007f2a81000000,0x00007f2df8e00000)
  from space 3299328K, 99% used [0x00007f2ee7d00000,0x00007f2fb02f89e8,0x00007f2fb1300000)
  to   space 3914752K, 0% used [0x00007f2df8e00000,0x00007f2df8e00000,0x00007f2ee7d00000)
 ParOldGen       total 25498624K, used 20693152K [0x00007f1181000000, 0x00007f1795500000, 0x00007f2a81000000)
  object space 25498624K, 81% used [0x00007f1181000000,0x00007f16700282e0,0x00007f1795500000)
 Metaspace       used 126838K, capacity 137657K, committed 145920K, reserved 147456K
}
Event: 45.538 GC heap before
{Heap before GC invocations=32 (full 8):
 PSYoungGen      total 17846272K, used 3282914K [0x00007f2a81000000, 0x00007f2fe3800000, 0x00007f3701000000)
  eden space 14546944K, 0% used [0x00007f2a81000000,0x00007f2a81000000,0x00007f2df8e00000)
  from space 3299328K, 99% used [0x00007f2ee7d00000,0x00007f2fb02f89e8,0x00007f2fb1300000)
  to   space 3914752K, 0% used [0x00007f2df8e00000,0x00007f2df8e00000,0x00007f2ee7d00000)
 ParOldGen       total 25498624K, used 20693152K [0x00007f1181000000, 0x00007f1795500000, 0x00007f2a81000000)
  object space 25498624K, 81% used [0x00007f1181000000,0x00007f16700282e0,0x00007f1795500000)
 Metaspace       used 126838K, capacity 137657K, committed 145920K, reserved 147456K
Event: 46.451 GC heap after
Heap after GC invocations=32 (full 8):
 PSYoungGen      total 17846272K, used 0K [0x00007f2a81000000, 0x00007f2fe3800000, 0x00007f3701000000)
  eden space 14546944K, 0% used [0x00007f2a81000000,0x00007f2a81000000,0x00007f2df8e00000)
  from space 3299328K, 0% used [0x00007f2ee7d00000,0x00007f2ee7d00000,0x00007f2fb1300000)
  to   space 3914752K, 0% used [0x00007f2df8e00000,0x00007f2df8e00000,0x00007f2ee7d00000)
 ParOldGen       total 30106624K, used 17824384K [0x00007f1181000000, 0x00007f18ae900000, 0x00007f2a81000000)
  object space 30106624K, 59% used [0x00007f1181000000,0x00007f15c0ea0110,0x00007f18ae900000)
 Metaspace       used 126838K, capacity 137657K, committed 145920K, reserved 147456K
}
Event: 47.753 GC heap before
{Heap before GC invocations=33 (full 8):
 PSYoungGen      total 17846272K, used 14546944K [0x00007f2a81000000, 0x00007f2fe3800000, 0x00007f3701000000)
  eden space 14546944K, 100% used [0x00007f2a81000000,0x00007f2df8e00000,0x00007f2df8e00000)
  from space 3299328K, 0% used [0x00007f2ee7d00000,0x00007f2ee7d00000,0x00007f2fb1300000)
  to   space 3914752K, 0% used [0x00007f2df8e00000,0x00007f2df8e00000,0x00007f2ee7d00000)
 ParOldGen       total 30106624K, used 17824384K [0x00007f1181000000, 0x00007f18ae900000, 0x00007f2a81000000)
  object space 30106624K, 59% used [0x00007f1181000000,0x00007f15c0ea0110,0x00007f18ae900000)
 Metaspace       used 126857K, capacity 137676K, committed 145920K, reserved 147456K
Event: 49.145 GC heap after
Heap after GC invocations=33 (full 8):
 PSYoungGen      total 18461696K, used 3914746K [0x00007f2a81000000, 0x00007f3372500000, 0x00007f3701000000)
  eden space 14546944K, 0% used [0x00007f2a81000000,0x00007f2a81000000,0x00007f2df8e00000)
  from space 3914752K, 99% used [0x00007f2df8e00000,0x00007f2ee7cfea58,0x00007f2ee7d00000)
  to   space 10191872K, 0% used [0x00007f3104400000,0x00007f3104400000,0x00007f3372500000)
 ParOldGen       total 32827392K, used 32826533K [0x00007f1181000000, 0x00007f1954a00000, 0x00007f2a81000000)
  object space 32827392K, 99% used [0x00007f1181000000,0x00007f19549294b0,0x00007f1954a00000)
 Metaspace       used 126857K, capacity 137676K, committed 145920K, reserved 147456K
}
Event: 49.146 GC heap before
{Heap before GC invocations=34 (full 9):
 PSYoungGen      total 18461696K, used 3914746K [0x00007f2a81000000, 0x00007f3372500000, 0x00007f3701000000)
  eden space 14546944K, 0% used [0x00007f2a81000000,0x00007f2a81000000,0x00007f2df8e00000)
  from space 3914752K, 99% used [0x00007f2df8e00000,0x00007f2ee7cfea58,0x00007f2ee7d00000)
  to   space 10191872K, 0% used [0x00007f3104400000,0x00007f3104400000,0x00007f3372500000)
 ParOldGen       total 32827392K, used 32826533K [0x00007f1181000000, 0x00007f1954a00000, 0x00007f2a81000000)
  object space 32827392K, 99% used [0x00007f1181000000,0x00007f19549294b0,0x00007f1954a00000)
 Metaspace       used 126857K, capacity 137676K, committed 145920K, reserved 147456K
Event: 50.513 GC heap after
Heap after GC invocations=34 (full 9):
 PSYoungGen      total 18461696K, used 0K [0x00007f2a81000000, 0x00007f3372500000, 0x00007f3701000000)
  eden space 14546944K, 0% used [0x00007f2a81000000,0x00007f2a81000000,0x00007f2df8e00000)
  from space 3914752K, 0% used [0x00007f2df8e00000,0x00007f2df8e00000,0x00007f2ee7d00000)
  to   space 10191872K, 0% used [0x00007f3104400000,0x00007f3104400000,0x00007f3372500000)
 ParOldGen       total 40942592K, used 23954557K [0x00007f1181000000, 0x00007f1b43f00000, 0x00007f2a81000000)
  object space 40942592K, 58% used [0x00007f1181000000,0x00007f173711f5d8,0x00007f1b43f00000)
 Metaspace       used 126857K, capacity 137676K, committed 145920K, reserved 147456K
}
Event: 53.522 GC heap before
{Heap before GC invocations=35 (full 9):
 PSYoungGen      total 18461696K, used 14546944K [0x00007f2a81000000, 0x00007f3372500000, 0x00007f3701000000)
  eden space 14546944K, 100% used [0x00007f2a81000000,0x00007f2df8e00000,0x00007f2df8e00000)
  from space 3914752K, 0% used [0x00007f2df8e00000,0x00007f2df8e00000,0x00007f2ee7d00000)
  to   space 10191872K, 0% used [0x00007f3104400000,0x00007f3104400000,0x00007f3372500000)
 ParOldGen       total 40942592K, used 23954572K [0x00007f1181000000, 0x00007f1b43f00000, 0x00007f2a81000000)
  object space 40942592K, 58% used [0x00007f1181000000,0x00007f1737123128,0x00007f1b43f00000)
 Metaspace       used 126886K, capacity 137749K, committed 145920K, reserved 147456K
Event: 53.810 GC heap after
Heap after GC invocations=35 (full 9):
 PSYoungGen      total 25437184K, used 1346303K [0x00007f2a81000000, 0x00007f331e200000, 0x00007f3701000000)
  eden space 16624640K, 0% used [0x00007f2a81000000,0x00007f2a81000000,0x00007f2e77b00000)
  from space 8812544K, 15% used [0x00007f3104400000,0x00007f31566bfe48,0x00007f331e200000)
  to   space 9752064K, 0% used [0x00007f2e77b00000,0x00007f2e77b00000,0x00007f30cae80000)
 ParOldGen       total 40942592K, used 23954580K [0x00007f1181000000, 0x00007f1b43f00000, 0x00007f2a81000000)
  object space 40942592K, 58% used [0x00007f1181000000,0x00007f1737125128,0x00007f1b43f00000)
 Metaspace       used 126886K, capacity 137749K, committed 145920K, reserved 147456K
}
Event: 59.093 GC heap before
{Heap before GC invocations=36 (full 9):
 PSYoungGen      total 25437184K, used 17970943K [0x00007f2a81000000, 0x00007f331e200000, 0x00007f3701000000)
  eden space 16624640K, 100% used [0x00007f2a81000000,0x00007f2e77b00000,0x00007f2e77b00000)
  from space 8812544K, 15% used [0x00007f3104400000,0x00007f31566bfe48,0x00007f331e200000)
  to   space 9752064K, 0% used [0x00007f2e77b00000,0x00007f2e77b00000,0x00007f30cae80000)
 ParOldGen       total 40942592K, used 24741013K [0x00007f1181000000, 0x00007f1b43f00000, 0x00007f2a81000000)
  object space 40942592K, 60% used [0x00007f1181000000,0x00007f1767125710,0x00007f1b43f00000)
 Metaspace       used 127153K, capacity 137953K, committed 146176K, reserved 147456K
Event: 59.578 GC heap after
Heap after GC invocations=36 (full 9):
 PSYoungGen      total 26376704K, used 6275288K [0x00007f2a81000000, 0x00007f33eb680000, 0x00007f3701000000)
  eden space 16624640K, 0% used [0x00007f2a81000000,0x00007f2a81000000,0x00007f2e77b00000)
  from space 9752064K, 64% used [0x00007f2e77b00000,0x00007f2ff6b36390,0x00007f30cae80000)
  to   space 10334720K, 0% used [0x00007f3174a00000,0x00007f3174a00000,0x00007f33eb680000)
 ParOldGen       total 40942592K, used 24741021K [0x00007f1181000000, 0x00007f1b43f00000, 0x00007f2a81000000)
  object space 40942592K, 60% used [0x00007f1181000000,0x00007f1767127710,0x00007f1b43f00000)
 Metaspace       used 127153K, capacity 137953K, committed 146176K, reserved 147456K
}
Event: 64.799 GC heap before
{Heap before GC invocations=37 (full 9):
 PSYoungGen      total 26376704K, used 22899928K [0x00007f2a81000000, 0x00007f33eb680000, 0x00007f3701000000)
  eden space 16624640K, 100% used [0x00007f2a81000000,0x00007f2e77b00000,0x00007f2e77b00000)
  from space 9752064K, 64% used [0x00007f2e77b00000,0x00007f2ff6b36390,0x00007f30cae80000)
  to   space 10334720K, 0% used [0x00007f3174a00000,0x00007f3174a00000,0x00007f33eb680000)
 ParOldGen       total 40942592K, used 24741042K [0x00007f1181000000, 0x00007f1b43f00000, 0x00007f2a81000000)
  object space 40942592K, 60% used [0x00007f1181000000,0x00007f176712cbc0,0x00007f1b43f00000)
 Metaspace       used 127176K, capacity 137953K, committed 146176K, reserved 147456K
Event: 65.123 GC heap after
Heap after GC invocations=37 (full 9):
 PSYoungGen      total 27739136K, used 1927645K [0x00007f2a81000000, 0x00007f33a1600000, 0x00007f3701000000)
  eden space 18617344K, 0% used [0x00007f2a81000000,0x00007f2a81000000,0x00007f2ef1500000)
  from space 9121792K, 21% used [0x00007f3174a00000,0x00007f31ea4776f0,0x00007f33a1600000)
  to   space 9830912K, 0% used [0x00007f2ef1500000,0x00007f2ef1500000,0x00007f3149580000)
 ParOldGen       total 40942592K, used 24741050K [0x00007f1181000000, 0x00007f1b43f00000, 0x00007f2a81000000)
  object space 40942592K, 60% used [0x00007f1181000000,0x00007f176712ebc0,0x00007f1b43f00000)
 Metaspace       used 127176K, capacity 137953K, committed 146176K, reserved 147456K
}
Event: 77.172 GC heap before
{Heap before GC invocations=38 (full 10):
 PSYoungGen      total 27739136K, used 20544989K [0x00007f2a81000000, 0x00007f33a1600000, 0x00007f3701000000)
  eden space 18617344K, 100% used [0x00007f2a81000000,0x00007f2ef1500000,0x00007f2ef1500000)
  from space 9121792K, 21% used [0x00007f3174a00000,0x00007f31ea4776f0,0x00007f33a1600000)
  to   space 9830912K, 0% used [0x00007f2ef1500000,0x00007f2ef1500000,0x00007f3149580000)
 ParOldGen       total 40942592K, used 30704829K [0x00007f1181000000, 0x00007f1b43f00000, 0x00007f2a81000000)
  object space 40942592K, 74% used [0x00007f1181000000,0x00007f18d312f790,0x00007f1b43f00000)
 Metaspace       used 127854K, capacity 138802K, committed 146688K, reserved 147456K
Event: 78.838 GC heap after
Heap after GC invocations=38 (full 10):
 PSYoungGen      total 27739136K, used 0K [0x00007f2a81000000, 0x00007f33a1600000, 0x00007f3701000000)
  eden space 18617344K, 0% used [0x00007f2a81000000,0x00007f2a81000000,0x00007f2ef1500000)
  from space 9121792K, 0% used [0x00007f3174a00000,0x00007f3174a00000,0x00007f33a1600000)
  to   space 9830912K, 0% used [0x00007f2ef1500000,0x00007f2ef1500000,0x00007f3149580000)
 ParOldGen       total 41640448K, used 24783648K [0x00007f1181000000, 0x00007f1b6e880000, 0x00007f2a81000000)
  object space 41640448K, 59% used [0x00007f1181000000,0x00007f1769ac8230,0x00007f1b6e880000)
 Metaspace       used 127833K, capacity 138757K, committed 146688K, reserved 147456K
}
Event: 89.416 GC heap before
{Heap before GC invocations=39 (full 10):
 PSYoungGen      total 27739136K, used 18617344K [0x00007f2a81000000, 0x00007f33a1600000, 0x00007f3701000000)
  eden space 18617344K, 100% used [0x00007f2a81000000,0x00007f2ef1500000,0x00007f2ef1500000)
  from space 9121792K, 0% used [0x00007f3174a00000,0x00007f3174a00000,0x00007f33a1600000)
  to   space 9830912K, 0% used [0x00007f2ef1500000,0x00007f2ef1500000,0x00007f3149580000)
 ParOldGen       total 41640448K, used 24783648K [0x00007f1181000000, 0x00007f1b6e880000, 0x00007f2a81000000)
  object space 41640448K, 59% used [0x00007f1181000000,0x00007f1769ac8230,0x00007f1b6e880000)
 Metaspace       used 128169K, capacity 139036K, committed 146944K, reserved 147456K
Event: 89.908 GC heap after
Heap after GC invocations=39 (full 10):
 PSYoungGen      total 28448256K, used 6096305K [0x00007f2a81000000, 0x00007f345ca80000, 0x00007f3701000000)
  eden space 18617344K, 0% used [0x00007f2a81000000,0x00007f2a81000000,0x00007f2ef1500000)
  from space 9830912K, 62% used [0x00007f2ef1500000,0x00007f306566c690,0x00007f3149580000)
  to   space 10279936K, 0% used [0x00007f31e9380000,0x00007f31e9380000,0x00007f345ca80000)
 ParOldGen       total 41640448K, used 24783656K [0x00007f1181000000, 0x00007f1b6e880000, 0x00007f2a81000000)
  object space 41640448K, 59% used [0x00007f1181000000,0x00007f1769aca230,0x00007f1b6e880000)
 Metaspace       used 128169K, capacity 139036K, committed 146944K, reserved 147456K
}
Event: 96.206 GC heap before
{Heap before GC invocations=40 (full 10):
 PSYoungGen      total 28448256K, used 24713649K [0x00007f2a81000000, 0x00007f345ca80000, 0x00007f3701000000)
  eden space 18617344K, 100% used [0x00007f2a81000000,0x00007f2ef1500000,0x00007f2ef1500000)
  from space 9830912K, 62% used [0x00007f2ef1500000,0x00007f306566c690,0x00007f3149580000)
  to   space 10279936K, 0% used [0x00007f31e9380000,0x00007f31e9380000,0x00007f345ca80000)
 ParOldGen       total 41640448K, used 24783849K [0x00007f1181000000, 0x00007f1b6e880000, 0x00007f2a81000000)
  object space 41640448K, 59% used [0x00007f1181000000,0x00007f1769afa718,0x00007f1b6e880000)
 Metaspace       used 128245K, capacity 139164K, committed 146944K, reserved 147456K
Event: 97.198 GC heap after
Heap after GC invocations=40 (full 10):
 PSYoungGen      total 31091712K, used 5010616K [0x00007f2a81000000, 0x00007f3459400000, 0x00007f3701000000)
  eden space 20867584K, 0% used [0x00007f2a81000000,0x00007f2a81000000,0x00007f2f7aa80000)
  from space 10224128K, 49% used [0x00007f31e9380000,0x00007f331b0ae2d0,0x00007f3459400000)
  to   space 10200064K, 0% used [0x00007f2f7aa80000,0x00007f2f7aa80000,0x00007f31e9380000)
 ParOldGen       total 41640448K, used 24783857K [0x00007f1181000000, 0x00007f1b6e880000, 0x00007f2a81000000)
  object space 41640448K, 59% used [0x00007f1181000000,0x00007f1769afc718,0x00007f1b6e880000)
 Metaspace       used 128245K, capacity 139164K, committed 146944K, reserved 147456K
}
Event: 103.894 GC heap before
{Heap before GC invocations=41 (full 10):
 PSYoungGen      total 31091712K, used 25878200K [0x00007f2a81000000, 0x00007f3459400000, 0x00007f3701000000)
  eden space 20867584K, 100% used [0x00007f2a81000000,0x00007f2f7aa80000,0x00007f2f7aa80000)
  from space 10224128K, 49% used [0x00007f31e9380000,0x00007f331b0ae2d0,0x00007f3459400000)
  to   space 10200064K, 0% used [0x00007f2f7aa80000,0x00007f2f7aa80000,0x00007f31e9380000)
 ParOldGen       total 41640448K, used 24783859K [0x00007f1181000000, 0x00007f1b6e880000, 0x00007f2a81000000)
  object space 41640448K, 59% used [0x00007f1181000000,0x00007f1769afcc88,0x00007f1b6e880000)
 Metaspace       used 128366K, capacity 139236K, committed 146944K, reserved 147456K
Event: 106.240 GC heap after
Heap after GC invocations=41 (full 10):
 PSYoungGen      total 31067648K, used 4900727K [0x00007f2a81000000, 0x00007f34fb600000, 0x00007f3701000000)
  eden space 20867584K, 0% used [0x00007f2a81000000,0x00007f2a81000000,0x00007f2f7aa80000)
  from space 10200064K, 48% used [0x00007f2f7aa80000,0x00007f30a5c5dcd0,0x00007f31e9380000)
  to   space 10043392K, 0% used [0x00007f3296600000,0x00007f3296600000,0x00007f34fb600000)
 ParOldGen       total 41640448K, used 24783867K [0x00007f1181000000, 0x00007f1b6e880000, 0x00007f2a81000000)
  object space 41640448K, 59% used [0x00007f1181000000,0x00007f1769afec88,0x00007f1b6e880000)
 Metaspace       used 128366K, capacity 139236K, committed 146944K, reserved 147456K
}
Event: 113.870 GC heap before
{Heap before GC invocations=42 (full 10):
 PSYoungGen      total 31067648K, used 25768311K [0x00007f2a81000000, 0x00007f34fb600000, 0x00007f3701000000)
  eden space 20867584K, 100% used [0x00007f2a81000000,0x00007f2f7aa80000,0x00007f2f7aa80000)
  from space 10200064K, 48% used [0x00007f2f7aa80000,0x00007f30a5c5dcd0,0x00007f31e9380000)
  to   space 10043392K, 0% used [0x00007f3296600000,0x00007f3296600000,0x00007f34fb600000)
 ParOldGen       total 41640448K, used 24783867K [0x00007f1181000000, 0x00007f1b6e880000, 0x00007f2a81000000)
  object space 41640448K, 59% used [0x00007f1181000000,0x00007f1769afec88,0x00007f1b6e880000)
 Metaspace       used 128425K, capacity 139300K, committed 147200K, reserved 147456K
Event: 113.933 GC heap after
Heap after GC invocations=42 (full 10):
 PSYoungGen      total 33002496K, used 106372K [0x00007f2a81000000, 0x00007f34ddb80000, 0x00007f3701000000)
  eden space 23444992K, 0% used [0x00007f2a81000000,0x00007f2a81000000,0x00007f3017f80000)
  from space 9557504K, 1% used [0x00007f3296600000,0x00007f329cde1378,0x00007f34ddb80000)
  to   space 10008576K, 0% used [0x00007f3017f80000,0x00007f3017f80000,0x00007f327ad80000)
 ParOldGen       total 41640448K, used 24783875K [0x00007f1181000000, 0x00007f1b6e880000, 0x00007f2a81000000)
  object space 41640448K, 59% used [0x00007f1181000000,0x00007f1769b00c88,0x00007f1b6e880000)
 Metaspace       used 128425K, capacity 139300K, committed 147200K, reserved 147456K
}
Event: 145.714 GC heap before
{Heap before GC invocations=43 (full 10):
 PSYoungGen      total 33002496K, used 23544140K [0x00007f2a81000000, 0x00007f34ddb80000, 0x00007f3701000000)
  eden space 23444992K, 99% used [0x00007f2a81000000,0x00007f3017871ed8,0x00007f3017f80000)
  from space 9557504K, 1% used [0x00007f3296600000,0x00007f329cde1378,0x00007f34ddb80000)
  to   space 10008576K, 0% used [0x00007f3017f80000,0x00007f3017f80000,0x00007f327ad80000)
 ParOldGen       total 41640448K, used 24783875K [0x00007f1181000000, 0x00007f1b6e880000, 0x00007f2a81000000)
  object space 41640448K, 59% used [0x00007f1181000000,0x00007f1769b00c88,0x00007f1b6e880000)
 Metaspace       used 131314K, capacity 142719K, committed 148992K, reserved 149504K
Event: 145.773 GC heap after
Heap after GC invocations=43 (full 10):
 PSYoungGen      total 33453568K, used 510964K [0x00007f2a81000000, 0x00007f3541580000, 0x00007f3701000000)
  eden space 23444992K, 0% used [0x00007f2a81000000,0x00007f2a81000000,0x00007f3017f80000)
  from space 10008576K, 5% used [0x00007f3017f80000,0x00007f303727d138,0x00007f327ad80000)
  to   space 9812480K, 0% used [0x00007f32ea700000,0x00007f32ea700000,0x00007f3541580000)
 ParOldGen       total 41640448K, used 24783883K [0x00007f1181000000, 0x00007f1b6e880000, 0x00007f2a81000000)
  object space 41640448K, 59% used [0x00007f1181000000,0x00007f1769b02c88,0x00007f1b6e880000)
 Metaspace       used 131314K, capacity 142719K, committed 148992K, reserved 149504K
}
Event: 151.028 GC heap before
{Heap before GC invocations=44 (full 10):
 PSYoungGen      total 33453568K, used 23955956K [0x00007f2a81000000, 0x00007f3541580000, 0x00007f3701000000)
  eden space 23444992K, 100% used [0x00007f2a81000000,0x00007f3017f80000,0x00007f3017f80000)
  from space 10008576K, 5% used [0x00007f3017f80000,0x00007f303727d138,0x00007f327ad80000)
  to   space 9812480K, 0% used [0x00007f32ea700000,0x00007f32ea700000,0x00007f3541580000)
 ParOldGen       total 41640448K, used 24784136K [0x00007f1181000000, 0x00007f1b6e880000, 0x00007f2a81000000)
  object space 41640448K, 59% used [0x00007f1181000000,0x00007f1769b42170,0x00007f1b6e880000)
 Metaspace       used 131486K, capacity 142923K, committed 149248K, reserved 149504K
Event: 151.204 GC heap after
Heap after GC invocations=44 (full 10):
 PSYoungGen      total 34029568K, used 1437349K [0x00007f2a81000000, 0x00007f3502280000, 0x00007f3701000000)
  eden space 25252352K, 0% used [0x00007f2a81000000,0x00007f2a81000000,0x00007f3086480000)
  from space 8777216K, 16% used [0x00007f32ea700000,0x00007f33422a9790,0x00007f3502280000)
  to   space 9403392K, 0% used [0x00007f3086480000,0x00007f3086480000,0x00007f32c4380000)
 ParOldGen       total 41640448K, used 24784144K [0x00007f1181000000, 0x00007f1b6e880000, 0x00007f2a81000000)
  object space 41640448K, 59% used [0x00007f1181000000,0x00007f1769b44170,0x00007f1b6e880000)
 Metaspace       used 131486K, capacity 142923K, committed 149248K, reserved 149504K
}
Event: 156.069 GC heap before
{Heap before GC invocations=45 (full 10):
 PSYoungGen      total 34029568K, used 26689701K [0x00007f2a81000000, 0x00007f3502280000, 0x00007f3701000000)
  eden space 25252352K, 100% used [0x00007f2a81000000,0x00007f3086480000,0x00007f3086480000)
  from space 8777216K, 16% used [0x00007f32ea700000,0x00007f33422a9790,0x00007f3502280000)
  to   space 9403392K, 0% used [0x00007f3086480000,0x00007f3086480000,0x00007f32c4380000)
 ParOldGen       total 41640448K, used 24784430K [0x00007f1181000000, 0x00007f1b6e880000, 0x00007f2a81000000)
  object space 41640448K, 59% used [0x00007f1181000000,0x00007f1769b8bb60,0x00007f1b6e880000)
 Metaspace       used 131509K, capacity 142987K, committed 149248K, reserved 149504K
Event: 156.220 GC heap after
Heap after GC invocations=45 (full 10):
 PSYoungGen      total 34655744K, used 1094426K [0x00007f2a81000000, 0x00007f3541500000, 0x00007f3701000000)
  eden space 25252352K, 0% used [0x00007f2a81000000,0x00007f2a81000000,0x00007f3086480000)
  from space 9403392K, 11% used [0x00007f3086480000,0x00007f30c9146a18,0x00007f32c4380000)
  to   space 9050624K, 0% used [0x00007f3318e80000,0x00007f3318e80000,0x00007f3541500000)
 ParOldGen       total 41640448K, used 24784438K [0x00007f1181000000, 0x00007f1b6e880000, 0x00007f2a81000000)
  object space 41640448K, 59% used [0x00007f1181000000,0x00007f1769b8db60,0x00007f1b6e880000)
 Metaspace       used 131509K, capacity 142987K, committed 149248K, reserved 149504K
}
Event: 164.208 GC heap before
{Heap before GC invocations=46 (full 10):
 PSYoungGen      total 34655744K, used 26346778K [0x00007f2a81000000, 0x00007f3541500000, 0x00007f3701000000)
  eden space 25252352K, 100% used [0x00007f2a81000000,0x00007f3086480000,0x00007f3086480000)
  from space 9403392K, 11% used [0x00007f3086480000,0x00007f30c9146a18,0x00007f32c4380000)
  to   space 9050624K, 0% used [0x00007f3318e80000,0x00007f3318e80000,0x00007f3541500000)
 ParOldGen       total 41640448K, used 24784461K [0x00007f1181000000, 0x00007f1b6e880000, 0x00007f2a81000000)
  object space 41640448K, 59% used [0x00007f1181000000,0x00007f1769b937e8,0x00007f1b6e880000)
 Metaspace       used 131597K, capacity 143059K, committed 149248K, reserved 149504K
Event: 164.410 GC heap after
Heap after GC invocations=46 (full 10):
 PSYoungGen      total 34815488K, used 1399488K [0x00007f2a81000000, 0x00007f3502600000, 0x00007f3701000000)
  eden space 26796032K, 0% used [0x00007f2a81000000,0x00007f2a81000000,0x00007f30e4800000)
  from space 8019456K, 17% used [0x00007f3318e80000,0x00007f336e530070,0x00007f3502600000)
  to   space 8633344K, 0% used [0x00007f30e4800000,0x00007f30e4800000,0x00007f32f3700000)
 ParOldGen       total 41640448K, used 24784469K [0x00007f1181000000, 0x00007f1b6e880000, 0x00007f2a81000000)
  object space 41640448K, 59% used [0x00007f1181000000,0x00007f1769b957e8,0x00007f1b6e880000)
 Metaspace       used 131597K, capacity 143059K, committed 149248K, reserved 149504K
}
Event: 168.641 GC heap before
{Heap before GC invocations=47 (full 10):
 PSYoungGen      total 34815488K, used 28195520K [0x00007f2a81000000, 0x00007f3502600000, 0x00007f3701000000)
  eden space 26796032K, 100% used [0x00007f2a81000000,0x00007f30e4800000,0x00007f30e4800000)
  from space 8019456K, 17% used [0x00007f3318e80000,0x00007f336e530070,0x00007f3502600000)
  to   space 8633344K, 0% used [0x00007f30e4800000,0x00007f30e4800000,0x00007f32f3700000)
 ParOldGen       total 41640448K, used 24809049K [0x00007f1181000000, 0x00007f1b6e880000, 0x00007f2a81000000)
  object space 41640448K, 59% used [0x00007f1181000000,0x00007f176b396650,0x00007f1b6e880000)
 Metaspace       used 131658K, capacity 143109K, committed 149248K, reserved 149504K
Event: 168.947 GC heap after
Heap after GC invocations=47 (full 10):
 PSYoungGen      total 35429376K, used 1060474K [0x00007f2a81000000, 0x00007f3540900000, 0x00007f3701000000)
  eden space 26796032K, 0% used [0x00007f2a81000000,0x00007f2a81000000,0x00007f30e4800000)
  from space 8633344K, 12% used [0x00007f30e4800000,0x00007f312539ea98,0x00007f32f3700000)
  to   space 8280576K, 0% used [0x00007f3347280000,0x00007f3347280000,0x00007f3540900000)
 ParOldGen       total 41640448K, used 24809057K [0x00007f1181000000, 0x00007f1b6e880000, 0x00007f2a81000000)
  object space 41640448K, 59% used [0x00007f1181000000,0x00007f176b398650,0x00007f1b6e880000)
 Metaspace       used 131658K, capacity 143109K, committed 149248K, reserved 149504K
}
Event: 179.265 GC heap before
{Heap before GC invocations=48 (full 10):
 PSYoungGen      total 35429376K, used 27856506K [0x00007f2a81000000, 0x00007f3540900000, 0x00007f3701000000)
  eden space 26796032K, 100% used [0x00007f2a81000000,0x00007f30e4800000,0x00007f30e4800000)
  from space 8633344K, 12% used [0x00007f30e4800000,0x00007f312539ea98,0x00007f32f3700000)
  to   space 8280576K, 0% used [0x00007f3347280000,0x00007f3347280000,0x00007f3540900000)
 ParOldGen       total 41640448K, used 24809057K [0x00007f1181000000, 0x00007f1b6e880000, 0x00007f2a81000000)
  object space 41640448K, 59% used [0x00007f1181000000,0x00007f176b398650,0x00007f1b6e880000)
 Metaspace       used 131741K, capacity 143173K, committed 149504K, reserved 149504K
Event: 179.315 GC heap after
Heap after GC invocations=48 (full 10):
 PSYoungGen      total 35677696K, used 431433K [0x00007f2a81000000, 0x00007f350ef80000, 0x00007f3701000000)
  eden space 28209664K, 0% used [0x00007f2a81000000,0x00007f2a81000000,0x00007f313ac80000)
  from space 7468032K, 5% used [0x00007f3347280000,0x00007f33617d25e0,0x00007f350ef80000)
  to   space 8029696K, 0% used [0x00007f313ac80000,0x00007f313ac80000,0x00007f3324e00000)
 ParOldGen       total 41640448K, used 24809065K [0x00007f1181000000, 0x00007f1b6e880000, 0x00007f2a81000000)
  object space 41640448K, 59% used [0x00007f1181000000,0x00007f176b39a650,0x00007f1b6e880000)
 Metaspace       used 131741K, capacity 143173K, committed 149504K, reserved 149504K
}
Event: 191.321 GC heap before
{Heap before GC invocations=49 (full 10):
 PSYoungGen      total 35677696K, used 28598284K [0x00007f2a81000000, 0x00007f350ef80000, 0x00007f3701000000)
  eden space 28209664K, 99% used [0x00007f2a81000000,0x00007f31382b0a98,0x00007f313ac80000)
  from space 7468032K, 5% used [0x00007f3347280000,0x00007f33617d25e0,0x00007f350ef80000)
  to   space 8029696K, 0% used [0x00007f313ac80000,0x00007f313ac80000,0x00007f3324e00000)
 ParOldGen       total 41640448K, used 25071209K [0x00007f1181000000, 0x00007f1b6e880000, 0x00007f2a81000000)
  object space 41640448K, 60% used [0x00007f1181000000,0x00007f177b39a668,0x00007f1b6e880000)
 Metaspace       used 132819K, capacity 144657K, committed 150016K, reserved 151552K
Event: 193.063 GC heap after
Heap after GC invocations=49 (full 10):
 PSYoungGen      total 36239360K, used 8022221K [0x00007f2a81000000, 0x00007f3648900000, 0x00007f3701000000)
  eden space 28209664K, 0% used [0x00007f2a81000000,0x00007f2a81000000,0x00007f313ac80000)
  from space 8029696K, 99% used [0x00007f313ac80000,0x00007f33246b37c0,0x00007f3324e00000)
  to   space 9597952K, 0% used [0x00007f33fec00000,0x00007f33fec00000,0x00007f3648900000)
 ParOldGen       total 41640448K, used 40275571K [0x00007f1181000000, 0x00007f1b6e880000, 0x00007f2a81000000)
  object space 41640448K, 96% used [0x00007f1181000000,0x00007f1b1b39cc20,0x00007f1b6e880000)
 Metaspace       used 132819K, capacity 144657K, committed 150016K, reserved 151552K
}
Event: 193.063 GC heap before
{Heap before GC invocations=50 (full 11):
 PSYoungGen      total 36239360K, used 8022221K [0x00007f2a81000000, 0x00007f3648900000, 0x00007f3701000000)
  eden space 28209664K, 0% used [0x00007f2a81000000,0x00007f2a81000000,0x00007f313ac80000)
  from space 8029696K, 99% used [0x00007f313ac80000,0x00007f33246b37c0,0x00007f3324e00000)
  to   space 9597952K, 0% used [0x00007f33fec00000,0x00007f33fec00000,0x00007f3648900000)
 ParOldGen       total 41640448K, used 40275571K [0x00007f1181000000, 0x00007f1b6e880000, 0x00007f2a81000000)
  object space 41640448K, 96% used [0x00007f1181000000,0x00007f1b1b39cc20,0x00007f1b6e880000)
 Metaspace       used 132819K, capacity 144657K, committed 150016K, reserved 151552K
Event: 194.559 GC heap after
Heap after GC invocations=50 (full 11):
 PSYoungGen      total 36239360K, used 0K [0x00007f2a81000000, 0x00007f3648900000, 0x00007f3701000000)
  eden space 28209664K, 0% used [0x00007f2a81000000,0x00007f2a81000000,0x00007f313ac80000)
  from space 8029696K, 0% used [0x00007f313ac80000,0x00007f313ac80000,0x00007f3324e00000)
  to   space 9597952K, 0% used [0x00007f33fec00000,0x00007f33fec00000,0x00007f3648900000)
 ParOldGen       total 44268032K, used 26236692K [0x00007f1181000000, 0x00007f1c0ee80000, 0x00007f2a81000000)
  object space 44268032K, 59% used [0x00007f1181000000,0x00007f17c25c50d0,0x00007f1c0ee80000)
 Metaspace       used 132407K, capacity 143807K, committed 150016K, reserved 151552K
}
Event: 215.022 GC heap before
{Heap before GC invocations=51 (full 11):
 PSYoungGen      total 36239360K, used 28209664K [0x00007f2a81000000, 0x00007f3648900000, 0x00007f3701000000)
  eden space 28209664K, 100% used [0x00007f2a81000000,0x00007f313ac80000,0x00007f313ac80000)
  from space 8029696K, 0% used [0x00007f313ac80000,0x00007f313ac80000,0x00007f3324e00000)
  to   space 9597952K, 0% used [0x00007f33fec00000,0x00007f33fec00000,0x00007f3648900000)
 ParOldGen       total 44268032K, used 26236694K [0x00007f1181000000, 0x00007f1c0ee80000, 0x00007f2a81000000)
  object space 44268032K, 59% used [0x00007f1181000000,0x00007f17c25c5b10,0x00007f1c0ee80000)
 Metaspace       used 132472K, capacity 143875K, committed 150016K, reserved 151552K
Event: 215.792 GC heap after
Heap after GC invocations=51 (full 11):
 PSYoungGen      total 39112704K, used 3147932K [0x00007f2a81000000, 0x00007f3611d00000, 0x00007f3701000000)
  eden space 30411776K, 0% used [0x00007f2a81000000,0x00007f2a81000000,0x00007f31c1300000)
  from space 8700928K, 36% used [0x00007f33fec00000,0x00007f34bee27148,0x00007f3611d00000)
  to   space 9049088K, 0% used [0x00007f31c1300000,0x00007f31c1300000,0x00007f33e9800000)
 ParOldGen       total 44268032K, used 26236702K [0x00007f1181000000, 0x00007f1c0ee80000, 0x00007f2a81000000)
  object space 44268032K, 59% used [0x00007f1181000000,0x00007f17c25c7b10,0x00007f1c0ee80000)
 Metaspace       used 132472K, capacity 143875K, committed 150016K, reserved 151552K
}
Event: 228.504 GC heap before
{Heap before GC invocations=52 (full 11):
 PSYoungGen      total 39112704K, used 33559708K [0x00007f2a81000000, 0x00007f3611d00000, 0x00007f3701000000)
  eden space 30411776K, 100% used [0x00007f2a81000000,0x00007f31c1300000,0x00007f31c1300000)
  from space 8700928K, 36% used [0x00007f33fec00000,0x00007f34bee27148,0x00007f3611d00000)
  to   space 9049088K, 0% used [0x00007f31c1300000,0x00007f31c1300000,0x00007f33e9800000)
 ParOldGen       total 44268032K, used 26236702K [0x00007f1181000000, 0x00007f1c0ee80000, 0x00007f2a81000000)
  object space 44268032K, 59% used [0x00007f1181000000,0x00007f17c25c7b10,0x00007f1c0ee80000)
 Metaspace       used 132544K, capacity 143943K, committed 150016K, reserved 151552K
Event: 228.630 GC heap after
Heap after GC invocations=52 (full 11):
 PSYoungGen      total 39460864K, used 2914369K [0x00007f2a81000000, 0x00007f3635e80000, 0x00007f3701000000)
  eden space 30411776K, 0% used [0x00007f2a81000000,0x00007f2a81000000,0x00007f31c1300000)
  from space 9049088K, 32% used [0x00007f31c1300000,0x00007f3273110570,0x00007f33e9800000)
  to   space 8458752K, 0% used [0x00007f3431a00000,0x00007f3431a00000,0x00007f3635e80000)
 ParOldGen       total 44268032K, used 26236702K [0x00007f1181000000, 0x00007f1c0ee80000, 0x00007f2a81000000)
  object space 44268032K, 59% used [0x00007f1181000000,0x00007f17c25c7b10,0x00007f1c0ee80000)
 Metaspace       used 132544K, capacity 143943K, committed 150016K, reserved 151552K
}
Event: 232.890 GC heap before
{Heap before GC invocations=53 (full 11):
 PSYoungGen      total 39460864K, used 33326145K [0x00007f2a81000000, 0x00007f3635e80000, 0x00007f3701000000)
  eden space 30411776K, 100% used [0x00007f2a81000000,0x00007f31c1300000,0x00007f31c1300000)
  from space 9049088K, 32% used [0x00007f31c1300000,0x00007f3273110570,0x00007f33e9800000)
  to   space 8458752K, 0% used [0x00007f3431a00000,0x00007f3431a00000,0x00007f3635e80000)
 ParOldGen       total 44268032K, used 26236702K [0x00007f1181000000, 0x00007f1c0ee80000, 0x00007f2a81000000)
  object space 44268032K, 59% used [0x00007f1181000000,0x00007f17c25c7b10,0x00007f1c0ee80000)
 Metaspace       used 132556K, capacity 143943K, committed 150016K, reserved 151552K
Event: 233.029 GC heap after
Heap after GC invocations=53 (full 11):
 PSYoungGen      total 39479296K, used 2367968K [0x00007f2a81000000, 0x00007f35f4f80000, 0x00007f3701000000)
  eden space 32084480K, 0% used [0x00007f2a81000000,0x00007f2a81000000,0x00007f3227480000)
  from space 7394816K, 32% used [0x00007f3431a00000,0x00007f34c22782b8,0x00007f35f4f80000)
  to   space 7976448K, 0% used [0x00007f3227480000,0x00007f3227480000,0x00007f340e200000)
 ParOldGen       total 44268032K, used 26236702K [0x00007f1181000000, 0x00007f1c0ee80000, 0x00007f2a81000000)
  object space 44268032K, 59% used [0x00007f1181000000,0x00007f17c25c7b10,0x00007f1c0ee80000)
 Metaspace       used 132556K, capacity 143943K, committed 150016K, reserved 151552K
}
Event: 313.951 GC heap before
{Heap before GC invocations=54 (full 11):
 PSYoungGen      total 39479296K, used 34452448K [0x00007f2a81000000, 0x00007f35f4f80000, 0x00007f3701000000)
  eden space 32084480K, 100% used [0x00007f2a81000000,0x00007f3227480000,0x00007f3227480000)
  from space 7394816K, 32% used [0x00007f3431a00000,0x00007f34c22782b8,0x00007f35f4f80000)
  to   space 7976448K, 0% used [0x00007f3227480000,0x00007f3227480000,0x00007f340e200000)
 ParOldGen       total 44268032K, used 26236735K [0x00007f1181000000, 0x00007f1c0ee80000, 0x00007f2a81000000)
  object space 44268032K, 59% used [0x00007f1181000000,0x00007f17c25cfcd0,0x00007f1c0ee80000)
 Metaspace       used 135150K, capacity 147291K, committed 151552K, reserved 151552K
Event: 314.093 GC heap after
Heap after GC invocations=54 (full 11):
 PSYoungGen      total 40060928K, used 3540834K [0x00007f2a81000000, 0x00007f362eb80000, 0x00007f3701000000)
  eden space 32084480K, 0% used [0x00007f2a81000000,0x00007f2a81000000,0x00007f3227480000)
  from space 7976448K, 44% used [0x00007f3227480000,0x00007f32ff658878,0x00007f340e200000)
  to   space 7735808K, 0% used [0x00007f3456900000,0x00007f3456900000,0x00007f362eb80000)
 ParOldGen       total 44268032K, used 26236743K [0x00007f1181000000, 0x00007f1c0ee80000, 0x00007f2a81000000)
  object space 44268032K, 59% used [0x00007f1181000000,0x00007f17c25d1cd0,0x00007f1c0ee80000)
 Metaspace       used 135150K, capacity 147291K, committed 151552K, reserved 151552K
}
Event: 325.939 GC heap before
{Heap before GC invocations=55 (full 11):
 PSYoungGen      total 40060928K, used 35625314K [0x00007f2a81000000, 0x00007f362eb80000, 0x00007f3701000000)
  eden space 32084480K, 100% used [0x00007f2a81000000,0x00007f3227480000,0x00007f3227480000)
  from space 7976448K, 44% used [0x00007f3227480000,0x00007f32ff658878,0x00007f340e200000)
  to   space 7735808K, 0% used [0x00007f3456900000,0x00007f3456900000,0x00007f362eb80000)
 ParOldGen       total 44268032K, used 26236755K [0x00007f1181000000, 0x00007f1c0ee80000, 0x00007f2a81000000)
  object space 44268032K, 59% used [0x00007f1181000000,0x00007f17c25d4d10,0x00007f1c0ee80000)
 Metaspace       used 135161K, capacity 147291K, committed 151552K, reserved 151552K
Event: 328.244 GC heap after
Heap after GC invocations=55 (full 11):
 PSYoungGen      total 41640448K, used 3120161K [0x00007f2a81000000, 0x00007f363a980000, 0x00007f3701000000)
  eden space 33904640K, 0% used [0x00007f2a81000000,0x00007f2a81000000,0x00007f3296600000)
  from space 7735808K, 40% used [0x00007f3456900000,0x00007f35150087b0,0x00007f362eb80000)
  to   space 7343104K, 0% used [0x00007f3296600000,0x00007f3296600000,0x00007f3456900000)
 ParOldGen       total 44268032K, used 26236763K [0x00007f1181000000, 0x00007f1c0ee80000, 0x00007f2a81000000)
  object space 44268032K, 59% used [0x00007f1181000000,0x00007f17c25d6d10,0x00007f1c0ee80000)
 Metaspace       used 135161K, capacity 147291K, committed 151552K, reserved 151552K
}
Event: 342.044 GC heap before
{Heap before GC invocations=56 (full 11):
 PSYoungGen      total 41640448K, used 37024801K [0x00007f2a81000000, 0x00007f363a980000, 0x00007f3701000000)
  eden space 33904640K, 100% used [0x00007f2a81000000,0x00007f3296600000,0x00007f3296600000)
  from space 7735808K, 40% used [0x00007f3456900000,0x00007f35150087b0,0x00007f362eb80000)
  to   space 7343104K, 0% used [0x00007f3296600000,0x00007f3296600000,0x00007f3456900000)
 ParOldGen       total 44268032K, used 26236921K [0x00007f1181000000, 0x00007f1c0ee80000, 0x00007f2a81000000)
  object space 44268032K, 59% used [0x00007f1181000000,0x00007f17c25fe610,0x00007f1c0ee80000)
 Metaspace       used 135164K, capacity 147291K, committed 151552K, reserved 151552K
Event: 342.093 GC heap after
Heap after GC invocations=56 (full 11):
 PSYoungGen      total 41247744K, used 582310K [0x00007f2a81000000, 0x00007f3691380000, 0x00007f3701000000)
  eden space 33904640K, 0% used [0x00007f2a81000000,0x00007f2a81000000,0x00007f3296600000)
  from space 7343104K, 7% used [0x00007f3296600000,0x00007f32b9ea9b10,0x00007f3456900000)
  to   space 7290368K, 0% used [0x00007f34d4400000,0x00007f34d4400000,0x00007f3691380000)
 ParOldGen       total 44268032K, used 26236929K [0x00007f1181000000, 0x00007f1c0ee80000, 0x00007f2a81000000)
  object space 44268032K, 59% used [0x00007f1181000000,0x00007f17c2600610,0x00007f1c0ee80000)
 Metaspace       used 135164K, capacity 147291K, committed 151552K, reserved 151552K
}
Event: 366.280 GC heap before
{Heap before GC invocations=57 (full 11):
 PSYoungGen      total 41247744K, used 34486950K [0x00007f2a81000000, 0x00007f3691380000, 0x00007f3701000000)
  eden space 33904640K, 100% used [0x00007f2a81000000,0x00007f3296600000,0x00007f3296600000)
  from space 7343104K, 7% used [0x00007f3296600000,0x00007f32b9ea9b10,0x00007f3456900000)
  to   space 7290368K, 0% used [0x00007f34d4400000,0x00007f34d4400000,0x00007f3691380000)
 ParOldGen       total 44268032K, used 26236986K [0x00007f1181000000, 0x00007f1c0ee80000, 0x00007f2a81000000)
  object space 44268032K, 59% used [0x00007f1181000000,0x00007f17c260ebe8,0x00007f1c0ee80000)
 Metaspace       used 139573K, capacity 154313K, committed 154368K, reserved 155648K
Event: 367.009 GC heap after
Heap after GC invocations=57 (full 11):
 PSYoungGen      total 43087872K, used 4504586K [0x00007f2a81000000, 0x00007f36a2580000, 0x00007f3701000000)
  eden space 35797504K, 0% used [0x00007f2a81000000,0x00007f2a81000000,0x00007f3309e80000)
  from space 7290368K, 61% used [0x00007f34d4400000,0x00007f35e7302b60,0x00007f3691380000)
  to   space 7509504K, 0% used [0x00007f3309e80000,0x00007f3309e80000,0x00007f34d4400000)
 ParOldGen       total 44268032K, used 26236994K [0x00007f1181000000, 0x00007f1c0ee80000, 0x00007f2a81000000)
  object space 44268032K, 59% used [0x00007f1181000000,0x00007f17c2610be8,0x00007f1c0ee80000)
 Metaspace       used 139573K, capacity 154313K, committed 154368K, reserved 155648K
}
Event: 375.752 GC heap before
{Heap before GC invocations=58 (full 11):
 PSYoungGen      total 43087872K, used 40302090K [0x00007f2a81000000, 0x00007f36a2580000, 0x00007f3701000000)
  eden space 35797504K, 100% used [0x00007f2a81000000,0x00007f3309e80000,0x00007f3309e80000)
  from space 7290368K, 61% used [0x00007f34d4400000,0x00007f35e7302b60,0x00007f3691380000)
  to   space 7509504K, 0% used [0x00007f3309e80000,0x00007f3309e80000,0x00007f34d4400000)
 ParOldGen       total 44268032K, used 26237012K [0x00007f1181000000, 0x00007f1c0ee80000, 0x00007f2a81000000)
  object space 44268032K, 59% used [0x00007f1181000000,0x00007f17c26153e8,0x00007f1c0ee80000)
 Metaspace       used 139792K, capacity 154533K, committed 154624K, reserved 155648K
Event: 376.309 GC heap after
Heap after GC invocations=58 (full 11):
 PSYoungGen      total 43307008K, used 3370756K [0x00007f2a81000000, 0x00007f36ed400000, 0x00007f3701000000)
  eden space 35797504K, 0% used [0x00007f2a81000000,0x00007f2a81000000,0x00007f3309e80000)
  from space 7509504K, 44% used [0x00007f3309e80000,0x00007f33d7a410d0,0x00007f34d4400000)
  to   space 7238144K, 0% used [0x00007f3533780000,0x00007f3533780000,0x00007f36ed400000)
 ParOldGen       total 44268032K, used 26237020K [0x00007f1181000000, 0x00007f1c0ee80000, 0x00007f2a81000000)
  object space 44268032K, 59% used [0x00007f1181000000,0x00007f17c26173e8,0x00007f1c0ee80000)
 Metaspace       used 139792K, capacity 154533K, committed 154624K, reserved 155648K
}
Event: 387.288 GC heap before
{Heap before GC invocations=59 (full 11):
 PSYoungGen      total 43307008K, used 39168260K [0x00007f2a81000000, 0x00007f36ed400000, 0x00007f3701000000)
  eden space 35797504K, 100% used [0x00007f2a81000000,0x00007f3309e80000,0x00007f3309e80000)
  from space 7509504K, 44% used [0x00007f3309e80000,0x00007f33d7a410d0,0x00007f34d4400000)
  to   space 7238144K, 0% used [0x00007f3533780000,0x00007f3533780000,0x00007f36ed400000)
 ParOldGen       total 44268032K, used 26237102K [0x00007f1181000000, 0x00007f1c0ee80000, 0x00007f2a81000000)
  object space 44268032K, 59% used [0x00007f1181000000,0x00007f17c262b8b0,0x00007f1c0ee80000)
 Metaspace       used 140228K, capacity 155204K, committed 155392K, reserved 155648K
Event: 387.505 GC heap after
Heap after GC invocations=59 (full 11):
 PSYoungGen      total 44616192K, used 3589452K [0x00007f2a81000000, 0x00007f36dac00000, 0x00007f3701000000)
  eden space 37681152K, 0% used [0x00007f2a81000000,0x00007f2a81000000,0x00007f337ce00000)
  from space 6935040K, 51% used [0x00007f3533780000,0x00007f360e8d3320,0x00007f36dac00000)
  to   space 7060480K, 0% used [0x00007f337ce00000,0x00007f337ce00000,0x00007f352bd00000)
 ParOldGen       total 44268032K, used 26237110K [0x00007f1181000000, 0x00007f1c0ee80000, 0x00007f2a81000000)
  object space 44268032K, 59% used [0x00007f1181000000,0x00007f17c262d8b0,0x00007f1c0ee80000)
 Metaspace       used 140228K, capacity 155204K, committed 155392K, reserved 155648K
}
Event: 395.391 GC heap before
{Heap before GC invocations=60 (full 11):
 PSYoungGen      total 44616192K, used 41270604K [0x00007f2a81000000, 0x00007f36dac00000, 0x00007f3701000000)
  eden space 37681152K, 100% used [0x00007f2a81000000,0x00007f337ce00000,0x00007f337ce00000)
  from space 6935040K, 51% used [0x00007f3533780000,0x00007f360e8d3320,0x00007f36dac00000)
  to   space 7060480K, 0% used [0x00007f337ce00000,0x00007f337ce00000,0x00007f352bd00000)
 ParOldGen       total 44268032K, used 26237774K [0x00007f1181000000, 0x00007f1c0ee80000, 0x00007f2a81000000)
  object space 44268032K, 59% used [0x00007f1181000000,0x00007f17c26d38a8,0x00007f1c0ee80000)
 Metaspace       used 140231K, capacity 155268K, committed 155392K, reserved 155648K
Event: 395.609 GC heap after
Heap after GC invocations=60 (full 11):
 PSYoungGen      total 44741632K, used 3610620K [0x00007f2a81000000, 0x00007f36f3c80000, 0x00007f3701000000)
  eden space 37681152K, 0% used [0x00007f2a81000000,0x00007f2a81000000,0x00007f337ce00000)
  from space 7060480K, 51% used [0x00007f337ce00000,0x00007f34593ff240,0x00007f352bd00000)
  to   space 6889472K, 0% used [0x00007f354f480000,0x00007f354f480000,0x00007f36f3c80000)
 ParOldGen       total 44268032K, used 26237782K [0x00007f1181000000, 0x00007f1c0ee80000, 0x00007f2a81000000)
  object space 44268032K, 59% used [0x00007f1181000000,0x00007f17c26d58a8,0x00007f1c0ee80000)
 Metaspace       used 140231K, capacity 155268K, committed 155392K, reserved 155648K
}
Event: 430.511 GC heap before
{Heap before GC invocations=61 (full 11):
 PSYoungGen      total 44741632K, used 41291772K [0x00007f2a81000000, 0x00007f36f3c80000, 0x00007f3701000000)
  eden space 37681152K, 100% used [0x00007f2a81000000,0x00007f337ce00000,0x00007f337ce00000)
  from space 7060480K, 51% used [0x00007f337ce00000,0x00007f34593ff240,0x00007f352bd00000)
  to   space 6889472K, 0% used [0x00007f354f480000,0x00007f354f480000,0x00007f36f3c80000)
 ParOldGen       total 44268032K, used 26237809K [0x00007f1181000000, 0x00007f1c0ee80000, 0x00007f2a81000000)
  object space 44268032K, 59% used [0x00007f1181000000,0x00007f17c26dc6f0,0x00007f1c0ee80000)
 Metaspace       used 140231K, capacity 155268K, committed 155392K, reserved 155648K
Event: 430.619 GC heap after
Heap after GC invocations=61 (full 11):
 PSYoungGen      total 44714496K, used 2818062K [0x00007f2a81000000, 0x00007f36cbe00000, 0x00007f3701000000)
  eden space 38478848K, 0% used [0x00007f2a81000000,0x00007f2a81000000,0x00007f33ad900000)
  from space 6235648K, 45% used [0x00007f354f480000,0x00007f35fb483af8,0x00007f36cbe00000)
  to   space 6539776K, 0% used [0x00007f33ad900000,0x00007f33ad900000,0x00007f353cb80000)
 ParOldGen       total 44268032K, used 26237809K [0x00007f1181000000, 0x00007f1c0ee80000, 0x00007f2a81000000)
  object space 44268032K, 59% used [0x00007f1181000000,0x00007f17c26dc6f0,0x00007f1c0ee80000)
 Metaspace       used 140231K, capacity 155268K, committed 155392K, reserved 155648K
}
Event: 547.942 GC heap before
{Heap before GC invocations=62 (full 11):
 PSYoungGen      total 44714496K, used 41296910K [0x00007f2a81000000, 0x00007f36cbe00000, 0x00007f3701000000)
  eden space 38478848K, 100% used [0x00007f2a81000000,0x00007f33ad900000,0x00007f33ad900000)
  from space 6235648K, 45% used [0x00007f354f480000,0x00007f35fb483af8,0x00007f36cbe00000)
  to   space 6539776K, 0% used [0x00007f33ad900000,0x00007f33ad900000,0x00007f353cb80000)
 ParOldGen       total 44268032K, used 26237812K [0x00007f1181000000, 0x00007f1c0ee80000, 0x00007f2a81000000)
  object space 44268032K, 59% used [0x00007f1181000000,0x00007f17c26dd1d8,0x00007f1c0ee80000)
 Metaspace       used 140246K, capacity 155272K, committed 155392K, reserved 155648K
Event: 548.014 GC heap after
Heap after GC invocations=62 (full 11):
 PSYoungGen      total 45018624K, used 1245927K [0x00007f2a81000000, 0x00007f3701000000, 0x00007f3701000000)
  eden space 38478848K, 0% used [0x00007f2a81000000,0x00007f2a81000000,0x00007f33ad900000)
  from space 6539776K, 19% used [0x00007f33ad900000,0x00007f33f99b9e10,0x00007f353cb80000)
  to   space 6486528K, 0% used [0x00007f3575180000,0x00007f3575180000,0x00007f3701000000)
 ParOldGen       total 44268032K, used 26237820K [0x00007f1181000000, 0x00007f1c0ee80000, 0x00007f2a81000000)
  object space 44268032K, 59% used [0x00007f1181000000,0x00007f17c26df1d8,0x00007f1c0ee80000)
 Metaspace       used 140246K, capacity 155272K, committed 155392K, reserved 155648K
}
Event: 566.001 GC heap before
{Heap before GC invocations=63 (full 11):
 PSYoungGen      total 45018624K, used 39724775K [0x00007f2a81000000, 0x00007f3701000000, 0x00007f3701000000)
  eden space 38478848K, 100% used [0x00007f2a81000000,0x00007f33ad900000,0x00007f33ad900000)
  from space 6539776K, 19% used [0x00007f33ad900000,0x00007f33f99b9e10,0x00007f353cb80000)
  to   space 6486528K, 0% used [0x00007f3575180000,0x00007f3575180000,0x00007f3701000000)
 ParOldGen       total 44268032K, used 26237831K [0x00007f1181000000, 0x00007f1c0ee80000, 0x00007f2a81000000)
  object space 44268032K, 59% used [0x00007f1181000000,0x00007f17c26e1d38,0x00007f1c0ee80000)
 Metaspace       used 140249K, capacity 155272K, committed 155392K, reserved 155648K
Event: 566.073 GC heap after
Heap after GC invocations=63 (full 11):
 PSYoungGen      total 45704704K, used 1069198K [0x00007f2a81000000, 0x00007f36f5c00000, 0x00007f3701000000)
  eden space 39402496K, 0% used [0x00007f2a81000000,0x00007f2a81000000,0x00007f33e5f00000)
  from space 6302208K, 16% used [0x00007f3575180000,0x00007f35b65a3a58,0x00007f36f5c00000)
  to   space 6420992K, 0% used [0x00007f33e5f00000,0x00007f33e5f00000,0x00007f356dd80000)
 ParOldGen       total 44268032K, used 26237839K [0x00007f1181000000, 0x00007f1c0ee80000, 0x00007f2a81000000)
  object space 44268032K, 59% used [0x00007f1181000000,0x00007f17c26e3d38,0x00007f1c0ee80000)
 Metaspace       used 140249K, capacity 155272K, committed 155392K, reserved 155648K
}
Event: 597.346 GC heap before
{Heap before GC invocations=64 (full 11):
 PSYoungGen      total 45704704K, used 40471694K [0x00007f2a81000000, 0x00007f36f5c00000, 0x00007f3701000000)
  eden space 39402496K, 100% used [0x00007f2a81000000,0x00007f33e5f00000,0x00007f33e5f00000)
  from space 6302208K, 16% used [0x00007f3575180000,0x00007f35b65a3a58,0x00007f36f5c00000)
  to   space 6420992K, 0% used [0x00007f33e5f00000,0x00007f33e5f00000,0x00007f356dd80000)
 ParOldGen       total 44268032K, used 26237841K [0x00007f1181000000, 0x00007f1c0ee80000, 0x00007f2a81000000)
  object space 44268032K, 59% used [0x00007f1181000000,0x00007f17c26e4598,0x00007f1c0ee80000)
 Metaspace       used 141251K, capacity 156339K, committed 156416K, reserved 157696K
Event: 597.608 GC heap after
Heap after GC invocations=64 (full 11):
 PSYoungGen      total 45789696K, used 6387064K [0x00007f2a81000000, 0x00007f3701000000, 0x00007f3701000000)
  eden space 39402496K, 0% used [0x00007f2a81000000,0x00007f2a81000000,0x00007f33e5f00000)
  from space 6387200K, 99% used [0x00007f33e5f00000,0x00007f356bc5e068,0x00007f356bc80000)
  to   space 6639104K, 0% used [0x00007f356bc80000,0x00007f356bc80000,0x00007f3701000000)
 ParOldGen       total 44268032K, used 27089817K [0x00007f1181000000, 0x00007f1c0ee80000, 0x00007f2a81000000)
  object space 44268032K, 61% used [0x00007f1181000000,0x00007f17f66e66d0,0x00007f1c0ee80000)
 Metaspace       used 141251K, capacity 156339K, committed 156416K, reserved 157696K
}
Event: 607.000 GC heap before
{Heap before GC invocations=65 (full 11):
 PSYoungGen      total 45789696K, used 45789560K [0x00007f2a81000000, 0x00007f3701000000, 0x00007f3701000000)
  eden space 39402496K, 100% used [0x00007f2a81000000,0x00007f33e5f00000,0x00007f33e5f00000)
  from space 6387200K, 99% used [0x00007f33e5f00000,0x00007f356bc5e068,0x00007f356bc80000)
  to   space 6639104K, 0% used [0x00007f356bc80000,0x00007f356bc80000,0x00007f3701000000)
 ParOldGen       total 44268032K, used 27090066K [0x00007f1181000000, 0x00007f1c0ee80000, 0x00007f2a81000000)
  object space 44268032K, 61% used [0x00007f1181000000,0x00007f17f6724890,0x00007f1c0ee80000)
 Metaspace       used 141382K, capacity 156467K, committed 156672K, reserved 157696K
Event: 607.760 GC heap after
Heap after GC invocations=65 (full 11):
 PSYoungGen      total 42120704K, used 6639089K [0x00007f2a81000000, 0x00007f3701000000, 0x00007f3701000000)
  eden space 35481600K, 0% used [0x00007f2a81000000,0x00007f2a81000000,0x00007f32f6a00000)
  from space 6639104K, 99% used [0x00007f356bc80000,0x00007f3700ffc5c8,0x00007f3701000000)
  to   space 8473600K, 0% used [0x00007f32f6a00000,0x00007f32f6a00000,0x00007f34fbd00000)
 ParOldGen       total 44268032K, used 27502522K [0x00007f1181000000, 0x00007f1c0ee80000, 0x00007f2a81000000)
  object space 44268032K, 62% used [0x00007f1181000000,0x00007f180f9ee920,0x00007f1c0ee80000)
 Metaspace       used 141382K, capacity 156467K, committed 156672K, reserved 157696K
}
Event: 610.907 GC heap before
{Heap before GC invocations=66 (full 11):
 PSYoungGen      total 42120704K, used 42120689K [0x00007f2a81000000, 0x00007f3701000000, 0x00007f3701000000)
  eden space 35481600K, 100% used [0x00007f2a81000000,0x00007f32f6a00000,0x00007f32f6a00000)
  from space 6639104K, 99% used [0x00007f356bc80000,0x00007f3700ffc5c8,0x00007f3701000000)
  to   space 8473600K, 0% used [0x00007f32f6a00000,0x00007f32f6a00000,0x00007f34fbd00000)
 ParOldGen       total 44268032K, used 27502524K [0x00007f1181000000, 0x00007f1c0ee80000, 0x00007f2a81000000)
  object space 44268032K, 62% used [0x00007f1181000000,0x00007f180f9ef078,0x00007f1c0ee80000)
 Metaspace       used 141415K, capacity 156531K, committed 156672K, reserved 157696K
Event: 611.132 GC heap after
Heap after GC invocations=66 (full 11):
 PSYoungGen      total 41878528K, used 6396872K [0x00007f2a81000000, 0x00007f3701000000, 0x00007f3701000000)
  eden space 35481600K, 0% used [0x00007f2a81000000,0x00007f2a81000000,0x00007f32f6a00000)
  from space 6396928K, 99% used [0x00007f32f6a00000,0x00007f347d0f2340,0x00007f347d100000)
  to   space 9066496K, 0% used [0x00007f34d7a00000,0x00007f34d7a00000,0x00007f3701000000)
 ParOldGen       total 44268032K, used 27503819K [0x00007f1181000000, 0x00007f1c0ee80000, 0x00007f2a81000000)
  object space 44268032K, 62% used [0x00007f1181000000,0x00007f180fb32cc0,0x00007f1c0ee80000)
 Metaspace       used 141415K, capacity 156531K, committed 156672K, reserved 157696K
}
Event: 616.780 GC heap before
{Heap before GC invocations=67 (full 11):
 PSYoungGen      total 41878528K, used 41878472K [0x00007f2a81000000, 0x00007f3701000000, 0x00007f3701000000)
  eden space 35481600K, 100% used [0x00007f2a81000000,0x00007f32f6a00000,0x00007f32f6a00000)
  from space 6396928K, 99% used [0x00007f32f6a00000,0x00007f347d0f2340,0x00007f347d100000)
  to   space 9066496K, 0% used [0x00007f34d7a00000,0x00007f34d7a00000,0x00007f3701000000)
 ParOldGen       total 44268032K, used 27503819K [0x00007f1181000000, 0x00007f1c0ee80000, 0x00007f2a81000000)
  object space 44268032K, 62% used [0x00007f1181000000,0x00007f180fb32cc0,0x00007f1c0ee80000)
 Metaspace       used 141492K, capacity 156531K, committed 156672K, reserved 157696K
Event: 617.029 GC heap after
Heap after GC invocations=67 (full 11):
 PSYoungGen      total 42735616K, used 6017787K [0x00007f2a81000000, 0x00007f3701000000, 0x00007f3701000000)
  eden space 33669120K, 0% used [0x00007f2a81000000,0x00007f2a81000000,0x00007f3288000000)
  from space 9066496K, 66% used [0x00007f34d7a00000,0x00007f3646ebef68,0x00007f3701000000)
  to   space 9379840K, 0% used [0x00007f3288000000,0x00007f3288000000,0x00007f34c4800000)
 ParOldGen       total 44268032K, used 27503827K [0x00007f1181000000, 0x00007f1c0ee80000, 0x00007f2a81000000)
  object space 44268032K, 62% used [0x00007f1181000000,0x00007f180fb34cc0,0x00007f1c0ee80000)
 Metaspace       used 141492K, capacity 156531K, committed 156672K, reserved 157696K
}
Event: 620.523 GC heap before
{Heap before GC invocations=68 (full 11):
 PSYoungGen      total 42735616K, used 39686907K [0x00007f2a81000000, 0x00007f3701000000, 0x00007f3701000000)
  eden space 33669120K, 100% used [0x00007f2a81000000,0x00007f3288000000,0x00007f3288000000)
  from space 9066496K, 66% used [0x00007f34d7a00000,0x00007f3646ebef68,0x00007f3701000000)
  to   space 9379840K, 0% used [0x00007f3288000000,0x00007f3288000000,0x00007f34c4800000)
 ParOldGen       total 44268032K, used 27503942K [0x00007f1181000000, 0x00007f1c0ee80000, 0x00007f2a81000000)
  object space 44268032K, 62% used [0x00007f1181000000,0x00007f180fb519e8,0x00007f1c0ee80000)
 Metaspace       used 141497K, capacity 156595K, committed 156672K, reserved 157696K
Event: 620.765 GC heap after
Heap after GC invocations=68 (full 11):
 PSYoungGen      total 39334912K, used 5665502K [0x00007f2a81000000, 0x00007f3701000000, 0x00007f3701000000)
  eden space 33669120K, 0% used [0x00007f2a81000000,0x00007f2a81000000,0x00007f3288000000)
  from space 5665792K, 99% used [0x00007f3288000000,0x00007f33e1cb7988,0x00007f33e1d00000)
  to   space 9469440K, 0% used [0x00007f34bf080000,0x00007f34bf080000,0x00007f3701000000)
 ParOldGen       total 44268032K, used 27504422K [0x00007f1181000000, 0x00007f1c0ee80000, 0x00007f2a81000000)
  object space 44268032K, 62% used [0x00007f1181000000,0x00007f180fbc99e8,0x00007f1c0ee80000)
 Metaspace       used 141497K, capacity 156595K, committed 156672K, reserved 157696K
}
Event: 624.647 GC heap before
{Heap before GC invocations=69 (full 11):
 PSYoungGen      total 39334912K, used 39334622K [0x00007f2a81000000, 0x00007f3701000000, 0x00007f3701000000)
  eden space 33669120K, 100% used [0x00007f2a81000000,0x00007f3288000000,0x00007f3288000000)
  from space 5665792K, 99% used [0x00007f3288000000,0x00007f33e1cb7988,0x00007f33e1d00000)
  to   space 9469440K, 0% used [0x00007f34bf080000,0x00007f34bf080000,0x00007f3701000000)
 ParOldGen       total 44268032K, used 27504748K [0x00007f1181000000, 0x00007f1c0ee80000, 0x00007f2a81000000)
  object space 44268032K, 62% used [0x00007f1181000000,0x00007f180fc1b010,0x00007f1c0ee80000)
 Metaspace       used 141499K, capacity 156595K, committed 156672K, reserved 157696K
Event: 624.836 GC heap after
Heap after GC invocations=69 (full 11):
 PSYoungGen      total 42865152K, used 5698197K [0x00007f2a81000000, 0x00007f3701000000, 0x00007f3701000000)
  eden space 33395712K, 0% used [0x00007f2a81000000,0x00007f2a81000000,0x00007f3277500000)
  from space 9469440K, 60% used [0x00007f34bf080000,0x00007f361ad255f0,0x00007f3701000000)
  to   space 9516544K, 0% used [0x00007f3277500000,0x00007f3277500000,0x00007f34bc280000)
 ParOldGen       total 44268032K, used 27527190K [0x00007f1181000000, 0x00007f1c0ee80000, 0x00007f2a81000000)
  object space 44268032K, 62% used [0x00007f1181000000,0x00007f1811205b60,0x00007f1c0ee80000)
 Metaspace       used 141499K, capacity 156595K, committed 156672K, reserved 157696K
}
Event: 628.642 GC heap before
{Heap before GC invocations=70 (full 11):
 PSYoungGen      total 42865152K, used 39093909K [0x00007f2a81000000, 0x00007f3701000000, 0x00007f3701000000)
  eden space 33395712K, 100% used [0x00007f2a81000000,0x00007f3277500000,0x00007f3277500000)
  from space 9469440K, 60% used [0x00007f34bf080000,0x00007f361ad255f0,0x00007f3701000000)
  to   space 9516544K, 0% used [0x00007f3277500000,0x00007f3277500000,0x00007f34bc280000)
 ParOldGen       total 44268032K, used 27527291K [0x00007f1181000000, 0x00007f1c0ee80000, 0x00007f2a81000000)
  object space 44268032K, 62% used [0x00007f1181000000,0x00007f181121ee18,0x00007f1c0ee80000)
 Metaspace       used 141514K, capacity 156607K, committed 156672K, reserved 157696K
Event: 628.878 GC heap after
Heap after GC invocations=70 (full 11):
 PSYoungGen      total 38506496K, used 5110430K [0x00007f2a81000000, 0x00007f36e9400000, 0x00007f3701000000)
  eden space 33395712K, 0% used [0x00007f2a81000000,0x00007f2a81000000,0x00007f3277500000)
  from space 5110784K, 99% used [0x00007f3277500000,0x00007f33af3a7b58,0x00007f33af400000)
  to   space 9298432K, 0% used [0x00007f34b1b80000,0x00007f34b1b80000,0x00007f36e9400000)
 ParOldGen       total 44268032K, used 27527483K [0x00007f1181000000, 0x00007f1c0ee80000, 0x00007f2a81000000)
  object space 44268032K, 62% used [0x00007f1181000000,0x00007f181124ee18,0x00007f1c0ee80000)
 Metaspace       used 141514K, capacity 156607K, committed 156672K, reserved 157696K
}
Event: 632.276 GC heap before
{Heap before GC invocations=71 (full 11):
 PSYoungGen      total 38506496K, used 38506142K [0x00007f2a81000000, 0x00007f36e9400000, 0x00007f3701000000)
  eden space 33395712K, 100% used [0x00007f2a81000000,0x00007f3277500000,0x00007f3277500000)
  from space 5110784K, 99% used [0x00007f3277500000,0x00007f33af3a7b58,0x00007f33af400000)
  to   space 9298432K, 0% used [0x00007f34b1b80000,0x00007f34b1b80000,0x00007f36e9400000)
 ParOldGen       total 44268032K, used 27528978K [0x00007f1181000000, 0x00007f1c0ee80000, 0x00007f2a81000000)
  object space 44268032K, 62% used [0x00007f1181000000,0x00007f18113c4ab0,0x00007f1c0ee80000)
 Metaspace       used 141516K, capacity 156607K, committed 156672K, reserved 157696K
Event: 632.461 GC heap after
Heap after GC invocations=71 (full 11):
 PSYoungGen      total 42686976K, used 5847013K [0x00007f2a81000000, 0x00007f3701000000, 0x00007f3701000000)
  eden space 33388544K, 0% used [0x00007f2a81000000,0x00007f2a81000000,0x00007f3276e00000)
  from space 9298432K, 62% used [0x00007f34b1b80000,0x00007f3616979598,0x00007f36e9400000)
  to   space 9352704K, 0% used [0x00007f3276e00000,0x00007f3276e00000,0x00007f34b1b80000)
 ParOldGen       total 44268032K, used 27529310K [0x00007f1181000000, 0x00007f1c0ee80000, 0x00007f2a81000000)
  object space 44268032K, 62% used [0x00007f1181000000,0x00007f1811417ad8,0x00007f1c0ee80000)
 Metaspace       used 141516K, capacity 156607K, committed 156672K, reserved 157696K
}
Event: 637.998 GC heap before
{Heap before GC invocations=72 (full 11):
 PSYoungGen      total 42686976K, used 39235557K [0x00007f2a81000000, 0x00007f3701000000, 0x00007f3701000000)
  eden space 33388544K, 100% used [0x00007f2a81000000,0x00007f3276e00000,0x00007f3276e00000)
  from space 9298432K, 62% used [0x00007f34b1b80000,0x00007f3616979598,0x00007f36e9400000)
  to   space 9352704K, 0% used [0x00007f3276e00000,0x00007f3276e00000,0x00007f34b1b80000)
 ParOldGen       total 44268032K, used 27529312K [0x00007f1181000000, 0x00007f1c0ee80000, 0x00007f2a81000000)
  object space 44268032K, 62% used [0x00007f1181000000,0x00007f1811418370,0x00007f1c0ee80000)
 Metaspace       used 141582K, capacity 156607K, committed 156672K, reserved 157696K
Event: 638.232 GC heap after
Heap after GC invocations=72 (full 11):
 PSYoungGen      total 40572928K, used 7183906K [0x00007f2a81000000, 0x00007f3701000000, 0x00007f3701000000)
  eden space 33388544K, 0% used [0x00007f2a81000000,0x00007f2a81000000,0x00007f3276e00000)
  from space 7184384K, 99% used [0x00007f3276e00000,0x00007f342d588b00,0x00007f342d600000)
  to   space 9856512K, 0% used [0x00007f34a7680000,0x00007f34a7680000,0x00007f3701000000)
 ParOldGen       total 44268032K, used 27540116K [0x00007f1181000000, 0x00007f1c0ee80000, 0x00007f2a81000000)
  object space 44268032K, 62% used [0x00007f1181000000,0x00007f1811ea52f8,0x00007f1c0ee80000)
 Metaspace       used 141582K, capacity 156607K, committed 156672K, reserved 157696K
}
Event: 641.335 GC heap before
{Heap before GC invocations=73 (full 11):
 PSYoungGen      total 40572928K, used 40572450K [0x00007f2a81000000, 0x00007f3701000000, 0x00007f3701000000)
  eden space 33388544K, 100% used [0x00007f2a81000000,0x00007f3276e00000,0x00007f3276e00000)
  from space 7184384K, 99% used [0x00007f3276e00000,0x00007f342d588b00,0x00007f342d600000)
  to   space 9856512K, 0% used [0x00007f34a7680000,0x00007f34a7680000,0x00007f3701000000)
 ParOldGen       total 44268032K, used 27540116K [0x00007f1181000000, 0x00007f1c0ee80000, 0x00007f2a81000000)
  object space 44268032K, 62% used [0x00007f1181000000,0x00007f1811ea52f8,0x00007f1c0ee80000)
 Metaspace       used 141582K, capacity 156607K, committed 156672K, reserved 157696K
Event: 641.523 GC heap after
Heap after GC invocations=73 (full 11):
 PSYoungGen      total 42447360K, used 6323287K [0x00007f2a81000000, 0x00007f3701000000, 0x00007f3701000000)
  eden space 32590848K, 0% used [0x00007f2a81000000,0x00007f2a81000000,0x00007f3246300000)
  from space 9856512K, 64% used [0x00007f34a7680000,0x00007f3629595dd8,0x00007f3701000000)
  to   space 9918976K, 0% used [0x00007f3246300000,0x00007f3246300000,0x00007f34a3980000)
 ParOldGen       total 44268032K, used 27562649K [0x00007f1181000000, 0x00007f1c0ee80000, 0x00007f2a81000000)
  object space 44268032K, 62% used [0x00007f1181000000,0x00007f18134a6620,0x00007f1c0ee80000)
 Metaspace       used 141582K, capacity 156607K, committed 156672K, reserved 157696K
}
Event: 653.703 GC heap before
{Heap before GC invocations=74 (full 11):
 PSYoungGen      total 42447360K, used 38914135K [0x00007f2a81000000, 0x00007f3701000000, 0x00007f3701000000)
  eden space 32590848K, 100% used [0x00007f2a81000000,0x00007f3246300000,0x00007f3246300000)
  from space 9856512K, 64% used [0x00007f34a7680000,0x00007f3629595dd8,0x00007f3701000000)
  to   space 9918976K, 0% used [0x00007f3246300000,0x00007f3246300000,0x00007f34a3980000)
 ParOldGen       total 44268032K, used 27562680K [0x00007f1181000000, 0x00007f1c0ee80000, 0x00007f2a81000000)
  object space 44268032K, 62% used [0x00007f1181000000,0x00007f18134ae098,0x00007f1c0ee80000)
 Metaspace       used 141819K, capacity 156923K, committed 156928K, reserved 157696K
Event: 653.974 GC heap after
Heap after GC invocations=74 (full 11):
 PSYoungGen      total 39934976K, used 7343877K [0x00007f2a81000000, 0x00007f3701000000, 0x00007f3701000000)
  eden space 32590848K, 0% used [0x00007f2a81000000,0x00007f2a81000000,0x00007f3246300000)
  from space 7344128K, 99% used [0x00007f3246300000,0x00007f34066c15b8,0x00007f3406700000)
  to   space 10311680K, 0% used [0x00007f348ba00000,0x00007f348ba00000,0x00007f3701000000)
 ParOldGen       total 44268032K, used 27571255K [0x00007f1181000000, 0x00007f1c0ee80000, 0x00007f2a81000000)
  object space 44268032K, 62% used [0x00007f1181000000,0x00007f1813d0df20,0x00007f1c0ee80000)
 Metaspace       used 141819K, capacity 156923K, committed 156928K, reserved 157696K
}
Event: 660.981 GC heap before
{Heap before GC invocations=75 (full 11):
 PSYoungGen      total 39934976K, used 39934725K [0x00007f2a81000000, 0x00007f3701000000, 0x00007f3701000000)
  eden space 32590848K, 100% used [0x00007f2a81000000,0x00007f3246300000,0x00007f3246300000)
  from space 7344128K, 99% used [0x00007f3246300000,0x00007f34066c15b8,0x00007f3406700000)
  to   space 10311680K, 0% used [0x00007f348ba00000,0x00007f348ba00000,0x00007f3701000000)
 ParOldGen       total 44268032K, used 27571288K [0x00007f1181000000, 0x00007f1c0ee80000, 0x00007f2a81000000)
  object space 44268032K, 62% used [0x00007f1181000000,0x00007f1813d16358,0x00007f1c0ee80000)
 Metaspace       used 141821K, capacity 156923K, committed 156928K, reserved 157696K
Event: 661.246 GC heap after
Heap after GC invocations=75 (full 11):
 PSYoungGen      total 41671680K, used 7166994K [0x00007f2a81000000, 0x00007f3701000000, 0x00007f3701000000)
  eden space 31360000K, 0% used [0x00007f2a81000000,0x00007f2a81000000,0x00007f31fb100000)
  from space 10311680K, 69% used [0x00007f348ba00000,0x00007f36411049b0,0x00007f3701000000)
  to   space 10534400K, 0% used [0x00007f31fb100000,0x00007f31fb100000,0x00007f347e080000)
 ParOldGen       total 44268032K, used 27572004K [0x00007f1181000000, 0x00007f1c0ee80000, 0x00007f2a81000000)
  object space 44268032K, 62% used [0x00007f1181000000,0x00007f1813dc93a0,0x00007f1c0ee80000)
 Metaspace       used 141821K, capacity 156923K, committed 156928K, reserved 157696K
}
Event: 683.632 GC heap before
{Heap before GC invocations=76 (full 11):
 PSYoungGen      total 41671680K, used 38526994K [0x00007f2a81000000, 0x00007f3701000000, 0x00007f3701000000)
  eden space 31360000K, 100% used [0x00007f2a81000000,0x00007f31fb100000,0x00007f31fb100000)
  from space 10311680K, 69% used [0x00007f348ba00000,0x00007f36411049b0,0x00007f3701000000)
  to   space 10534400K, 0% used [0x00007f31fb100000,0x00007f31fb100000,0x00007f347e080000)
 ParOldGen       total 44268032K, used 27572007K [0x00007f1181000000, 0x00007f1c0ee80000, 0x00007f2a81000000)
  object space 44268032K, 62% used [0x00007f1181000000,0x00007f1813dc9c38,0x00007f1c0ee80000)
 Metaspace       used 141822K, capacity 156923K, committed 156928K, reserved 157696K
Event: 683.844 GC heap after
Heap after GC invocations=76 (full 11):
 PSYoungGen      total 38465536K, used 7105476K [0x00007f2a81000000, 0x00007f3701000000, 0x00007f3701000000)
  eden space 31360000K, 0% used [0x00007f2a81000000,0x00007f2a81000000,0x00007f31fb100000)
  from space 7105536K, 99% used [0x00007f31fb100000,0x00007f33acbf10f8,0x00007f33acc00000)
  to   space 10658304K, 0% used [0x00007f3476780000,0x00007f3476780000,0x00007f3701000000)
 ParOldGen       total 44268032K, used 27572726K [0x00007f1181000000, 0x00007f1c0ee80000, 0x00007f2a81000000)
  object space 44268032K, 62% used [0x00007f1181000000,0x00007f1813e7d8f8,0x00007f1c0ee80000)
 Metaspace       used 141822K, capacity 156923K, committed 156928K, reserved 157696K
}
Event: 708.864 GC heap before
{Heap before GC invocations=77 (full 11):
 PSYoungGen      total 38465536K, used 38465476K [0x00007f2a81000000, 0x00007f3701000000, 0x00007f3701000000)
  eden space 31360000K, 100% used [0x00007f2a81000000,0x00007f31fb100000,0x00007f31fb100000)
  from space 7105536K, 99% used [0x00007f31fb100000,0x00007f33acbf10f8,0x00007f33acc00000)
  to   space 10658304K, 0% used [0x00007f3476780000,0x00007f3476780000,0x00007f3701000000)
 ParOldGen       total 44268032K, used 27572726K [0x00007f1181000000, 0x00007f1c0ee80000, 0x00007f2a81000000)
  object space 44268032K, 62% used [0x00007f1181000000,0x00007f1813e7db50,0x00007f1c0ee80000)
 Metaspace       used 141823K, capacity 156923K, committed 156928K, reserved 157696K
Event: 709.078 GC heap after
Heap after GC invocations=77 (full 11):
 PSYoungGen      total 41490944K, used 7307410K [0x00007f2a81000000, 0x00007f3701000000, 0x00007f3701000000)
  eden space 30832640K, 0% used [0x00007f2a81000000,0x00007f2a81000000,0x00007f31dae00000)
  from space 10658304K, 68% used [0x00007f3476780000,0x00007f36347a4820,0x00007f3701000000)
  to   space 10798080K, 0% used [0x00007f31dae00000,0x00007f31dae00000,0x00007f346df00000)
 ParOldGen       total 44268032K, used 27572958K [0x00007f1181000000, 0x00007f1c0ee80000, 0x00007f2a81000000)
  object space 44268032K, 62% used [0x00007f1181000000,0x00007f1813eb7b50,0x00007f1c0ee80000)
 Metaspace       used 141823K, capacity 156923K, committed 156928K, reserved 157696K
}
Event: 731.600 GC heap before
{Heap before GC invocations=78 (full 11):
 PSYoungGen      total 41490944K, used 38140050K [0x00007f2a81000000, 0x00007f3701000000, 0x00007f3701000000)
  eden space 30832640K, 100% used [0x00007f2a81000000,0x00007f31dae00000,0x00007f31dae00000)
  from space 10658304K, 68% used [0x00007f3476780000,0x00007f36347a4820,0x00007f3701000000)
  to   space 10798080K, 0% used [0x00007f31dae00000,0x00007f31dae00000,0x00007f346df00000)
 ParOldGen       total 44268032K, used 27572961K [0x00007f1181000000, 0x00007f1c0ee80000, 0x00007f2a81000000)
  object space 44268032K, 62% used [0x00007f1181000000,0x00007f1813eb8450,0x00007f1c0ee80000)
 Metaspace       used 141824K, capacity 156923K, committed 156928K, reserved 157696K
Event: 731.809 GC heap after
Heap after GC invocations=78 (full 11):
 PSYoungGen      total 41630720K, used 6975957K [0x00007f2a81000000, 0x00007f3701000000, 0x00007f3701000000)
  eden space 30832640K, 0% used [0x00007f2a81000000,0x00007f2a81000000,0x00007f31dae00000)
  from space 10798080K, 64% used [0x00007f31dae00000,0x00007f3384a75650,0x00007f346df00000)
  to   space 10753536K, 0% used [0x00007f3470a80000,0x00007f3470a80000,0x00007f3701000000)
 ParOldGen       total 44268032K, used 27573185K [0x00007f1181000000, 0x00007f1c0ee80000, 0x00007f2a81000000)
  object space 44268032K, 62% used [0x00007f1181000000,0x00007f1813ef0450,0x00007f1c0ee80000)
 Metaspace       used 141824K, capacity 156923K, committed 156928K, reserved 157696K
}
Event: 761.317 GC heap before
{Heap before GC invocations=79 (full 11):
 PSYoungGen      total 41630720K, used 37808597K [0x00007f2a81000000, 0x00007f3701000000, 0x00007f3701000000)
  eden space 30832640K, 100% used [0x00007f2a81000000,0x00007f31dae00000,0x00007f31dae00000)
  from space 10798080K, 64% used [0x00007f31dae00000,0x00007f3384a75650,0x00007f346df00000)
  to   space 10753536K, 0% used [0x00007f3470a80000,0x00007f3470a80000,0x00007f3701000000)
 ParOldGen       total 44268032K, used 27573185K [0x00007f1181000000, 0x00007f1c0ee80000, 0x00007f2a81000000)
  object space 44268032K, 62% used [0x00007f1181000000,0x00007f1813ef0450,0x00007f1c0ee80000)
 Metaspace       used 141829K, capacity 156923K, committed 156928K, reserved 157696K
Event: 761.578 GC heap after
Heap after GC invocations=79 (full 11):
 PSYoungGen      total 40956416K, used 6323777K [0x00007f2a81000000, 0x00007f36d7d80000, 0x00007f3701000000)
  eden space 30877184K, 0% used [0x00007f2a81000000,0x00007f2a81000000,0x00007f31dd980000)
  from space 10079232K, 62% used [0x00007f3470a80000,0x00007f35f2a104b8,0x00007f36d7d80000)
  to   space 10438656K, 0% used [0x00007f31dd980000,0x00007f31dd980000,0x00007f345ab80000)
 ParOldGen       total 44268032K, used 28435250K [0x00007f1181000000, 0x00007f1c0ee80000, 0x00007f2a81000000)
  object space 44268032K, 64% used [0x00007f1181000000,0x00007f18488ccaa0,0x00007f1c0ee80000)
 Metaspace       used 141829K, capacity 156923K, committed 156928K, reserved 157696K
}
Event: 785.851 GC heap before
{Heap before GC invocations=80 (full 11):
 PSYoungGen      total 40956416K, used 37200961K [0x00007f2a81000000, 0x00007f36d7d80000, 0x00007f3701000000)
  eden space 30877184K, 100% used [0x00007f2a81000000,0x00007f31dd980000,0x00007f31dd980000)
  from space 10079232K, 62% used [0x00007f3470a80000,0x00007f35f2a104b8,0x00007f36d7d80000)
  to   space 10438656K, 0% used [0x00007f31dd980000,0x00007f31dd980000,0x00007f345ab80000)
 ParOldGen       total 44268032K, used 28435333K [0x00007f1181000000, 0x00007f1c0ee80000, 0x00007f2a81000000)
  object space 44268032K, 64% used [0x00007f1181000000,0x00007f18488e1630,0x00007f1c0ee80000)
 Metaspace       used 141829K, capacity 156923K, committed 156928K, reserved 157696K
Event: 786.086 GC heap after
Heap after GC invocations=80 (full 11):
 PSYoungGen      total 41315840K, used 5985565K [0x00007f2a81000000, 0x00007f36cf900000, 0x00007f3701000000)
  eden space 30877184K, 0% used [0x00007f2a81000000,0x00007f2a81000000,0x00007f31dd980000)
  from space 10438656K, 57% used [0x00007f31dd980000,0x00007f334aec7450,0x00007f345ab80000)
  to   space 10017280K, 0% used [0x00007f346c280000,0x00007f346c280000,0x00007f36cf900000)
 ParOldGen       total 44268032K, used 28466674K [0x00007f1181000000, 0x00007f1c0ee80000, 0x00007f2a81000000)
  object space 44268032K, 64% used [0x00007f1181000000,0x00007f184a77ca80,0x00007f1c0ee80000)
 Metaspace       used 141829K, capacity 156923K, committed 156928K, reserved 157696K
}
Event: 908.549 GC heap before
{Heap before GC invocations=81 (full 11):
 PSYoungGen      total 41315840K, used 36862749K [0x00007f2a81000000, 0x00007f36cf900000, 0x00007f3701000000)
  eden space 30877184K, 100% used [0x00007f2a81000000,0x00007f31dd980000,0x00007f31dd980000)
  from space 10438656K, 57% used [0x00007f31dd980000,0x00007f334aec7450,0x00007f345ab80000)
  to   space 10017280K, 0% used [0x00007f346c280000,0x00007f346c280000,0x00007f36cf900000)
 ParOldGen       total 44268032K, used 28483178K [0x00007f1181000000, 0x00007f1c0ee80000, 0x00007f2a81000000)
  object space 44268032K, 64% used [0x00007f1181000000,0x00007f184b79a9c8,0x00007f1c0ee80000)
 Metaspace       used 141829K, capacity 156923K, committed 156928K, reserved 157696K
Event: 908.610 GC heap after
Heap after GC invocations=81 (full 11):
 PSYoungGen      total 41211904K, used 1196390K [0x00007f2a81000000, 0x00007f36f5980000, 0x00007f3701000000)
  eden space 31194624K, 0% used [0x00007f2a81000000,0x00007f2a81000000,0x00007f31f0f80000)
  from space 10017280K, 11% used [0x00007f346c280000,0x00007f34b52d9ae8,0x00007f36cf900000)
  to   space 10406912K, 0% used [0x00007f31f0f80000,0x00007f31f0f80000,0x00007f346c280000)
 ParOldGen       total 44268032K, used 28523117K [0x00007f1181000000, 0x00007f1c0ee80000, 0x00007f2a81000000)
  object space 44268032K, 64% used [0x00007f1181000000,0x00007f184de9b728,0x00007f1c0ee80000)
 Metaspace       used 141829K, capacity 156923K, committed 156928K, reserved 157696K
}
Event: 975.008 GC heap before
{Heap before GC invocations=82 (full 11):
 PSYoungGen      total 41211904K, used 32391014K [0x00007f2a81000000, 0x00007f36f5980000, 0x00007f3701000000)
  eden space 31194624K, 100% used [0x00007f2a81000000,0x00007f31f0f80000,0x00007f31f0f80000)
  from space 10017280K, 11% used [0x00007f346c280000,0x00007f34b52d9ae8,0x00007f36cf900000)
  to   space 10406912K, 0% used [0x00007f31f0f80000,0x00007f31f0f80000,0x00007f346c280000)
 ParOldGen       total 44268032K, used 28523117K [0x00007f1181000000, 0x00007f1c0ee80000, 0x00007f2a81000000)
  object space 44268032K, 64% used [0x00007f1181000000,0x00007f184de9b728,0x00007f1c0ee80000)
 Metaspace       used 141857K, capacity 156987K, committed 157184K, reserved 157696K
Event: 975.066 GC heap after
Heap after GC invocations=82 (full 11):
 PSYoungGen      total 41601536K, used 970666K [0x00007f2a81000000, 0x00007f3701000000, 0x00007f3701000000)
  eden space 31194624K, 0% used [0x00007f2a81000000,0x00007f2a81000000,0x00007f31f0f80000)
  from space 10406912K, 9% used [0x00007f31f0f80000,0x00007f322c36a8d0,0x00007f346c280000)
  to   space 10668544K, 0% used [0x00007f3475d80000,0x00007f3475d80000,0x00007f3701000000)
 ParOldGen       total 44268032K, used 28539998K [0x00007f1181000000, 0x00007f1c0ee80000, 0x00007f2a81000000)
  object space 44268032K, 64% used [0x00007f1181000000,0x00007f184ef17b88,0x00007f1c0ee80000)
 Metaspace       used 141857K, capacity 156987K, committed 157184K, reserved 157696K
}
Event: 999.083 GC heap before
{Heap before GC invocations=83 (full 11):
 PSYoungGen      total 41601536K, used 32165290K [0x00007f2a81000000, 0x00007f3701000000, 0x00007f3701000000)
  eden space 31194624K, 100% used [0x00007f2a81000000,0x00007f31f0f80000,0x00007f31f0f80000)
  from space 10406912K, 9% used [0x00007f31f0f80000,0x00007f322c36a8d0,0x00007f346c280000)
  to   space 10668544K, 0% used [0x00007f3475d80000,0x00007f3475d80000,0x00007f3701000000)
 ParOldGen       total 44268032K, used 28542208K [0x00007f1181000000, 0x00007f1c0ee80000, 0x00007f2a81000000)
  object space 44268032K, 64% used [0x00007f1181000000,0x00007f184f1402a8,0x00007f1c0ee80000)
 Metaspace       used 141859K, capacity 156987K, committed 157184K, reserved 157696K
Event: 999.245 GC heap after
Heap after GC invocations=83 (full 11):
 PSYoungGen      total 41207296K, used 4814586K [0x00007f2a81000000, 0x00007f36cf480000, 0x00007f3701000000)
  eden space 31353344K, 0% used [0x00007f2a81000000,0x00007f2a81000000,0x00007f31faa80000)
  from space 9853952K, 48% used [0x00007f3475d80000,0x00007f359bb3ea18,0x00007f36cf480000)
  to   space 10130432K, 0% used [0x00007f31faa80000,0x00007f31faa80000,0x00007f3464f80000)
 ParOldGen       total 44268032K, used 28555143K [0x00007f1181000000, 0x00007f1c0ee80000, 0x00007f2a81000000)
  object space 44268032K, 64% used [0x00007f1181000000,0x00007f184fde1ef8,0x00007f1c0ee80000)
 Metaspace       used 141859K, capacity 156987K, committed 157184K, reserved 157696K
}
Event: 1006.706 GC heap before
{Heap before GC invocations=84 (full 11):
 PSYoungGen      total 41207296K, used 36167930K [0x00007f2a81000000, 0x00007f36cf480000, 0x00007f3701000000)
  eden space 31353344K, 100% used [0x00007f2a81000000,0x00007f31faa80000,0x00007f31faa80000)
  from space 9853952K, 48% used [0x00007f3475d80000,0x00007f359bb3ea18,0x00007f36cf480000)
  to   space 10130432K, 0% used [0x00007f31faa80000,0x00007f31faa80000,0x00007f3464f80000)
 ParOldGen       total 44268032K, used 28555252K [0x00007f1181000000, 0x00007f1c0ee80000, 0x00007f2a81000000)
  object space 44268032K, 64% used [0x00007f1181000000,0x00007f184fdfd090,0x00007f1c0ee80000)
 Metaspace       used 141859K, capacity 156987K, committed 157184K, reserved 157696K
Event: 1006.936 GC heap after
Heap after GC invocations=84 (full 11):
 PSYoungGen      total 41483776K, used 5164724K [0x00007f2a81000000, 0x00007f36bbe00000, 0x00007f3701000000)
  eden space 31353344K, 0% used [0x00007f2a81000000,0x00007f2a81000000,0x00007f31faa80000)
  from space 10130432K, 50% used [0x00007f31faa80000,0x00007f3335e2d180,0x00007f3464f80000)
  to   space 9686016K, 0% used [0x00007f346cb00000,0x00007f346cb00000,0x00007f36bbe00000)
 ParOldGen       total 44268032K, used 28573165K [0x00007f1181000000, 0x00007f1c0ee80000, 0x00007f2a81000000)
  object space 44268032K, 64% used [0x00007f1181000000,0x00007f1850f7b4a8,0x00007f1c0ee80000)
 Metaspace       used 141859K, capacity 156987K, committed 157184K, reserved 157696K
}
Event: 1025.673 GC heap before
{Heap before GC invocations=85 (full 11):
 PSYoungGen      total 41483776K, used 36518068K [0x00007f2a81000000, 0x00007f36bbe00000, 0x00007f3701000000)
  eden space 31353344K, 100% used [0x00007f2a81000000,0x00007f31faa80000,0x00007f31faa80000)
  from space 10130432K, 50% used [0x00007f31faa80000,0x00007f3335e2d180,0x00007f3464f80000)
  to   space 9686016K, 0% used [0x00007f346cb00000,0x00007f346cb00000,0x00007f36bbe00000)
 ParOldGen       total 44268032K, used 28573167K [0x00007f1181000000, 0x00007f1c0ee80000, 0x00007f2a81000000)
  object space 44268032K, 64% used [0x00007f1181000000,0x00007f1850f7bc50,0x00007f1c0ee80000)
 Metaspace       used 141859K, capacity 156987K, committed 157184K, reserved 157696K
Event: 1025.931 GC heap after
Heap after GC invocations=85 (full 11):
 PSYoungGen      total 40804352K, used 5273917K [0x00007f2a81000000, 0x00007f368d080000, 0x00007f3701000000)
  eden space 31885824K, 0% used [0x00007f2a81000000,0x00007f2a81000000,0x00007f321b280000)
  from space 8918528K, 59% used [0x00007f346cb00000,0x00007f35ae94f728,0x00007f368d080000)
  to   space 9321472K, 0% used [0x00007f321b280000,0x00007f321b280000,0x00007f3454180000)
 ParOldGen       total 44268032K, used 28593560K [0x00007f1181000000, 0x00007f1c0ee80000, 0x00007f2a81000000)
  object space 44268032K, 64% used [0x00007f1181000000,0x00007f1852366060,0x00007f1c0ee80000)
 Metaspace       used 141859K, capacity 156987K, committed 157184K, reserved 157696K
}
Event: 1049.839 GC heap before
{Heap before GC invocations=86 (full 11):
 PSYoungGen      total 40804352K, used 37159741K [0x00007f2a81000000, 0x00007f368d080000, 0x00007f3701000000)
  eden space 31885824K, 100% used [0x00007f2a81000000,0x00007f321b280000,0x00007f321b280000)
  from space 8918528K, 59% used [0x00007f346cb00000,0x00007f35ae94f728,0x00007f368d080000)
  to   space 9321472K, 0% used [0x00007f321b280000,0x00007f321b280000,0x00007f3454180000)
 ParOldGen       total 44268032K, used 28593560K [0x00007f1181000000, 0x00007f1c0ee80000, 0x00007f2a81000000)
  object space 44268032K, 64% used [0x00007f1181000000,0x00007f1852366060,0x00007f1c0ee80000)
 Metaspace       used 141861K, capacity 156987K, committed 157184K, reserved 157696K
Event: 1050.053 GC heap after
Heap after GC invocations=86 (full 11):
 PSYoungGen      total 41207296K, used 5065651K [0x00007f2a81000000, 0x00007f3678c80000, 0x00007f3701000000)
  eden space 31885824K, 0% used [0x00007f2a81000000,0x00007f2a81000000,0x00007f321b280000)
  from space 9321472K, 54% used [0x00007f321b280000,0x00007f335056cce0,0x00007f3454180000)
  to   space 8908288K, 0% used [0x00007f3459100000,0x00007f3459100000,0x00007f3678c80000)
 ParOldGen       total 44268032K, used 28641447K [0x00007f1181000000, 0x00007f1c0ee80000, 0x00007f2a81000000)
  object space 44268032K, 64% used [0x00007f1181000000,0x00007f1855229d38,0x00007f1c0ee80000)
 Metaspace       used 141861K, capacity 156987K, committed 157184K, reserved 157696K
}
Event: 1074.529 GC heap before
{Heap before GC invocations=87 (full 11):
 PSYoungGen      total 41207296K, used 36951475K [0x00007f2a81000000, 0x00007f3678c80000, 0x00007f3701000000)
  eden space 31885824K, 100% used [0x00007f2a81000000,0x00007f321b280000,0x00007f321b280000)
  from space 9321472K, 54% used [0x00007f321b280000,0x00007f335056cce0,0x00007f3454180000)
  to   space 8908288K, 0% used [0x00007f3459100000,0x00007f3459100000,0x00007f3678c80000)
 ParOldGen       total 44268032K, used 28641461K [0x00007f1181000000, 0x00007f1c0ee80000, 0x00007f2a81000000)
  object space 44268032K, 64% used [0x00007f1181000000,0x00007f185522d5a0,0x00007f1c0ee80000)
 Metaspace       used 141861K, capacity 156987K, committed 157184K, reserved 157696K
Event: 1074.766 GC heap after
Heap after GC invocations=87 (full 11):
 PSYoungGen      total 40554496K, used 4630048K [0x00007f2a81000000, 0x00007f364ec00000, 0x00007f3701000000)
  eden space 32334848K, 0% used [0x00007f2a81000000,0x00007f2a81000000,0x00007f3236900000)
  from space 8219648K, 56% used [0x00007f3459100000,0x00007f3573a88288,0x00007f364ec00000)
  to   space 8586752K, 0% used [0x00007f3236900000,0x00007f3236900000,0x00007f3442a80000)
 ParOldGen       total 44268032K, used 28667336K [0x00007f1181000000, 0x00007f1c0ee80000, 0x00007f2a81000000)
  object space 44268032K, 64% used [0x00007f1181000000,0x00007f1856b72250,0x00007f1c0ee80000)
 Metaspace       used 141861K, capacity 156987K, committed 157184K, reserved 157696K
}
Event: 1108.444 GC heap before
{Heap before GC invocations=88 (full 11):
 PSYoungGen      total 40554496K, used 36964896K [0x00007f2a81000000, 0x00007f364ec00000, 0x00007f3701000000)
  eden space 32334848K, 100% used [0x00007f2a81000000,0x00007f3236900000,0x00007f3236900000)
  from space 8219648K, 56% used [0x00007f3459100000,0x00007f3573a88288,0x00007f364ec00000)
  to   space 8586752K, 0% used [0x00007f3236900000,0x00007f3236900000,0x00007f3442a80000)
 ParOldGen       total 44268032K, used 28667449K [0x00007f1181000000, 0x00007f1c0ee80000, 0x00007f2a81000000)
  object space 44268032K, 64% used [0x00007f1181000000,0x00007f1856b8e4b0,0x00007f1c0ee80000)
 Metaspace       used 141861K, capacity 156987K, committed 157184K, reserved 157696K
Event: 1108.585 GC heap after
Heap after GC invocations=88 (full 11):
 PSYoungGen      total 40921600K, used 4079545K [0x00007f2a81000000, 0x00007f364da80000, 0x00007f3701000000)
  eden space 32334848K, 0% used [0x00007f2a81000000,0x00007f2a81000000,0x00007f3236900000)
  from space 8586752K, 47% used [0x00007f3236900000,0x00007f332f8ee670,0x00007f3442a80000)
  to   space 8380416K, 0% used [0x00007f344e280000,0x00007f344e280000,0x00007f364da80000)
 ParOldGen       total 44268032K, used 28675351K [0x00007f1181000000, 0x00007f1c0ee80000, 0x00007f2a81000000)
  object space 44268032K, 64% used [0x00007f1181000000,0x00007f1857345ef0,0x00007f1c0ee80000)
 Metaspace       used 141861K, capacity 156987K, committed 157184K, reserved 157696K
}
Event: 1152.069 GC heap before
{Heap before GC invocations=89 (full 11):
 PSYoungGen      total 40921600K, used 36414393K [0x00007f2a81000000, 0x00007f364da80000, 0x00007f3701000000)
  eden space 32334848K, 100% used [0x00007f2a81000000,0x00007f3236900000,0x00007f3236900000)
  from space 8586752K, 47% used [0x00007f3236900000,0x00007f332f8ee670,0x00007f3442a80000)
  to   space 8380416K, 0% used [0x00007f344e280000,0x00007f344e280000,0x00007f364da80000)
 ParOldGen       total 44268032K, used 28675354K [0x00007f1181000000, 0x00007f1c0ee80000, 0x00007f2a81000000)
  object space 44268032K, 64% used [0x00007f1181000000,0x00007f1857346a08,0x00007f1c0ee80000)
 Metaspace       used 141861K, capacity 156987K, committed 157184K, reserved 157696K
Event: 1152.139 GC heap after
Heap after GC invocations=89 (full 11):
 PSYoungGen      total 40843264K, used 1274368K [0x00007f2a81000000, 0x00007f3669a00000, 0x00007f3701000000)
  eden space 32462848K, 0% used [0x00007f2a81000000,0x00007f2a81000000,0x00007f323e600000)
  from space 8380416K, 15% used [0x00007f344e280000,0x00007f349bf001d0,0x00007f364da80000)
  to   space 8647168K, 0% used [0x00007f323e600000,0x00007f323e600000,0x00007f344e280000)
 ParOldGen       total 44268032K, used 28698464K [0x00007f1181000000, 0x00007f1c0ee80000, 0x00007f2a81000000)
  object space 44268032K, 64% used [0x00007f1181000000,0x00007f18589d8240,0x00007f1c0ee80000)
 Metaspace       used 141861K, capacity 156987K, committed 157184K, reserved 157696K
}
Event: 1233.061 GC heap before
{Heap before GC invocations=90 (full 11):
 PSYoungGen      total 40843264K, used 33737216K [0x00007f2a81000000, 0x00007f3669a00000, 0x00007f3701000000)
  eden space 32462848K, 100% used [0x00007f2a81000000,0x00007f323e600000,0x00007f323e600000)
  from space 8380416K, 15% used [0x00007f344e280000,0x00007f349bf001d0,0x00007f364da80000)
  to   space 8647168K, 0% used [0x00007f323e600000,0x00007f323e600000,0x00007f344e280000)
 ParOldGen       total 44268032K, used 28698467K [0x00007f1181000000, 0x00007f1c0ee80000, 0x00007f2a81000000)
  object space 44268032K, 64% used [0x00007f1181000000,0x00007f18589d8d28,0x00007f1c0ee80000)
 Metaspace       used 141867K, capacity 156987K, committed 157184K, reserved 157696K
Event: 1233.102 GC heap after
Heap after GC invocations=90 (full 11):
 PSYoungGen      total 41110016K, used 754028K [0x00007f2a81000000, 0x00007f3689480000, 0x00007f3701000000)
  eden space 32462848K, 0% used [0x00007f2a81000000,0x00007f2a81000000,0x00007f323e600000)
  from space 8647168K, 8% used [0x00007f323e600000,0x00007f326c65b0b0,0x00007f344e280000)
  to   space 8877568K, 0% used [0x00007f346b700000,0x00007f346b700000,0x00007f3689480000)
 ParOldGen       total 44268032K, used 28698603K [0x00007f1181000000, 0x00007f1c0ee80000, 0x00007f2a81000000)
  object space 44268032K, 64% used [0x00007f1181000000,0x00007f18589fad28,0x00007f1c0ee80000)
 Metaspace       used 141867K, capacity 156987K, committed 157184K, reserved 157696K
}
Event: 1296.908 GC heap before
{Heap before GC invocations=91 (full 11):
 PSYoungGen      total 41110016K, used 33216876K [0x00007f2a81000000, 0x00007f3689480000, 0x00007f3701000000)
  eden space 32462848K, 100% used [0x00007f2a81000000,0x00007f323e600000,0x00007f323e600000)
  from space 8647168K, 8% used [0x00007f323e600000,0x00007f326c65b0b0,0x00007f344e280000)
  to   space 8877568K, 0% used [0x00007f346b700000,0x00007f346b700000,0x00007f3689480000)
 ParOldGen       total 44268032K, used 28698603K [0x00007f1181000000, 0x00007f1c0ee80000, 0x00007f2a81000000)
  object space 44268032K, 64% used [0x00007f1181000000,0x00007f18589fad28,0x00007f1c0ee80000)
 Metaspace       used 141884K, capacity 157051K, committed 157184K, reserved 157696K
Event: 1296.975 GC heap after
Heap after GC invocations=91 (full 11):
 PSYoungGen      total 41494528K, used 1375634K [0x00007f2a81000000, 0x00007f3686600000, 0x00007f3701000000)
  eden space 32664576K, 0% used [0x00007f2a81000000,0x00007f2a81000000,0x00007f324ab00000)
  from space 8829952K, 15% used [0x00007f346b700000,0x00007f34bf664bc8,0x00007f3686600000)
  to   space 8877568K, 0% used [0x00007f324ab00000,0x00007f324ab00000,0x00007f3468880000)
 ParOldGen       total 44268032K, used 28698715K [0x00007f1181000000, 0x00007f1c0ee80000, 0x00007f2a81000000)
  object space 44268032K, 64% used [0x00007f1181000000,0x00007f1858a16d28,0x00007f1c0ee80000)
 Metaspace       used 141884K, capacity 157051K, committed 157184K, reserved 157696K
}
Event: 1313.694 GC heap before
{Heap before GC invocations=92 (full 11):
 PSYoungGen      total 41494528K, used 34040210K [0x00007f2a81000000, 0x00007f3686600000, 0x00007f3701000000)
  eden space 32664576K, 100% used [0x00007f2a81000000,0x00007f324ab00000,0x00007f324ab00000)
  from space 8829952K, 15% used [0x00007f346b700000,0x00007f34bf664bc8,0x00007f3686600000)
  to   space 8877568K, 0% used [0x00007f324ab00000,0x00007f324ab00000,0x00007f3468880000)
 ParOldGen       total 44268032K, used 28698757K [0x00007f1181000000, 0x00007f1c0ee80000, 0x00007f2a81000000)
  object space 44268032K, 64% used [0x00007f1181000000,0x00007f1858a215f8,0x00007f1c0ee80000)
 Metaspace       used 141892K, capacity 157051K, committed 157184K, reserved 157696K
Event: 1313.857 GC heap after
Heap after GC invocations=92 (full 11):
 PSYoungGen      total 41542144K, used 4589894K [0x00007f2a81000000, 0x00007f367a300000, 0x00007f3701000000)
  eden space 32664576K, 0% used [0x00007f2a81000000,0x00007f2a81000000,0x00007f324ab00000)
  from space 8877568K, 51% used [0x00007f324ab00000,0x00007f3362d51950,0x00007f3468880000)
  to   space 8641536K, 0% used [0x00007f346ac00000,0x00007f346ac00000,0x00007f367a300000)
 ParOldGen       total 44268032K, used 28698885K [0x00007f1181000000, 0x00007f1c0ee80000, 0x00007f2a81000000)
  object space 44268032K, 64% used [0x00007f1181000000,0x00007f1858a415f8,0x00007f1c0ee80000)
 Metaspace       used 141892K, capacity 157051K, committed 157184K, reserved 157696K
}
Event: 1322.273 GC heap before
{Heap before GC invocations=93 (full 11):
 PSYoungGen      total 41542144K, used 37254470K [0x00007f2a81000000, 0x00007f367a300000, 0x00007f3701000000)
  eden space 32664576K, 100% used [0x00007f2a81000000,0x00007f324ab00000,0x00007f324ab00000)
  from space 8877568K, 51% used [0x00007f324ab00000,0x00007f3362d51950,0x00007f3468880000)
  to   space 8641536K, 0% used [0x00007f346ac00000,0x00007f346ac00000,0x00007f367a300000)
 ParOldGen       total 44268032K, used 28698956K [0x00007f1181000000, 0x00007f1c0ee80000, 0x00007f2a81000000)
  object space 44268032K, 64% used [0x00007f1181000000,0x00007f1858a53170,0x00007f1c0ee80000)
 Metaspace       used 141892K, capacity 157051K, committed 157184K, reserved 157696K
Event: 1322.435 GC heap after
Heap after GC invocations=93 (full 11):
 PSYoungGen      total 41335808K, used 4459574K [0x00007f2a81000000, 0x00007f3661b80000, 0x00007f3701000000)
  eden space 33095168K, 0% used [0x00007f2a81000000,0x00007f2a81000000,0x00007f3264f80000)
  from space 8240640K, 54% used [0x00007f346ac00000,0x00007f357af0dbe8,0x00007f3661b80000)
  to   space 8361984K, 0% used [0x00007f3264f80000,0x00007f3264f80000,0x00007f3463580000)
 ParOldGen       total 44268032K, used 28699084K [0x00007f1181000000, 0x00007f1c0ee80000, 0x00007f2a81000000)
  object space 44268032K, 64% used [0x00007f1181000000,0x00007f1858a73170,0x00007f1c0ee80000)
 Metaspace       used 141892K, capacity 157051K, committed 157184K, reserved 157696K
}
Event: 1334.771 GC heap before
{Heap before GC invocations=94 (full 11):
 PSYoungGen      total 41335808K, used 37554742K [0x00007f2a81000000, 0x00007f3661b80000, 0x00007f3701000000)
  eden space 33095168K, 100% used [0x00007f2a81000000,0x00007f3264f80000,0x00007f3264f80000)
  from space 8240640K, 54% used [0x00007f346ac00000,0x00007f357af0dbe8,0x00007f3661b80000)
  to   space 8361984K, 0% used [0x00007f3264f80000,0x00007f3264f80000,0x00007f3463580000)
 ParOldGen       total 44268032K, used 28699167K [0x00007f1181000000, 0x00007f1c0ee80000, 0x00007f2a81000000)
  object space 44268032K, 64% used [0x00007f1181000000,0x00007f1858a87d68,0x00007f1c0ee80000)
 Metaspace       used 141892K, capacity 157051K, committed 157184K, reserved 157696K
Event: 1334.937 GC heap after
Heap after GC invocations=94 (full 11):
 PSYoungGen      total 41457152K, used 4516265K [0x00007f2a81000000, 0x00007f3661980000, 0x00007f3701000000)
  eden space 33095168K, 0% used [0x00007f2a81000000,0x00007f2a81000000,0x00007f3264f80000)
  from space 8361984K, 54% used [0x00007f3264f80000,0x00007f33789ea678,0x00007f3463580000)
  to   space 8116736K, 0% used [0x00007f3472300000,0x00007f3472300000,0x00007f3661980000)
 ParOldGen       total 44268032K, used 28699303K [0x00007f1181000000, 0x00007f1c0ee80000, 0x00007f2a81000000)
  object space 44268032K, 64% used [0x00007f1181000000,0x00007f1858aa9d68,0x00007f1c0ee80000)
 Metaspace       used 141892K, capacity 157051K, committed 157184K, reserved 157696K
}
Event: 1353.122 GC heap before
{Heap before GC invocations=95 (full 11):
 PSYoungGen      total 41457152K, used 37611433K [0x00007f2a81000000, 0x00007f3661980000, 0x00007f3701000000)
  eden space 33095168K, 100% used [0x00007f2a81000000,0x00007f3264f80000,0x00007f3264f80000)
  from space 8361984K, 54% used [0x00007f3264f80000,0x00007f33789ea678,0x00007f3463580000)
  to   space 8116736K, 0% used [0x00007f3472300000,0x00007f3472300000,0x00007f3661980000)
 ParOldGen       total 44268032K, used 28699306K [0x00007f1181000000, 0x00007f1c0ee80000, 0x00007f2a81000000)
  object space 44268032K, 64% used [0x00007f1181000000,0x00007f1858aaabd8,0x00007f1c0ee80000)
 Metaspace       used 141892K, capacity 157051K, committed 157184K, reserved 157696K
Event: 1353.293 GC heap after
Heap after GC invocations=95 (full 11):
 PSYoungGen      total 41419776K, used 4787650K [0x00007f2a81000000, 0x00007f3650e00000, 0x00007f3701000000)
  eden space 33576960K, 0% used [0x00007f2a81000000,0x00007f2a81000000,0x00007f3282600000)
  from space 7842816K, 61% used [0x00007f3472300000,0x00007f3596670bc8,0x00007f3650e00000)
  to   space 7983104K, 0% used [0x00007f3282600000,0x00007f3282600000,0x00007f3469a00000)
 ParOldGen       total 44268032K, used 28699458K [0x00007f1181000000, 0x00007f1c0ee80000, 0x00007f2a81000000)
  object space 44268032K, 64% used [0x00007f1181000000,0x00007f1858ad0bd8,0x00007f1c0ee80000)
 Metaspace       used 141892K, capacity 157051K, committed 157184K, reserved 157696K
}
Event: 1380.120 GC heap before
{Heap before GC invocations=96 (full 11):
 PSYoungGen      total 41419776K, used 38364610K [0x00007f2a81000000, 0x00007f3650e00000, 0x00007f3701000000)
  eden space 33576960K, 100% used [0x00007f2a81000000,0x00007f3282600000,0x00007f3282600000)
  from space 7842816K, 61% used [0x00007f3472300000,0x00007f3596670bc8,0x00007f3650e00000)
  to   space 7983104K, 0% used [0x00007f3282600000,0x00007f3282600000,0x00007f3469a00000)
 ParOldGen       total 44268032K, used 28699468K [0x00007f1181000000, 0x00007f1c0ee80000, 0x00007f2a81000000)
  object space 44268032K, 64% used [0x00007f1181000000,0x00007f1858ad30c8,0x00007f1c0ee80000)
 Metaspace       used 141892K, capacity 157051K, committed 157184K, reserved 157696K
Event: 1380.301 GC heap after
Heap after GC invocations=96 (full 11):
 PSYoungGen      total 41560064K, used 3917367K [0x00007f2a81000000, 0x00007f3641100000, 0x00007f3701000000)
  eden space 33576960K, 0% used [0x00007f2a81000000,0x00007f2a81000000,0x00007f3282600000)
  from space 7983104K, 49% used [0x00007f3282600000,0x00007f337178dea8,0x00007f3469a00000)
  to   space 7632384K, 0% used [0x00007f346f380000,0x00007f346f380000,0x00007f3641100000)
 ParOldGen       total 44268032K, used 28726674K [0x00007f1181000000, 0x00007f1c0ee80000, 0x00007f2a81000000)
  object space 44268032K, 64% used [0x00007f1181000000,0x00007f185a564950,0x00007f1c0ee80000)
 Metaspace       used 141892K, capacity 157051K, committed 157184K, reserved 157696K
}
Event: 1417.311 GC heap before
{Heap before GC invocations=97 (full 11):
 PSYoungGen      total 41560064K, used 37494327K [0x00007f2a81000000, 0x00007f3641100000, 0x00007f3701000000)
  eden space 33576960K, 100% used [0x00007f2a81000000,0x00007f3282600000,0x00007f3282600000)
  from space 7983104K, 49% used [0x00007f3282600000,0x00007f337178dea8,0x00007f3469a00000)
  to   space 7632384K, 0% used [0x00007f346f380000,0x00007f346f380000,0x00007f3641100000)
 ParOldGen       total 44268032K, used 28726678K [0x00007f1181000000, 0x00007f1c0ee80000, 0x00007f2a81000000)
  object space 44268032K, 64% used [0x00007f1181000000,0x00007f185a565938,0x00007f1c0ee80000)
 Metaspace       used 141893K, capacity 157051K, committed 157184K, reserved 157696K
Event: 1417.448 GC heap after
Heap after GC invocations=97 (full 11):
 PSYoungGen      total 41498112K, used 1124313K [0x00007f2a81000000, 0x00007f364e900000, 0x00007f3701000000)
  eden space 33865728K, 0% used [0x00007f2a81000000,0x00007f2a81000000,0x00007f3294000000)
  from space 7632384K, 14% used [0x00007f346f380000,0x00007f34b3d765c8,0x00007f3641100000)
  to   space 7785984K, 0% used [0x00007f3294000000,0x00007f3294000000,0x00007f346f380000)
 ParOldGen       total 44268032K, used 28726879K [0x00007f1181000000, 0x00007f1c0ee80000, 0x00007f2a81000000)
  object space 44268032K, 64% used [0x00007f1181000000,0x00007f185a597c58,0x00007f1c0ee80000)
 Metaspace       used 141893K, capacity 157051K, committed 157184K, reserved 157696K
}
Event: 1503.667 GC heap before
{Heap before GC invocations=98 (full 11):
 PSYoungGen      total 41498112K, used 34990041K [0x00007f2a81000000, 0x00007f364e900000, 0x00007f3701000000)
  eden space 33865728K, 100% used [0x00007f2a81000000,0x00007f3294000000,0x00007f3294000000)
  from space 7632384K, 14% used [0x00007f346f380000,0x00007f34b3d765c8,0x00007f3641100000)
  to   space 7785984K, 0% used [0x00007f3294000000,0x00007f3294000000,0x00007f346f380000)
 ParOldGen       total 44268032K, used 28726879K [0x00007f1181000000, 0x00007f1c0ee80000, 0x00007f2a81000000)
  object space 44268032K, 64% used [0x00007f1181000000,0x00007f185a597c58,0x00007f1c0ee80000)
 Metaspace       used 141895K, capacity 157051K, committed 157184K, reserved 157696K
Event: 1503.711 GC heap after
Heap after GC invocations=98 (full 11):
 PSYoungGen      total 41651712K, used 364731K [0x00007f2a81000000, 0x00007f3672500000, 0x00007f3701000000)
  eden space 33865728K, 0% used [0x00007f2a81000000,0x00007f2a81000000,0x00007f3294000000)
  from space 7785984K, 4% used [0x00007f3294000000,0x00007f32aa42ed78,0x00007f346f380000)
  to   space 7972864K, 0% used [0x00007f348bb00000,0x00007f348bb00000,0x00007f3672500000)
 ParOldGen       total 44268032K, used 28874322K [0x00007f1181000000, 0x00007f1c0ee80000, 0x00007f2a81000000)
  object space 44268032K, 65% used [0x00007f1181000000,0x00007f1863594a30,0x00007f1c0ee80000)
 Metaspace       used 141895K, capacity 157051K, committed 157184K, reserved 157696K
}
Event: 1577.277 GC heap before
{Heap before GC invocations=99 (full 11):
 PSYoungGen      total 41651712K, used 34230459K [0x00007f2a81000000, 0x00007f3672500000, 0x00007f3701000000)
  eden space 33865728K, 100% used [0x00007f2a81000000,0x00007f3294000000,0x00007f3294000000)
  from space 7785984K, 4% used [0x00007f3294000000,0x00007f32aa42ed78,0x00007f346f380000)
  to   space 7972864K, 0% used [0x00007f348bb00000,0x00007f348bb00000,0x00007f3672500000)
 ParOldGen       total 44268032K, used 28874322K [0x00007f1181000000, 0x00007f1c0ee80000, 0x00007f2a81000000)
  object space 44268032K, 65% used [0x00007f1181000000,0x00007f1863594a30,0x00007f1c0ee80000)
 Metaspace       used 141896K, capacity 157051K, committed 157184K, reserved 157696K
Event: 1577.331 GC heap after
Heap after GC invocations=99 (full 11):
 PSYoungGen      total 41976832K, used 879615K [0x00007f2a81000000, 0x00007f366d400000, 0x00007f3701000000)
  eden space 34086912K, 0% used [0x00007f2a81000000,0x00007f2a81000000,0x00007f32a1800000)
  from space 7889920K, 11% used [0x00007f348bb00000,0x00007f34c15ffc70,0x00007f366d400000)
  to   space 7960576K, 0% used [0x00007f32a1800000,0x00007f32a1800000,0x00007f3487600000)
 ParOldGen       total 44268032K, used 28874522K [0x00007f1181000000, 0x00007f1c0ee80000, 0x00007f2a81000000)
  object space 44268032K, 65% used [0x00007f1181000000,0x00007f18635c6a30,0x00007f1c0ee80000)
 Metaspace       used 141896K, capacity 157051K, committed 157184K, reserved 157696K
}
Event: 1593.177 GC heap before
{Heap before GC invocations=100 (full 11):
 PSYoungGen      total 41976832K, used 34966527K [0x00007f2a81000000, 0x00007f366d400000, 0x00007f3701000000)
  eden space 34086912K, 100% used [0x00007f2a81000000,0x00007f32a1800000,0x00007f32a1800000)
  from space 7889920K, 11% used [0x00007f348bb00000,0x00007f34c15ffc70,0x00007f366d400000)
  to   space 7960576K, 0% used [0x00007f32a1800000,0x00007f32a1800000,0x00007f3487600000)
 ParOldGen       total 44268032K, used 28874547K [0x00007f1181000000, 0x00007f1c0ee80000, 0x00007f2a81000000)
  object space 44268032K, 65% used [0x00007f1181000000,0x00007f18635ccde0,0x00007f1c0ee80000)
 Metaspace       used 141896K, capacity 157051K, committed 157184K, reserved 157696K
Event: 1593.250 GC heap after
Heap after GC invocations=100 (full 11):
 PSYoungGen      total 42047488K, used 1339773K [0x00007f2a81000000, 0x00007f3667c80000, 0x00007f3701000000)
  eden space 34086912K, 0% used [0x00007f2a81000000,0x00007f2a81000000,0x00007f32a1800000)
  from space 7960576K, 16% used [0x00007f32a1800000,0x00007f32f345f7a8,0x00007f3487600000)
  to   space 7801856K, 0% used [0x00007f348b980000,0x00007f348b980000,0x00007f3667c80000)
 ParOldGen       total 44268032K, used 28874675K [0x00007f1181000000, 0x00007f1c0ee80000, 0x00007f2a81000000)
  object space 44268032K, 65% used [0x00007f1181000000,0x00007f18635ecde0,0x00007f1c0ee80000)
 Metaspace       used 141896K, capacity 157051K, committed 157184K, reserved 157696K
}
Event: 1622.026 GC heap before
{Heap before GC invocations=101 (full 11):
 PSYoungGen      total 42047488K, used 35426685K [0x00007f2a81000000, 0x00007f3667c80000, 0x00007f3701000000)
  eden space 34086912K, 100% used [0x00007f2a81000000,0x00007f32a1800000,0x00007f32a1800000)
  from space 7960576K, 16% used [0x00007f32a1800000,0x00007f32f345f7a8,0x00007f3487600000)
  to   space 7801856K, 0% used [0x00007f348b980000,0x00007f348b980000,0x00007f3667c80000)
 ParOldGen       total 44268032K, used 32806836K [0x00007f1181000000, 0x00007f1c0ee80000, 0x00007f2a81000000)
  object space 44268032K, 74% used [0x00007f1181000000,0x00007f19535ed380,0x00007f1c0ee80000)
 Metaspace       used 141955K, capacity 157147K, committed 157184K, reserved 157696K
Event: 1622.760 GC heap after
Heap after GC invocations=101 (full 11):
 PSYoungGen      total 34759680K, used 7801846K [0x00007f2a81000000, 0x00007f3701000000, 0x00007f3701000000)
  eden space 26957824K, 0% used [0x00007f2a81000000,0x00007f2a81000000,0x00007f30ee600000)
  from space 7801856K, 99% used [0x00007f348b980000,0x00007f3667c7db60,0x00007f3667c80000)
  to   space 12735488K, 0% used [0x00007f30ee600000,0x00007f30ee600000,0x00007f33f7b00000)
 ParOldGen       total 44268032K, used 42649164K [0x00007f1181000000, 0x00007f1c0ee80000, 0x00007f2a81000000)
  object space 44268032K, 96% used [0x00007f1181000000,0x00007f1bac193300,0x00007f1c0ee80000)
 Metaspace       used 141955K, capacity 157147K, committed 157184K, reserved 157696K
}
Event: 1622.760 GC heap before
{Heap before GC invocations=102 (full 12):
 PSYoungGen      total 34759680K, used 7801846K [0x00007f2a81000000, 0x00007f3701000000, 0x00007f3701000000)
  eden space 26957824K, 0% used [0x00007f2a81000000,0x00007f2a81000000,0x00007f30ee600000)
  from space 7801856K, 99% used [0x00007f348b980000,0x00007f3667c7db60,0x00007f3667c80000)
  to   space 12735488K, 0% used [0x00007f30ee600000,0x00007f30ee600000,0x00007f33f7b00000)
 ParOldGen       total 44268032K, used 42649164K [0x00007f1181000000, 0x00007f1c0ee80000, 0x00007f2a81000000)
  object space 44268032K, 96% used [0x00007f1181000000,0x00007f1bac193300,0x00007f1c0ee80000)
 Metaspace       used 141955K, capacity 157147K, committed 157184K, reserved 157696K
Event: 1624.211 GC heap after
Heap after GC invocations=102 (full 12):
 PSYoungGen      total 34759680K, used 0K [0x00007f2a81000000, 0x00007f3701000000, 0x00007f3701000000)
  eden space 26957824K, 0% used [0x00007f2a81000000,0x00007f2a81000000,0x00007f30ee600000)
  from space 7801856K, 0% used [0x00007f348b980000,0x00007f348b980000,0x00007f3667c80000)
  to   space 12735488K, 0% used [0x00007f30ee600000,0x00007f30ee600000,0x00007f33f7b00000)
 ParOldGen       total 43511296K, used 31430862K [0x00007f1181000000, 0x00007f1be0b80000, 0x00007f2a81000000)
  object space 43511296K, 72% used [0x00007f1181000000,0x00007f18ff633a98,0x00007f1be0b80000)
 Metaspace       used 140196K, capacity 153217K, committed 157184K, reserved 157696K
}
Event: 1638.481 GC heap before
{Heap before GC invocations=103 (full 12):
 PSYoungGen      total 34759680K, used 26955021K [0x00007f2a81000000, 0x00007f3701000000, 0x00007f3701000000)
  eden space 26957824K, 99% used [0x00007f2a81000000,0x00007f30ee3434a0,0x00007f30ee600000)
  from space 7801856K, 0% used [0x00007f348b980000,0x00007f348b980000,0x00007f3667c80000)
  to   space 12735488K, 0% used [0x00007f30ee600000,0x00007f30ee600000,0x00007f33f7b00000)
 ParOldGen       total 43511296K, used 34158800K [0x00007f1181000000, 0x00007f1be0b80000, 0x00007f2a81000000)
  object space 43511296K, 78% used [0x00007f1181000000,0x00007f19a5e340c8,0x00007f1be0b80000)
 Metaspace       used 140197K, capacity 153217K, committed 157184K, reserved 157696K
Event: 1639.897 GC heap after
Heap after GC invocations=103 (full 12):
 PSYoungGen      total 39691264K, used 12733350K [0x00007f2a81000000, 0x00007f3701000000, 0x00007f3701000000)
  eden space 26957824K, 0% used [0x00007f2a81000000,0x00007f2a81000000,0x00007f30ee600000)
  from space 12733440K, 99% used [0x00007f30ee600000,0x00007f33f78e9b00,0x00007f33f7900000)
  to   space 12737536K, 0% used [0x00007f33f7900000,0x00007f33f7900000,0x00007f3701000000)
 ParOldGen       total 47886848K, used 47880404K [0x00007f1181000000, 0x00007f1cebc80000, 0x00007f2a81000000)
  object space 47886848K, 99% used [0x00007f1181000000,0x00007f1ceb6353a0,0x00007f1cebc80000)
 Metaspace       used 140197K, capacity 153217K, committed 157184K, reserved 157696K
}
Event: 1639.897 GC heap before
{Heap before GC invocations=104 (full 13):
 PSYoungGen      total 39691264K, used 12733350K [0x00007f2a81000000, 0x00007f3701000000, 0x00007f3701000000)
  eden space 26957824K, 0% used [0x00007f2a81000000,0x00007f2a81000000,0x00007f30ee600000)
  from space 12733440K, 99% used [0x00007f30ee600000,0x00007f33f78e9b00,0x00007f33f7900000)
  to   space 12737536K, 0% used [0x00007f33f7900000,0x00007f33f7900000,0x00007f3701000000)
 ParOldGen       total 47886848K, used 47880404K [0x00007f1181000000, 0x00007f1cebc80000, 0x00007f2a81000000)
  object space 47886848K, 99% used [0x00007f1181000000,0x00007f1ceb6353a0,0x00007f1cebc80000)
 Metaspace       used 140197K, capacity 153217K, committed 157184K, reserved 157696K
Event: 1642.845 GC heap after
Heap after GC invocations=104 (full 13):
 PSYoungGen      total 39691264K, used 11445069K [0x00007f2a81000000, 0x00007f3701000000, 0x00007f3701000000)
  eden space 26957824K, 0% used [0x00007f2a81000000,0x00007f2a81000000,0x00007f30ee600000)
  from space 12733440K, 89% used [0x00007f30ee600000,0x00007f33a8ed36b0,0x00007f33f7900000)
  to   space 12737536K, 0% used [0x00007f33f7900000,0x00007f33f7900000,0x00007f3701000000)
 ParOldGen       total 65683456K, used 47844471K [0x00007f1181000000, 0x00007f212a000000, 0x00007f2a81000000)
  object space 65683456K, 72% used [0x00007f1181000000,0x00007f1ce931df00,0x00007f212a000000)
 Metaspace       used 140197K, capacity 153217K, committed 157184K, reserved 157696K
}
Event: 1651.661 GC heap before
{Heap before GC invocations=105 (full 13):
 PSYoungGen      total 39691264K, used 38402893K [0x00007f2a81000000, 0x00007f3701000000, 0x00007f3701000000)
  eden space 26957824K, 100% used [0x00007f2a81000000,0x00007f30ee600000,0x00007f30ee600000)
  from space 12733440K, 89% used [0x00007f30ee600000,0x00007f33a8ed36b0,0x00007f33f7900000)
  to   space 12737536K, 0% used [0x00007f33f7900000,0x00007f33f7900000,0x00007f3701000000)
 ParOldGen       total 65683456K, used 47844474K [0x00007f1181000000, 0x00007f212a000000, 0x00007f2a81000000)
  object space 65683456K, 72% used [0x00007f1181000000,0x00007f1ce931eb08,0x00007f212a000000)
 Metaspace       used 140220K, capacity 153217K, committed 157184K, reserved 157696K
Event: 1664.157 GC heap after
Heap after GC invocations=105 (full 13):
 PSYoungGen      total 31671296K, used 12736937K [0x00007f2a81000000, 0x00007f3701000000, 0x00007f3701000000)
  eden space 18933760K, 0% used [0x00007f2a81000000,0x00007f2a81000000,0x00007f2f04a00000)
  from space 12737536K, 99% used [0x00007f33f7900000,0x00007f3700f6a540,0x00007f3701000000)
  to   space 16747520K, 0% used [0x00007f2f04a00000,0x00007f2f04a00000,0x00007f3302d00000)
 ParOldGen       total 65683456K, used 55708796K [0x00007f1181000000, 0x00007f212a000000, 0x00007f2a81000000)
  object space 65683456K, 84% used [0x00007f1181000000,0x00007f1ec931f3a8,0x00007f212a000000)
 Metaspace       used 140220K, capacity 153217K, committed 157184K, reserved 157696K
}
Event: 1666.171 GC heap before
{Heap before GC invocations=106 (full 13):
 PSYoungGen      total 31671296K, used 31670697K [0x00007f2a81000000, 0x00007f3701000000, 0x00007f3701000000)
  eden space 18933760K, 100% used [0x00007f2a81000000,0x00007f2f04a00000,0x00007f2f04a00000)
  from space 12737536K, 99% used [0x00007f33f7900000,0x00007f3700f6a540,0x00007f3701000000)
  to   space 16747520K, 0% used [0x00007f2f04a00000,0x00007f2f04a00000,0x00007f3302d00000)
 ParOldGen       total 65683456K, used 55708796K [0x00007f1181000000, 0x00007f212a000000, 0x00007f2a81000000)
  object space 65683456K, 84% used [0x00007f1181000000,0x00007f1ec931f3a8,0x00007f212a000000)
 Metaspace       used 140220K, capacity 153217K, committed 157184K, reserved 157696K
Event: 1667.331 GC heap after
Heap after GC invocations=106 (full 13):
 PSYoungGen      total 33019904K, used 14085824K [0x00007f2a81000000, 0x00007f3701000000, 0x00007f3701000000)
  eden space 18933760K, 0% used [0x00007f2a81000000,0x00007f2a81000000,0x00007f2f04a00000)
  from space 14086144K, 99% used [0x00007f2f04a00000,0x00007f32605b03e8,0x00007f3260600000)
  to   space 17476096K, 0% used [0x00007f32d6580000,0x00007f32d6580000,0x00007f3701000000)
 ParOldGen       total 65683456K, used 55708796K [0x00007f1181000000, 0x00007f212a000000, 0x00007f2a81000000)
  object space 65683456K, 84% used [0x00007f1181000000,0x00007f1ec931f3a8,0x00007f212a000000)
 Metaspace       used 140220K, capacity 153217K, committed 157184K, reserved 157696K
}
Event: 1669.160 GC heap before
{Heap before GC invocations=107 (full 13):
 PSYoungGen      total 33019904K, used 33019584K [0x00007f2a81000000, 0x00007f3701000000, 0x00007f3701000000)
  eden space 18933760K, 100% used [0x00007f2a81000000,0x00007f2f04a00000,0x00007f2f04a00000)
  from space 14086144K, 99% used [0x00007f2f04a00000,0x00007f32605b03e8,0x00007f3260600000)
  to   space 17476096K, 0% used [0x00007f32d6580000,0x00007f32d6580000,0x00007f3701000000)
 ParOldGen       total 65683456K, used 55708796K [0x00007f1181000000, 0x00007f212a000000, 0x00007f2a81000000)
  object space 65683456K, 84% used [0x00007f1181000000,0x00007f1ec931f3a8,0x00007f212a000000)
 Metaspace       used 140220K, capacity 153217K, committed 157184K, reserved 157696K
Event: 1669.868 GC heap after
Heap after GC invocations=107 (full 13):
 PSYoungGen      total 34952704K, used 13984708K [0x00007f2a81000000, 0x00007f3701000000, 0x00007f3701000000)
  eden space 17476608K, 0% used [0x00007f2a81000000,0x00007f2a81000000,0x00007f2eabb00000)
  from space 17476096K, 80% used [0x00007f32d6580000,0x00007f362be711a0,0x00007f3701000000)
  to   space 17476096K, 0% used [0x00007f2eabb00000,0x00007f2eabb00000,0x00007f32d6580000)
 ParOldGen       total 65683456K, used 55708796K [0x00007f1181000000, 0x00007f212a000000, 0x00007f2a81000000)
  object space 65683456K, 84% used [0x00007f1181000000,0x00007f1ec931f3a8,0x00007f212a000000)
 Metaspace       used 140220K, capacity 153217K, committed 157184K, reserved 157696K
}
Event: 1671.533 GC heap before
{Heap before GC invocations=108 (full 13):
 PSYoungGen      total 34952704K, used 31461316K [0x00007f2a81000000, 0x00007f3701000000, 0x00007f3701000000)
  eden space 17476608K, 100% used [0x00007f2a81000000,0x00007f2eabb00000,0x00007f2eabb00000)
  from space 17476096K, 80% used [0x00007f32d6580000,0x00007f362be711a0,0x00007f3701000000)
  to   space 17476096K, 0% used [0x00007f2eabb00000,0x00007f2eabb00000,0x00007f32d6580000)
 ParOldGen       total 65683456K, used 55708796K [0x00007f1181000000, 0x00007f212a000000, 0x00007f2a81000000)
  object space 65683456K, 84% used [0x00007f1181000000,0x00007f1ec931f3a8,0x00007f212a000000)
 Metaspace       used 140220K, capacity 153217K, committed 157184K, reserved 157696K
Event: 1671.991 GC heap after
Heap after GC invocations=108 (full 13):
 PSYoungGen      total 34952704K, used 13852690K [0x00007f2a81000000, 0x00007f3701000000, 0x00007f3701000000)
  eden space 17476608K, 0% used [0x00007f2a81000000,0x00007f2a81000000,0x00007f2eabb00000)
  from space 17476096K, 79% used [0x00007f2eabb00000,0x00007f31f9304ba0,0x00007f32d6580000)
  to   space 17476096K, 0% used [0x00007f32d6580000,0x00007f32d6580000,0x00007f3701000000)
 ParOldGen       total 65683456K, used 55708796K [0x00007f1181000000, 0x00007f212a000000, 0x00007f2a81000000)
  object space 65683456K, 84% used [0x00007f1181000000,0x00007f1ec931f3a8,0x00007f212a000000)
 Metaspace       used 140220K, capacity 153217K, committed 157184K, reserved 157696K
}
Event: 1673.562 GC heap before
{Heap before GC invocations=109 (full 13):
 PSYoungGen      total 34952704K, used 31329298K [0x00007f2a81000000, 0x00007f3701000000, 0x00007f3701000000)
  eden space 17476608K, 100% used [0x00007f2a81000000,0x00007f2eabb00000,0x00007f2eabb00000)
  from space 17476096K, 79% used [0x00007f2eabb00000,0x00007f31f9304ba0,0x00007f32d6580000)
  to   space 17476096K, 0% used [0x00007f32d6580000,0x00007f32d6580000,0x00007f3701000000)
 ParOldGen       total 65683456K, used 55708796K [0x00007f1181000000, 0x00007f212a000000, 0x00007f2a81000000)
  object space 65683456K, 84% used [0x00007f1181000000,0x00007f1ec931f3a8,0x00007f212a000000)
 Metaspace       used 140220K, capacity 153217K, committed 157184K, reserved 157696K
Event: 1674.065 GC heap after
Heap after GC invocations=109 (full 13):
 PSYoungGen      total 34952704K, used 14513909K [0x00007f2a81000000, 0x00007f3701000000, 0x00007f3701000000)
  eden space 17476608K, 0% used [0x00007f2a81000000,0x00007f2a81000000,0x00007f2eabb00000)
  from space 17476096K, 83% used [0x00007f32d6580000,0x00007f364c33d410,0x00007f3701000000)
  to   space 17476096K, 0% used [0x00007f2eabb00000,0x00007f2eabb00000,0x00007f32d6580000)
 ParOldGen       total 65683456K, used 55708796K [0x00007f1181000000, 0x00007f212a000000, 0x00007f2a81000000)
  object space 65683456K, 84% used [0x00007f1181000000,0x00007f1ec931f3a8,0x00007f212a000000)
 Metaspace       used 140220K, capacity 153217K, committed 157184K, reserved 157696K
}
Event: 1675.768 GC heap before
{Heap before GC invocations=110 (full 13):
 PSYoungGen      total 34952704K, used 31990517K [0x00007f2a81000000, 0x00007f3701000000, 0x00007f3701000000)
  eden space 17476608K, 100% used [0x00007f2a81000000,0x00007f2eabb00000,0x00007f2eabb00000)
  from space 17476096K, 83% used [0x00007f32d6580000,0x00007f364c33d410,0x00007f3701000000)
  to   space 17476096K, 0% used [0x00007f2eabb00000,0x00007f2eabb00000,0x00007f32d6580000)
 ParOldGen       total 65683456K, used 55708796K [0x00007f1181000000, 0x00007f212a000000, 0x00007f2a81000000)
  object space 65683456K, 84% used [0x00007f1181000000,0x00007f1ec931f3a8,0x00007f212a000000)
 Metaspace       used 140220K, capacity 153217K, committed 157184K, reserved 157696K
Event: 1676.269 GC heap after
Heap after GC invocations=110 (full 13):
 PSYoungGen      total 34952704K, used 14794161K [0x00007f2a81000000, 0x00007f3701000000, 0x00007f3701000000)
  eden space 17476608K, 0% used [0x00007f2a81000000,0x00007f2a81000000,0x00007f2eabb00000)
  from space 17476096K, 84% used [0x00007f2eabb00000,0x00007f3232a6c768,0x00007f32d6580000)
  to   space 17476096K, 0% used [0x00007f32d6580000,0x00007f32d6580000,0x00007f3701000000)
 ParOldGen       total 65683456K, used 55708796K [0x00007f1181000000, 0x00007f212a000000, 0x00007f2a81000000)
  object space 65683456K, 84% used [0x00007f1181000000,0x00007f1ec931f3a8,0x00007f212a000000)
 Metaspace       used 140220K, capacity 153217K, committed 157184K, reserved 157696K
}
Event: 1677.897 GC heap before
{Heap before GC invocations=111 (full 13):
 PSYoungGen      total 34952704K, used 32270769K [0x00007f2a81000000, 0x00007f3701000000, 0x00007f3701000000)
  eden space 17476608K, 100% used [0x00007f2a81000000,0x00007f2eabb00000,0x00007f2eabb00000)
  from space 17476096K, 84% used [0x00007f2eabb00000,0x00007f3232a6c768,0x00007f32d6580000)
  to   space 17476096K, 0% used [0x00007f32d6580000,0x00007f32d6580000,0x00007f3701000000)
 ParOldGen       total 65683456K, used 55708796K [0x00007f1181000000, 0x00007f212a000000, 0x00007f2a81000000)
  object space 65683456K, 84% used [0x00007f1181000000,0x00007f1ec931f3a8,0x00007f212a000000)
 Metaspace       used 140220K, capacity 153217K, committed 157184K, reserved 157696K
Event: 1678.350 GC heap after
Heap after GC invocations=111 (full 13):
 PSYoungGen      total 34952704K, used 14275192K [0x00007f2a81000000, 0x00007f3701000000, 0x00007f3701000000)
  eden space 17476608K, 0% used [0x00007f2a81000000,0x00007f2a81000000,0x00007f2eabb00000)
  from space 17476096K, 81% used [0x00007f32d6580000,0x00007f363da1e300,0x00007f3701000000)
  to   space 17476096K, 0% used [0x00007f2eabb00000,0x00007f2eabb00000,0x00007f32d6580000)
 ParOldGen       total 65683456K, used 55708796K [0x00007f1181000000, 0x00007f212a000000, 0x00007f2a81000000)
  object space 65683456K, 84% used [0x00007f1181000000,0x00007f1ec931f3a8,0x00007f212a000000)
 Metaspace       used 140220K, capacity 153217K, committed 157184K, reserved 157696K
}
Event: 1679.856 GC heap before
{Heap before GC invocations=112 (full 13):
 PSYoungGen      total 34952704K, used 31751800K [0x00007f2a81000000, 0x00007f3701000000, 0x00007f3701000000)
  eden space 17476608K, 100% used [0x00007f2a81000000,0x00007f2eabb00000,0x00007f2eabb00000)
  from space 17476096K, 81% used [0x00007f32d6580000,0x00007f363da1e300,0x00007f3701000000)
  to   space 17476096K, 0% used [0x00007f2eabb00000,0x00007f2eabb00000,0x00007f32d6580000)
 ParOldGen       total 65683456K, used 55708796K [0x00007f1181000000, 0x00007f212a000000, 0x00007f2a81000000)
  object space 65683456K, 84% used [0x00007f1181000000,0x00007f1ec931f3a8,0x00007f212a000000)
 Metaspace       used 140220K, capacity 153217K, committed 157184K, reserved 157696K
Event: 1754.651 GC heap after
Heap after GC invocations=112 (full 13):
 PSYoungGen      total 34952704K, used 5798396K [0x00007f2a81000000, 0x00007f3701000000, 0x00007f3701000000)
  eden space 17476608K, 0% used [0x00007f2a81000000,0x00007f2a81000000,0x00007f2eabb00000)
  from space 17476096K, 33% used [0x00007f2eabb00000,0x00007f300d97f1d8,0x00007f32d6580000)
  to   space 17476096K, 0% used [0x00007f32d6580000,0x00007f32d6580000,0x00007f3701000000)
 ParOldGen       total 65683456K, used 63917471K [0x00007f1181000000, 0x00007f212a000000, 0x00007f2a81000000)
  object space 65683456K, 97% used [0x00007f1181000000,0x00007f20be367e28,0x00007f212a000000)
 Metaspace       used 140220K, capacity 153217K, committed 157184K, reserved 157696K
}
Event: 1754.651 GC heap before
{Heap before GC invocations=113 (full 14):
 PSYoungGen      total 34952704K, used 5798396K [0x00007f2a81000000, 0x00007f3701000000, 0x00007f3701000000)
  eden space 17476608K, 0% used [0x00007f2a81000000,0x00007f2a81000000,0x00007f2eabb00000)
  from space 17476096K, 33% used [0x00007f2eabb00000,0x00007f300d97f1d8,0x00007f32d6580000)
  to   space 17476096K, 0% used [0x00007f32d6580000,0x00007f32d6580000,0x00007f3701000000)
 ParOldGen       total 65683456K, used 63917471K [0x00007f1181000000, 0x00007f212a000000, 0x00007f2a81000000)
  object space 65683456K, 97% used [0x00007f1181000000,0x00007f20be367e28,0x00007f212a000000)
 Metaspace       used 140220K, capacity 153217K, committed 157184K, reserved 157696K

