# JRE version: OpenJDK Runtime Environment (8.0_345-b01) (build 1.8.0_345-b01)
# Java VM: OpenJDK 64-Bit Server VM (25.345-b01 mixed mode linux-amd64 )
Heap:
 PSYoungGen      total 40436224K, used 35670199K [0x00007f8375000000, 0x00007f8ff5000000, 0x00007f8ff5000000)
  eden space 28477440K, 83% used [0x00007f8375000000,0x00007f891c3ee490,0x00007f8a3f200000)
  from space 11958784K, 99% used [0x00007f8a3f200000,0x00007f8d1903fb40,0x00007f8d19080000)
  to   space 11992576K, 38% used [0x00007f8d19080000,0x00007f8e2f618888,0x00007f8ff5000000)
 ParOldGen       total 78569472K, used 38738636K [0x00007f6a75000000, 0x00007f7d30800000, 0x00007f8375000000)
  object space 78569472K, 49% used [0x00007f6a75000000,0x00007f73b16b30f8,0x00007f7d30800000)
 Metaspace       used 146461K, capacity 161090K, committed 171264K, reserved 172032K
GC Heap History (155 events):
Event: 1.540 GC heap before
{Heap before GC invocations=1 (full 0):
 PSYoungGen      total 611840K, used 199426K [0x00007f8375000000, 0x00007f839fa80000, 0x00007f8ff5000000)
  eden space 524800K, 38% used [0x00007f8375000000,0x00007f83812c08b0,0x00007f8395080000)
  from space 87040K, 0% used [0x00007f839a580000,0x00007f839a580000,0x00007f839fa80000)
  to   space 87040K, 0% used [0x00007f8395080000,0x00007f8395080000,0x00007f839a580000)
 ParOldGen       total 1398272K, used 0K [0x00007f6a75000000, 0x00007f6aca580000, 0x00007f8375000000)
  object space 1398272K, 0% used [0x00007f6a75000000,0x00007f6a75000000,0x00007f6aca580000)
 Metaspace       used 20372K, capacity 21206K, committed 21248K, reserved 22528K
Event: 1.560 GC heap after
Heap after GC invocations=1 (full 0):
 PSYoungGen      total 611840K, used 15303K [0x00007f8375000000, 0x00007f83bfb00000, 0x00007f8ff5000000)
  eden space 524800K, 0% used [0x00007f8375000000,0x00007f8375000000,0x00007f8395080000)
  from space 87040K, 17% used [0x00007f8395080000,0x00007f8395f71fc0,0x00007f839a580000)
  to   space 87040K, 0% used [0x00007f83ba600000,0x00007f83ba600000,0x00007f83bfb00000)
 ParOldGen       total 1398272K, used 32K [0x00007f6a75000000, 0x00007f6aca580000, 0x00007f8375000000)
  object space 1398272K, 0% used [0x00007f6a75000000,0x00007f6a75008000,0x00007f6aca580000)
 Metaspace       used 20372K, capacity 21206K, committed 21248K, reserved 22528K
}
Event: 1.560 GC heap before
{Heap before GC invocations=2 (full 1):
 PSYoungGen      total 611840K, used 15303K [0x00007f8375000000, 0x00007f83bfb00000, 0x00007f8ff5000000)
  eden space 524800K, 0% used [0x00007f8375000000,0x00007f8375000000,0x00007f8395080000)
  from space 87040K, 17% used [0x00007f8395080000,0x00007f8395f71fc0,0x00007f839a580000)
  to   space 87040K, 0% used [0x00007f83ba600000,0x00007f83ba600000,0x00007f83bfb00000)
 ParOldGen       total 1398272K, used 32K [0x00007f6a75000000, 0x00007f6aca580000, 0x00007f8375000000)
  object space 1398272K, 0% used [0x00007f6a75000000,0x00007f6a75008000,0x00007f6aca580000)
 Metaspace       used 20372K, capacity 21206K, committed 21248K, reserved 22528K
Event: 1.600 GC heap after
Heap after GC invocations=2 (full 1):
 PSYoungGen      total 611840K, used 0K [0x00007f8375000000, 0x00007f83bfb00000, 0x00007f8ff5000000)
  eden space 524800K, 0% used [0x00007f8375000000,0x00007f8375000000,0x00007f8395080000)
  from space 87040K, 0% used [0x00007f8395080000,0x00007f8395080000,0x00007f839a580000)
  to   space 87040K, 0% used [0x00007f83ba600000,0x00007f83ba600000,0x00007f83bfb00000)
 ParOldGen       total 897536K, used 14542K [0x00007f6a75000000, 0x00007f6aabc80000, 0x00007f8375000000)
  object space 897536K, 1% used [0x00007f6a75000000,0x00007f6a75e33930,0x00007f6aabc80000)
 Metaspace       used 20352K, capacity 21151K, committed 21248K, reserved 22528K
}
Event: 2.838 GC heap before
{Heap before GC invocations=3 (full 1):
 PSYoungGen      total 611840K, used 228660K [0x00007f8375000000, 0x00007f83bfb00000, 0x00007f8ff5000000)
  eden space 524800K, 43% used [0x00007f8375000000,0x00007f8382f4d118,0x00007f8395080000)
  from space 87040K, 0% used [0x00007f8395080000,0x00007f8395080000,0x00007f839a580000)
  to   space 87040K, 0% used [0x00007f83ba600000,0x00007f83ba600000,0x00007f83bfb00000)
 ParOldGen       total 897536K, used 14542K [0x00007f6a75000000, 0x00007f6aabc80000, 0x00007f8375000000)
  object space 897536K, 1% used [0x00007f6a75000000,0x00007f6a75e33930,0x00007f6aabc80000)
 Metaspace       used 33741K, capacity 35361K, committed 35416K, reserved 36864K
Event: 2.853 GC heap after
Heap after GC invocations=3 (full 1):
 PSYoungGen      total 704512K, used 13854K [0x00007f8375000000, 0x00007f83bb400000, 0x00007f8ff5000000)
  eden space 690176K, 0% used [0x00007f8375000000,0x00007f8375000000,0x00007f839f200000)
  from space 14336K, 96% used [0x00007f83ba600000,0x00007f83bb387968,0x00007f83bb400000)
  to   space 87040K, 0% used [0x00007f83b0a00000,0x00007f83b0a00000,0x00007f83b5f00000)
 ParOldGen       total 897536K, used 14614K [0x00007f6a75000000, 0x00007f6aabc80000, 0x00007f8375000000)
  object space 897536K, 1% used [0x00007f6a75000000,0x00007f6a75e45948,0x00007f6aabc80000)
 Metaspace       used 33741K, capacity 35361K, committed 35416K, reserved 36864K
}
Event: 2.853 GC heap before
{Heap before GC invocations=4 (full 2):
 PSYoungGen      total 704512K, used 13854K [0x00007f8375000000, 0x00007f83bb400000, 0x00007f8ff5000000)
  eden space 690176K, 0% used [0x00007f8375000000,0x00007f8375000000,0x00007f839f200000)
  from space 14336K, 96% used [0x00007f83ba600000,0x00007f83bb387968,0x00007f83bb400000)
  to   space 87040K, 0% used [0x00007f83b0a00000,0x00007f83b0a00000,0x00007f83b5f00000)
 ParOldGen       total 897536K, used 14614K [0x00007f6a75000000, 0x00007f6aabc80000, 0x00007f8375000000)
  object space 897536K, 1% used [0x00007f6a75000000,0x00007f6a75e45948,0x00007f6aabc80000)
 Metaspace       used 33741K, capacity 35361K, committed 35416K, reserved 36864K
Event: 2.897 GC heap after
Heap after GC invocations=4 (full 2):
 PSYoungGen      total 704512K, used 0K [0x00007f8375000000, 0x00007f83bb400000, 0x00007f8ff5000000)
  eden space 690176K, 0% used [0x00007f8375000000,0x00007f8375000000,0x00007f839f200000)
  from space 14336K, 0% used [0x00007f83ba600000,0x00007f83ba600000,0x00007f83bb400000)
  to   space 87040K, 0% used [0x00007f83b0a00000,0x00007f83b0a00000,0x00007f83b5f00000)
 ParOldGen       total 1533952K, used 19387K [0x00007f6a75000000, 0x00007f6ad2a00000, 0x00007f8375000000)
  object space 1533952K, 1% used [0x00007f6a75000000,0x00007f6a762eecb8,0x00007f6ad2a00000)
 Metaspace       used 33737K, capacity 35351K, committed 35416K, reserved 36864K
}
Event: 60.302 GC heap before
{Heap before GC invocations=5 (full 2):
 PSYoungGen      total 704512K, used 481125K [0x00007f8375000000, 0x00007f83bb400000, 0x00007f8ff5000000)
  eden space 690176K, 69% used [0x00007f8375000000,0x00007f83925d97c8,0x00007f839f200000)
  from space 14336K, 0% used [0x00007f83ba600000,0x00007f83ba600000,0x00007f83bb400000)
  to   space 87040K, 0% used [0x00007f83b0a00000,0x00007f83b0a00000,0x00007f83b5f00000)
 ParOldGen       total 1533952K, used 19387K [0x00007f6a75000000, 0x00007f6ad2a00000, 0x00007f8375000000)
  object space 1533952K, 1% used [0x00007f6a75000000,0x00007f6a762eecb8,0x00007f6ad2a00000)
 Metaspace       used 55931K, capacity 58948K, committed 59028K, reserved 59392K
Event: 60.328 GC heap after
Heap after GC invocations=5 (full 2):
 PSYoungGen      total 870912K, used 32452K [0x00007f8375000000, 0x00007f83ba680000, 0x00007f8ff5000000)
  eden space 838144K, 0% used [0x00007f8375000000,0x00007f8375000000,0x00007f83a8280000)
  from space 32768K, 99% used [0x00007f83b0a00000,0x00007f83b29b1280,0x00007f83b2a00000)
  to   space 87040K, 0% used [0x00007f83b5180000,0x00007f83b5180000,0x00007f83ba680000)
 ParOldGen       total 1533952K, used 19403K [0x00007f6a75000000, 0x00007f6ad2a00000, 0x00007f8375000000)
  object space 1533952K, 1% used [0x00007f6a75000000,0x00007f6a762f2cb8,0x00007f6ad2a00000)
 Metaspace       used 55931K, capacity 58948K, committed 59028K, reserved 59392K
}
Event: 60.328 GC heap before
{Heap before GC invocations=6 (full 3):
 PSYoungGen      total 870912K, used 32452K [0x00007f8375000000, 0x00007f83ba680000, 0x00007f8ff5000000)
  eden space 838144K, 0% used [0x00007f8375000000,0x00007f8375000000,0x00007f83a8280000)
  from space 32768K, 99% used [0x00007f83b0a00000,0x00007f83b29b1280,0x00007f83b2a00000)
  to   space 87040K, 0% used [0x00007f83b5180000,0x00007f83b5180000,0x00007f83ba680000)
 ParOldGen       total 1533952K, used 19403K [0x00007f6a75000000, 0x00007f6ad2a00000, 0x00007f8375000000)
  object space 1533952K, 1% used [0x00007f6a75000000,0x00007f6a762f2cb8,0x00007f6ad2a00000)
 Metaspace       used 55931K, capacity 58948K, committed 59028K, reserved 59392K
Event: 60.426 GC heap after
Heap after GC invocations=6 (full 3):
 PSYoungGen      total 870912K, used 0K [0x00007f8375000000, 0x00007f83ba680000, 0x00007f8ff5000000)
  eden space 838144K, 0% used [0x00007f8375000000,0x00007f8375000000,0x00007f83a8280000)
  from space 32768K, 0% used [0x00007f83b0a00000,0x00007f83b0a00000,0x00007f83b2a00000)
  to   space 87040K, 0% used [0x00007f83b5180000,0x00007f83b5180000,0x00007f83ba680000)
 ParOldGen       total 2207744K, used 40926K [0x00007f6a75000000, 0x00007f6afbc00000, 0x00007f8375000000)
  object space 2207744K, 1% used [0x00007f6a75000000,0x00007f6a777f7968,0x00007f6afbc00000)
 Metaspace       used 55899K, capacity 58868K, committed 59028K, reserved 59392K
}
Event: 63.780 GC heap before
{Heap before GC invocations=7 (full 3):
 PSYoungGen      total 870912K, used 618276K [0x00007f8375000000, 0x00007f83ba680000, 0x00007f8ff5000000)
  eden space 838144K, 73% used [0x00007f8375000000,0x00007f839abc93c0,0x00007f83a8280000)
  from space 32768K, 0% used [0x00007f83b0a00000,0x00007f83b0a00000,0x00007f83b2a00000)
  to   space 87040K, 0% used [0x00007f83b5180000,0x00007f83b5180000,0x00007f83ba680000)
 ParOldGen       total 2207744K, used 40926K [0x00007f6a75000000, 0x00007f6afbc00000, 0x00007f8375000000)
  object space 2207744K, 1% used [0x00007f6a75000000,0x00007f6a777f7968,0x00007f6afbc00000)
 Metaspace       used 91205K, capacity 98361K, committed 98380K, reserved 100352K
Event: 63.817 GC heap after
Heap after GC invocations=7 (full 3):
 PSYoungGen      total 1050112K, used 44293K [0x00007f8375000000, 0x00007f83c2180000, 0x00007f8ff5000000)
  eden space 963072K, 0% used [0x00007f8375000000,0x00007f8375000000,0x00007f83afc80000)
  from space 87040K, 50% used [0x00007f83b5180000,0x00007f83b7cc1610,0x00007f83ba680000)
  to   space 87040K, 0% used [0x00007f83afc80000,0x00007f83afc80000,0x00007f83b5180000)
 ParOldGen       total 2207744K, used 40934K [0x00007f6a75000000, 0x00007f6afbc00000, 0x00007f8375000000)
  object space 2207744K, 1% used [0x00007f6a75000000,0x00007f6a777f9968,0x00007f6afbc00000)
 Metaspace       used 91205K, capacity 98361K, committed 98380K, reserved 100352K
}
Event: 63.817 GC heap before
{Heap before GC invocations=8 (full 4):
 PSYoungGen      total 1050112K, used 44293K [0x00007f8375000000, 0x00007f83c2180000, 0x00007f8ff5000000)
  eden space 963072K, 0% used [0x00007f8375000000,0x00007f8375000000,0x00007f83afc80000)
  from space 87040K, 50% used [0x00007f83b5180000,0x00007f83b7cc1610,0x00007f83ba680000)
  to   space 87040K, 0% used [0x00007f83afc80000,0x00007f83afc80000,0x00007f83b5180000)
 ParOldGen       total 2207744K, used 40934K [0x00007f6a75000000, 0x00007f6afbc00000, 0x00007f8375000000)
  object space 2207744K, 1% used [0x00007f6a75000000,0x00007f6a777f9968,0x00007f6afbc00000)
 Metaspace       used 91205K, capacity 98361K, committed 98380K, reserved 100352K
Event: 63.892 GC heap after
Heap after GC invocations=8 (full 4):
 PSYoungGen      total 1050112K, used 0K [0x00007f8375000000, 0x00007f83c2180000, 0x00007f8ff5000000)
  eden space 963072K, 0% used [0x00007f8375000000,0x00007f8375000000,0x00007f83afc80000)
  from space 87040K, 0% used [0x00007f83b5180000,0x00007f83b5180000,0x00007f83ba680000)
  to   space 87040K, 0% used [0x00007f83afc80000,0x00007f83afc80000,0x00007f83b5180000)
 ParOldGen       total 3148800K, used 66852K [0x00007f6a75000000, 0x00007f6b35300000, 0x00007f8375000000)
  object space 3148800K, 2% used [0x00007f6a75000000,0x00007f6a79149038,0x00007f6b35300000)
 Metaspace       used 91205K, capacity 98361K, committed 98380K, reserved 100352K
}
Event: 67.062 GC heap before
{Heap before GC invocations=9 (full 4):
 PSYoungGen      total 1050112K, used 963072K [0x00007f8375000000, 0x00007f83c2180000, 0x00007f8ff5000000)
  eden space 963072K, 100% used [0x00007f8375000000,0x00007f83afc80000,0x00007f83afc80000)
  from space 87040K, 0% used [0x00007f83b5180000,0x00007f83b5180000,0x00007f83ba680000)
  to   space 87040K, 0% used [0x00007f83afc80000,0x00007f83afc80000,0x00007f83b5180000)
 ParOldGen       total 3148800K, used 66852K [0x00007f6a75000000, 0x00007f6b35300000, 0x00007f8375000000)
  object space 3148800K, 2% used [0x00007f6a75000000,0x00007f6a79149038,0x00007f6b35300000)
 Metaspace       used 121754K, capacity 136517K, committed 136704K, reserved 137216K
Event: 67.084 GC heap after
Heap after GC invocations=9 (full 4):
 PSYoungGen      total 1050112K, used 42100K [0x00007f8375000000, 0x00007f83c7400000, 0x00007f8ff5000000)
  eden space 963072K, 0% used [0x00007f8375000000,0x00007f8375000000,0x00007f83afc80000)
  from space 87040K, 48% used [0x00007f83afc80000,0x00007f83b259d330,0x00007f83b5180000)
  to   space 55808K, 0% used [0x00007f83c3d80000,0x00007f83c3d80000,0x00007f83c7400000)
 ParOldGen       total 3148800K, used 66868K [0x00007f6a75000000, 0x00007f6b35300000, 0x00007f8375000000)
  object space 3148800K, 2% used [0x00007f6a75000000,0x00007f6a7914d038,0x00007f6b35300000)
 Metaspace       used 121754K, capacity 136517K, committed 136704K, reserved 137216K
}
Event: 67.177 GC heap before
{Heap before GC invocations=10 (full 4):
 PSYoungGen      total 1050112K, used 1005172K [0x00007f8375000000, 0x00007f83c7400000, 0x00007f8ff5000000)
  eden space 963072K, 100% used [0x00007f8375000000,0x00007f83afc80000,0x00007f83afc80000)
  from space 87040K, 48% used [0x00007f83afc80000,0x00007f83b259d330,0x00007f83b5180000)
  to   space 55808K, 0% used [0x00007f83c3d80000,0x00007f83c3d80000,0x00007f83c7400000)
 ParOldGen       total 3148800K, used 66868K [0x00007f6a75000000, 0x00007f6b35300000, 0x00007f8375000000)
  object space 3148800K, 2% used [0x00007f6a75000000,0x00007f6a7914d038,0x00007f6b35300000)
 Metaspace       used 121754K, capacity 136517K, committed 136704K, reserved 137216K
Event: 67.189 GC heap after
Heap after GC invocations=10 (full 4):
 PSYoungGen      total 1294336K, used 23263K [0x00007f8375000000, 0x00007f83da600000, 0x00007f8ff5000000)
  eden space 1238528K, 0% used [0x00007f8375000000,0x00007f8375000000,0x00007f83c0980000)
  from space 55808K, 41% used [0x00007f83c3d80000,0x00007f83c5437c48,0x00007f83c7400000)
  to   space 53248K, 0% used [0x00007f83c0980000,0x00007f83c0980000,0x00007f83c3d80000)
 ParOldGen       total 3148800K, used 66876K [0x00007f6a75000000, 0x00007f6b35300000, 0x00007f8375000000)
  object space 3148800K, 2% used [0x00007f6a75000000,0x00007f6a7914f038,0x00007f6b35300000)
 Metaspace       used 121754K, capacity 136517K, committed 136704K, reserved 137216K
}
Event: 67.295 GC heap before
{Heap before GC invocations=11 (full 4):
 PSYoungGen      total 1294336K, used 1261791K [0x00007f8375000000, 0x00007f83da600000, 0x00007f8ff5000000)
  eden space 1238528K, 100% used [0x00007f8375000000,0x00007f83c0980000,0x00007f83c0980000)
  from space 55808K, 41% used [0x00007f83c3d80000,0x00007f83c5437c48,0x00007f83c7400000)
  to   space 53248K, 0% used [0x00007f83c0980000,0x00007f83c0980000,0x00007f83c3d80000)
 ParOldGen       total 3148800K, used 66876K [0x00007f6a75000000, 0x00007f6b35300000, 0x00007f8375000000)
  object space 3148800K, 2% used [0x00007f6a75000000,0x00007f6a7914f038,0x00007f6b35300000)
 Metaspace       used 121754K, capacity 136517K, committed 136704K, reserved 137216K
Event: 67.307 GC heap after
Heap after GC invocations=11 (full 4):
 PSYoungGen      total 1291776K, used 23312K [0x00007f8375000000, 0x00007f83fc780000, 0x00007f8ff5000000)
  eden space 1238528K, 0% used [0x00007f8375000000,0x00007f8375000000,0x00007f83c0980000)
  from space 53248K, 43% used [0x00007f83c0980000,0x00007f83c2044188,0x00007f83c3d80000)
  to   space 50688K, 0% used [0x00007f83f9600000,0x00007f83f9600000,0x00007f83fc780000)
 ParOldGen       total 3148800K, used 66884K [0x00007f6a75000000, 0x00007f6b35300000, 0x00007f8375000000)
  object space 3148800K, 2% used [0x00007f6a75000000,0x00007f6a79151038,0x00007f6b35300000)
 Metaspace       used 121754K, capacity 136517K, committed 136704K, reserved 137216K
}
Event: 67.403 GC heap before
{Heap before GC invocations=12 (full 4):
 PSYoungGen      total 1291776K, used 1261840K [0x00007f8375000000, 0x00007f83fc780000, 0x00007f8ff5000000)
  eden space 1238528K, 100% used [0x00007f8375000000,0x00007f83c0980000,0x00007f83c0980000)
  from space 53248K, 43% used [0x00007f83c0980000,0x00007f83c2044188,0x00007f83c3d80000)
  to   space 50688K, 0% used [0x00007f83f9600000,0x00007f83f9600000,0x00007f83fc780000)
 ParOldGen       total 3148800K, used 66884K [0x00007f6a75000000, 0x00007f6b35300000, 0x00007f8375000000)
  object space 3148800K, 2% used [0x00007f6a75000000,0x00007f6a79151038,0x00007f6b35300000)
 Metaspace       used 121754K, capacity 136517K, committed 136704K, reserved 137216K
Event: 67.415 GC heap after
Heap after GC invocations=12 (full 4):
 PSYoungGen      total 2170368K, used 23152K [0x00007f8375000000, 0x00007f83ffd00000, 0x00007f8ff5000000)
  eden space 2119680K, 0% used [0x00007f8375000000,0x00007f8375000000,0x00007f83f6600000)
  from space 50688K, 45% used [0x00007f83f9600000,0x00007f83fac9c188,0x00007f83fc780000)
  to   space 49152K, 0% used [0x00007f83f6600000,0x00007f83f6600000,0x00007f83f9600000)
 ParOldGen       total 3148800K, used 66892K [0x00007f6a75000000, 0x00007f6b35300000, 0x00007f8375000000)
  object space 3148800K, 2% used [0x00007f6a75000000,0x00007f6a79153038,0x00007f6b35300000)
 Metaspace       used 121754K, capacity 136517K, committed 136704K, reserved 137216K
}
Event: 67.598 GC heap before
{Heap before GC invocations=13 (full 4):
 PSYoungGen      total 2170368K, used 2142832K [0x00007f8375000000, 0x00007f83ffd00000, 0x00007f8ff5000000)
  eden space 2119680K, 100% used [0x00007f8375000000,0x00007f83f6600000,0x00007f83f6600000)
  from space 50688K, 45% used [0x00007f83f9600000,0x00007f83fac9c188,0x00007f83fc780000)
  to   space 49152K, 0% used [0x00007f83f6600000,0x00007f83f6600000,0x00007f83f9600000)
 ParOldGen       total 3148800K, used 66892K [0x00007f6a75000000, 0x00007f6b35300000, 0x00007f8375000000)
  object space 3148800K, 2% used [0x00007f6a75000000,0x00007f6a79153038,0x00007f6b35300000)
 Metaspace       used 121755K, capacity 136517K, committed 136704K, reserved 137216K
Event: 67.611 GC heap after
Heap after GC invocations=13 (full 4):
 PSYoungGen      total 2168832K, used 23312K [0x00007f8375000000, 0x00007f8436c80000, 0x00007f8ff5000000)
  eden space 2119680K, 0% used [0x00007f8375000000,0x00007f8375000000,0x00007f83f6600000)
  from space 49152K, 47% used [0x00007f83f6600000,0x00007f83f7cc4188,0x00007f83f9600000)
  to   space 47104K, 0% used [0x00007f8433e80000,0x00007f8433e80000,0x00007f8436c80000)
 ParOldGen       total 3148800K, used 66900K [0x00007f6a75000000, 0x00007f6b35300000, 0x00007f8375000000)
  object space 3148800K, 2% used [0x00007f6a75000000,0x00007f6a79155038,0x00007f6b35300000)
 Metaspace       used 121755K, capacity 136517K, committed 136704K, reserved 137216K
}
Event: 67.855 GC heap before
{Heap before GC invocations=14 (full 4):
 PSYoungGen      total 2168832K, used 2142992K [0x00007f8375000000, 0x00007f8436c80000, 0x00007f8ff5000000)
  eden space 2119680K, 100% used [0x00007f8375000000,0x00007f83f6600000,0x00007f83f6600000)
  from space 49152K, 47% used [0x00007f83f6600000,0x00007f83f7cc4188,0x00007f83f9600000)
  to   space 47104K, 0% used [0x00007f8433e80000,0x00007f8433e80000,0x00007f8436c80000)
 ParOldGen       total 3148800K, used 66900K [0x00007f6a75000000, 0x00007f6b35300000, 0x00007f8375000000)
  object space 3148800K, 2% used [0x00007f6a75000000,0x00007f6a79155038,0x00007f6b35300000)
 Metaspace       used 122090K, capacity 137008K, committed 137216K, reserved 137216K
Event: 67.868 GC heap after
Heap after GC invocations=14 (full 4):
 PSYoungGen      total 3111424K, used 1554K [0x00007f8375000000, 0x00007f8436700000, 0x00007f8ff5000000)
  eden space 3069952K, 0% used [0x00007f8375000000,0x00007f8375000000,0x00007f8430600000)
  from space 41472K, 3% used [0x00007f8433e80000,0x00007f8434004820,0x00007f8436700000)
  to   space 49664K, 0% used [0x00007f8430600000,0x00007f8430600000,0x00007f8433680000)
 ParOldGen       total 3148800K, used 89100K [0x00007f6a75000000, 0x00007f6b35300000, 0x00007f8375000000)
  object space 3148800K, 2% used [0x00007f6a75000000,0x00007f6a7a703098,0x00007f6b35300000)
 Metaspace       used 122090K, capacity 137008K, committed 137216K, reserved 137216K
}
Event: 69.436 GC heap before
{Heap before GC invocations=15 (full 4):
 PSYoungGen      total 3111424K, used 3015001K [0x00007f8375000000, 0x00007f8436700000, 0x00007f8ff5000000)
  eden space 3069952K, 98% used [0x00007f8375000000,0x00007f842ced1f50,0x00007f8430600000)
  from space 41472K, 3% used [0x00007f8433e80000,0x00007f8434004820,0x00007f8436700000)
  to   space 49664K, 0% used [0x00007f8430600000,0x00007f8430600000,0x00007f8433680000)
 ParOldGen       total 3148800K, used 89100K [0x00007f6a75000000, 0x00007f6b35300000, 0x00007f8375000000)
  object space 3148800K, 2% used [0x00007f6a75000000,0x00007f6a7a703098,0x00007f6b35300000)
 Metaspace       used 126512K, capacity 142580K, committed 142592K, reserved 143360K
Event: 69.592 GC heap after
Heap after GC invocations=15 (full 4):
 PSYoungGen      total 3119616K, used 12336K [0x00007f8375000000, 0x00007f848cd80000, 0x00007f8ff5000000)
  eden space 3069952K, 0% used [0x00007f8375000000,0x00007f8375000000,0x00007f8430600000)
  from space 49664K, 24% used [0x00007f8430600000,0x00007f843120c198,0x00007f8433680000)
  to   space 49152K, 0% used [0x00007f8489d80000,0x00007f8489d80000,0x00007f848cd80000)
 ParOldGen       total 3148800K, used 1661980K [0x00007f6a75000000, 0x00007f6b35300000, 0x00007f8375000000)
  object space 3148800K, 52% used [0x00007f6a75000000,0x00007f6ada7072d8,0x00007f6b35300000)
 Metaspace       used 126512K, capacity 142580K, committed 142592K, reserved 143360K
}
Event: 70.245 GC heap before
{Heap before GC invocations=16 (full 4):
 PSYoungGen      total 3119616K, used 3031463K [0x00007f8375000000, 0x00007f848cd80000, 0x00007f8ff5000000)
  eden space 3069952K, 98% used [0x00007f8375000000,0x00007f842d45db00,0x00007f8430600000)
  from space 49664K, 24% used [0x00007f8430600000,0x00007f843120c198,0x00007f8433680000)
  to   space 49152K, 0% used [0x00007f8489d80000,0x00007f8489d80000,0x00007f848cd80000)
 ParOldGen       total 3148800K, used 1661980K [0x00007f6a75000000, 0x00007f6b35300000, 0x00007f8375000000)
  object space 3148800K, 52% used [0x00007f6a75000000,0x00007f6ada7072d8,0x00007f6b35300000)
 Metaspace       used 130408K, capacity 146762K, committed 146944K, reserved 147456K
Event: 70.570 GC heap after
Heap after GC invocations=16 (full 4):
 PSYoungGen      total 2944000K, used 49146K [0x00007f8375000000, 0x00007f855a500000, 0x00007f8ff5000000)
  eden space 2894848K, 0% used [0x00007f8375000000,0x00007f8375000000,0x00007f8425b00000)
  from space 49152K, 99% used [0x00007f8489d80000,0x00007f848cd7e9a0,0x00007f848cd80000)
  to   space 1640960K, 0% used [0x00007f8425b00000,0x00007f8425b00000,0x00007f8489d80000)
 ParOldGen       total 5988864K, used 5945537K [0x00007f6a75000000, 0x00007f6be2880000, 0x00007f8375000000)
  object space 5988864K, 99% used [0x00007f6a75000000,0x00007f6bdfe30718,0x00007f6be2880000)
 Metaspace       used 130408K, capacity 146762K, committed 146944K, reserved 147456K
}
Event: 70.570 GC heap before
{Heap before GC invocations=17 (full 5):
 PSYoungGen      total 2944000K, used 49146K [0x00007f8375000000, 0x00007f855a500000, 0x00007f8ff5000000)
  eden space 2894848K, 0% used [0x00007f8375000000,0x00007f8375000000,0x00007f8425b00000)
  from space 49152K, 99% used [0x00007f8489d80000,0x00007f848cd7e9a0,0x00007f848cd80000)
  to   space 1640960K, 0% used [0x00007f8425b00000,0x00007f8425b00000,0x00007f8489d80000)
 ParOldGen       total 5988864K, used 5945537K [0x00007f6a75000000, 0x00007f6be2880000, 0x00007f8375000000)
  object space 5988864K, 99% used [0x00007f6a75000000,0x00007f6bdfe30718,0x00007f6be2880000)
 Metaspace       used 130408K, capacity 146762K, committed 146944K, reserved 147456K
Event: 70.958 GC heap after
Heap after GC invocations=17 (full 5):
 PSYoungGen      total 2944000K, used 0K [0x00007f8375000000, 0x00007f855a500000, 0x00007f8ff5000000)
  eden space 2894848K, 0% used [0x00007f8375000000,0x00007f8375000000,0x00007f8425b00000)
  from space 49152K, 0% used [0x00007f8489d80000,0x00007f8489d80000,0x00007f848cd80000)
  to   space 1640960K, 0% used [0x00007f8425b00000,0x00007f8425b00000,0x00007f8489d80000)
 ParOldGen       total 9333760K, used 3961521K [0x00007f6a75000000, 0x00007f6caeb00000, 0x00007f8375000000)
  object space 9333760K, 42% used [0x00007f6a75000000,0x00007f6b66cac7c0,0x00007f6caeb00000)
 Metaspace       used 125971K, capacity 137227K, committed 146944K, reserved 147456K
}
Event: 71.244 GC heap before
{Heap before GC invocations=18 (full 5):
 PSYoungGen      total 2944000K, used 2894848K [0x00007f8375000000, 0x00007f855a500000, 0x00007f8ff5000000)
  eden space 2894848K, 100% used [0x00007f8375000000,0x00007f8425b00000,0x00007f8425b00000)
  from space 49152K, 0% used [0x00007f8489d80000,0x00007f8489d80000,0x00007f848cd80000)
  to   space 1640960K, 0% used [0x00007f8425b00000,0x00007f8425b00000,0x00007f8489d80000)
 ParOldGen       total 9333760K, used 3961521K [0x00007f6a75000000, 0x00007f6caeb00000, 0x00007f8375000000)
  object space 9333760K, 42% used [0x00007f6a75000000,0x00007f6b66cac7c0,0x00007f6caeb00000)
 Metaspace       used 126028K, capacity 137366K, committed 146944K, reserved 147456K
Event: 71.346 GC heap after
Heap after GC invocations=18 (full 5):
 PSYoungGen      total 4535808K, used 1377056K [0x00007f8375000000, 0x00007f8560700000, 0x00007f8ff5000000)
  eden space 2894848K, 0% used [0x00007f8375000000,0x00007f8375000000,0x00007f8425b00000)
  from space 1640960K, 83% used [0x00007f8425b00000,0x00007f8479bc8210,0x00007f8489d80000)
  to   space 1864192K, 0% used [0x00007f84eea80000,0x00007f84eea80000,0x00007f8560700000)
 ParOldGen       total 9333760K, used 3961529K [0x00007f6a75000000, 0x00007f6caeb00000, 0x00007f8375000000)
  object space 9333760K, 42% used [0x00007f6a75000000,0x00007f6b66cae7c0,0x00007f6caeb00000)
 Metaspace       used 126028K, capacity 137366K, committed 146944K, reserved 147456K
}
Event: 71.660 GC heap before
{Heap before GC invocations=19 (full 5):
 PSYoungGen      total 4535808K, used 4271904K [0x00007f8375000000, 0x00007f8560700000, 0x00007f8ff5000000)
  eden space 2894848K, 100% used [0x00007f8375000000,0x00007f8425b00000,0x00007f8425b00000)
  from space 1640960K, 83% used [0x00007f8425b00000,0x00007f8479bc8210,0x00007f8489d80000)
  to   space 1864192K, 0% used [0x00007f84eea80000,0x00007f84eea80000,0x00007f8560700000)
 ParOldGen       total 9333760K, used 3961529K [0x00007f6a75000000, 0x00007f6caeb00000, 0x00007f8375000000)
  object space 9333760K, 42% used [0x00007f6a75000000,0x00007f6b66cae7c0,0x00007f6caeb00000)
 Metaspace       used 126029K, capacity 137366K, committed 146944K, reserved 147456K
Event: 71.698 GC heap after
Heap after GC invocations=19 (full 5):
 PSYoungGen      total 6086144K, used 1184K [0x00007f8375000000, 0x00007f855af00000, 0x00007f8ff5000000)
  eden space 4312064K, 0% used [0x00007f8375000000,0x00007f8375000000,0x00007f847c300000)
  from space 1774080K, 0% used [0x00007f84eea80000,0x00007f84eeba80a8,0x00007f855af00000)
  to   space 1824768K, 0% used [0x00007f847c300000,0x00007f847c300000,0x00007f84eb900000)
 ParOldGen       total 9333760K, used 5337986K [0x00007f6a75000000, 0x00007f6caeb00000, 0x00007f8375000000)
  object space 9333760K, 57% used [0x00007f6a75000000,0x00007f6bbace09b8,0x00007f6caeb00000)
 Metaspace       used 126029K, capacity 137366K, committed 146944K, reserved 147456K
}
Event: 72.157 GC heap before
{Heap before GC invocations=20 (full 5):
 PSYoungGen      total 6086144K, used 4313248K [0x00007f8375000000, 0x00007f855af00000, 0x00007f8ff5000000)
  eden space 4312064K, 100% used [0x00007f8375000000,0x00007f847c300000,0x00007f847c300000)
  from space 1774080K, 0% used [0x00007f84eea80000,0x00007f84eeba80a8,0x00007f855af00000)
  to   space 1824768K, 0% used [0x00007f847c300000,0x00007f847c300000,0x00007f84eb900000)
 ParOldGen       total 9333760K, used 5337986K [0x00007f6a75000000, 0x00007f6caeb00000, 0x00007f8375000000)
  object space 9333760K, 57% used [0x00007f6a75000000,0x00007f6bbace09b8,0x00007f6caeb00000)
 Metaspace       used 126029K, capacity 137366K, committed 146944K, reserved 147456K
Event: 72.167 GC heap after
Heap after GC invocations=20 (full 5):
 PSYoungGen      total 6136832K, used 608K [0x00007f8375000000, 0x00007f85cf580000, 0x00007f8ff5000000)
  eden space 4312064K, 0% used [0x00007f8375000000,0x00007f8375000000,0x00007f847c300000)
  from space 1824768K, 0% used [0x00007f847c300000,0x00007f847c398030,0x00007f84eb900000)
  to   space 1775104K, 0% used [0x00007f8563000000,0x00007f8563000000,0x00007f85cf580000)
 ParOldGen       total 9333760K, used 5338018K [0x00007f6a75000000, 0x00007f6caeb00000, 0x00007f8375000000)
  object space 9333760K, 57% used [0x00007f6a75000000,0x00007f6bbace89b8,0x00007f6caeb00000)
 Metaspace       used 126029K, capacity 137366K, committed 146944K, reserved 147456K
}
Event: 72.670 GC heap before
{Heap before GC invocations=21 (full 5):
 PSYoungGen      total 6136832K, used 4312672K [0x00007f8375000000, 0x00007f85cf580000, 0x00007f8ff5000000)
  eden space 4312064K, 100% used [0x00007f8375000000,0x00007f847c300000,0x00007f847c300000)
  from space 1824768K, 0% used [0x00007f847c300000,0x00007f847c398030,0x00007f84eb900000)
  to   space 1775104K, 0% used [0x00007f8563000000,0x00007f8563000000,0x00007f85cf580000)
 ParOldGen       total 9333760K, used 5338018K [0x00007f6a75000000, 0x00007f6caeb00000, 0x00007f8375000000)
  object space 9333760K, 57% used [0x00007f6a75000000,0x00007f6bbace89b8,0x00007f6caeb00000)
 Metaspace       used 126064K, capacity 137401K, committed 146944K, reserved 147456K
Event: 72.678 GC heap after
Heap after GC invocations=21 (full 5):
 PSYoungGen      total 7749632K, used 1120K [0x00007f8375000000, 0x00007f85c1480000, 0x00007f8ff5000000)
  eden space 6204928K, 0% used [0x00007f8375000000,0x00007f8375000000,0x00007f84efb80000)
  from space 1544704K, 0% used [0x00007f8563000000,0x00007f8563118018,0x00007f85c1480000)
  to   space 1716736K, 0% used [0x00007f84efb80000,0x00007f84efb80000,0x00007f8558800000)
 ParOldGen       total 9333760K, used 5338058K [0x00007f6a75000000, 0x00007f6caeb00000, 0x00007f8375000000)
  object space 9333760K, 57% used [0x00007f6a75000000,0x00007f6bbacf29b8,0x00007f6caeb00000)
 Metaspace       used 126064K, capacity 137401K, committed 146944K, reserved 147456K
}
Event: 84.769 GC heap before
{Heap before GC invocations=22 (full 5):
 PSYoungGen      total 7749632K, used 6206048K [0x00007f8375000000, 0x00007f85c1480000, 0x00007f8ff5000000)
  eden space 6204928K, 100% used [0x00007f8375000000,0x00007f84efb80000,0x00007f84efb80000)
  from space 1544704K, 0% used [0x00007f8563000000,0x00007f8563118018,0x00007f85c1480000)
  to   space 1716736K, 0% used [0x00007f84efb80000,0x00007f84efb80000,0x00007f8558800000)
 ParOldGen       total 9333760K, used 5338058K [0x00007f6a75000000, 0x00007f6caeb00000, 0x00007f8375000000)
  object space 9333760K, 57% used [0x00007f6a75000000,0x00007f6bbacf29b8,0x00007f6caeb00000)
 Metaspace       used 127826K, capacity 139685K, committed 148224K, reserved 149504K
Event: 84.784 GC heap after
Heap after GC invocations=22 (full 5):
 PSYoungGen      total 7921664K, used 18341K [0x00007f8375000000, 0x00007f861ef80000, 0x00007f8ff5000000)
  eden space 6204928K, 0% used [0x00007f8375000000,0x00007f8375000000,0x00007f84efb80000)
  from space 1716736K, 1% used [0x00007f84efb80000,0x00007f84f0d69468,0x00007f8558800000)
  to   space 1649664K, 0% used [0x00007f85ba480000,0x00007f85ba480000,0x00007f861ef80000)
 ParOldGen       total 9333760K, used 5338482K [0x00007f6a75000000, 0x00007f6caeb00000, 0x00007f8375000000)
  object space 9333760K, 57% used [0x00007f6a75000000,0x00007f6bbad5c9b8,0x00007f6caeb00000)
 Metaspace       used 127826K, capacity 139685K, committed 148224K, reserved 149504K
}
Event: 85.301 GC heap before
{Heap before GC invocations=23 (full 5):
 PSYoungGen      total 7921664K, used 6223269K [0x00007f8375000000, 0x00007f861ef80000, 0x00007f8ff5000000)
  eden space 6204928K, 100% used [0x00007f8375000000,0x00007f84efb80000,0x00007f84efb80000)
  from space 1716736K, 1% used [0x00007f84efb80000,0x00007f84f0d69468,0x00007f8558800000)
  to   space 1649664K, 0% used [0x00007f85ba480000,0x00007f85ba480000,0x00007f861ef80000)
 ParOldGen       total 9333760K, used 5338482K [0x00007f6a75000000, 0x00007f6caeb00000, 0x00007f8375000000)
  object space 9333760K, 57% used [0x00007f6a75000000,0x00007f6bbad5c9b8,0x00007f6caeb00000)
 Metaspace       used 128145K, capacity 139945K, committed 148480K, reserved 149504K
Event: 85.311 GC heap after
Heap after GC invocations=23 (full 5):
 PSYoungGen      total 9171456K, used 8385K [0x00007f8375000000, 0x00007f8610000000, 0x00007f8ff5000000)
  eden space 7767040K, 0% used [0x00007f8375000000,0x00007f8375000000,0x00007f854f100000)
  from space 1404416K, 0% used [0x00007f85ba480000,0x00007f85bacb05d0,0x00007f8610000000)
  to   space 1580544K, 0% used [0x00007f854f100000,0x00007f854f100000,0x00007f85af880000)
 ParOldGen       total 9333760K, used 5351707K [0x00007f6a75000000, 0x00007f6caeb00000, 0x00007f8375000000)
  object space 9333760K, 57% used [0x00007f6a75000000,0x00007f6bbba46e38,0x00007f6caeb00000)
 Metaspace       used 128145K, capacity 139945K, committed 148480K, reserved 149504K
}
Event: 86.920 GC heap before
{Heap before GC invocations=24 (full 5):
 PSYoungGen      total 9171456K, used 7775425K [0x00007f8375000000, 0x00007f8610000000, 0x00007f8ff5000000)
  eden space 7767040K, 100% used [0x00007f8375000000,0x00007f854f100000,0x00007f854f100000)
  from space 1404416K, 0% used [0x00007f85ba480000,0x00007f85bacb05d0,0x00007f8610000000)
  to   space 1580544K, 0% used [0x00007f854f100000,0x00007f854f100000,0x00007f85af880000)
 ParOldGen       total 9333760K, used 5351707K [0x00007f6a75000000, 0x00007f6caeb00000, 0x00007f8375000000)
  object space 9333760K, 57% used [0x00007f6a75000000,0x00007f6bbba46e38,0x00007f6caeb00000)
 Metaspace       used 130104K, capacity 142400K, committed 149760K, reserved 151552K
Event: 86.935 GC heap after
Heap after GC invocations=24 (full 5):
 PSYoungGen      total 9347584K, used 50934K [0x00007f8375000000, 0x00007f8673100000, 0x00007f8ff5000000)
  eden space 7767040K, 0% used [0x00007f8375000000,0x00007f8375000000,0x00007f854f100000)
  from space 1580544K, 3% used [0x00007f854f100000,0x00007f85522bd830,0x00007f85af880000)
  to   space 1501696K, 0% used [0x00007f8617680000,0x00007f8617680000,0x00007f8673100000)
 ParOldGen       total 9333760K, used 5356304K [0x00007f6a75000000, 0x00007f6caeb00000, 0x00007f8375000000)
  object space 9333760K, 57% used [0x00007f6a75000000,0x00007f6bbbec4328,0x00007f6caeb00000)
 Metaspace       used 130104K, capacity 142400K, committed 149760K, reserved 151552K
}
Event: 87.627 GC heap before
{Heap before GC invocations=25 (full 5):
 PSYoungGen      total 9347584K, used 7817974K [0x00007f8375000000, 0x00007f8673100000, 0x00007f8ff5000000)
  eden space 7767040K, 100% used [0x00007f8375000000,0x00007f854f100000,0x00007f854f100000)
  from space 1580544K, 3% used [0x00007f854f100000,0x00007f85522bd830,0x00007f85af880000)
  to   space 1501696K, 0% used [0x00007f8617680000,0x00007f8617680000,0x00007f8673100000)
 ParOldGen       total 9333760K, used 5356304K [0x00007f6a75000000, 0x00007f6caeb00000, 0x00007f8375000000)
  object space 9333760K, 57% used [0x00007f6a75000000,0x00007f6bbbec4328,0x00007f6caeb00000)
 Metaspace       used 130129K, capacity 142400K, committed 149760K, reserved 151552K
Event: 87.638 GC heap after
Heap after GC invocations=25 (full 5):
 PSYoungGen      total 10650112K, used 14911K [0x00007f8375000000, 0x00007f8662780000, 0x00007f8ff5000000)
  eden space 9420288K, 0% used [0x00007f8375000000,0x00007f8375000000,0x00007f85b3f80000)
  from space 1229824K, 1% used [0x00007f8617680000,0x00007f861850feb0,0x00007f8662780000)
  to   space 1429504K, 0% used [0x00007f85b3f80000,0x00007f85b3f80000,0x00007f860b380000)
 ParOldGen       total 9333760K, used 5393648K [0x00007f6a75000000, 0x00007f6caeb00000, 0x00007f8375000000)
  object space 9333760K, 57% used [0x00007f6a75000000,0x00007f6bbe33c308,0x00007f6caeb00000)
 Metaspace       used 130129K, capacity 142400K, committed 149760K, reserved 151552K
}
Event: 158.278 GC heap before
{Heap before GC invocations=26 (full 5):
 PSYoungGen      total 10650112K, used 9435199K [0x00007f8375000000, 0x00007f8662780000, 0x00007f8ff5000000)
  eden space 9420288K, 100% used [0x00007f8375000000,0x00007f85b3f80000,0x00007f85b3f80000)
  from space 1229824K, 1% used [0x00007f8617680000,0x00007f861850feb0,0x00007f8662780000)
  to   space 1429504K, 0% used [0x00007f85b3f80000,0x00007f85b3f80000,0x00007f860b380000)
 ParOldGen       total 9333760K, used 5393806K [0x00007f6a75000000, 0x00007f6caeb00000, 0x00007f8375000000)
  object space 9333760K, 57% used [0x00007f6a75000000,0x00007f6bbe363a90,0x00007f6caeb00000)
 Metaspace       used 131470K, capacity 143912K, committed 150528K, reserved 151552K
Event: 158.305 GC heap after
Heap after GC invocations=26 (full 5):
 PSYoungGen      total 10849792K, used 247500K [0x00007f8375000000, 0x00007f86bee00000, 0x00007f8ff5000000)
  eden space 9420288K, 0% used [0x00007f8375000000,0x00007f8375000000,0x00007f85b3f80000)
  from space 1429504K, 17% used [0x00007f85b3f80000,0x00007f85c3133330,0x00007f860b380000)
  to   space 1317376K, 0% used [0x00007f866e780000,0x00007f866e780000,0x00007f86bee00000)
 ParOldGen       total 9333760K, used 5394254K [0x00007f6a75000000, 0x00007f6caeb00000, 0x00007f8375000000)
  object space 9333760K, 57% used [0x00007f6a75000000,0x00007f6bbe3d3ae0,0x00007f6caeb00000)
 Metaspace       used 131470K, capacity 143912K, committed 150528K, reserved 151552K
}
Event: 159.778 GC heap before
{Heap before GC invocations=27 (full 5):
 PSYoungGen      total 10849792K, used 9667788K [0x00007f8375000000, 0x00007f86bee00000, 0x00007f8ff5000000)
  eden space 9420288K, 100% used [0x00007f8375000000,0x00007f85b3f80000,0x00007f85b3f80000)
  from space 1429504K, 17% used [0x00007f85b3f80000,0x00007f85c3133330,0x00007f860b380000)
  to   space 1317376K, 0% used [0x00007f866e780000,0x00007f866e780000,0x00007f86bee00000)
 ParOldGen       total 9333760K, used 5394256K [0x00007f6a75000000, 0x00007f6caeb00000, 0x00007f8375000000)
  object space 9333760K, 57% used [0x00007f6a75000000,0x00007f6bbe3d4218,0x00007f6caeb00000)
 Metaspace       used 131683K, capacity 144168K, committed 150784K, reserved 151552K
Event: 159.806 GC heap after
Heap after GC invocations=27 (full 5):
 PSYoungGen      total 12153344K, used 276170K [0x00007f8375000000, 0x00007f86aed00000, 0x00007f8ff5000000)
  eden space 11099136K, 0% used [0x00007f8375000000,0x00007f8375000000,0x00007f861a700000)
  from space 1054208K, 26% used [0x00007f866e780000,0x00007f867f532b08,0x00007f86aed00000)
  to   space 1215488K, 0% used [0x00007f861a700000,0x00007f861a700000,0x00007f8664a00000)
 ParOldGen       total 9333760K, used 5394264K [0x00007f6a75000000, 0x00007f6caeb00000, 0x00007f8375000000)
  object space 9333760K, 57% used [0x00007f6a75000000,0x00007f6bbe3d6218,0x00007f6caeb00000)
 Metaspace       used 131683K, capacity 144168K, committed 150784K, reserved 151552K
}
Event: 161.631 GC heap before
{Heap before GC invocations=28 (full 5):
 PSYoungGen      total 12153344K, used 11375306K [0x00007f8375000000, 0x00007f86aed00000, 0x00007f8ff5000000)
  eden space 11099136K, 100% used [0x00007f8375000000,0x00007f861a700000,0x00007f861a700000)
  from space 1054208K, 26% used [0x00007f866e780000,0x00007f867f532b08,0x00007f86aed00000)
  to   space 1215488K, 0% used [0x00007f861a700000,0x00007f861a700000,0x00007f8664a00000)
 ParOldGen       total 9333760K, used 5394385K [0x00007f6a75000000, 0x00007f6caeb00000, 0x00007f8375000000)
  object space 9333760K, 57% used [0x00007f6a75000000,0x00007f6bbe3f4590,0x00007f6caeb00000)
 Metaspace       used 132026K, capacity 144457K, committed 151040K, reserved 151552K
Event: 161.730 GC heap after
Heap after GC invocations=28 (full 5):
 PSYoungGen      total 12314624K, used 1215467K [0x00007f8375000000, 0x00007f8766380000, 0x00007f8ff5000000)
  eden space 11099136K, 0% used [0x00007f8375000000,0x00007f8375000000,0x00007f861a700000)
  from space 1215488K, 99% used [0x00007f861a700000,0x00007f86649fad48,0x00007f8664a00000)
  to   space 1589760K, 0% used [0x00007f8705300000,0x00007f8705300000,0x00007f8766380000)
 ParOldGen       total 9333760K, used 5714671K [0x00007f6a75000000, 0x00007f6caeb00000, 0x00007f8375000000)
  object space 9333760K, 61% used [0x00007f6a75000000,0x00007f6bd1cbbca8,0x00007f6caeb00000)
 Metaspace       used 132026K, capacity 144457K, committed 151040K, reserved 151552K
}
Event: 163.293 GC heap before
{Heap before GC invocations=29 (full 5):
 PSYoungGen      total 12314624K, used 12314603K [0x00007f8375000000, 0x00007f8766380000, 0x00007f8ff5000000)
  eden space 11099136K, 100% used [0x00007f8375000000,0x00007f861a700000,0x00007f861a700000)
  from space 1215488K, 99% used [0x00007f861a700000,0x00007f86649fad48,0x00007f8664a00000)
  to   space 1589760K, 0% used [0x00007f8705300000,0x00007f8705300000,0x00007f8766380000)
 ParOldGen       total 9333760K, used 5714701K [0x00007f6a75000000, 0x00007f6caeb00000, 0x00007f8375000000)
  object space 9333760K, 61% used [0x00007f6a75000000,0x00007f6bd1cc36d8,0x00007f6caeb00000)
 Metaspace       used 132057K, capacity 144521K, committed 151296K, reserved 151552K
Event: 163.444 GC heap after
Heap after GC invocations=29 (full 5):
 PSYoungGen      total 14659072K, used 1491076K [0x00007f8375000000, 0x00007f87a3a00000, 0x00007f8ff5000000)
  eden space 13069312K, 0% used [0x00007f8375000000,0x00007f8375000000,0x00007f8692b00000)
  from space 1589760K, 93% used [0x00007f8705300000,0x00007f87603210f0,0x00007f8766380000)
  to   space 1875968K, 0% used [0x00007f8692b00000,0x00007f8692b00000,0x00007f8705300000)
 ParOldGen       total 9333760K, used 5717351K [0x00007f6a75000000, 0x00007f6caeb00000, 0x00007f8375000000)
  object space 9333760K, 61% used [0x00007f6a75000000,0x00007f6bd1f59c78,0x00007f6caeb00000)
 Metaspace       used 132057K, capacity 144521K, committed 151296K, reserved 151552K
}
Event: 165.345 GC heap before
{Heap before GC invocations=30 (full 5):
 PSYoungGen      total 14659072K, used 14560388K [0x00007f8375000000, 0x00007f87a3a00000, 0x00007f8ff5000000)
  eden space 13069312K, 100% used [0x00007f8375000000,0x00007f8692b00000,0x00007f8692b00000)
  from space 1589760K, 93% used [0x00007f8705300000,0x00007f87603210f0,0x00007f8766380000)
  to   space 1875968K, 0% used [0x00007f8692b00000,0x00007f8692b00000,0x00007f8705300000)
 ParOldGen       total 9333760K, used 5717399K [0x00007f6a75000000, 0x00007f6caeb00000, 0x00007f8375000000)
  object space 9333760K, 61% used [0x00007f6a75000000,0x00007f6bd1f65e48,0x00007f6caeb00000)
 Metaspace       used 132093K, capacity 144571K, committed 151296K, reserved 151552K
Event: 165.447 GC heap after
Heap after GC invocations=30 (full 5):
 PSYoungGen      total 14945280K, used 51097K [0x00007f8375000000, 0x00007f8803680000, 0x00007f8ff5000000)
  eden space 13069312K, 0% used [0x00007f8375000000,0x00007f8375000000,0x00007f8692b00000)
  from space 1875968K, 2% used [0x00007f8692b00000,0x00007f8695ce6610,0x00007f8705300000)
  to   space 1816064K, 0% used [0x00007f8794900000,0x00007f8794900000,0x00007f8803680000)
 ParOldGen       total 9333760K, used 6564064K [0x00007f6a75000000, 0x00007f6caeb00000, 0x00007f8375000000)
  object space 9333760K, 70% used [0x00007f6a75000000,0x00007f6c05a382b0,0x00007f6caeb00000)
 Metaspace       used 132093K, capacity 144571K, committed 151296K, reserved 151552K
}
Event: 173.051 GC heap before
{Heap before GC invocations=31 (full 6):
 PSYoungGen      total 14945280K, used 13120409K [0x00007f8375000000, 0x00007f8803680000, 0x00007f8ff5000000)
  eden space 13069312K, 100% used [0x00007f8375000000,0x00007f8692b00000,0x00007f8692b00000)
  from space 1875968K, 2% used [0x00007f8692b00000,0x00007f8695ce6610,0x00007f8705300000)
  to   space 1816064K, 0% used [0x00007f8794900000,0x00007f8794900000,0x00007f8803680000)
 ParOldGen       total 16629760K, used 16591074K [0x00007f6a75000000, 0x00007f6e6c000000, 0x00007f8375000000)
  object space 16629760K, 99% used [0x00007f6a75000000,0x00007f6e69a38be8,0x00007f6e6c000000)
 Metaspace       used 133171K, capacity 145982K, committed 151808K, reserved 153600K
Event: 174.405 GC heap after
Heap after GC invocations=31 (full 6):
 PSYoungGen      total 14945280K, used 0K [0x00007f8375000000, 0x00007f8803680000, 0x00007f8ff5000000)
  eden space 13069312K, 0% used [0x00007f8375000000,0x00007f8375000000,0x00007f8692b00000)
  from space 1875968K, 0% used [0x00007f8692b00000,0x00007f8692b00000,0x00007f8705300000)
  to   space 1816064K, 0% used [0x00007f8794900000,0x00007f8794900000,0x00007f8803680000)
 ParOldGen       total 19890176K, used 14637529K [0x00007f6a75000000, 0x00007f6f33000000, 0x00007f8375000000)
  object space 19890176K, 73% used [0x00007f6a75000000,0x00007f6df26765e0,0x00007f6f33000000)
 Metaspace       used 132791K, capacity 145142K, committed 151808K, reserved 153600K
}
Event: 176.241 GC heap before
{Heap before GC invocations=32 (full 6):
 PSYoungGen      total 14945280K, used 13069312K [0x00007f8375000000, 0x00007f8803680000, 0x00007f8ff5000000)
  eden space 13069312K, 100% used [0x00007f8375000000,0x00007f8692b00000,0x00007f8692b00000)
  from space 1875968K, 0% used [0x00007f8692b00000,0x00007f8692b00000,0x00007f8705300000)
  to   space 1816064K, 0% used [0x00007f8794900000,0x00007f8794900000,0x00007f8803680000)
 ParOldGen       total 19890176K, used 14637626K [0x00007f6a75000000, 0x00007f6f33000000, 0x00007f8375000000)
  object space 19890176K, 73% used [0x00007f6a75000000,0x00007f6df268e9f0,0x00007f6f33000000)
 Metaspace       used 132871K, capacity 145146K, committed 151808K, reserved 153600K
Event: 176.986 GC heap after
Heap after GC invocations=32 (full 6):
 PSYoungGen      total 16944640K, used 1771708K [0x00007f8375000000, 0x00007f883b980000, 0x00007f8ff5000000)
  eden space 15128576K, 0% used [0x00007f8375000000,0x00007f8375000000,0x00007f8710600000)
  from space 1816064K, 97% used [0x00007f8794900000,0x00007f8800b2f2f8,0x00007f8803680000)
  to   space 2165760K, 0% used [0x00007f8710600000,0x00007f8710600000,0x00007f8794900000)
 ParOldGen       total 23706112K, used 23681603K [0x00007f6a75000000, 0x00007f701be80000, 0x00007f8375000000)
  object space 23706112K, 99% used [0x00007f6a75000000,0x00007f701a690ff0,0x00007f701be80000)
 Metaspace       used 132871K, capacity 145146K, committed 151808K, reserved 153600K
}
Event: 176.986 GC heap before
{Heap before GC invocations=33 (full 7):
 PSYoungGen      total 16944640K, used 1771708K [0x00007f8375000000, 0x00007f883b980000, 0x00007f8ff5000000)
  eden space 15128576K, 0% used [0x00007f8375000000,0x00007f8375000000,0x00007f8710600000)
  from space 1816064K, 97% used [0x00007f8794900000,0x00007f8800b2f2f8,0x00007f8803680000)
  to   space 2165760K, 0% used [0x00007f8710600000,0x00007f8710600000,0x00007f8794900000)
 ParOldGen       total 23706112K, used 23681603K [0x00007f6a75000000, 0x00007f701be80000, 0x00007f8375000000)
  object space 23706112K, 99% used [0x00007f6a75000000,0x00007f701a690ff0,0x00007f701be80000)
 Metaspace       used 132871K, capacity 145146K, committed 151808K, reserved 153600K
Event: 177.711 GC heap after
Heap after GC invocations=33 (full 7):
 PSYoungGen      total 16944640K, used 0K [0x00007f8375000000, 0x00007f883b980000, 0x00007f8ff5000000)
  eden space 15128576K, 0% used [0x00007f8375000000,0x00007f8375000000,0x00007f8710600000)
  from space 1816064K, 0% used [0x00007f8794900000,0x00007f8794900000,0x00007f8803680000)
  to   space 2165760K, 0% used [0x00007f8710600000,0x00007f8710600000,0x00007f8794900000)
 ParOldGen       total 31236096K, used 22200936K [0x00007f6a75000000, 0x00007f71e7800000, 0x00007f8375000000)
  object space 31236096K, 71% used [0x00007f6a75000000,0x00007f6fc009a1e0,0x00007f71e7800000)
 Metaspace       used 132871K, capacity 145146K, committed 151808K, reserved 153600K
}
Event: 179.313 GC heap before
{Heap before GC invocations=34 (full 7):
 PSYoungGen      total 16944640K, used 15128576K [0x00007f8375000000, 0x00007f883b980000, 0x00007f8ff5000000)
  eden space 15128576K, 100% used [0x00007f8375000000,0x00007f8710600000,0x00007f8710600000)
  from space 1816064K, 0% used [0x00007f8794900000,0x00007f8794900000,0x00007f8803680000)
  to   space 2165760K, 0% used [0x00007f8710600000,0x00007f8710600000,0x00007f8794900000)
 ParOldGen       total 31236096K, used 22200996K [0x00007f6a75000000, 0x00007f71e7800000, 0x00007f8375000000)
  object space 31236096K, 71% used [0x00007f6a75000000,0x00007f6fc00a90d8,0x00007f71e7800000)
 Metaspace       used 132879K, capacity 145151K, committed 151808K, reserved 153600K
Event: 179.924 GC heap after
Heap after GC invocations=34 (full 7):
 PSYoungGen      total 17294336K, used 2131904K [0x00007f8375000000, 0x00007f88e4880000, 0x00007f8ff5000000)
  eden space 15128576K, 0% used [0x00007f8375000000,0x00007f8375000000,0x00007f8710600000)
  from space 2165760K, 98% used [0x00007f8710600000,0x00007f87927f0198,0x00007f8794900000)
  to   space 2578944K, 0% used [0x00007f8847200000,0x00007f8847200000,0x00007f88e4880000)
 ParOldGen       total 31236096K, used 29344429K [0x00007f6a75000000, 0x00007f71e7800000, 0x00007f8375000000)
  object space 31236096K, 93% used [0x00007f6a75000000,0x00007f71740ab498,0x00007f71e7800000)
 Metaspace       used 132879K, capacity 145151K, committed 151808K, reserved 153600K
}
Event: 179.924 GC heap before
{Heap before GC invocations=35 (full 8):
 PSYoungGen      total 17294336K, used 2131904K [0x00007f8375000000, 0x00007f88e4880000, 0x00007f8ff5000000)
  eden space 15128576K, 0% used [0x00007f8375000000,0x00007f8375000000,0x00007f8710600000)
  from space 2165760K, 98% used [0x00007f8710600000,0x00007f87927f0198,0x00007f8794900000)
  to   space 2578944K, 0% used [0x00007f8847200000,0x00007f8847200000,0x00007f88e4880000)
 ParOldGen       total 31236096K, used 29344429K [0x00007f6a75000000, 0x00007f71e7800000, 0x00007f8375000000)
  object space 31236096K, 93% used [0x00007f6a75000000,0x00007f71740ab498,0x00007f71e7800000)
 Metaspace       used 132879K, capacity 145151K, committed 151808K, reserved 153600K
Event: 181.119 GC heap after
Heap after GC invocations=35 (full 8):
 PSYoungGen      total 17294336K, used 0K [0x00007f8375000000, 0x00007f88e4880000, 0x00007f8ff5000000)
  eden space 15128576K, 0% used [0x00007f8375000000,0x00007f8375000000,0x00007f8710600000)
  from space 2165760K, 0% used [0x00007f8710600000,0x00007f8710600000,0x00007f8794900000)
  to   space 2578944K, 0% used [0x00007f8847200000,0x00007f8847200000,0x00007f88e4880000)
 ParOldGen       total 35081216K, used 23367308K [0x00007f6a75000000, 0x00007f72d2300000, 0x00007f8375000000)
  object space 35081216K, 66% used [0x00007f6a75000000,0x00007f70073a3178,0x00007f72d2300000)
 Metaspace       used 132879K, capacity 145151K, committed 151808K, reserved 153600K
}
Event: 248.588 GC heap before
{Heap before GC invocations=36 (full 8):
 PSYoungGen      total 17294336K, used 15128576K [0x00007f8375000000, 0x00007f88e4880000, 0x00007f8ff5000000)
  eden space 15128576K, 100% used [0x00007f8375000000,0x00007f8710600000,0x00007f8710600000)
  from space 2165760K, 0% used [0x00007f8710600000,0x00007f8710600000,0x00007f8794900000)
  to   space 2578944K, 0% used [0x00007f8847200000,0x00007f8847200000,0x00007f88e4880000)
 ParOldGen       total 35081216K, used 23367309K [0x00007f6a75000000, 0x00007f72d2300000, 0x00007f8375000000)
  object space 35081216K, 66% used [0x00007f6a75000000,0x00007f70073a3688,0x00007f72d2300000)
 Metaspace       used 135987K, capacity 148513K, committed 154624K, reserved 155648K
Event: 248.644 GC heap after
Heap after GC invocations=36 (full 8):
 PSYoungGen      total 17837056K, used 521235K [0x00007f8375000000, 0x00007f8892f00000, 0x00007f8ff5000000)
  eden space 16594944K, 0% used [0x00007f8375000000,0x00007f8375000000,0x00007f8769e00000)
  from space 1242112K, 41% used [0x00007f8847200000,0x00007f8866f04f30,0x00007f8892f00000)
  to   space 2433536K, 0% used [0x00007f8769e00000,0x00007f8769e00000,0x00007f87fe680000)
 ParOldGen       total 35081216K, used 23367317K [0x00007f6a75000000, 0x00007f72d2300000, 0x00007f8375000000)
  object space 35081216K, 66% used [0x00007f6a75000000,0x00007f70073a5688,0x00007f72d2300000)
 Metaspace       used 135987K, capacity 148513K, committed 154624K, reserved 155648K
}
Event: 251.376 GC heap before
{Heap before GC invocations=37 (full 8):
 PSYoungGen      total 17837056K, used 17116179K [0x00007f8375000000, 0x00007f8892f00000, 0x00007f8ff5000000)
  eden space 16594944K, 100% used [0x00007f8375000000,0x00007f8769e00000,0x00007f8769e00000)
  from space 1242112K, 41% used [0x00007f8847200000,0x00007f8866f04f30,0x00007f8892f00000)
  to   space 2433536K, 0% used [0x00007f8769e00000,0x00007f8769e00000,0x00007f87fe680000)
 ParOldGen       total 35081216K, used 23367377K [0x00007f6a75000000, 0x00007f72d2300000, 0x00007f8375000000)
  object space 35081216K, 66% used [0x00007f6a75000000,0x00007f70073b4590,0x00007f72d2300000)
 Metaspace       used 136012K, capacity 148513K, committed 154624K, reserved 155648K
Event: 251.407 GC heap after
Heap after GC invocations=37 (full 8):
 PSYoungGen      total 19028480K, used 415931K [0x00007f8375000000, 0x00007f88d7980000, 0x00007f8ff5000000)
  eden space 16594944K, 0% used [0x00007f8375000000,0x00007f8375000000,0x00007f8769e00000)
  from space 2433536K, 17% used [0x00007f8769e00000,0x00007f878342ef28,0x00007f87fe680000)
  to   space 2314240K, 0% used [0x00007f884a580000,0x00007f884a580000,0x00007f88d7980000)
 ParOldGen       total 35081216K, used 23367385K [0x00007f6a75000000, 0x00007f72d2300000, 0x00007f8375000000)
  object space 35081216K, 66% used [0x00007f6a75000000,0x00007f70073b6590,0x00007f72d2300000)
 Metaspace       used 136012K, capacity 148513K, committed 154624K, reserved 155648K
}
Event: 254.100 GC heap before
{Heap before GC invocations=38 (full 8):
 PSYoungGen      total 19028480K, used 17010875K [0x00007f8375000000, 0x00007f88d7980000, 0x00007f8ff5000000)
  eden space 16594944K, 100% used [0x00007f8375000000,0x00007f8769e00000,0x00007f8769e00000)
  from space 2433536K, 17% used [0x00007f8769e00000,0x00007f878342ef28,0x00007f87fe680000)
  to   space 2314240K, 0% used [0x00007f884a580000,0x00007f884a580000,0x00007f88d7980000)
 ParOldGen       total 35081216K, used 23367423K [0x00007f6a75000000, 0x00007f72d2300000, 0x00007f8375000000)
  object space 35081216K, 66% used [0x00007f6a75000000,0x00007f70073bfef8,0x00007f72d2300000)
 Metaspace       used 136044K, capacity 148577K, committed 154880K, reserved 155648K
Event: 254.133 GC heap after
Heap after GC invocations=38 (full 8):
 PSYoungGen      total 19598848K, used 525239K [0x00007f8375000000, 0x00007f88bae00000, 0x00007f8ff5000000)
  eden space 17755136K, 0% used [0x00007f8375000000,0x00007f8375000000,0x00007f87b0b00000)
  from space 1843712K, 28% used [0x00007f884a580000,0x00007f886a66deb8,0x00007f88bae00000)
  to   space 2180608K, 0% used [0x00007f87b0b00000,0x00007f87b0b00000,0x00007f8835c80000)
 ParOldGen       total 35081216K, used 23367423K [0x00007f6a75000000, 0x00007f72d2300000, 0x00007f8375000000)
  object space 35081216K, 66% used [0x00007f6a75000000,0x00007f70073bfef8,0x00007f72d2300000)
 Metaspace       used 136044K, capacity 148577K, committed 154880K, reserved 155648K
}
Event: 257.044 GC heap before
{Heap before GC invocations=39 (full 8):
 PSYoungGen      total 19598848K, used 18280375K [0x00007f8375000000, 0x00007f88bae00000, 0x00007f8ff5000000)
  eden space 17755136K, 100% used [0x00007f8375000000,0x00007f87b0b00000,0x00007f87b0b00000)
  from space 1843712K, 28% used [0x00007f884a580000,0x00007f886a66deb8,0x00007f88bae00000)
  to   space 2180608K, 0% used [0x00007f87b0b00000,0x00007f87b0b00000,0x00007f8835c80000)
 ParOldGen       total 35081216K, used 23367483K [0x00007f6a75000000, 0x00007f72d2300000, 0x00007f8375000000)
  object space 35081216K, 66% used [0x00007f6a75000000,0x00007f70073ced98,0x00007f72d2300000)
 Metaspace       used 136143K, capacity 148641K, committed 154880K, reserved 155648K
Event: 257.124 GC heap after
Heap after GC invocations=39 (full 8):
 PSYoungGen      total 19935744K, used 1638965K [0x00007f8375000000, 0x00007f891a100000, 0x00007f8ff5000000)
  eden space 17755136K, 0% used [0x00007f8375000000,0x00007f8375000000,0x00007f87b0b00000)
  from space 2180608K, 75% used [0x00007f87b0b00000,0x00007f8814b8d418,0x00007f8835c80000)
  to   space 2386432K, 0% used [0x00007f8888680000,0x00007f8888680000,0x00007f891a100000)
 ParOldGen       total 35081216K, used 23367483K [0x00007f6a75000000, 0x00007f72d2300000, 0x00007f8375000000)
  object space 35081216K, 66% used [0x00007f6a75000000,0x00007f70073ced98,0x00007f72d2300000)
 Metaspace       used 136143K, capacity 148641K, committed 154880K, reserved 155648K
}
Event: 259.973 GC heap before
{Heap before GC invocations=40 (full 8):
 PSYoungGen      total 19935744K, used 19394101K [0x00007f8375000000, 0x00007f891a100000, 0x00007f8ff5000000)
  eden space 17755136K, 100% used [0x00007f8375000000,0x00007f87b0b00000,0x00007f87b0b00000)
  from space 2180608K, 75% used [0x00007f87b0b00000,0x00007f8814b8d418,0x00007f8835c80000)
  to   space 2386432K, 0% used [0x00007f8888680000,0x00007f8888680000,0x00007f891a100000)
 ParOldGen       total 35081216K, used 23368564K [0x00007f6a75000000, 0x00007f72d2300000, 0x00007f8375000000)
  object space 35081216K, 66% used [0x00007f6a75000000,0x00007f70074dd208,0x00007f72d2300000)
 Metaspace       used 136145K, capacity 148641K, committed 154880K, reserved 155648K
Event: 260.087 GC heap after
Heap after GC invocations=40 (full 8):
 PSYoungGen      total 21137920K, used 1006049K [0x00007f8375000000, 0x00007f8910e00000, 0x00007f8ff5000000)
  eden space 18902016K, 0% used [0x00007f8375000000,0x00007f8375000000,0x00007f87f6b00000)
  from space 2235904K, 44% used [0x00007f8888680000,0x00007f88c5cf8780,0x00007f8910e00000)
  to   space 2311680K, 0% used [0x00007f87f6b00000,0x00007f87f6b00000,0x00007f8883c80000)
 ParOldGen       total 35081216K, used 23368564K [0x00007f6a75000000, 0x00007f72d2300000, 0x00007f8375000000)
  object space 35081216K, 66% used [0x00007f6a75000000,0x00007f70074dd208,0x00007f72d2300000)
 Metaspace       used 136145K, capacity 148641K, committed 154880K, reserved 155648K
}
Event: 266.389 GC heap before
{Heap before GC invocations=41 (full 8):
 PSYoungGen      total 21137920K, used 19908065K [0x00007f8375000000, 0x00007f8910e00000, 0x00007f8ff5000000)
  eden space 18902016K, 100% used [0x00007f8375000000,0x00007f87f6b00000,0x00007f87f6b00000)
  from space 2235904K, 44% used [0x00007f8888680000,0x00007f88c5cf8780,0x00007f8910e00000)
  to   space 2311680K, 0% used [0x00007f87f6b00000,0x00007f87f6b00000,0x00007f8883c80000)
 ParOldGen       total 35081216K, used 25858935K [0x00007f6a75000000, 0x00007f72d2300000, 0x00007f8375000000)
  object space 35081216K, 73% used [0x00007f6a75000000,0x00007f709f4ddd40,0x00007f72d2300000)
 Metaspace       used 144150K, capacity 165231K, committed 165376K, reserved 165888K
Event: 266.804 GC heap after
Heap after GC invocations=41 (full 8):
 PSYoungGen      total 21213696K, used 2311654K [0x00007f8375000000, 0x00007f8a92a80000, 0x00007f8ff5000000)
  eden space 18902016K, 0% used [0x00007f8375000000,0x00007f8375000000,0x00007f87f6b00000)
  from space 2311680K, 99% used [0x00007f87f6b00000,0x00007f8883c799a8,0x00007f8883c80000)
  to   space 4908032K, 0% used [0x00007f8967180000,0x00007f8967180000,0x00007f8a92a80000)
 ParOldGen       total 35081216K, used 31768335K [0x00007f6a75000000, 0x00007f72d2300000, 0x00007f8375000000)
  object space 35081216K, 90% used [0x00007f6a75000000,0x00007f7207fc3d58,0x00007f72d2300000)
 Metaspace       used 144150K, capacity 165231K, committed 165376K, reserved 165888K
}
Event: 266.805 GC heap before
{Heap before GC invocations=42 (full 9):
 PSYoungGen      total 21213696K, used 2311654K [0x00007f8375000000, 0x00007f8a92a80000, 0x00007f8ff5000000)
  eden space 18902016K, 0% used [0x00007f8375000000,0x00007f8375000000,0x00007f87f6b00000)
  from space 2311680K, 99% used [0x00007f87f6b00000,0x00007f8883c799a8,0x00007f8883c80000)
  to   space 4908032K, 0% used [0x00007f8967180000,0x00007f8967180000,0x00007f8a92a80000)
 ParOldGen       total 35081216K, used 31768335K [0x00007f6a75000000, 0x00007f72d2300000, 0x00007f8375000000)
  object space 35081216K, 90% used [0x00007f6a75000000,0x00007f7207fc3d58,0x00007f72d2300000)
 Metaspace       used 144150K, capacity 165231K, committed 165376K, reserved 165888K
Event: 268.098 GC heap after
Heap after GC invocations=42 (full 9):
 PSYoungGen      total 21213696K, used 0K [0x00007f8375000000, 0x00007f8a92a80000, 0x00007f8ff5000000)
  eden space 18902016K, 0% used [0x00007f8375000000,0x00007f8375000000,0x00007f87f6b00000)
  from space 2311680K, 0% used [0x00007f87f6b00000,0x00007f87f6b00000,0x00007f8883c80000)
  to   space 4908032K, 0% used [0x00007f8967180000,0x00007f8967180000,0x00007f8a92a80000)
 ParOldGen       total 26715648K, used 13782623K [0x00007f6a75000000, 0x00007f70d3980000, 0x00007f8375000000)
  object space 26715648K, 51% used [0x00007f6a75000000,0x00007f6dbe397ef8,0x00007f70d3980000)
 Metaspace       used 138298K, capacity 151796K, committed 165376K, reserved 165888K
}
Event: 344.965 GC heap before
{Heap before GC invocations=43 (full 9):
 PSYoungGen      total 21213696K, used 18902016K [0x00007f8375000000, 0x00007f8a92a80000, 0x00007f8ff5000000)
  eden space 18902016K, 100% used [0x00007f8375000000,0x00007f87f6b00000,0x00007f87f6b00000)
  from space 2311680K, 0% used [0x00007f87f6b00000,0x00007f87f6b00000,0x00007f8883c80000)
  to   space 4908032K, 0% used [0x00007f8967180000,0x00007f8967180000,0x00007f8a92a80000)
 ParOldGen       total 26715648K, used 13782735K [0x00007f6a75000000, 0x00007f70d3980000, 0x00007f8375000000)
  object space 26715648K, 51% used [0x00007f6a75000000,0x00007f6dbe3b3d78,0x00007f70d3980000)
 Metaspace       used 139296K, capacity 152800K, committed 166144K, reserved 167936K
Event: 345.010 GC heap after
Heap after GC invocations=43 (full 9):
 PSYoungGen      total 24578560K, used 511610K [0x00007f8375000000, 0x00007f8a7dc00000, 0x00007f8ff5000000)
  eden space 20013056K, 0% used [0x00007f8375000000,0x00007f8375000000,0x00007f883a800000)
  from space 4565504K, 11% used [0x00007f8967180000,0x00007f898651e938,0x00007f8a7dc00000)
  to   space 4745216K, 0% used [0x00007f883a800000,0x00007f883a800000,0x00007f895c200000)
 ParOldGen       total 26715648K, used 13782743K [0x00007f6a75000000, 0x00007f70d3980000, 0x00007f8375000000)
  object space 26715648K, 51% used [0x00007f6a75000000,0x00007f6dbe3b5d78,0x00007f70d3980000)
 Metaspace       used 139296K, capacity 152800K, committed 166144K, reserved 167936K
}
Event: 347.860 GC heap before
{Heap before GC invocations=44 (full 9):
 PSYoungGen      total 24578560K, used 20524666K [0x00007f8375000000, 0x00007f8a7dc00000, 0x00007f8ff5000000)
  eden space 20013056K, 100% used [0x00007f8375000000,0x00007f883a800000,0x00007f883a800000)
  from space 4565504K, 11% used [0x00007f8967180000,0x00007f898651e938,0x00007f8a7dc00000)
  to   space 4745216K, 0% used [0x00007f883a800000,0x00007f883a800000,0x00007f895c200000)
 ParOldGen       total 26715648K, used 13782976K [0x00007f6a75000000, 0x00007f70d3980000, 0x00007f8375000000)
  object space 26715648K, 51% used [0x00007f6a75000000,0x00007f6dbe3f0158,0x00007f70d3980000)
 Metaspace       used 139336K, capacity 152864K, committed 166144K, reserved 167936K
Event: 347.891 GC heap after
Heap after GC invocations=44 (full 9):
 PSYoungGen      total 24758272K, used 512950K [0x00007f8375000000, 0x00007f8aa6780000, 0x00007f8ff5000000)
  eden space 20013056K, 0% used [0x00007f8375000000,0x00007f8375000000,0x00007f883a800000)
  from space 4745216K, 10% used [0x00007f883a800000,0x00007f8859cedbe8,0x00007f895c200000)
  to   space 4571136K, 0% used [0x00007f898f780000,0x00007f898f780000,0x00007f8aa6780000)
 ParOldGen       total 26715648K, used 13782984K [0x00007f6a75000000, 0x00007f70d3980000, 0x00007f8375000000)
  object space 26715648K, 51% used [0x00007f6a75000000,0x00007f6dbe3f2158,0x00007f70d3980000)
 Metaspace       used 139336K, capacity 152864K, committed 166144K, reserved 167936K
}
Event: 350.816 GC heap before
{Heap before GC invocations=45 (full 9):
 PSYoungGen      total 24758272K, used 20526006K [0x00007f8375000000, 0x00007f8aa6780000, 0x00007f8ff5000000)
  eden space 20013056K, 100% used [0x00007f8375000000,0x00007f883a800000,0x00007f883a800000)
  from space 4745216K, 10% used [0x00007f883a800000,0x00007f8859cedbe8,0x00007f895c200000)
  to   space 4571136K, 0% used [0x00007f898f780000,0x00007f898f780000,0x00007f8aa6780000)
 ParOldGen       total 26715648K, used 13783051K [0x00007f6a75000000, 0x00007f70d3980000, 0x00007f8375000000)
  object space 26715648K, 51% used [0x00007f6a75000000,0x00007f6dbe402cc8,0x00007f70d3980000)
 Metaspace       used 139406K, capacity 152864K, committed 166144K, reserved 167936K
Event: 350.995 GC heap after
Heap after GC invocations=45 (full 9):
 PSYoungGen      total 25670656K, used 1847761K [0x00007f8375000000, 0x00007f8aa2800000, 0x00007f8ff5000000)
  eden space 21164544K, 0% used [0x00007f8375000000,0x00007f8375000000,0x00007f8880c80000)
  from space 4506112K, 41% used [0x00007f898f780000,0x00007f8a003f4698,0x00007f8aa2800000)
  to   space 4434944K, 0% used [0x00007f8880c80000,0x00007f8880c80000,0x00007f898f780000)
 ParOldGen       total 26715648K, used 13783051K [0x00007f6a75000000, 0x00007f70d3980000, 0x00007f8375000000)
  object space 26715648K, 51% used [0x00007f6a75000000,0x00007f6dbe402cc8,0x00007f70d3980000)
 Metaspace       used 139406K, capacity 152864K, committed 166144K, reserved 167936K
}
Event: 354.928 GC heap before
{Heap before GC invocations=46 (full 9):
 PSYoungGen      total 25670656K, used 23012305K [0x00007f8375000000, 0x00007f8aa2800000, 0x00007f8ff5000000)
  eden space 21164544K, 100% used [0x00007f8375000000,0x00007f8880c80000,0x00007f8880c80000)
  from space 4506112K, 41% used [0x00007f898f780000,0x00007f8a003f4698,0x00007f8aa2800000)
  to   space 4434944K, 0% used [0x00007f8880c80000,0x00007f8880c80000,0x00007f898f780000)
 ParOldGen       total 26715648K, used 13783058K [0x00007f6a75000000, 0x00007f70d3980000, 0x00007f8375000000)
  object space 26715648K, 51% used [0x00007f6a75000000,0x00007f6dbe404a98,0x00007f70d3980000)
 Metaspace       used 139454K, capacity 152932K, committed 166144K, reserved 167936K
Event: 354.975 GC heap after
Heap after GC invocations=46 (full 9):
 PSYoungGen      total 25599488K, used 312920K [0x00007f8375000000, 0x00007f8ad3f80000, 0x00007f8ff5000000)
  eden space 21164544K, 0% used [0x00007f8375000000,0x00007f8375000000,0x00007f8880c80000)
  from space 4434944K, 7% used [0x00007f8880c80000,0x00007f8893e16058,0x00007f898f780000)
  to   space 4314624K, 0% used [0x00007f89cca00000,0x00007f89cca00000,0x00007f8ad3f80000)
 ParOldGen       total 26715648K, used 13783058K [0x00007f6a75000000, 0x00007f70d3980000, 0x00007f8375000000)
  object space 26715648K, 51% used [0x00007f6a75000000,0x00007f6dbe404a98,0x00007f70d3980000)
 Metaspace       used 139454K, capacity 152932K, committed 166144K, reserved 167936K
}
Event: 407.037 GC heap before
{Heap before GC invocations=47 (full 9):
 PSYoungGen      total 25599488K, used 21477464K [0x00007f8375000000, 0x00007f8ad3f80000, 0x00007f8ff5000000)
  eden space 21164544K, 100% used [0x00007f8375000000,0x00007f8880c80000,0x00007f8880c80000)
  from space 4434944K, 7% used [0x00007f8880c80000,0x00007f8893e16058,0x00007f898f780000)
  to   space 4314624K, 0% used [0x00007f89cca00000,0x00007f89cca00000,0x00007f8ad3f80000)
 ParOldGen       total 26715648K, used 13783089K [0x00007f6a75000000, 0x00007f70d3980000, 0x00007f8375000000)
  object space 26715648K, 51% used [0x00007f6a75000000,0x00007f6dbe40c558,0x00007f70d3980000)
 Metaspace       used 140394K, capacity 154044K, committed 166912K, reserved 167936K
Event: 407.069 GC heap after
Heap after GC invocations=47 (full 9):
 PSYoungGen      total 25887744K, used 257896K [0x00007f8375000000, 0x00007f8ab6580000, 0x00007f8ff5000000)
  eden space 22058496K, 0% used [0x00007f8375000000,0x00007f8375000000,0x00007f88b7580000)
  from space 3829248K, 6% used [0x00007f89cca00000,0x00007f89dc5da198,0x00007f8ab6580000)
  to   space 4186112K, 0% used [0x00007f88b7580000,0x00007f88b7580000,0x00007f89b6d80000)
 ParOldGen       total 26715648K, used 13783097K [0x00007f6a75000000, 0x00007f70d3980000, 0x00007f8375000000)
  object space 26715648K, 51% used [0x00007f6a75000000,0x00007f6dbe40e558,0x00007f70d3980000)
 Metaspace       used 140394K, capacity 154044K, committed 166912K, reserved 167936K
}
Event: 410.244 GC heap before
{Heap before GC invocations=48 (full 9):
 PSYoungGen      total 25887744K, used 22316392K [0x00007f8375000000, 0x00007f8ab6580000, 0x00007f8ff5000000)
  eden space 22058496K, 100% used [0x00007f8375000000,0x00007f88b7580000,0x00007f88b7580000)
  from space 3829248K, 6% used [0x00007f89cca00000,0x00007f89dc5da198,0x00007f8ab6580000)
  to   space 4186112K, 0% used [0x00007f88b7580000,0x00007f88b7580000,0x00007f89b6d80000)
 ParOldGen       total 26715648K, used 13783321K [0x00007f6a75000000, 0x00007f70d3980000, 0x00007f8375000000)
  object space 26715648K, 51% used [0x00007f6a75000000,0x00007f6dbe446688,0x00007f70d3980000)
 Metaspace       used 140493K, capacity 154112K, committed 166912K, reserved 167936K
Event: 410.386 GC heap after
Heap after GC invocations=48 (full 9):
 PSYoungGen      total 26244608K, used 1596953K [0x00007f8375000000, 0x00007f8ae7c00000, 0x00007f8ff5000000)
  eden space 22058496K, 0% used [0x00007f8375000000,0x00007f8375000000,0x00007f88b7580000)
  from space 4186112K, 38% used [0x00007f88b7580000,0x00007f8918d06568,0x00007f89b6d80000)
  to   space 4039168K, 0% used [0x00007f89f1380000,0x00007f89f1380000,0x00007f8ae7c00000)
 ParOldGen       total 26715648K, used 13783329K [0x00007f6a75000000, 0x00007f70d3980000, 0x00007f8375000000)
  object space 26715648K, 51% used [0x00007f6a75000000,0x00007f6dbe448688,0x00007f70d3980000)
 Metaspace       used 140493K, capacity 154112K, committed 166912K, reserved 167936K
}
Event: 417.517 GC heap before
{Heap before GC invocations=49 (full 9):
 PSYoungGen      total 26244608K, used 23638127K [0x00007f8375000000, 0x00007f8ae7c00000, 0x00007f8ff5000000)
  eden space 22058496K, 99% used [0x00007f8375000000,0x00007f88b6495760,0x00007f88b7580000)
  from space 4186112K, 38% used [0x00007f88b7580000,0x00007f8918d06568,0x00007f89b6d80000)
  to   space 4039168K, 0% used [0x00007f89f1380000,0x00007f89f1380000,0x00007f8ae7c00000)
 ParOldGen       total 26715648K, used 14045473K [0x00007f6a75000000, 0x00007f70d3980000, 0x00007f8375000000)
  object space 26715648K, 52% used [0x00007f6a75000000,0x00007f6dce4486a0,0x00007f70d3980000)
 Metaspace       used 140948K, capacity 154684K, committed 167168K, reserved 167936K
Event: 417.863 GC heap after
Heap after GC invocations=49 (full 9):
 PSYoungGen      total 26946048K, used 2673514K [0x00007f8375000000, 0x00007f8b10080000, 0x00007f8ff5000000)
  eden space 22906880K, 0% used [0x00007f8375000000,0x00007f8375000000,0x00007f88eb200000)
  from space 4039168K, 66% used [0x00007f89f1380000,0x00007f8a9465a870,0x00007f8ae7c00000)
  to   space 4294144K, 0% used [0x00007f88eb200000,0x00007f88eb200000,0x00007f89f1380000)
 ParOldGen       total 26715648K, used 14045481K [0x00007f6a75000000, 0x00007f70d3980000, 0x00007f8375000000)
  object space 26715648K, 52% used [0x00007f6a75000000,0x00007f6dce44a6a0,0x00007f70d3980000)
 Metaspace       used 140948K, capacity 154684K, committed 167168K, reserved 167936K
}
Event: 421.253 GC heap before
{Heap before GC invocations=50 (full 9):
 PSYoungGen      total 26946048K, used 25580394K [0x00007f8375000000, 0x00007f8b10080000, 0x00007f8ff5000000)
  eden space 22906880K, 100% used [0x00007f8375000000,0x00007f88eb200000,0x00007f88eb200000)
  from space 4039168K, 66% used [0x00007f89f1380000,0x00007f8a9465a870,0x00007f8ae7c00000)
  to   space 4294144K, 0% used [0x00007f88eb200000,0x00007f88eb200000,0x00007f89f1380000)
 ParOldGen       total 26715648K, used 14045484K [0x00007f6a75000000, 0x00007f70d3980000, 0x00007f8375000000)
  object space 26715648K, 52% used [0x00007f6a75000000,0x00007f6dce44b120,0x00007f70d3980000)
 Metaspace       used 140961K, capacity 154748K, committed 167168K, reserved 167936K
Event: 422.236 GC heap after
Heap after GC invocations=50 (full 9):
 PSYoungGen      total 27201024K, used 4294132K [0x00007f8375000000, 0x00007f8f28600000, 0x00007f8ff5000000)
  eden space 22906880K, 0% used [0x00007f8375000000,0x00007f8375000000,0x00007f88eb200000)
  from space 4294144K, 99% used [0x00007f88eb200000,0x00007f89f137d240,0x00007f89f1380000)
  to   space 12020224K, 0% used [0x00007f8c4ab80000,0x00007f8c4ab80000,0x00007f8f28600000)
 ParOldGen       total 32825856K, used 32792610K [0x00007f6a75000000, 0x00007f7248880000, 0x00007f8375000000)
  object space 32825856K, 99% used [0x00007f6a75000000,0x00007f7246808a18,0x00007f7248880000)
 Metaspace       used 140961K, capacity 154748K, committed 167168K, reserved 167936K
}
Event: 422.236 GC heap before
{Heap before GC invocations=51 (full 10):
 PSYoungGen      total 27201024K, used 4294132K [0x00007f8375000000, 0x00007f8f28600000, 0x00007f8ff5000000)
  eden space 22906880K, 0% used [0x00007f8375000000,0x00007f8375000000,0x00007f88eb200000)
  from space 4294144K, 99% used [0x00007f88eb200000,0x00007f89f137d240,0x00007f89f1380000)
  to   space 12020224K, 0% used [0x00007f8c4ab80000,0x00007f8c4ab80000,0x00007f8f28600000)
 ParOldGen       total 32825856K, used 32792610K [0x00007f6a75000000, 0x00007f7248880000, 0x00007f8375000000)
  object space 32825856K, 99% used [0x00007f6a75000000,0x00007f7246808a18,0x00007f7248880000)
 Metaspace       used 140961K, capacity 154748K, committed 167168K, reserved 167936K
Event: 423.393 GC heap after
Heap after GC invocations=51 (full 10):
 PSYoungGen      total 27201024K, used 0K [0x00007f8375000000, 0x00007f8f28600000, 0x00007f8ff5000000)
  eden space 22906880K, 0% used [0x00007f8375000000,0x00007f8375000000,0x00007f88eb200000)
  from space 4294144K, 0% used [0x00007f88eb200000,0x00007f88eb200000,0x00007f89f1380000)
  to   space 12020224K, 0% used [0x00007f8c4ab80000,0x00007f8c4ab80000,0x00007f8f28600000)
 ParOldGen       total 43245568K, used 25246438K [0x00007f6a75000000, 0x00007f74c4800000, 0x00007f8375000000)
  object space 43245568K, 58% used [0x00007f6a75000000,0x00007f7079eb9b50,0x00007f74c4800000)
 Metaspace       used 140895K, capacity 154593K, committed 167168K, reserved 167936K
}
Event: 448.491 GC heap before
{Heap before GC invocations=52 (full 10):
 PSYoungGen      total 27201024K, used 22906880K [0x00007f8375000000, 0x00007f8f28600000, 0x00007f8ff5000000)
  eden space 22906880K, 100% used [0x00007f8375000000,0x00007f88eb200000,0x00007f88eb200000)
  from space 4294144K, 0% used [0x00007f88eb200000,0x00007f88eb200000,0x00007f89f1380000)
  to   space 12020224K, 0% used [0x00007f8c4ab80000,0x00007f8c4ab80000,0x00007f8f28600000)
 ParOldGen       total 43245568K, used 25246511K [0x00007f6a75000000, 0x00007f74c4800000, 0x00007f8375000000)
  object space 43245568K, 58% used [0x00007f6a75000000,0x00007f7079ecbec8,0x00007f74c4800000)
 Metaspace       used 141312K, capacity 155017K, committed 167424K, reserved 167936K
Event: 448.548 GC heap after
Heap after GC invocations=52 (full 10):
 PSYoungGen      total 36378112K, used 445250K [0x00007f8375000000, 0x00007f8f00000000, 0x00007f8ff5000000)
  eden space 25019392K, 0% used [0x00007f8375000000,0x00007f8375000000,0x00007f896c100000)
  from space 11358720K, 3% used [0x00007f8c4ab80000,0x00007f8c65e509d0,0x00007f8f00000000)
  to   space 11697664K, 0% used [0x00007f896c100000,0x00007f896c100000,0x00007f8c36080000)
 ParOldGen       total 43245568K, used 25246519K [0x00007f6a75000000, 0x00007f74c4800000, 0x00007f8375000000)
  object space 43245568K, 58% used [0x00007f6a75000000,0x00007f7079ecdec8,0x00007f74c4800000)
 Metaspace       used 141312K, capacity 155017K, committed 167424K, reserved 167936K
}
Event: 452.266 GC heap before
{Heap before GC invocations=53 (full 10):
 PSYoungGen      total 36378112K, used 25464642K [0x00007f8375000000, 0x00007f8f00000000, 0x00007f8ff5000000)
  eden space 25019392K, 100% used [0x00007f8375000000,0x00007f896c100000,0x00007f896c100000)
  from space 11358720K, 3% used [0x00007f8c4ab80000,0x00007f8c65e509d0,0x00007f8f00000000)
  to   space 11697664K, 0% used [0x00007f896c100000,0x00007f896c100000,0x00007f8c36080000)
 ParOldGen       total 43245568K, used 25246521K [0x00007f6a75000000, 0x00007f74c4800000, 0x00007f8375000000)
  object space 43245568K, 58% used [0x00007f6a75000000,0x00007f7079ece650,0x00007f74c4800000)
 Metaspace       used 141315K, capacity 155017K, committed 167424K, reserved 167936K
Event: 452.323 GC heap after
Heap after GC invocations=53 (full 10):
 PSYoungGen      total 36717056K, used 1253931K [0x00007f8375000000, 0x00007f8f3da80000, 0x00007f8ff5000000)
  eden space 25019392K, 0% used [0x00007f8375000000,0x00007f8375000000,0x00007f896c100000)
  from space 11697664K, 10% used [0x00007f896c100000,0x00007f89b898ac40,0x00007f8c36080000)
  to   space 11185664K, 0% used [0x00007f8c92f00000,0x00007f8c92f00000,0x00007f8f3da80000)
 ParOldGen       total 43245568K, used 25246529K [0x00007f6a75000000, 0x00007f74c4800000, 0x00007f8375000000)
  object space 43245568K, 58% used [0x00007f6a75000000,0x00007f7079ed0650,0x00007f74c4800000)
 Metaspace       used 141315K, capacity 155017K, committed 167424K, reserved 167936K
}
Event: 456.160 GC heap before
{Heap before GC invocations=54 (full 10):
 PSYoungGen      total 36717056K, used 26273323K [0x00007f8375000000, 0x00007f8f3da80000, 0x00007f8ff5000000)
  eden space 25019392K, 100% used [0x00007f8375000000,0x00007f896c100000,0x00007f896c100000)
  from space 11697664K, 10% used [0x00007f896c100000,0x00007f89b898ac40,0x00007f8c36080000)
  to   space 11185664K, 0% used [0x00007f8c92f00000,0x00007f8c92f00000,0x00007f8f3da80000)
 ParOldGen       total 43245568K, used 25246529K [0x00007f6a75000000, 0x00007f74c4800000, 0x00007f8375000000)
  object space 43245568K, 58% used [0x00007f6a75000000,0x00007f7079ed0650,0x00007f74c4800000)
 Metaspace       used 141342K, capacity 155086K, committed 167424K, reserved 167936K
Event: 456.270 GC heap after
Heap after GC invocations=54 (full 10):
 PSYoungGen      total 37003264K, used 1026597K [0x00007f8375000000, 0x00007f8efaf80000, 0x00007f8ff5000000)
  eden space 26910208K, 0% used [0x00007f8375000000,0x00007f8375000000,0x00007f89df780000)
  from space 10093056K, 10% used [0x00007f8c92f00000,0x00007f8cd1989720,0x00007f8efaf80000)
  to   space 10711040K, 0% used [0x00007f89df780000,0x00007f89df780000,0x00007f8c6d380000)
 ParOldGen       total 43245568K, used 25246537K [0x00007f6a75000000, 0x00007f74c4800000, 0x00007f8375000000)
  object space 43245568K, 58% used [0x00007f6a75000000,0x00007f7079ed2650,0x00007f74c4800000)
 Metaspace       used 141342K, capacity 155086K, committed 167424K, reserved 167936K
}
Event: 463.585 GC heap before
{Heap before GC invocations=55 (full 10):
 PSYoungGen      total 37003264K, used 27936805K [0x00007f8375000000, 0x00007f8efaf80000, 0x00007f8ff5000000)
  eden space 26910208K, 100% used [0x00007f8375000000,0x00007f89df780000,0x00007f89df780000)
  from space 10093056K, 10% used [0x00007f8c92f00000,0x00007f8cd1989720,0x00007f8efaf80000)
  to   space 10711040K, 0% used [0x00007f89df780000,0x00007f89df780000,0x00007f8c6d380000)
 ParOldGen       total 43245568K, used 25246537K [0x00007f6a75000000, 0x00007f74c4800000, 0x00007f8375000000)
  object space 43245568K, 58% used [0x00007f6a75000000,0x00007f7079ed2650,0x00007f74c4800000)
 Metaspace       used 141476K, capacity 155230K, committed 167680K, reserved 167936K
Event: 464.164 GC heap after
Heap after GC invocations=55 (full 10):
 PSYoungGen      total 37621248K, used 8885902K [0x00007f8375000000, 0x00007f8ff5000000, 0x00007f8ff5000000)
  eden space 26910208K, 0% used [0x00007f8375000000,0x00007f8375000000,0x00007f89df780000)
  from space 10711040K, 82% used [0x00007f89df780000,0x00007f8bfdd23990,0x00007f8c6d380000)
  to   space 12163584K, 0% used [0x00007f8d0e980000,0x00007f8d0e980000,0x00007f8ff5000000)
 ParOldGen       total 43245568K, used 25246545K [0x00007f6a75000000, 0x00007f74c4800000, 0x00007f8375000000)
  object space 43245568K, 58% used [0x00007f6a75000000,0x00007f7079ed4650,0x00007f74c4800000)
 Metaspace       used 141476K, capacity 155230K, committed 167680K, reserved 167936K
}
Event: 689.405 GC heap before
{Heap before GC invocations=56 (full 10):
 PSYoungGen      total 37621248K, used 35796110K [0x00007f8375000000, 0x00007f8ff5000000, 0x00007f8ff5000000)
  eden space 26910208K, 100% used [0x00007f8375000000,0x00007f89df780000,0x00007f89df780000)
  from space 10711040K, 82% used [0x00007f89df780000,0x00007f8bfdd23990,0x00007f8c6d380000)
  to   space 12163584K, 0% used [0x00007f8d0e980000,0x00007f8d0e980000,0x00007f8ff5000000)
 ParOldGen       total 43245568K, used 25246545K [0x00007f6a75000000, 0x00007f74c4800000, 0x00007f8375000000)
  object space 43245568K, 58% used [0x00007f6a75000000,0x00007f7079ed4650,0x00007f74c4800000)
 Metaspace       used 141826K, capacity 155543K, committed 167936K, reserved 167936K
Event: 689.435 GC heap after
Heap after GC invocations=56 (full 10):
 PSYoungGen      total 40557568K, used 20064K [0x00007f8375000000, 0x00007f8ff5000000, 0x00007f8ff5000000)
  eden space 28393984K, 0% used [0x00007f8375000000,0x00007f8375000000,0x00007f8a3a080000)
  from space 12163584K, 0% used [0x00007f8d0e980000,0x00007f8d0fd181d8,0x00007f8ff5000000)
  to   space 11871232K, 0% used [0x00007f8a3a080000,0x00007f8a3a080000,0x00007f8d0e980000)
 ParOldGen       total 43245568K, used 25246553K [0x00007f6a75000000, 0x00007f74c4800000, 0x00007f8375000000)
  object space 43245568K, 58% used [0x00007f6a75000000,0x00007f7079ed6650,0x00007f74c4800000)
 Metaspace       used 141826K, capacity 155543K, committed 167936K, reserved 167936K
}
Event: 1050.512 GC heap before
{Heap before GC invocations=57 (full 10):
 PSYoungGen      total 40557568K, used 28414048K [0x00007f8375000000, 0x00007f8ff5000000, 0x00007f8ff5000000)
  eden space 28393984K, 100% used [0x00007f8375000000,0x00007f8a3a080000,0x00007f8a3a080000)
  from space 12163584K, 0% used [0x00007f8d0e980000,0x00007f8d0fd181d8,0x00007f8ff5000000)
  to   space 11871232K, 0% used [0x00007f8a3a080000,0x00007f8a3a080000,0x00007f8d0e980000)
 ParOldGen       total 43245568K, used 25246607K [0x00007f6a75000000, 0x00007f74c4800000, 0x00007f8375000000)
  object space 43245568K, 58% used [0x00007f6a75000000,0x00007f7079ee3d40,0x00007f74c4800000)
 Metaspace       used 142792K, capacity 156707K, committed 168704K, reserved 169984K
Event: 1050.574 GC heap after
Heap after GC invocations=57 (full 10):
 PSYoungGen      total 29897216K, used 1502831K [0x00007f8375000000, 0x00007f8f99080000, 0x00007f8ff5000000)
  eden space 28393984K, 0% used [0x00007f8375000000,0x00007f8375000000,0x00007f8a3a080000)
  from space 1503232K, 99% used [0x00007f8a3a080000,0x00007f8a95c1bfe0,0x00007f8a95c80000)
  to   space 11264000K, 0% used [0x00007f8ce9880000,0x00007f8ce9880000,0x00007f8f99080000)
 ParOldGen       total 43245568K, used 25246615K [0x00007f6a75000000, 0x00007f74c4800000, 0x00007f8375000000)
  object space 43245568K, 58% used [0x00007f6a75000000,0x00007f7079ee5d40,0x00007f74c4800000)
 Metaspace       used 142792K, capacity 156707K, committed 168704K, reserved 169984K
}
Event: 1058.289 GC heap before
{Heap before GC invocations=58 (full 10):
 PSYoungGen      total 29897216K, used 29896815K [0x00007f8375000000, 0x00007f8f99080000, 0x00007f8ff5000000)
  eden space 28393984K, 100% used [0x00007f8375000000,0x00007f8a3a080000,0x00007f8a3a080000)
  from space 1503232K, 99% used [0x00007f8a3a080000,0x00007f8a95c1bfe0,0x00007f8a95c80000)
  to   space 11264000K, 0% used [0x00007f8ce9880000,0x00007f8ce9880000,0x00007f8f99080000)
 ParOldGen       total 43245568K, used 25246617K [0x00007f6a75000000, 0x00007f74c4800000, 0x00007f8375000000)
  object space 43245568K, 58% used [0x00007f6a75000000,0x00007f7079ee66a0,0x00007f74c4800000)
 Metaspace       used 144717K, capacity 161039K, committed 168960K, reserved 169984K
Event: 1058.347 GC heap after
Heap after GC invocations=58 (full 10):
 PSYoungGen      total 39995904K, used 22075K [0x00007f8375000000, 0x00007f8fc3580000, 0x00007f8ff5000000)
  eden space 28731904K, 0% used [0x00007f8375000000,0x00007f8375000000,0x00007f8a4ea80000)
  from space 11264000K, 0% used [0x00007f8ce9880000,0x00007f8ceae0ede0,0x00007f8f99080000)
  to   space 10926080K, 0% used [0x00007f8a4ea80000,0x00007f8a4ea80000,0x00007f8ce9880000)
 ParOldGen       total 43245568K, used 25246625K [0x00007f6a75000000, 0x00007f74c4800000, 0x00007f8375000000)
  object space 43245568K, 58% used [0x00007f6a75000000,0x00007f7079ee86a0,0x00007f74c4800000)
 Metaspace       used 144717K, capacity 161039K, committed 168960K, reserved 169984K
}
Event: 1060.744 GC heap before
{Heap before GC invocations=59 (full 10):
 PSYoungGen      total 39995904K, used 28753979K [0x00007f8375000000, 0x00007f8fc3580000, 0x00007f8ff5000000)
  eden space 28731904K, 100% used [0x00007f8375000000,0x00007f8a4ea80000,0x00007f8a4ea80000)
  from space 11264000K, 0% used [0x00007f8ce9880000,0x00007f8ceae0ede0,0x00007f8f99080000)
  to   space 10926080K, 0% used [0x00007f8a4ea80000,0x00007f8a4ea80000,0x00007f8ce9880000)
 ParOldGen       total 43245568K, used 25246625K [0x00007f6a75000000, 0x00007f74c4800000, 0x00007f8375000000)
  object space 43245568K, 58% used [0x00007f6a75000000,0x00007f7079ee86a0,0x00007f74c4800000)
 Metaspace       used 144717K, capacity 161039K, committed 168960K, reserved 169984K
Event: 1060.778 GC heap after
Heap after GC invocations=59 (full 10):
 PSYoungGen      total 39657984K, used 8534K [0x00007f8375000000, 0x00007f8fa0200000, 0x00007f8ff5000000)
  eden space 28731904K, 0% used [0x00007f8375000000,0x00007f8375000000,0x00007f8a4ea80000)
  from space 10926080K, 0% used [0x00007f8a4ea80000,0x00007f8a4f2d58c0,0x00007f8ce9880000)
  to   space 10545664K, 0% used [0x00007f8d1c780000,0x00007f8d1c780000,0x00007f8fa0200000)
 ParOldGen       total 43245568K, used 25246633K [0x00007f6a75000000, 0x00007f74c4800000, 0x00007f8375000000)
  object space 43245568K, 58% used [0x00007f6a75000000,0x00007f7079eea6a0,0x00007f74c4800000)
 Metaspace       used 144717K, capacity 161039K, committed 168960K, reserved 169984K
}
Event: 1207.583 GC heap before
{Heap before GC invocations=60 (full 10):
 PSYoungGen      total 39657984K, used 28740438K [0x00007f8375000000, 0x00007f8fa0200000, 0x00007f8ff5000000)
  eden space 28731904K, 100% used [0x00007f8375000000,0x00007f8a4ea80000,0x00007f8a4ea80000)
  from space 10926080K, 0% used [0x00007f8a4ea80000,0x00007f8a4f2d58c0,0x00007f8ce9880000)
  to   space 10545664K, 0% used [0x00007f8d1c780000,0x00007f8d1c780000,0x00007f8fa0200000)
 ParOldGen       total 43245568K, used 25246633K [0x00007f6a75000000, 0x00007f74c4800000, 0x00007f8375000000)
  object space 43245568K, 58% used [0x00007f6a75000000,0x00007f7079eea6a0,0x00007f74c4800000)
 Metaspace       used 144959K, capacity 161292K, committed 169216K, reserved 169984K
Event: 1207.640 GC heap after
Heap after GC invocations=60 (full 10):
 PSYoungGen      total 39160320K, used 23628K [0x00007f8375000000, 0x00007f8f5e180000, 0x00007f8ff5000000)
  eden space 29696512K, 0% used [0x00007f8375000000,0x00007f8375000000,0x00007f8a89880000)
  from space 9463808K, 0% used [0x00007f8d1c780000,0x00007f8d1de93228,0x00007f8f5e180000)
  to   space 10129920K, 0% used [0x00007f8a89880000,0x00007f8a89880000,0x00007f8cf3d00000)
 ParOldGen       total 43245568K, used 25246641K [0x00007f6a75000000, 0x00007f74c4800000, 0x00007f8375000000)
  object space 43245568K, 58% used [0x00007f6a75000000,0x00007f7079eec6a0,0x00007f74c4800000)
 Metaspace       used 144959K, capacity 161292K, committed 169216K, reserved 169984K
}
Event: 1209.314 GC heap before
{Heap before GC invocations=61 (full 10):
 PSYoungGen      total 39160320K, used 29720140K [0x00007f8375000000, 0x00007f8f5e180000, 0x00007f8ff5000000)
  eden space 29696512K, 100% used [0x00007f8375000000,0x00007f8a89880000,0x00007f8a89880000)
  from space 9463808K, 0% used [0x00007f8d1c780000,0x00007f8d1de93228,0x00007f8f5e180000)
  to   space 10129920K, 0% used [0x00007f8a89880000,0x00007f8a89880000,0x00007f8cf3d00000)
 ParOldGen       total 43245568K, used 25246641K [0x00007f6a75000000, 0x00007f74c4800000, 0x00007f8375000000)
  object space 43245568K, 58% used [0x00007f6a75000000,0x00007f7079eec6a0,0x00007f74c4800000)
 Metaspace       used 144964K, capacity 161292K, committed 169216K, reserved 169984K
Event: 1209.356 GC heap after
Heap after GC invocations=61 (full 10):
 PSYoungGen      total 39826432K, used 144262K [0x00007f8375000000, 0x00007f8f69b00000, 0x00007f8ff5000000)
  eden space 29696512K, 0% used [0x00007f8375000000,0x00007f8375000000,0x00007f8a89880000)
  from space 10129920K, 1% used [0x00007f8a89880000,0x00007f8a92561b68,0x00007f8cf3d00000)
  to   space 9671168K, 0% used [0x00007f8d1b680000,0x00007f8d1b680000,0x00007f8f69b00000)
 ParOldGen       total 43245568K, used 25246641K [0x00007f6a75000000, 0x00007f74c4800000, 0x00007f8375000000)
  object space 43245568K, 58% used [0x00007f6a75000000,0x00007f7079eec6a0,0x00007f74c4800000)
 Metaspace       used 144964K, capacity 161292K, committed 169216K, reserved 169984K
}
Event: 1391.495 GC heap before
{Heap before GC invocations=62 (full 10):
 PSYoungGen      total 39826432K, used 29816295K [0x00007f8375000000, 0x00007f8f69b00000, 0x00007f8ff5000000)
  eden space 29696512K, 99% used [0x00007f8375000000,0x00007f8a88098110,0x00007f8a89880000)
  from space 10129920K, 1% used [0x00007f8a89880000,0x00007f8a92561b68,0x00007f8cf3d00000)
  to   space 9671168K, 0% used [0x00007f8d1b680000,0x00007f8d1b680000,0x00007f8f69b00000)
 ParOldGen       total 43245568K, used 25246641K [0x00007f6a75000000, 0x00007f74c4800000, 0x00007f8375000000)
  object space 43245568K, 58% used [0x00007f6a75000000,0x00007f7079eec6a0,0x00007f74c4800000)
 Metaspace       used 145134K, capacity 161449K, committed 169216K, reserved 169984K
Event: 1391.621 GC heap after
Heap after GC invocations=62 (full 10):
 PSYoungGen      total 38723072K, used 1206664K [0x00007f8375000000, 0x00007f8f0cb80000, 0x00007f8ff5000000)
  eden space 30575104K, 0% used [0x00007f8375000000,0x00007f8375000000,0x00007f8abf280000)
  from space 8147968K, 14% used [0x00007f8d1b680000,0x00007f8d650e2068,0x00007f8f0cb80000)
  to   space 9024000K, 0% used [0x00007f8abf280000,0x00007f8abf280000,0x00007f8ce5f00000)
 ParOldGen       total 43245568K, used 25246649K [0x00007f6a75000000, 0x00007f74c4800000, 0x00007f8375000000)
  object space 43245568K, 58% used [0x00007f6a75000000,0x00007f7079eee6a0,0x00007f74c4800000)
 Metaspace       used 145134K, capacity 161449K, committed 169216K, reserved 169984K
}
Event: 1395.086 GC heap before
{Heap before GC invocations=63 (full 10):
 PSYoungGen      total 38723072K, used 31781768K [0x00007f8375000000, 0x00007f8f0cb80000, 0x00007f8ff5000000)
  eden space 30575104K, 100% used [0x00007f8375000000,0x00007f8abf280000,0x00007f8abf280000)
  from space 8147968K, 14% used [0x00007f8d1b680000,0x00007f8d650e2068,0x00007f8f0cb80000)
  to   space 9024000K, 0% used [0x00007f8abf280000,0x00007f8abf280000,0x00007f8ce5f00000)
 ParOldGen       total 43245568K, used 25246649K [0x00007f6a75000000, 0x00007f74c4800000, 0x00007f8375000000)
  object space 43245568K, 58% used [0x00007f6a75000000,0x00007f7079eee6a0,0x00007f74c4800000)
 Metaspace       used 145160K, capacity 161449K, committed 169216K, reserved 169984K
Event: 1395.129 GC heap after
Heap after GC invocations=63 (full 10):
 PSYoungGen      total 39599104K, used 309541K [0x00007f8375000000, 0x00007f8f0bd80000, 0x00007f8ff5000000)
  eden space 30575104K, 0% used [0x00007f8375000000,0x00007f8375000000,0x00007f8abf280000)
  from space 9024000K, 3% used [0x00007f8abf280000,0x00007f8ad20c95d8,0x00007f8ce5f00000)
  to   space 8573952K, 0% used [0x00007f8d00880000,0x00007f8d00880000,0x00007f8f0bd80000)
 ParOldGen       total 43245568K, used 25246657K [0x00007f6a75000000, 0x00007f74c4800000, 0x00007f8375000000)
  object space 43245568K, 58% used [0x00007f6a75000000,0x00007f7079ef06a0,0x00007f74c4800000)
 Metaspace       used 145160K, capacity 161449K, committed 169216K, reserved 169984K
}
Event: 1480.455 GC heap before
{Heap before GC invocations=64 (full 10):
 PSYoungGen      total 39599104K, used 30884645K [0x00007f8375000000, 0x00007f8f0bd80000, 0x00007f8ff5000000)
  eden space 30575104K, 100% used [0x00007f8375000000,0x00007f8abf280000,0x00007f8abf280000)
  from space 9024000K, 3% used [0x00007f8abf280000,0x00007f8ad20c95d8,0x00007f8ce5f00000)
  to   space 8573952K, 0% used [0x00007f8d00880000,0x00007f8d00880000,0x00007f8f0bd80000)
 ParOldGen       total 43245568K, used 25246657K [0x00007f6a75000000, 0x00007f74c4800000, 0x00007f8375000000)
  object space 43245568K, 58% used [0x00007f6a75000000,0x00007f7079ef06a0,0x00007f74c4800000)
 Metaspace       used 145246K, capacity 161536K, committed 169472K, reserved 169984K
Event: 1480.489 GC heap after
Heap after GC invocations=64 (full 10):
 PSYoungGen      total 38852096K, used 29188K [0x00007f8375000000, 0x00007f8ecf600000, 0x00007f8ff5000000)
  eden space 31268864K, 0% used [0x00007f8375000000,0x00007f8375000000,0x00007f8ae9800000)
  from space 7583232K, 0% used [0x00007f8d00880000,0x00007f8d025010a8,0x00007f8ecf600000)
  to   space 8174592K, 0% used [0x00007f8ae9800000,0x00007f8ae9800000,0x00007f8cdc700000)
 ParOldGen       total 43245568K, used 25246665K [0x00007f6a75000000, 0x00007f74c4800000, 0x00007f8375000000)
  object space 43245568K, 58% used [0x00007f6a75000000,0x00007f7079ef26a0,0x00007f74c4800000)
 Metaspace       used 145246K, capacity 161536K, committed 169472K, reserved 169984K
}
Event: 1527.992 GC heap before
{Heap before GC invocations=65 (full 10):
 PSYoungGen      total 38852096K, used 31298052K [0x00007f8375000000, 0x00007f8ecf600000, 0x00007f8ff5000000)
  eden space 31268864K, 100% used [0x00007f8375000000,0x00007f8ae9800000,0x00007f8ae9800000)
  from space 7583232K, 0% used [0x00007f8d00880000,0x00007f8d025010a8,0x00007f8ecf600000)
  to   space 8174592K, 0% used [0x00007f8ae9800000,0x00007f8ae9800000,0x00007f8cdc700000)
 ParOldGen       total 43245568K, used 25246665K [0x00007f6a75000000, 0x00007f74c4800000, 0x00007f8375000000)
  object space 43245568K, 58% used [0x00007f6a75000000,0x00007f7079ef26a0,0x00007f74c4800000)
 Metaspace       used 145359K, capacity 161735K, committed 169472K, reserved 169984K
Event: 1536.229 GC heap after
Heap after GC invocations=65 (full 10):
 PSYoungGen      total 39443456K, used 4205044K [0x00007f8375000000, 0x00007f8f82600000, 0x00007f8ff5000000)
  eden space 31268864K, 0% used [0x00007f8375000000,0x00007f8375000000,0x00007f8ae9800000)
  from space 8174592K, 51% used [0x00007f8ae9800000,0x00007f8bea27d280,0x00007f8cdc700000)
  to   space 8495616K, 0% used [0x00007f8d7bd80000,0x00007f8d7bd80000,0x00007f8f82600000)
 ParOldGen       total 51634688K, used 46218185K [0x00007f6a75000000, 0x00007f76c4880000, 0x00007f8375000000)
  object space 51634688K, 89% used [0x00007f6a75000000,0x00007f7579ef26e8,0x00007f76c4880000)
 Metaspace       used 145359K, capacity 161735K, committed 169472K, reserved 169984K
}
Event: 1536.229 GC heap before
{Heap before GC invocations=66 (full 11):
 PSYoungGen      total 39443456K, used 4205044K [0x00007f8375000000, 0x00007f8f82600000, 0x00007f8ff5000000)
  eden space 31268864K, 0% used [0x00007f8375000000,0x00007f8375000000,0x00007f8ae9800000)
  from space 8174592K, 51% used [0x00007f8ae9800000,0x00007f8bea27d280,0x00007f8cdc700000)
  to   space 8495616K, 0% used [0x00007f8d7bd80000,0x00007f8d7bd80000,0x00007f8f82600000)
 ParOldGen       total 51634688K, used 46218185K [0x00007f6a75000000, 0x00007f76c4880000, 0x00007f8375000000)
  object space 51634688K, 89% used [0x00007f6a75000000,0x00007f7579ef26e8,0x00007f76c4880000)
 Metaspace       used 145359K, capacity 161735K, committed 169472K, reserved 169984K
Event: 1538.611 GC heap after
Heap after GC invocations=66 (full 11):
 PSYoungGen      total 39443456K, used 0K [0x00007f8375000000, 0x00007f8f82600000, 0x00007f8ff5000000)
  eden space 31268864K, 0% used [0x00007f8375000000,0x00007f8375000000,0x00007f8ae9800000)
  from space 8174592K, 0% used [0x00007f8ae9800000,0x00007f8ae9800000,0x00007f8cdc700000)
  to   space 8495616K, 0% used [0x00007f8d7bd80000,0x00007f8d7bd80000,0x00007f8f82600000)
 ParOldGen       total 34336768K, used 14100197K [0x00007f6a75000000, 0x00007f72a4c00000, 0x00007f8375000000)
  object space 34336768K, 41% used [0x00007f6a75000000,0x00007f6dd19b94d8,0x00007f72a4c00000)
 Metaspace       used 144060K, capacity 158270K, committed 169472K, reserved 169984K
}
Event: 1603.850 GC heap before
{Heap before GC invocations=67 (full 11):
 PSYoungGen      total 39443456K, used 31261010K [0x00007f8375000000, 0x00007f8f82600000, 0x00007f8ff5000000)
  eden space 31268864K, 99% used [0x00007f8375000000,0x00007f8ae90548a0,0x00007f8ae9800000)
  from space 8174592K, 0% used [0x00007f8ae9800000,0x00007f8ae9800000,0x00007f8cdc700000)
  to   space 8495616K, 0% used [0x00007f8d7bd80000,0x00007f8d7bd80000,0x00007f8f82600000)
 ParOldGen       total 34336768K, used 14100197K [0x00007f6a75000000, 0x00007f72a4c00000, 0x00007f8375000000)
  object space 34336768K, 41% used [0x00007f6a75000000,0x00007f6dd19b94d8,0x00007f72a4c00000)
 Metaspace       used 144485K, capacity 158772K, committed 169728K, reserved 169984K
Event: 1603.934 GC heap after
Heap after GC invocations=67 (full 11):
 PSYoungGen      total 41291264K, used 164503K [0x00007f8375000000, 0x00007f8f53580000, 0x00007f8ff5000000)
  eden space 33566208K, 0% used [0x00007f8375000000,0x00007f8375000000,0x00007f8b75b80000)
  from space 7725056K, 2% used [0x00007f8d7bd80000,0x00007f8d85e25f18,0x00007f8f53580000)
  to   space 8107008K, 0% used [0x00007f8b75b80000,0x00007f8b75b80000,0x00007f8d64880000)
 ParOldGen       total 34336768K, used 14100205K [0x00007f6a75000000, 0x00007f72a4c00000, 0x00007f8375000000)
  object space 34336768K, 41% used [0x00007f6a75000000,0x00007f6dd19bb4d8,0x00007f72a4c00000)
 Metaspace       used 144485K, capacity 158772K, committed 169728K, reserved 169984K
}
Event: 1613.647 GC heap before
{Heap before GC invocations=68 (full 11):
 PSYoungGen      total 41291264K, used 33730711K [0x00007f8375000000, 0x00007f8f53580000, 0x00007f8ff5000000)
  eden space 33566208K, 100% used [0x00007f8375000000,0x00007f8b75b80000,0x00007f8b75b80000)
  from space 7725056K, 2% used [0x00007f8d7bd80000,0x00007f8d85e25f18,0x00007f8f53580000)
  to   space 8107008K, 0% used [0x00007f8b75b80000,0x00007f8b75b80000,0x00007f8d64880000)
 ParOldGen       total 34336768K, used 14100257K [0x00007f6a75000000, 0x00007f72a4c00000, 0x00007f8375000000)
  object space 34336768K, 41% used [0x00007f6a75000000,0x00007f6dd19c87f0,0x00007f72a4c00000)
 Metaspace       used 144521K, capacity 158791K, committed 169728K, reserved 169984K
Event: 1613.704 GC heap after
Heap after GC invocations=68 (full 11):
 PSYoungGen      total 41673216K, used 1326882K [0x00007f8375000000, 0x00007f8f85980000, 0x00007f8ff5000000)
  eden space 33566208K, 0% used [0x00007f8375000000,0x00007f8375000000,0x00007f8b75b80000)
  from space 8107008K, 16% used [0x00007f8b75b80000,0x00007f8bc6b488e0,0x00007f8d64880000)
  to   space 7515648K, 0% used [0x00007f8dbae00000,0x00007f8dbae00000,0x00007f8f85980000)
 ParOldGen       total 34336768K, used 14100265K [0x00007f6a75000000, 0x00007f72a4c00000, 0x00007f8375000000)
  object space 34336768K, 41% used [0x00007f6a75000000,0x00007f6dd19ca7f0,0x00007f72a4c00000)
 Metaspace       used 144521K, capacity 158791K, committed 169728K, reserved 169984K
}
Event: 1677.783 GC heap before
{Heap before GC invocations=69 (full 11):
 PSYoungGen      total 41673216K, used 34866767K [0x00007f8375000000, 0x00007f8f85980000, 0x00007f8ff5000000)
  eden space 33566208K, 99% used [0x00007f8375000000,0x00007f8b741cb4e8,0x00007f8b75b80000)
  from space 8107008K, 16% used [0x00007f8b75b80000,0x00007f8bc6b488e0,0x00007f8d64880000)
  to   space 7515648K, 0% used [0x00007f8dbae00000,0x00007f8dbae00000,0x00007f8f85980000)
 ParOldGen       total 34336768K, used 18229035K [0x00007f6a75000000, 0x00007f72a4c00000, 0x00007f8375000000)
  object space 34336768K, 53% used [0x00007f6a75000000,0x00007f6ecd9cadd8,0x00007f72a4c00000)
 Metaspace       used 144621K, capacity 158848K, committed 169728K, reserved 169984K
Event: 1678.515 GC heap after
Heap after GC invocations=69 (full 11):
 PSYoungGen      total 41509376K, used 7476064K [0x00007f8375000000, 0x00007f8ff5000000, 0x00007f8ff5000000)
  eden space 33993728K, 0% used [0x00007f8375000000,0x00007f8375000000,0x00007f8b8fd00000)
  from space 7515648K, 99% used [0x00007f8dbae00000,0x00007f8f832d8108,0x00007f8f85980000)
  to   space 9094144K, 0% used [0x00007f8b8fd00000,0x00007f8b8fd00000,0x00007f8dbae00000)
 ParOldGen       total 34336768K, used 25765678K [0x00007f6a75000000, 0x00007f72a4c00000, 0x00007f8375000000)
  object space 34336768K, 75% used [0x00007f6a75000000,0x00007f70999cb8a0,0x00007f72a4c00000)
 Metaspace       used 144621K, capacity 158848K, committed 169728K, reserved 169984K
}
Event: 1678.515 GC heap before
{Heap before GC invocations=70 (full 12):
 PSYoungGen      total 41509376K, used 7476064K [0x00007f8375000000, 0x00007f8ff5000000, 0x00007f8ff5000000)
  eden space 33993728K, 0% used [0x00007f8375000000,0x00007f8375000000,0x00007f8b8fd00000)
  from space 7515648K, 99% used [0x00007f8dbae00000,0x00007f8f832d8108,0x00007f8f85980000)
  to   space 9094144K, 0% used [0x00007f8b8fd00000,0x00007f8b8fd00000,0x00007f8dbae00000)
 ParOldGen       total 34336768K, used 25765678K [0x00007f6a75000000, 0x00007f72a4c00000, 0x00007f8375000000)
  object space 34336768K, 75% used [0x00007f6a75000000,0x00007f70999cb8a0,0x00007f72a4c00000)
 Metaspace       used 144621K, capacity 158848K, committed 169728K, reserved 169984K
Event: 1679.758 GC heap after
Heap after GC invocations=70 (full 12):
 PSYoungGen      total 41509376K, used 0K [0x00007f8375000000, 0x00007f8ff5000000, 0x00007f8ff5000000)
  eden space 33993728K, 0% used [0x00007f8375000000,0x00007f8375000000,0x00007f8b8fd00000)
  from space 7515648K, 0% used [0x00007f8dbae00000,0x00007f8dbae00000,0x00007f8f85980000)
  to   space 9094144K, 0% used [0x00007f8b8fd00000,0x00007f8b8fd00000,0x00007f8dbae00000)
 ParOldGen       total 46160896K, used 24718167K [0x00007f6a75000000, 0x00007f7576700000, 0x00007f8375000000)
  object space 46160896K, 53% used [0x00007f6a75000000,0x00007f7059ad5f70,0x00007f7576700000)
 Metaspace       used 144607K, capacity 158808K, committed 169728K, reserved 169984K
}
Event: 1713.397 GC heap before
{Heap before GC invocations=71 (full 12):
 PSYoungGen      total 41509376K, used 33938107K [0x00007f8375000000, 0x00007f8ff5000000, 0x00007f8ff5000000)
  eden space 33993728K, 99% used [0x00007f8375000000,0x00007f8b8c6aeef0,0x00007f8b8fd00000)
  from space 7515648K, 0% used [0x00007f8dbae00000,0x00007f8dbae00000,0x00007f8f85980000)
  to   space 9094144K, 0% used [0x00007f8b8fd00000,0x00007f8b8fd00000,0x00007f8dbae00000)
 ParOldGen       total 46160896K, used 24718167K [0x00007f6a75000000, 0x00007f7576700000, 0x00007f8375000000)
  object space 46160896K, 53% used [0x00007f6a75000000,0x00007f7059ad5f70,0x00007f7576700000)
 Metaspace       used 144615K, capacity 158812K, committed 169728K, reserved 169984K
Event: 1719.417 GC heap after
Heap after GC invocations=71 (full 12):
 PSYoungGen      total 43038720K, used 9044832K [0x00007f8375000000, 0x00007f8ff5000000, 0x00007f8ff5000000)
  eden space 33993728K, 0% used [0x00007f8375000000,0x00007f8375000000,0x00007f8b8fd00000)
  from space 9044992K, 99% used [0x00007f8b8fd00000,0x00007f8db7dd81f8,0x00007f8db7e00000)
  to   space 9390080K, 0% used [0x00007f8db7e00000,0x00007f8db7e00000,0x00007f8ff5000000)
 ParOldGen       total 49133056K, used 49097565K [0x00007f6a75000000, 0x00007f762bd80000, 0x00007f8375000000)
  object space 49133056K, 99% used [0x00007f6a75000000,0x00007f7629ad7668,0x00007f762bd80000)
 Metaspace       used 144615K, capacity 158812K, committed 169728K, reserved 169984K
}
Event: 1719.417 GC heap before
{Heap before GC invocations=72 (full 13):
 PSYoungGen      total 43038720K, used 9044832K [0x00007f8375000000, 0x00007f8ff5000000, 0x00007f8ff5000000)
  eden space 33993728K, 0% used [0x00007f8375000000,0x00007f8375000000,0x00007f8b8fd00000)
  from space 9044992K, 99% used [0x00007f8b8fd00000,0x00007f8db7dd81f8,0x00007f8db7e00000)
  to   space 9390080K, 0% used [0x00007f8db7e00000,0x00007f8db7e00000,0x00007f8ff5000000)
 ParOldGen       total 49133056K, used 49097565K [0x00007f6a75000000, 0x00007f762bd80000, 0x00007f8375000000)
  object space 49133056K, 99% used [0x00007f6a75000000,0x00007f7629ad7668,0x00007f762bd80000)
 Metaspace       used 144615K, capacity 158812K, committed 169728K, reserved 169984K
Event: 1723.033 GC heap after
Heap after GC invocations=72 (full 13):
 PSYoungGen      total 43038720K, used 524409K [0x00007f8375000000, 0x00007f8ff5000000, 0x00007f8ff5000000)
  eden space 33993728K, 0% used [0x00007f8375000000,0x00007f8375000000,0x00007f8b8fd00000)
  from space 9044992K, 5% used [0x00007f8b8fd00000,0x00007f8bafd1e5b0,0x00007f8db7e00000)
  to   space 9390080K, 0% used [0x00007f8db7e00000,0x00007f8db7e00000,0x00007f8ff5000000)
 ParOldGen       total 78569472K, used 49093996K [0x00007f6a75000000, 0x00007f7d30800000, 0x00007f8375000000)
  object space 78569472K, 62% used [0x00007f6a75000000,0x00007f762975b250,0x00007f7d30800000)
 Metaspace       used 144615K, capacity 158812K, committed 169728K, reserved 169984K
}
Event: 1803.907 GC heap before
{Heap before GC invocations=73 (full 13):
 PSYoungGen      total 43038720K, used 21112583K [0x00007f8375000000, 0x00007f8ff5000000, 0x00007f8ff5000000)
  eden space 33993728K, 60% used [0x00007f8375000000,0x00007f885d9a3808,0x00007f8b8fd00000)
  from space 9044992K, 5% used [0x00007f8b8fd00000,0x00007f8bafd1e5b0,0x00007f8db7e00000)
  to   space 9390080K, 0% used [0x00007f8db7e00000,0x00007f8db7e00000,0x00007f8ff5000000)
 ParOldGen       total 78569472K, used 49093996K [0x00007f6a75000000, 0x00007f7d30800000, 0x00007f8375000000)
  object space 78569472K, 62% used [0x00007f6a75000000,0x00007f762975b250,0x00007f7d30800000)
 Metaspace       used 144636K, capacity 158884K, committed 169984K, reserved 169984K
Event: 1804.071 GC heap after
Heap after GC invocations=73 (full 13):
 PSYoungGen      total 40753152K, used 525952K [0x00007f8375000000, 0x00007f8ff5000000, 0x00007f8ff5000000)
  eden space 31363072K, 0% used [0x00007f8375000000,0x00007f8375000000,0x00007f8aef400000)
  from space 9390080K, 5% used [0x00007f8db7e00000,0x00007f8dd7fa01c8,0x00007f8ff5000000)
  to   space 10532864K, 0% used [0x00007f8aef400000,0x00007f8aef400000,0x00007f8d72200000)
 ParOldGen       total 78569472K, used 49093996K [0x00007f6a75000000, 0x00007f7d30800000, 0x00007f8375000000)
  object space 78569472K, 62% used [0x00007f6a75000000,0x00007f762975b250,0x00007f7d30800000)
 Metaspace       used 144636K, capacity 158884K, committed 169984K, reserved 169984K
}
Event: 1804.071 GC heap before
{Heap before GC invocations=74 (full 14):
 PSYoungGen      total 40753152K, used 525952K [0x00007f8375000000, 0x00007f8ff5000000, 0x00007f8ff5000000)
  eden space 31363072K, 0% used [0x00007f8375000000,0x00007f8375000000,0x00007f8aef400000)
  from space 9390080K, 5% used [0x00007f8db7e00000,0x00007f8dd7fa01c8,0x00007f8ff5000000)
  to   space 10532864K, 0% used [0x00007f8aef400000,0x00007f8aef400000,0x00007f8d72200000)
 ParOldGen       total 78569472K, used 49093996K [0x00007f6a75000000, 0x00007f7d30800000, 0x00007f8375000000)
  object space 78569472K, 62% used [0x00007f6a75000000,0x00007f762975b250,0x00007f7d30800000)
 Metaspace       used 144636K, capacity 158884K, committed 169984K, reserved 169984K
Event: 1804.527 GC heap after
Heap after GC invocations=74 (full 14):
 PSYoungGen      total 40753152K, used 0K [0x00007f8375000000, 0x00007f8ff5000000, 0x00007f8ff5000000)
  eden space 31363072K, 0% used [0x00007f8375000000,0x00007f8375000000,0x00007f8aef400000)
  from space 9390080K, 0% used [0x00007f8db7e00000,0x00007f8db7e00000,0x00007f8ff5000000)
  to   space 10532864K, 0% used [0x00007f8aef400000,0x00007f8aef400000,0x00007f8d72200000)
 ParOldGen       total 78569472K, used 72053K [0x00007f6a75000000, 0x00007f7d30800000, 0x00007f8375000000)
  object space 78569472K, 0% used [0x00007f6a75000000,0x00007f6a7965d580,0x00007f7d30800000)
 Metaspace       used 144636K, capacity 158884K, committed 169984K, reserved 169984K
}
Event: 1847.799 GC heap before
{Heap before GC invocations=75 (full 14):
 PSYoungGen      total 40753152K, used 31363072K [0x00007f8375000000, 0x00007f8ff5000000, 0x00007f8ff5000000)
  eden space 31363072K, 100% used [0x00007f8375000000,0x00007f8aef400000,0x00007f8aef400000)
  from space 9390080K, 0% used [0x00007f8db7e00000,0x00007f8db7e00000,0x00007f8ff5000000)
  to   space 10532864K, 0% used [0x00007f8aef400000,0x00007f8aef400000,0x00007f8d72200000)
 ParOldGen       total 78569472K, used 72373K [0x00007f6a75000000, 0x00007f7d30800000, 0x00007f8375000000)
  object space 78569472K, 0% used [0x00007f6a75000000,0x00007f6a796ad760,0x00007f7d30800000)
 Metaspace       used 145062K, capacity 159374K, committed 170240K, reserved 172032K
Event: 1847.839 GC heap after
Heap after GC invocations=75 (full 14):
 PSYoungGen      total 41895936K, used 1305778K [0x00007f8375000000, 0x00007f8ff5000000, 0x00007f8ff5000000)
  eden space 31363072K, 0% used [0x00007f8375000000,0x00007f8375000000,0x00007f8aef400000)
  from space 10532864K, 12% used [0x00007f8aef400000,0x00007f8b3ef2cab8,0x00007f8d72200000)
  to   space 9973248K, 0% used [0x00007f8d94480000,0x00007f8d94480000,0x00007f8ff5000000)
 ParOldGen       total 78569472K, used 72381K [0x00007f6a75000000, 0x00007f7d30800000, 0x00007f8375000000)
  object space 78569472K, 0% used [0x00007f6a75000000,0x00007f6a796af760,0x00007f7d30800000)
 Metaspace       used 145062K, capacity 159374K, committed 170240K, reserved 172032K
}
Event: 1897.475 GC heap before
{Heap before GC invocations=76 (full 14):
 PSYoungGen      total 41895936K, used 32658615K [0x00007f8375000000, 0x00007f8ff5000000, 0x00007f8ff5000000)
  eden space 31363072K, 99% used [0x00007f8375000000,0x00007f8aeea014c8,0x00007f8aef400000)
  from space 10532864K, 12% used [0x00007f8aef400000,0x00007f8b3ef2cab8,0x00007f8d72200000)
  to   space 9973248K, 0% used [0x00007f8d94480000,0x00007f8d94480000,0x00007f8ff5000000)
 ParOldGen       total 78569472K, used 7805631K [0x00007f6a75000000, 0x00007f7d30800000, 0x00007f8375000000)
  object space 78569472K, 9% used [0x00007f6a75000000,0x00007f6c516afc88,0x00007f7d30800000)
 Metaspace       used 145714K, capacity 160242K, committed 170496K, reserved 172032K
Event: 1897.840 GC heap after
Heap after GC invocations=76 (full 14):
 PSYoungGen      total 38450688K, used 9943125K [0x00007f8375000000, 0x00007f8ff5000000, 0x00007f8ff5000000)
  eden space 28477440K, 0% used [0x00007f8375000000,0x00007f8375000000,0x00007f8a3f200000)
  from space 9973248K, 99% used [0x00007f8d94480000,0x00007f8ff3295798,0x00007f8ff5000000)
  to   space 11975680K, 0% used [0x00007f8a3f200000,0x00007f8a3f200000,0x00007f8d1a100000)
 ParOldGen       total 78569472K, used 8264391K [0x00007f6a75000000, 0x00007f7d30800000, 0x00007f8375000000)
  object space 78569472K, 10% used [0x00007f6a75000000,0x00007f6c6d6b1d30,0x00007f7d30800000)
 Metaspace       used 145714K, capacity 160242K, committed 170496K, reserved 172032K
}
Event: 1938.698 GC heap before
{Heap before GC invocations=77 (full 14):
 PSYoungGen      total 38450688K, used 37272211K [0x00007f8375000000, 0x00007f8ff5000000, 0x00007f8ff5000000)
  eden space 28477440K, 95% used [0x00007f8375000000,0x00007f89f908f568,0x00007f8a3f200000)
  from space 9973248K, 99% used [0x00007f8d94480000,0x00007f8ff3295798,0x00007f8ff5000000)
  to   space 11975680K, 0% used [0x00007f8a3f200000,0x00007f8a3f200000,0x00007f8d1a100000)
 ParOldGen       total 78569472K, used 8264391K [0x00007f6a75000000, 0x00007f7d30800000, 0x00007f8375000000)
  object space 78569472K, 10% used [0x00007f6a75000000,0x00007f6c6d6b1d30,0x00007f7d30800000)
 Metaspace       used 146461K, capacity 161090K, committed 171264K, reserved 172032K
Event: 1941.314 GC heap after
Heap after GC invocations=77 (full 14):
 PSYoungGen      total 40436224K, used 11958526K [0x00007f8375000000, 0x00007f8ff5000000, 0x00007f8ff5000000)
  eden space 28477440K, 0% used [0x00007f8375000000,0x00007f8375000000,0x00007f8a3f200000)
  from space 11958784K, 99% used [0x00007f8a3f200000,0x00007f8d1903fb40,0x00007f8d19080000)
  to   space 11992576K, 0% used [0x00007f8d19080000,0x00007f8d19080000,0x00007f8ff5000000)
 ParOldGen       total 78569472K, used 38738636K [0x00007f6a75000000, 0x00007f7d30800000, 0x00007f8375000000)
  object space 78569472K, 49% used [0x00007f6a75000000,0x00007f73b16b30f8,0x00007f7d30800000)
 Metaspace       used 146461K, capacity 161090K, committed 171264K, reserved 172032K
}
Event: 1960.182 GC heap before
{Heap before GC invocations=78 (full 14):
 PSYoungGen      total 40436224K, used 35670199K [0x00007f8375000000, 0x00007f8ff5000000, 0x00007f8ff5000000)
  eden space 28477440K, 83% used [0x00007f8375000000,0x00007f891c3ee490,0x00007f8a3f200000)
  from space 11958784K, 99% used [0x00007f8a3f200000,0x00007f8d1903fb40,0x00007f8d19080000)
  to   space 11992576K, 0% used [0x00007f8d19080000,0x00007f8d19080000,0x00007f8ff5000000)
 ParOldGen       total 78569472K, used 38738636K [0x00007f6a75000000, 0x00007f7d30800000, 0x00007f8375000000)
  object space 78569472K, 49% used [0x00007f6a75000000,0x00007f73b16b30f8,0x00007f7d30800000)
 Metaspace       used 146461K, capacity 161090K, committed 171264K, reserved 172032K

