# JRE version: OpenJDK Runtime Environment (8.0_292-b10) (build 1.8.0_292-8u292-b10-0ubuntu1~20.04-b10)
# Java VM: OpenJDK 64-Bit Server VM (25.292-b10 mixed mode linux-amd64 )
Heap:
 PSYoungGen      total 25452544K, used 0K [0x00007f5322580000, 0x00007f59cd000000, 0x00007f59cd000000)
  eden space 23909888K, 0% used [0x00007f5322580000,0x00007f5322580000,0x00007f58d5b00000)
  from space 1542656K, 0% used [0x00007f596ed80000,0x00007f596ed80000,0x00007f59cd000000)
  to   space 2025984K, 0% used [0x00007f58d5b00000,0x00007f58d5b00000,0x00007f5951580000)
 ParOldGen       total 36626944K, used 32198753K [0x00007f45cd000000, 0x00007f4e88880000, 0x00007f5322580000)
  object space 36626944K, 87% used [0x00007f45cd000000,0x00007f4d7a418798,0x00007f4e88880000)
 Metaspace       used 129988K, capacity 142390K, committed 156416K, reserved 157696K
GC Heap History (10 events):
Event: 665.083 GC heap after
Heap after GC invocations=51 (full 7):
 PSYoungGen      total 26272768K, used 1107153K [0x00007f5322580000, 0x00007f59cd000000, 0x00007f59cd000000)
  eden space 24883712K, 0% used [0x00007f5322580000,0x00007f5322580000,0x00007f5911200000)
  from space 1389056K, 79% used [0x00007f596fa00000,0x00007f59b3334710,0x00007f59c4680000)
  to   space 1539072K, 0% used [0x00007f5911200000,0x00007f5911200000,0x00007f596f100000)
 ParOldGen       total 6391296K, used 2918549K [0x00007f45cd000000, 0x00007f4753180000, 0x00007f5322580000)
  object space 6391296K, 45% used [0x00007f45cd000000,0x00007f467f225608,0x00007f4753180000)
 Metaspace       used 128733K, capacity 141025K, committed 155392K, reserved 155648K
}
Event: 672.575 GC heap before
{Heap before GC invocations=52 (full 7):
 PSYoungGen      total 26272768K, used 25946033K [0x00007f5322580000, 0x00007f59cd000000, 0x00007f59cd000000)
  eden space 24883712K, 99% used [0x00007f5322580000,0x00007f590e637d80,0x00007f5911200000)
  from space 1389056K, 79% used [0x00007f596fa00000,0x00007f59b3334710,0x00007f59c4680000)
  to   space 1539072K, 0% used [0x00007f5911200000,0x00007f5911200000,0x00007f596f100000)
 ParOldGen       total 6391296K, used 3049621K [0x00007f45cd000000, 0x00007f4753180000, 0x00007f5322580000)
  object space 6391296K, 47% used [0x00007f45cd000000,0x00007f4687225638,0x00007f4753180000)
 Metaspace       used 130511K, capacity 143508K, committed 156416K, reserved 157696K
Event: 672.911 GC heap after
Heap after GC invocations=52 (full 7):
 PSYoungGen      total 26419200K, used 1535070K [0x00007f5322580000, 0x00007f59cd000000, 0x00007f59cd000000)
  eden space 24883712K, 0% used [0x00007f5322580000,0x00007f5322580000,0x00007f5911200000)
  from space 1535488K, 99% used [0x00007f5911200000,0x00007f596ed17930,0x00007f596ed80000)
  to   space 1542656K, 0% used [0x00007f596ed80000,0x00007f596ed80000,0x00007f59cd000000)
 ParOldGen       total 6391296K, used 6260894K [0x00007f45cd000000, 0x00007f4753180000, 0x00007f5322580000)
  object space 6391296K, 97% used [0x00007f45cd000000,0x00007f474b227b48,0x00007f4753180000)
 Metaspace       used 130511K, capacity 143508K, committed 156416K, reserved 157696K
}
Event: 672.911 GC heap before
{Heap before GC invocations=53 (full 8):
 PSYoungGen      total 26419200K, used 1535070K [0x00007f5322580000, 0x00007f59cd000000, 0x00007f59cd000000)
  eden space 24883712K, 0% used [0x00007f5322580000,0x00007f5322580000,0x00007f5911200000)
  from space 1535488K, 99% used [0x00007f5911200000,0x00007f596ed17930,0x00007f596ed80000)
  to   space 1542656K, 0% used [0x00007f596ed80000,0x00007f596ed80000,0x00007f59cd000000)
 ParOldGen       total 6391296K, used 6260894K [0x00007f45cd000000, 0x00007f4753180000, 0x00007f5322580000)
  object space 6391296K, 97% used [0x00007f45cd000000,0x00007f474b227b48,0x00007f4753180000)
 Metaspace       used 130511K, capacity 143508K, committed 156416K, reserved 157696K
Event: 673.353 GC heap after
Heap after GC invocations=53 (full 8):
 PSYoungGen      total 26419200K, used 0K [0x00007f5322580000, 0x00007f59cd000000, 0x00007f59cd000000)
  eden space 24883712K, 0% used [0x00007f5322580000,0x00007f5322580000,0x00007f5911200000)
  from space 1535488K, 0% used [0x00007f5911200000,0x00007f5911200000,0x00007f596ed80000)
  to   space 1542656K, 0% used [0x00007f596ed80000,0x00007f596ed80000,0x00007f59cd000000)
 ParOldGen       total 9704960K, used 4306024K [0x00007f45cd000000, 0x00007f481d580000, 0x00007f5322580000)
  object space 9704960K, 44% used [0x00007f45cd000000,0x00007f46d3d1a300,0x00007f481d580000)
 Metaspace       used 129844K, capacity 142243K, committed 156416K, reserved 157696K
}
Event: 681.188 GC heap before
{Heap before GC invocations=54 (full 9):
 PSYoungGen      total 26419200K, used 24883712K [0x00007f5322580000, 0x00007f59cd000000, 0x00007f59cd000000)
  eden space 24883712K, 100% used [0x00007f5322580000,0x00007f5911200000,0x00007f5911200000)
  from space 1535488K, 0% used [0x00007f5911200000,0x00007f5911200000,0x00007f596ed80000)
  to   space 1542656K, 0% used [0x00007f596ed80000,0x00007f596ed80000,0x00007f59cd000000)
 ParOldGen       total 14372864K, used 14333034K [0x00007f45cd000000, 0x00007f493a400000, 0x00007f5322580000)
  object space 14372864K, 99% used [0x00007f45cd000000,0x00007f4937d1ab98,0x00007f493a400000)
 Metaspace       used 129857K, capacity 142243K, committed 156416K, reserved 157696K
Event: 687.357 GC heap after
Heap after GC invocations=54 (full 9):
 PSYoungGen      total 26419200K, used 10879188K [0x00007f5322580000, 0x00007f59cd000000, 0x00007f59cd000000)
  eden space 24883712K, 43% used [0x00007f5322580000,0x00007f55ba5b5268,0x00007f5911200000)
  from space 1535488K, 0% used [0x00007f5911200000,0x00007f5911200000,0x00007f596ed80000)
  to   space 1542656K, 0% used [0x00007f596ed80000,0x00007f596ed80000,0x00007f59cd000000)
 ParOldGen       total 20509184K, used 14368212K [0x00007f45cd000000, 0x00007f4ab0c80000, 0x00007f5322580000)
  object space 20509184K, 70% used [0x00007f45cd000000,0x00007f4939f75350,0x00007f4ab0c80000)
 Metaspace       used 129857K, capacity 142243K, committed 156416K, reserved 157696K
}
Event: 690.008 GC heap before
{Heap before GC invocations=55 (full 9):
 PSYoungGen      total 26419200K, used 24883712K [0x00007f5322580000, 0x00007f59cd000000, 0x00007f59cd000000)
  eden space 24883712K, 100% used [0x00007f5322580000,0x00007f5911200000,0x00007f5911200000)
  from space 1535488K, 0% used [0x00007f5911200000,0x00007f5911200000,0x00007f596ed80000)
  to   space 1542656K, 0% used [0x00007f596ed80000,0x00007f596ed80000,0x00007f59cd000000)
 ParOldGen       total 20509184K, used 14368245K [0x00007f45cd000000, 0x00007f4ab0c80000, 0x00007f5322580000)
  object space 20509184K, 70% used [0x00007f45cd000000,0x00007f4939f7d4e8,0x00007f4ab0c80000)
 Metaspace       used 129988K, capacity 142390K, committed 156416K, reserved 157696K
Event: 852.426 GC heap after
Heap after GC invocations=55 (full 9):
 PSYoungGen      total 25452544K, used 1512540K [0x00007f5322580000, 0x00007f59cd000000, 0x00007f59cd000000)
  eden space 23909888K, 0% used [0x00007f5322580000,0x00007f5322580000,0x00007f58d5b00000)
  from space 1542656K, 98% used [0x00007f596ed80000,0x00007f59cb2970d0,0x00007f59cd000000)
  to   space 2025984K, 0% used [0x00007f58d5b00000,0x00007f58d5b00000,0x00007f5951580000)
 ParOldGen       total 36626944K, used 36584960K [0x00007f45cd000000, 0x00007f4e88880000, 0x00007f5322580000)
  object space 36626944K, 99% used [0x00007f45cd000000,0x00007f4e85f803b8,0x00007f4e88880000)
 Metaspace       used 129988K, capacity 142390K, committed 156416K, reserved 157696K
}
Event: 852.459 GC heap before
{Heap before GC invocations=56 (full 10):
 PSYoungGen      total 25452544K, used 1512540K [0x00007f5322580000, 0x00007f59cd000000, 0x00007f59cd000000)
  eden space 23909888K, 0% used [0x00007f5322580000,0x00007f5322580000,0x00007f58d5b00000)
  from space 1542656K, 98% used [0x00007f596ed80000,0x00007f59cb2970d0,0x00007f59cd000000)
  to   space 2025984K, 0% used [0x00007f58d5b00000,0x00007f58d5b00000,0x00007f5951580000)
 ParOldGen       total 36626944K, used 36584960K [0x00007f45cd000000, 0x00007f4e88880000, 0x00007f5322580000)
  object space 36626944K, 99% used [0x00007f45cd000000,0x00007f4e85f803b8,0x00007f4e88880000)
 Metaspace       used 129988K, capacity 142390K, committed 156416K, reserved 157696K

