# JRE version: OpenJDK Runtime Environment (8.0_292-b10) (build 1.8.0_292-8u292-b10-0ubuntu1~20.04-b10)
# Java VM: OpenJDK 64-Bit Server VM (25.292-b10 mixed mode linux-amd64 )
Heap:
 PSYoungGen      total 21425152K, used 17743K [0x00007fc20e580000, 0x00007fc760000000, 0x00007fc8b9000000)
  eden space 20540928K, 0% used [0x00007fc20e580000,0x00007fc20e580000,0x00007fc6f4100000)
  from space 884224K, 2% used [0x00007fc6f4100000,0x00007fc6f5253f68,0x00007fc72a080000)
  to   space 674816K, 0% used [0x00007fc736d00000,0x00007fc736d00000,0x00007fc760000000)
 ParOldGen       total 6111232K, used 1947534K [0x00007fb4b9000000, 0x00007fb62e000000, 0x00007fc20e580000)
  object space 6111232K, 31% used [0x00007fb4b9000000,0x00007fb52fde39f0,0x00007fb62e000000)
 Metaspace       used 132528K, capacity 145869K, committed 151808K, reserved 153600K
GC Heap History (10 events):
Event: 128.305 GC heap after
Heap after GC invocations=37 (full 7):
 PSYoungGen      total 16580096K, used 9102K [0x00007fc20e580000, 0x00007fc650680000, 0x00007fc8b9000000)
  eden space 15664128K, 0% used [0x00007fc20e580000,0x00007fc20e580000,0x00007fc5ca680000)
  from space 915968K, 0% used [0x00007fc618800000,0x00007fc6190e3a00,0x00007fc650680000)
  to   space 1097728K, 0% used [0x00007fc5ca680000,0x00007fc5ca680000,0x00007fc60d680000)
 ParOldGen       total 6111232K, used 1923911K [0x00007fb4b9000000, 0x00007fb62e000000, 0x00007fc20e580000)
  object space 6111232K, 31% used [0x00007fb4b9000000,0x00007fb52e6d1ce0,0x00007fb62e000000)
 Metaspace       used 132509K, capacity 145869K, committed 151808K, reserved 153600K
}
Event: 134.623 GC heap before
{Heap before GC invocations=38 (full 7):
 PSYoungGen      total 16580096K, used 15673230K [0x00007fc20e580000, 0x00007fc650680000, 0x00007fc8b9000000)
  eden space 15664128K, 100% used [0x00007fc20e580000,0x00007fc5ca680000,0x00007fc5ca680000)
  from space 915968K, 0% used [0x00007fc618800000,0x00007fc6190e3a00,0x00007fc650680000)
  to   space 1097728K, 0% used [0x00007fc5ca680000,0x00007fc5ca680000,0x00007fc60d680000)
 ParOldGen       total 6111232K, used 1923911K [0x00007fb4b9000000, 0x00007fb62e000000, 0x00007fc20e580000)
  object space 6111232K, 31% used [0x00007fb4b9000000,0x00007fb52e6d1ce0,0x00007fb62e000000)
 Metaspace       used 132512K, capacity 145869K, committed 151808K, reserved 153600K
Event: 134.637 GC heap after
Heap after GC invocations=38 (full 7):
 PSYoungGen      total 16761856K, used 9998K [0x00007fc20e580000, 0x00007fc6f5c00000, 0x00007fc8b9000000)
  eden space 15664128K, 0% used [0x00007fc20e580000,0x00007fc20e580000,0x00007fc5ca680000)
  from space 1097728K, 0% used [0x00007fc5ca680000,0x00007fc5cb0439e0,0x00007fc60d680000)
  to   space 1044480K, 0% used [0x00007fc6b6000000,0x00007fc6b6000000,0x00007fc6f5c00000)
 ParOldGen       total 6111232K, used 1927559K [0x00007fb4b9000000, 0x00007fb62e000000, 0x00007fc20e580000)
  object space 6111232K, 31% used [0x00007fb4b9000000,0x00007fb52ea61ce0,0x00007fb62e000000)
 Metaspace       used 132512K, capacity 145869K, committed 151808K, reserved 153600K
}
Event: 135.189 GC heap before
{Heap before GC invocations=39 (full 7):
 PSYoungGen      total 16761856K, used 15674126K [0x00007fc20e580000, 0x00007fc6f5c00000, 0x00007fc8b9000000)
  eden space 15664128K, 100% used [0x00007fc20e580000,0x00007fc5ca680000,0x00007fc5ca680000)
  from space 1097728K, 0% used [0x00007fc5ca680000,0x00007fc5cb0439e0,0x00007fc60d680000)
  to   space 1044480K, 0% used [0x00007fc6b6000000,0x00007fc6b6000000,0x00007fc6f5c00000)
 ParOldGen       total 6111232K, used 1927559K [0x00007fb4b9000000, 0x00007fb62e000000, 0x00007fc20e580000)
  object space 6111232K, 31% used [0x00007fb4b9000000,0x00007fb52ea61ce0,0x00007fb62e000000)
 Metaspace       used 132518K, capacity 145869K, committed 151808K, reserved 153600K
Event: 135.204 GC heap after
Heap after GC invocations=39 (full 7):
 PSYoungGen      total 19174912K, used 11926K [0x00007fc20e580000, 0x00007fc6e7d80000, 0x00007fc8b9000000)
  eden space 18358272K, 0% used [0x00007fc20e580000,0x00007fc20e580000,0x00007fc66ed80000)
  from space 816640K, 1% used [0x00007fc6b6000000,0x00007fc6b6ba5b78,0x00007fc6e7d80000)
  to   space 991232K, 0% used [0x00007fc66ed80000,0x00007fc66ed80000,0x00007fc6ab580000)
 ParOldGen       total 6111232K, used 1931935K [0x00007fb4b9000000, 0x00007fb62e000000, 0x00007fc20e580000)
  object space 6111232K, 31% used [0x00007fb4b9000000,0x00007fb52eea7ce0,0x00007fb62e000000)
 Metaspace       used 132518K, capacity 145869K, committed 151808K, reserved 153600K
}
Event: 144.510 GC heap before
{Heap before GC invocations=40 (full 7):
 PSYoungGen      total 19174912K, used 18370198K [0x00007fc20e580000, 0x00007fc6e7d80000, 0x00007fc8b9000000)
  eden space 18358272K, 100% used [0x00007fc20e580000,0x00007fc66ed80000,0x00007fc66ed80000)
  from space 816640K, 1% used [0x00007fc6b6000000,0x00007fc6b6ba5b78,0x00007fc6e7d80000)
  to   space 991232K, 0% used [0x00007fc66ed80000,0x00007fc66ed80000,0x00007fc6ab580000)
 ParOldGen       total 6111232K, used 1931935K [0x00007fb4b9000000, 0x00007fb62e000000, 0x00007fc20e580000)
  object space 6111232K, 31% used [0x00007fb4b9000000,0x00007fb52eea7ce0,0x00007fb62e000000)
 Metaspace       used 132525K, capacity 145869K, committed 151808K, reserved 153600K
Event: 144.659 GC heap after
Heap after GC invocations=40 (full 7):
 PSYoungGen      total 19349504K, used 19421K [0x00007fc20e580000, 0x00007fc76ff80000, 0x00007fc8b9000000)
  eden space 18358272K, 0% used [0x00007fc20e580000,0x00007fc20e580000,0x00007fc66ed80000)
  from space 991232K, 1% used [0x00007fc66ed80000,0x00007fc6700775c8,0x00007fc6ab580000)
  to   space 936448K, 0% used [0x00007fc736d00000,0x00007fc736d00000,0x00007fc76ff80000)
 ParOldGen       total 6111232K, used 1937575K [0x00007fb4b9000000, 0x00007fb62e000000, 0x00007fc20e580000)
  object space 6111232K, 31% used [0x00007fb4b9000000,0x00007fb52f429ec0,0x00007fb62e000000)
 Metaspace       used 132525K, capacity 145869K, committed 151808K, reserved 153600K
}
Event: 145.222 GC heap before
{Heap before GC invocations=41 (full 7):
 PSYoungGen      total 19349504K, used 18377693K [0x00007fc20e580000, 0x00007fc76ff80000, 0x00007fc8b9000000)
  eden space 18358272K, 100% used [0x00007fc20e580000,0x00007fc66ed80000,0x00007fc66ed80000)
  from space 991232K, 1% used [0x00007fc66ed80000,0x00007fc6700775c8,0x00007fc6ab580000)
  to   space 936448K, 0% used [0x00007fc736d00000,0x00007fc736d00000,0x00007fc76ff80000)
 ParOldGen       total 6111232K, used 1937575K [0x00007fb4b9000000, 0x00007fb62e000000, 0x00007fc20e580000)
  object space 6111232K, 31% used [0x00007fb4b9000000,0x00007fb52f429ec0,0x00007fb62e000000)
 Metaspace       used 132525K, capacity 145869K, committed 151808K, reserved 153600K
Event: 145.231 GC heap after
Heap after GC invocations=41 (full 7):
 PSYoungGen      total 21215744K, used 13920K [0x00007fc20e580000, 0x00007fc760000000, 0x00007fc8b9000000)
  eden space 20540928K, 0% used [0x00007fc20e580000,0x00007fc20e580000,0x00007fc6f4100000)
  from space 674816K, 2% used [0x00007fc736d00000,0x00007fc737a98148,0x00007fc760000000)
  to   space 884224K, 0% used [0x00007fc6f4100000,0x00007fc6f4100000,0x00007fc72a080000)
 ParOldGen       total 6111232K, used 1947534K [0x00007fb4b9000000, 0x00007fb62e000000, 0x00007fc20e580000)
  object space 6111232K, 31% used [0x00007fb4b9000000,0x00007fb52fde39f0,0x00007fb62e000000)
 Metaspace       used 132525K, capacity 145869K, committed 151808K, reserved 153600K
}
Event: 159.149 GC heap before
{Heap before GC invocations=42 (full 7):
 PSYoungGen      total 21215744K, used 20554848K [0x00007fc20e580000, 0x00007fc760000000, 0x00007fc8b9000000)
  eden space 20540928K, 100% used [0x00007fc20e580000,0x00007fc6f4100000,0x00007fc6f4100000)
  from space 674816K, 2% used [0x00007fc736d00000,0x00007fc737a98148,0x00007fc760000000)
  to   space 884224K, 0% used [0x00007fc6f4100000,0x00007fc6f4100000,0x00007fc72a080000)
 ParOldGen       total 6111232K, used 1947534K [0x00007fb4b9000000, 0x00007fb62e000000, 0x00007fc20e580000)
  object space 6111232K, 31% used [0x00007fb4b9000000,0x00007fb52fde39f0,0x00007fb62e000000)
 Metaspace       used 132528K, capacity 145869K, committed 151808K, reserved 153600K

