# JRE version: OpenJDK Runtime Environment (8.0_345-b01) (build 1.8.0_345-b01)
# Java VM: OpenJDK 64-Bit Server VM (25.345-b01 mixed mode linux-amd64 )
Heap:
 PSYoungGen      total 51220992K, used 0K [0x00007f67cd000000, 0x00007f744d000000, 0x00007f744d000000)
  eden space 50101248K, 0% used [0x00007f67cd000000,0x00007f67cd000000,0x00007f73bef00000)
  from space 1119744K, 0% used [0x00007f73bef00000,0x00007f73bef00000,0x00007f7403480000)
  to   space 1207808K, 0% used [0x00007f7403480000,0x00007f7403480000,0x00007f744d000000)
 ParOldGen       total 74878976K, used 70353593K [0x00007f4ecd000000, 0x00007f60a7400000, 0x00007f67cd000000)
  object space 74878976K, 93% used [0x00007f4ecd000000,0x00007f5f930ae5a0,0x00007f60a7400000)
 Metaspace       used 145068K, capacity 160477K, committed 166656K, reserved 167936K
GC Heap History (250 events):
Event: 2.822 GC heap after
Heap after GC invocations=4 (full 2):
 PSYoungGen      total 710656K, used 0K [0x00007f67cd000000, 0x00007f6813400000, 0x00007f744d000000)
  eden space 696320K, 0% used [0x00007f67cd000000,0x00007f67cd000000,0x00007f67f7800000)
  from space 14336K, 0% used [0x00007f6812600000,0x00007f6812600000,0x00007f6813400000)
  to   space 87040K, 0% used [0x00007f6808a00000,0x00007f6808a00000,0x00007f680df00000)
 ParOldGen       total 1485824K, used 19388K [0x00007f4ecd000000, 0x00007f4f27b00000, 0x00007f67cd000000)
  object space 1485824K, 1% used [0x00007f4ecd000000,0x00007f4ece2ef148,0x00007f4f27b00000)
 Metaspace       used 33747K, capacity 35351K, committed 35416K, reserved 36864K
}
Event: 4.681 GC heap before
{Heap before GC invocations=5 (full 2):
 PSYoungGen      total 710656K, used 463225K [0x00007f67cd000000, 0x00007f6813400000, 0x00007f744d000000)
  eden space 696320K, 66% used [0x00007f67cd000000,0x00007f67e945e5a8,0x00007f67f7800000)
  from space 14336K, 0% used [0x00007f6812600000,0x00007f6812600000,0x00007f6813400000)
  to   space 87040K, 0% used [0x00007f6808a00000,0x00007f6808a00000,0x00007f680df00000)
 ParOldGen       total 1485824K, used 19388K [0x00007f4ecd000000, 0x00007f4f27b00000, 0x00007f67cd000000)
  object space 1485824K, 1% used [0x00007f4ecd000000,0x00007f4ece2ef148,0x00007f4f27b00000)
 Metaspace       used 56006K, capacity 58931K, committed 59028K, reserved 59392K
Event: 4.706 GC heap after
Heap after GC invocations=5 (full 2):
 PSYoungGen      total 956416K, used 32910K [0x00007f67cd000000, 0x00007f6812680000, 0x00007f744d000000)
  eden space 923136K, 0% used [0x00007f67cd000000,0x00007f67cd000000,0x00007f6805580000)
  from space 33280K, 98% used [0x00007f6808a00000,0x00007f680aa238a8,0x00007f680aa80000)
  to   space 87040K, 0% used [0x00007f680d180000,0x00007f680d180000,0x00007f6812680000)
 ParOldGen       total 1485824K, used 19396K [0x00007f4ecd000000, 0x00007f4f27b00000, 0x00007f67cd000000)
  object space 1485824K, 1% used [0x00007f4ecd000000,0x00007f4ece2f1148,0x00007f4f27b00000)
 Metaspace       used 56006K, capacity 58931K, committed 59028K, reserved 59392K
}
Event: 4.706 GC heap before
{Heap before GC invocations=6 (full 3):
 PSYoungGen      total 956416K, used 32910K [0x00007f67cd000000, 0x00007f6812680000, 0x00007f744d000000)
  eden space 923136K, 0% used [0x00007f67cd000000,0x00007f67cd000000,0x00007f6805580000)
  from space 33280K, 98% used [0x00007f6808a00000,0x00007f680aa238a8,0x00007f680aa80000)
  to   space 87040K, 0% used [0x00007f680d180000,0x00007f680d180000,0x00007f6812680000)
 ParOldGen       total 1485824K, used 19396K [0x00007f4ecd000000, 0x00007f4f27b00000, 0x00007f67cd000000)
  object space 1485824K, 1% used [0x00007f4ecd000000,0x00007f4ece2f1148,0x00007f4f27b00000)
 Metaspace       used 56006K, capacity 58931K, committed 59028K, reserved 59392K
Event: 4.798 GC heap after
Heap after GC invocations=6 (full 3):
 PSYoungGen      total 956416K, used 0K [0x00007f67cd000000, 0x00007f6812680000, 0x00007f744d000000)
  eden space 923136K, 0% used [0x00007f67cd000000,0x00007f67cd000000,0x00007f6805580000)
  from space 33280K, 0% used [0x00007f6808a00000,0x00007f6808a00000,0x00007f680aa80000)
  to   space 87040K, 0% used [0x00007f680d180000,0x00007f680d180000,0x00007f6812680000)
 ParOldGen       total 2155008K, used 41583K [0x00007f4ecd000000, 0x00007f4f50880000, 0x00007f67cd000000)
  object space 2155008K, 1% used [0x00007f4ecd000000,0x00007f4ecf89bc90,0x00007f4f50880000)
 Metaspace       used 55982K, capacity 58866K, committed 59028K, reserved 59392K
}
Event: 8.028 GC heap before
{Heap before GC invocations=7 (full 3):
 PSYoungGen      total 956416K, used 630656K [0x00007f67cd000000, 0x00007f6812680000, 0x00007f744d000000)
  eden space 923136K, 68% used [0x00007f67cd000000,0x00007f67f37e0320,0x00007f6805580000)
  from space 33280K, 0% used [0x00007f6808a00000,0x00007f6808a00000,0x00007f680aa80000)
  to   space 87040K, 0% used [0x00007f680d180000,0x00007f680d180000,0x00007f6812680000)
 ParOldGen       total 2155008K, used 41583K [0x00007f4ecd000000, 0x00007f4f50880000, 0x00007f67cd000000)
  object space 2155008K, 1% used [0x00007f4ecd000000,0x00007f4ecf89bc90,0x00007f4f50880000)
 Metaspace       used 91323K, capacity 98362K, committed 98380K, reserved 100352K
Event: 8.062 GC heap after
Heap after GC invocations=7 (full 3):
 PSYoungGen      total 1050112K, used 44148K [0x00007f67cd000000, 0x00007f681eb00000, 0x00007f744d000000)
  eden space 963072K, 0% used [0x00007f67cd000000,0x00007f67cd000000,0x00007f6807c80000)
  from space 87040K, 50% used [0x00007f680d180000,0x00007f680fc9d0d0,0x00007f6812680000)
  to   space 87040K, 0% used [0x00007f6807c80000,0x00007f6807c80000,0x00007f680d180000)
 ParOldGen       total 2155008K, used 41591K [0x00007f4ecd000000, 0x00007f4f50880000, 0x00007f67cd000000)
  object space 2155008K, 1% used [0x00007f4ecd000000,0x00007f4ecf89dc90,0x00007f4f50880000)
 Metaspace       used 91323K, capacity 98362K, committed 98380K, reserved 100352K
}
Event: 8.062 GC heap before
{Heap before GC invocations=8 (full 4):
 PSYoungGen      total 1050112K, used 44148K [0x00007f67cd000000, 0x00007f681eb00000, 0x00007f744d000000)
  eden space 963072K, 0% used [0x00007f67cd000000,0x00007f67cd000000,0x00007f6807c80000)
  from space 87040K, 50% used [0x00007f680d180000,0x00007f680fc9d0d0,0x00007f6812680000)
  to   space 87040K, 0% used [0x00007f6807c80000,0x00007f6807c80000,0x00007f680d180000)
 ParOldGen       total 2155008K, used 41591K [0x00007f4ecd000000, 0x00007f4f50880000, 0x00007f67cd000000)
  object space 2155008K, 1% used [0x00007f4ecd000000,0x00007f4ecf89dc90,0x00007f4f50880000)
 Metaspace       used 91323K, capacity 98362K, committed 98380K, reserved 100352K
Event: 8.130 GC heap after
Heap after GC invocations=8 (full 4):
 PSYoungGen      total 1050112K, used 0K [0x00007f67cd000000, 0x00007f681eb00000, 0x00007f744d000000)
  eden space 963072K, 0% used [0x00007f67cd000000,0x00007f67cd000000,0x00007f6807c80000)
  from space 87040K, 0% used [0x00007f680d180000,0x00007f680d180000,0x00007f6812680000)
  to   space 87040K, 0% used [0x00007f6807c80000,0x00007f6807c80000,0x00007f680d180000)
 ParOldGen       total 3096064K, used 66862K [0x00007f4ecd000000, 0x00007f4f89f80000, 0x00007f67cd000000)
  object space 3096064K, 2% used [0x00007f4ecd000000,0x00007f4ed114ba18,0x00007f4f89f80000)
 Metaspace       used 91323K, capacity 98362K, committed 98380K, reserved 100352K
}
Event: 11.043 GC heap before
{Heap before GC invocations=9 (full 4):
 PSYoungGen      total 1050112K, used 963072K [0x00007f67cd000000, 0x00007f681eb00000, 0x00007f744d000000)
  eden space 963072K, 100% used [0x00007f67cd000000,0x00007f6807c80000,0x00007f6807c80000)
  from space 87040K, 0% used [0x00007f680d180000,0x00007f680d180000,0x00007f6812680000)
  to   space 87040K, 0% used [0x00007f6807c80000,0x00007f6807c80000,0x00007f680d180000)
 ParOldGen       total 3096064K, used 66862K [0x00007f4ecd000000, 0x00007f4f89f80000, 0x00007f67cd000000)
  object space 3096064K, 2% used [0x00007f4ecd000000,0x00007f4ed114ba18,0x00007f4f89f80000)
 Metaspace       used 121214K, capacity 135729K, committed 135936K, reserved 137216K
Event: 11.063 GC heap after
Heap after GC invocations=9 (full 4):
 PSYoungGen      total 1050112K, used 42143K [0x00007f67cd000000, 0x00007f681dd00000, 0x00007f744d000000)
  eden space 963072K, 0% used [0x00007f67cd000000,0x00007f67cd000000,0x00007f6807c80000)
  from space 87040K, 48% used [0x00007f6807c80000,0x00007f680a5a7d98,0x00007f680d180000)
  to   space 55808K, 0% used [0x00007f681a680000,0x00007f681a680000,0x00007f681dd00000)
 ParOldGen       total 3096064K, used 66878K [0x00007f4ecd000000, 0x00007f4f89f80000, 0x00007f67cd000000)
  object space 3096064K, 2% used [0x00007f4ecd000000,0x00007f4ed114fa18,0x00007f4f89f80000)
 Metaspace       used 121214K, capacity 135729K, committed 135936K, reserved 137216K
}
Event: 11.253 GC heap before
{Heap before GC invocations=10 (full 4):
 PSYoungGen      total 1050112K, used 1005215K [0x00007f67cd000000, 0x00007f681dd00000, 0x00007f744d000000)
  eden space 963072K, 100% used [0x00007f67cd000000,0x00007f6807c80000,0x00007f6807c80000)
  from space 87040K, 48% used [0x00007f6807c80000,0x00007f680a5a7d98,0x00007f680d180000)
  to   space 55808K, 0% used [0x00007f681a680000,0x00007f681a680000,0x00007f681dd00000)
 ParOldGen       total 3096064K, used 66878K [0x00007f4ecd000000, 0x00007f4f89f80000, 0x00007f67cd000000)
  object space 3096064K, 2% used [0x00007f4ecd000000,0x00007f4ed114fa18,0x00007f4f89f80000)
 Metaspace       used 121322K, capacity 135857K, committed 135936K, reserved 137216K
Event: 11.264 GC heap after
Heap after GC invocations=10 (full 4):
 PSYoungGen      total 1271296K, used 23595K [0x00007f67cd000000, 0x00007f6827480000, 0x00007f744d000000)
  eden space 1215488K, 0% used [0x00007f67cd000000,0x00007f67cd000000,0x00007f6817300000)
  from space 55808K, 42% used [0x00007f681a680000,0x00007f681bd8ac28,0x00007f681dd00000)
  to   space 52736K, 0% used [0x00007f6817300000,0x00007f6817300000,0x00007f681a680000)
 ParOldGen       total 3096064K, used 66886K [0x00007f4ecd000000, 0x00007f4f89f80000, 0x00007f67cd000000)
  object space 3096064K, 2% used [0x00007f4ecd000000,0x00007f4ed1151a18,0x00007f4f89f80000)
 Metaspace       used 121322K, capacity 135857K, committed 135936K, reserved 137216K
}
Event: 11.397 GC heap before
{Heap before GC invocations=11 (full 4):
 PSYoungGen      total 1271296K, used 1239083K [0x00007f67cd000000, 0x00007f6827480000, 0x00007f744d000000)
  eden space 1215488K, 100% used [0x00007f67cd000000,0x00007f6817300000,0x00007f6817300000)
  from space 55808K, 42% used [0x00007f681a680000,0x00007f681bd8ac28,0x00007f681dd00000)
  to   space 52736K, 0% used [0x00007f6817300000,0x00007f6817300000,0x00007f681a680000)
 ParOldGen       total 3096064K, used 66886K [0x00007f4ecd000000, 0x00007f4f89f80000, 0x00007f67cd000000)
  object space 3096064K, 2% used [0x00007f4ecd000000,0x00007f4ed1151a18,0x00007f4f89f80000)
 Metaspace       used 121391K, capacity 135921K, committed 135936K, reserved 137216K
Event: 11.408 GC heap after
Heap after GC invocations=11 (full 4):
 PSYoungGen      total 1268224K, used 23280K [0x00007f67cd000000, 0x00007f6846400000, 0x00007f744d000000)
  eden space 1215488K, 0% used [0x00007f67cd000000,0x00007f67cd000000,0x00007f6817300000)
  from space 52736K, 44% used [0x00007f6817300000,0x00007f68189bc148,0x00007f681a680000)
  to   space 50688K, 0% used [0x00007f6843280000,0x00007f6843280000,0x00007f6846400000)
 ParOldGen       total 3096064K, used 66894K [0x00007f4ecd000000, 0x00007f4f89f80000, 0x00007f67cd000000)
  object space 3096064K, 2% used [0x00007f4ecd000000,0x00007f4ed1153a18,0x00007f4f89f80000)
 Metaspace       used 121391K, capacity 135921K, committed 135936K, reserved 137216K
}
Event: 11.524 GC heap before
{Heap before GC invocations=12 (full 4):
 PSYoungGen      total 1268224K, used 1238768K [0x00007f67cd000000, 0x00007f6846400000, 0x00007f744d000000)
  eden space 1215488K, 100% used [0x00007f67cd000000,0x00007f6817300000,0x00007f6817300000)
  from space 52736K, 44% used [0x00007f6817300000,0x00007f68189bc148,0x00007f681a680000)
  to   space 50688K, 0% used [0x00007f6843280000,0x00007f6843280000,0x00007f6846400000)
 ParOldGen       total 3096064K, used 66894K [0x00007f4ecd000000, 0x00007f4f89f80000, 0x00007f67cd000000)
  object space 3096064K, 2% used [0x00007f4ecd000000,0x00007f4ed1153a18,0x00007f4f89f80000)
 Metaspace       used 121438K, capacity 135985K, committed 136192K, reserved 137216K
Event: 11.538 GC heap after
Heap after GC invocations=12 (full 4):
 PSYoungGen      total 1937408K, used 23408K [0x00007f67cd000000, 0x00007f684da00000, 0x00007f744d000000)
  eden space 1886720K, 0% used [0x00007f67cd000000,0x00007f67cd000000,0x00007f6840280000)
  from space 50688K, 46% used [0x00007f6843280000,0x00007f684495c148,0x00007f6846400000)
  to   space 49152K, 0% used [0x00007f6840280000,0x00007f6840280000,0x00007f6843280000)
 ParOldGen       total 3096064K, used 66902K [0x00007f4ecd000000, 0x00007f4f89f80000, 0x00007f67cd000000)
  object space 3096064K, 2% used [0x00007f4ecd000000,0x00007f4ed1155a18,0x00007f4f89f80000)
 Metaspace       used 121438K, capacity 135985K, committed 136192K, reserved 137216K
}
Event: 11.716 GC heap before
{Heap before GC invocations=13 (full 4):
 PSYoungGen      total 1937408K, used 1910128K [0x00007f67cd000000, 0x00007f684da00000, 0x00007f744d000000)
  eden space 1886720K, 100% used [0x00007f67cd000000,0x00007f6840280000,0x00007f6840280000)
  from space 50688K, 46% used [0x00007f6843280000,0x00007f684495c148,0x00007f6846400000)
  to   space 49152K, 0% used [0x00007f6840280000,0x00007f6840280000,0x00007f6843280000)
 ParOldGen       total 3096064K, used 66902K [0x00007f4ecd000000, 0x00007f4f89f80000, 0x00007f67cd000000)
  object space 3096064K, 2% used [0x00007f4ecd000000,0x00007f4ed1155a18,0x00007f4f89f80000)
 Metaspace       used 121561K, capacity 136113K, committed 136192K, reserved 137216K
Event: 11.731 GC heap after
Heap after GC invocations=13 (full 4):
 PSYoungGen      total 1935872K, used 23344K [0x00007f67cd000000, 0x00007f6874a00000, 0x00007f744d000000)
  eden space 1886720K, 0% used [0x00007f67cd000000,0x00007f67cd000000,0x00007f6840280000)
  from space 49152K, 47% used [0x00007f6840280000,0x00007f684194c118,0x00007f6843280000)
  to   space 47616K, 0% used [0x00007f6871b80000,0x00007f6871b80000,0x00007f6874a00000)
 ParOldGen       total 3096064K, used 66910K [0x00007f4ecd000000, 0x00007f4f89f80000, 0x00007f67cd000000)
  object space 3096064K, 2% used [0x00007f4ecd000000,0x00007f4ed1157a18,0x00007f4f89f80000)
 Metaspace       used 121561K, capacity 136113K, committed 136192K, reserved 137216K
}
Event: 11.887 GC heap before
{Heap before GC invocations=14 (full 4):
 PSYoungGen      total 1935872K, used 1910064K [0x00007f67cd000000, 0x00007f6874a00000, 0x00007f744d000000)
  eden space 1886720K, 100% used [0x00007f67cd000000,0x00007f6840280000,0x00007f6840280000)
  from space 49152K, 47% used [0x00007f6840280000,0x00007f684194c118,0x00007f6843280000)
  to   space 47616K, 0% used [0x00007f6871b80000,0x00007f6871b80000,0x00007f6874a00000)
 ParOldGen       total 3096064K, used 66910K [0x00007f4ecd000000, 0x00007f4f89f80000, 0x00007f67cd000000)
  object space 3096064K, 2% used [0x00007f4ecd000000,0x00007f4ed1157a18,0x00007f4f89f80000)
 Metaspace       used 121787K, capacity 136405K, committed 136448K, reserved 137216K
Event: 11.901 GC heap after
Heap after GC invocations=14 (full 4):
 PSYoungGen      total 2700288K, used 21703K [0x00007f67cd000000, 0x00007f6875b80000, 0x00007f744d000000)
  eden space 2652672K, 0% used [0x00007f67cd000000,0x00007f67cd000000,0x00007f686ee80000)
  from space 47616K, 45% used [0x00007f6871b80000,0x00007f68730b1cc0,0x00007f6874a00000)
  to   space 46080K, 0% used [0x00007f686ee80000,0x00007f686ee80000,0x00007f6871b80000)
 ParOldGen       total 3096064K, used 66918K [0x00007f4ecd000000, 0x00007f4f89f80000, 0x00007f67cd000000)
  object space 3096064K, 2% used [0x00007f4ecd000000,0x00007f4ed1159a18,0x00007f4f89f80000)
 Metaspace       used 121787K, capacity 136405K, committed 136448K, reserved 137216K
}
Event: 13.415 GC heap before
{Heap before GC invocations=15 (full 4):
 PSYoungGen      total 2700288K, used 2647280K [0x00007f67cd000000, 0x00007f6875b80000, 0x00007f744d000000)
  eden space 2652672K, 98% used [0x00007f67cd000000,0x00007f686d40a650,0x00007f686ee80000)
  from space 47616K, 45% used [0x00007f6871b80000,0x00007f68730b1cc0,0x00007f6874a00000)
  to   space 46080K, 0% used [0x00007f686ee80000,0x00007f686ee80000,0x00007f6871b80000)
 ParOldGen       total 3096064K, used 66918K [0x00007f4ecd000000, 0x00007f4f89f80000, 0x00007f67cd000000)
  object space 3096064K, 2% used [0x00007f4ecd000000,0x00007f4ed1159a18,0x00007f4f89f80000)
 Metaspace       used 126219K, capacity 142139K, committed 142336K, reserved 143360K
Event: 13.494 GC heap after
Heap after GC invocations=15 (full 4):
 PSYoungGen      total 2698752K, used 11185K [0x00007f67cd000000, 0x00007f68b6d80000, 0x00007f744d000000)
  eden space 2652672K, 0% used [0x00007f67cd000000,0x00007f67cd000000,0x00007f686ee80000)
  from space 46080K, 24% used [0x00007f686ee80000,0x00007f686f96c400,0x00007f6871b80000)
  to   space 47104K, 0% used [0x00007f68b3f80000,0x00007f68b3f80000,0x00007f68b6d80000)
 ParOldGen       total 3096064K, used 406012K [0x00007f4ecd000000, 0x00007f4f89f80000, 0x00007f67cd000000)
  object space 3096064K, 13% used [0x00007f4ecd000000,0x00007f4ee5c7f1c8,0x00007f4f89f80000)
 Metaspace       used 126219K, capacity 142139K, committed 142336K, reserved 143360K
}
Event: 13.924 GC heap before
{Heap before GC invocations=16 (full 4):
 PSYoungGen      total 2698752K, used 2644209K [0x00007f67cd000000, 0x00007f68b6d80000, 0x00007f744d000000)
  eden space 2652672K, 99% used [0x00007f67cd000000,0x00007f686db501c8,0x00007f686ee80000)
  from space 46080K, 24% used [0x00007f686ee80000,0x00007f686f96c400,0x00007f6871b80000)
  to   space 47104K, 0% used [0x00007f68b3f80000,0x00007f68b3f80000,0x00007f68b6d80000)
 ParOldGen       total 3096064K, used 406012K [0x00007f4ecd000000, 0x00007f4f89f80000, 0x00007f67cd000000)
  object space 3096064K, 13% used [0x00007f4ecd000000,0x00007f4ee5c7f1c8,0x00007f4f89f80000)
 Metaspace       used 130147K, capacity 146433K, committed 146688K, reserved 147456K
Event: 14.231 GC heap after
Heap after GC invocations=16 (full 4):
 PSYoungGen      total 2290176K, used 47092K [0x00007f67cd000000, 0x00007f697ce80000, 0x00007f744d000000)
  eden space 2243072K, 0% used [0x00007f67cd000000,0x00007f67cd000000,0x00007f6855e80000)
  from space 47104K, 99% used [0x00007f68b3f80000,0x00007f68b6d7d398,0x00007f68b6d80000)
  to   space 1541120K, 0% used [0x00007f6855e80000,0x00007f6855e80000,0x00007f68b3f80000)
 ParOldGen       total 4428800K, used 4428399K [0x00007f4ecd000000, 0x00007f4fdb500000, 0x00007f67cd000000)
  object space 4428800K, 99% used [0x00007f4ecd000000,0x00007f4fdb49bc48,0x00007f4fdb500000)
 Metaspace       used 130147K, capacity 146433K, committed 146688K, reserved 147456K
}
Event: 14.231 GC heap before
{Heap before GC invocations=17 (full 5):
 PSYoungGen      total 2290176K, used 47092K [0x00007f67cd000000, 0x00007f697ce80000, 0x00007f744d000000)
  eden space 2243072K, 0% used [0x00007f67cd000000,0x00007f67cd000000,0x00007f6855e80000)
  from space 47104K, 99% used [0x00007f68b3f80000,0x00007f68b6d7d398,0x00007f68b6d80000)
  to   space 1541120K, 0% used [0x00007f6855e80000,0x00007f6855e80000,0x00007f68b3f80000)
 ParOldGen       total 4428800K, used 4428399K [0x00007f4ecd000000, 0x00007f4fdb500000, 0x00007f67cd000000)
  object space 4428800K, 99% used [0x00007f4ecd000000,0x00007f4fdb49bc48,0x00007f4fdb500000)
 Metaspace       used 130147K, capacity 146433K, committed 146688K, reserved 147456K
Event: 14.494 GC heap after
Heap after GC invocations=17 (full 5):
 PSYoungGen      total 2290176K, used 0K [0x00007f67cd000000, 0x00007f697ce80000, 0x00007f744d000000)
  eden space 2243072K, 0% used [0x00007f67cd000000,0x00007f67cd000000,0x00007f6855e80000)
  from space 47104K, 0% used [0x00007f68b3f80000,0x00007f68b3f80000,0x00007f68b6d80000)
  to   space 1541120K, 0% used [0x00007f6855e80000,0x00007f6855e80000,0x00007f68b3f80000)
 ParOldGen       total 7732224K, used 2901598K [0x00007f4ecd000000, 0x00007f50a4f00000, 0x00007f67cd000000)
  object space 7732224K, 37% used [0x00007f4ecd000000,0x00007f4f7e1979f8,0x00007f50a4f00000)
 Metaspace       used 125709K, capacity 136828K, committed 146688K, reserved 147456K
}
Event: 14.730 GC heap before
{Heap before GC invocations=18 (full 5):
 PSYoungGen      total 2290176K, used 2243072K [0x00007f67cd000000, 0x00007f697ce80000, 0x00007f744d000000)
  eden space 2243072K, 100% used [0x00007f67cd000000,0x00007f6855e80000,0x00007f6855e80000)
  from space 47104K, 0% used [0x00007f68b3f80000,0x00007f68b3f80000,0x00007f68b6d80000)
  to   space 1541120K, 0% used [0x00007f6855e80000,0x00007f6855e80000,0x00007f68b3f80000)
 ParOldGen       total 7732224K, used 2901598K [0x00007f4ecd000000, 0x00007f50a4f00000, 0x00007f67cd000000)
  object space 7732224K, 37% used [0x00007f4ecd000000,0x00007f4f7e1979f8,0x00007f50a4f00000)
 Metaspace       used 125884K, capacity 137077K, committed 146688K, reserved 147456K
Event: 14.878 GC heap after
Heap after GC invocations=18 (full 5):
 PSYoungGen      total 3784192K, used 1508537K [0x00007f67cd000000, 0x00007f697aa80000, 0x00007f744d000000)
  eden space 2243072K, 0% used [0x00007f67cd000000,0x00007f67cd000000,0x00007f6855e80000)
  from space 1541120K, 97% used [0x00007f6855e80000,0x00007f68b1fae550,0x00007f68b3f80000)
  to   space 1829376K, 0% used [0x00007f690b000000,0x00007f690b000000,0x00007f697aa80000)
 ParOldGen       total 7732224K, used 4802151K [0x00007f4ecd000000, 0x00007f50a4f00000, 0x00007f67cd000000)
  object space 7732224K, 62% used [0x00007f4ecd000000,0x00007f4ff2199cb0,0x00007f50a4f00000)
 Metaspace       used 125884K, capacity 137077K, committed 146688K, reserved 147456K
}
Event: 15.076 GC heap before
{Heap before GC invocations=19 (full 5):
 PSYoungGen      total 3784192K, used 3751609K [0x00007f67cd000000, 0x00007f697aa80000, 0x00007f744d000000)
  eden space 2243072K, 100% used [0x00007f67cd000000,0x00007f6855e80000,0x00007f6855e80000)
  from space 1541120K, 97% used [0x00007f6855e80000,0x00007f68b1fae550,0x00007f68b3f80000)
  to   space 1829376K, 0% used [0x00007f690b000000,0x00007f690b000000,0x00007f697aa80000)
 ParOldGen       total 7732224K, used 4802151K [0x00007f4ecd000000, 0x00007f50a4f00000, 0x00007f67cd000000)
  object space 7732224K, 62% used [0x00007f4ecd000000,0x00007f4ff2199cb0,0x00007f50a4f00000)
 Metaspace       used 125908K, capacity 137077K, committed 146688K, reserved 147456K
Event: 15.226 GC heap after
Heap after GC invocations=19 (full 5):
 PSYoungGen      total 4882432K, used 1772324K [0x00007f67cd000000, 0x00007f69a5d80000, 0x00007f744d000000)
  eden space 3053056K, 0% used [0x00007f67cd000000,0x00007f67cd000000,0x00007f6887580000)
  from space 1829376K, 96% used [0x00007f690b000000,0x00007f69772c92f0,0x00007f697aa80000)
  to   space 2157056K, 0% used [0x00007f6887580000,0x00007f6887580000,0x00007f690b000000)
 ParOldGen       total 7732224K, used 5064303K [0x00007f4ecd000000, 0x00007f50a4f00000, 0x00007f67cd000000)
  object space 7732224K, 65% used [0x00007f4ecd000000,0x00007f500219bd10,0x00007f50a4f00000)
 Metaspace       used 125908K, capacity 137077K, committed 146688K, reserved 147456K
}
Event: 15.486 GC heap before
{Heap before GC invocations=20 (full 5):
 PSYoungGen      total 4882432K, used 4825380K [0x00007f67cd000000, 0x00007f69a5d80000, 0x00007f744d000000)
  eden space 3053056K, 100% used [0x00007f67cd000000,0x00007f6887580000,0x00007f6887580000)
  from space 1829376K, 96% used [0x00007f690b000000,0x00007f69772c92f0,0x00007f697aa80000)
  to   space 2157056K, 0% used [0x00007f6887580000,0x00007f6887580000,0x00007f690b000000)
 ParOldGen       total 7732224K, used 5064303K [0x00007f4ecd000000, 0x00007f50a4f00000, 0x00007f67cd000000)
  object space 7732224K, 65% used [0x00007f4ecd000000,0x00007f500219bd10,0x00007f50a4f00000)
 Metaspace       used 125939K, capacity 137077K, committed 146688K, reserved 147456K
Event: 15.645 GC heap after
Heap after GC invocations=20 (full 5):
 PSYoungGen      total 5210112K, used 20148K [0x00007f67cd000000, 0x00007f69ee180000, 0x00007f744d000000)
  eden space 3053056K, 0% used [0x00007f67cd000000,0x00007f67cd000000,0x00007f6887580000)
  from space 2157056K, 0% used [0x00007f6887580000,0x00007f688892d3c8,0x00007f690b000000)
  to   space 2116608K, 0% used [0x00007f696ce80000,0x00007f696ce80000,0x00007f69ee180000)
 ParOldGen       total 7732224K, used 6965580K [0x00007f4ecd000000, 0x00007f50a4f00000, 0x00007f67cd000000)
  object space 7732224K, 90% used [0x00007f4ecd000000,0x00007f5076253088,0x00007f50a4f00000)
 Metaspace       used 125939K, capacity 137077K, committed 146688K, reserved 147456K
}
Event: 15.645 GC heap before
{Heap before GC invocations=21 (full 6):
 PSYoungGen      total 5210112K, used 20148K [0x00007f67cd000000, 0x00007f69ee180000, 0x00007f744d000000)
  eden space 3053056K, 0% used [0x00007f67cd000000,0x00007f67cd000000,0x00007f6887580000)
  from space 2157056K, 0% used [0x00007f6887580000,0x00007f688892d3c8,0x00007f690b000000)
  to   space 2116608K, 0% used [0x00007f696ce80000,0x00007f696ce80000,0x00007f69ee180000)
 ParOldGen       total 7732224K, used 6965580K [0x00007f4ecd000000, 0x00007f50a4f00000, 0x00007f67cd000000)
  object space 7732224K, 90% used [0x00007f4ecd000000,0x00007f5076253088,0x00007f50a4f00000)
 Metaspace       used 125939K, capacity 137077K, committed 146688K, reserved 147456K
Event: 15.877 GC heap after
Heap after GC invocations=21 (full 6):
 PSYoungGen      total 5210112K, used 0K [0x00007f67cd000000, 0x00007f69ee180000, 0x00007f744d000000)
  eden space 3053056K, 0% used [0x00007f67cd000000,0x00007f67cd000000,0x00007f6887580000)
  from space 2157056K, 0% used [0x00007f6887580000,0x00007f6887580000,0x00007f690b000000)
  to   space 2116608K, 0% used [0x00007f696ce80000,0x00007f696ce80000,0x00007f69ee180000)
 ParOldGen       total 10141184K, used 4361292K [0x00007f4ecd000000, 0x00007f5137f80000, 0x00007f67cd000000)
  object space 10141184K, 43% used [0x00007f4ecd000000,0x00007f4fd73131c0,0x00007f5137f80000)
 Metaspace       used 125932K, capacity 137062K, committed 146688K, reserved 147456K
}
Event: 16.139 GC heap before
{Heap before GC invocations=22 (full 6):
 PSYoungGen      total 5210112K, used 3053056K [0x00007f67cd000000, 0x00007f69ee180000, 0x00007f744d000000)
  eden space 3053056K, 100% used [0x00007f67cd000000,0x00007f6887580000,0x00007f6887580000)
  from space 2157056K, 0% used [0x00007f6887580000,0x00007f6887580000,0x00007f690b000000)
  to   space 2116608K, 0% used [0x00007f696ce80000,0x00007f696ce80000,0x00007f69ee180000)
 ParOldGen       total 10141184K, used 4361292K [0x00007f4ecd000000, 0x00007f5137f80000, 0x00007f67cd000000)
  object space 10141184K, 43% used [0x00007f4ecd000000,0x00007f4fd73131c0,0x00007f5137f80000)
 Metaspace       used 125949K, capacity 137126K, committed 146688K, reserved 147456K
Event: 16.147 GC heap after
Heap after GC invocations=22 (full 6):
 PSYoungGen      total 6209024K, used 22825K [0x00007f67cd000000, 0x00007f69d8480000, 0x00007f744d000000)
  eden space 4449792K, 0% used [0x00007f67cd000000,0x00007f67cd000000,0x00007f68dc980000)
  from space 1759232K, 1% used [0x00007f696ce80000,0x00007f696e4ca638,0x00007f69d8480000)
  to   space 2061824K, 0% used [0x00007f68dc980000,0x00007f68dc980000,0x00007f695a700000)
 ParOldGen       total 10141184K, used 4361300K [0x00007f4ecd000000, 0x00007f5137f80000, 0x00007f67cd000000)
  object space 10141184K, 43% used [0x00007f4ecd000000,0x00007f4fd73151c0,0x00007f5137f80000)
 Metaspace       used 125949K, capacity 137126K, committed 146688K, reserved 147456K
}
Event: 16.613 GC heap before
{Heap before GC invocations=23 (full 6):
 PSYoungGen      total 6209024K, used 4472617K [0x00007f67cd000000, 0x00007f69d8480000, 0x00007f744d000000)
  eden space 4449792K, 100% used [0x00007f67cd000000,0x00007f68dc980000,0x00007f68dc980000)
  from space 1759232K, 1% used [0x00007f696ce80000,0x00007f696e4ca638,0x00007f69d8480000)
  to   space 2061824K, 0% used [0x00007f68dc980000,0x00007f68dc980000,0x00007f695a700000)
 ParOldGen       total 10141184K, used 4361300K [0x00007f4ecd000000, 0x00007f5137f80000, 0x00007f67cd000000)
  object space 10141184K, 43% used [0x00007f4ecd000000,0x00007f4fd73151c0,0x00007f5137f80000)
 Metaspace       used 126149K, capacity 137379K, committed 146944K, reserved 147456K
Event: 16.624 GC heap after
Heap after GC invocations=23 (full 6):
 PSYoungGen      total 6511616K, used 32004K [0x00007f67cd000000, 0x00007f6a1dc80000, 0x00007f744d000000)
  eden space 4449792K, 0% used [0x00007f67cd000000,0x00007f67cd000000,0x00007f68dc980000)
  from space 2061824K, 1% used [0x00007f68dc980000,0x00007f68de8c1000,0x00007f695a700000)
  to   space 1996288K, 0% used [0x00007f69a3f00000,0x00007f69a3f00000,0x00007f6a1dc80000)
 ParOldGen       total 10141184K, used 4366496K [0x00007f4ecd000000, 0x00007f5137f80000, 0x00007f67cd000000)
  object space 10141184K, 43% used [0x00007f4ecd000000,0x00007f4fd78282e0,0x00007f5137f80000)
 Metaspace       used 126149K, capacity 137379K, committed 146944K, reserved 147456K
}
Event: 16.995 GC heap before
{Heap before GC invocations=24 (full 6):
 PSYoungGen      total 6511616K, used 4481796K [0x00007f67cd000000, 0x00007f6a1dc80000, 0x00007f744d000000)
  eden space 4449792K, 100% used [0x00007f67cd000000,0x00007f68dc980000,0x00007f68dc980000)
  from space 2061824K, 1% used [0x00007f68dc980000,0x00007f68de8c1000,0x00007f695a700000)
  to   space 1996288K, 0% used [0x00007f69a3f00000,0x00007f69a3f00000,0x00007f6a1dc80000)
 ParOldGen       total 10141184K, used 4366496K [0x00007f4ecd000000, 0x00007f5137f80000, 0x00007f67cd000000)
  object space 10141184K, 43% used [0x00007f4ecd000000,0x00007f4fd78282e0,0x00007f5137f80000)
 Metaspace       used 126272K, capacity 137527K, committed 146944K, reserved 147456K
Event: 17.004 GC heap after
Heap after GC invocations=24 (full 6):
 PSYoungGen      total 7384064K, used 36088K [0x00007f67cd000000, 0x00007f6a0f200000, 0x00007f744d000000)
  eden space 5627904K, 0% used [0x00007f67cd000000,0x00007f67cd000000,0x00007f6924800000)
  from space 1756160K, 2% used [0x00007f69a3f00000,0x00007f69a623e118,0x00007f6a0f200000)
  to   space 1922048K, 0% used [0x00007f6924800000,0x00007f6924800000,0x00007f6999d00000)
 ParOldGen       total 10141184K, used 4372155K [0x00007f4ecd000000, 0x00007f5137f80000, 0x00007f67cd000000)
  object space 10141184K, 43% used [0x00007f4ecd000000,0x00007f4fd7daed38,0x00007f5137f80000)
 Metaspace       used 126272K, capacity 137527K, committed 146944K, reserved 147456K
}
Event: 17.544 GC heap before
{Heap before GC invocations=25 (full 6):
 PSYoungGen      total 7384064K, used 5663992K [0x00007f67cd000000, 0x00007f6a0f200000, 0x00007f744d000000)
  eden space 5627904K, 100% used [0x00007f67cd000000,0x00007f6924800000,0x00007f6924800000)
  from space 1756160K, 2% used [0x00007f69a3f00000,0x00007f69a623e118,0x00007f6a0f200000)
  to   space 1922048K, 0% used [0x00007f6924800000,0x00007f6924800000,0x00007f6999d00000)
 ParOldGen       total 10141184K, used 4372155K [0x00007f4ecd000000, 0x00007f5137f80000, 0x00007f67cd000000)
  object space 10141184K, 43% used [0x00007f4ecd000000,0x00007f4fd7daed38,0x00007f5137f80000)
 Metaspace       used 126455K, capacity 137655K, committed 147200K, reserved 147456K
Event: 17.554 GC heap after
Heap after GC invocations=25 (full 6):
 PSYoungGen      total 7549952K, used 24045K [0x00007f67cd000000, 0x00007f6a58c00000, 0x00007f744d000000)
  eden space 5627904K, 0% used [0x00007f67cd000000,0x00007f67cd000000,0x00007f6924800000)
  from space 1922048K, 1% used [0x00007f6924800000,0x00007f6925f7b7e8,0x00007f6999d00000)
  to   space 1845760K, 0% used [0x00007f69e8180000,0x00007f69e8180000,0x00007f6a58c00000)
 ParOldGen       total 10141184K, used 4375880K [0x00007f4ecd000000, 0x00007f5137f80000, 0x00007f67cd000000)
  object space 10141184K, 43% used [0x00007f4ecd000000,0x00007f4fd81520d0,0x00007f5137f80000)
 Metaspace       used 126455K, capacity 137655K, committed 147200K, reserved 147456K
}
Event: 19.922 GC heap before
{Heap before GC invocations=26 (full 6):
 PSYoungGen      total 7549952K, used 5651949K [0x00007f67cd000000, 0x00007f6a58c00000, 0x00007f744d000000)
  eden space 5627904K, 100% used [0x00007f67cd000000,0x00007f6924800000,0x00007f6924800000)
  from space 1922048K, 1% used [0x00007f6924800000,0x00007f6925f7b7e8,0x00007f6999d00000)
  to   space 1845760K, 0% used [0x00007f69e8180000,0x00007f69e8180000,0x00007f6a58c00000)
 ParOldGen       total 10141184K, used 4375880K [0x00007f4ecd000000, 0x00007f5137f80000, 0x00007f67cd000000)
  object space 10141184K, 43% used [0x00007f4ecd000000,0x00007f4fd81520d0,0x00007f5137f80000)
 Metaspace       used 128994K, capacity 140958K, committed 148736K, reserved 149504K
Event: 19.937 GC heap after
Heap after GC invocations=26 (full 6):
 PSYoungGen      total 8360448K, used 78421K [0x00007f67cd000000, 0x00007f6a44e00000, 0x00007f744d000000)
  eden space 6840320K, 0% used [0x00007f67cd000000,0x00007f67cd000000,0x00007f696e800000)
  from space 1520128K, 5% used [0x00007f69e8180000,0x00007f69ece15578,0x00007f6a44e00000)
  to   space 1756160K, 0% used [0x00007f696e800000,0x00007f696e800000,0x00007f69d9b00000)
 ParOldGen       total 10141184K, used 4380041K [0x00007f4ecd000000, 0x00007f5137f80000, 0x00007f67cd000000)
  object space 10141184K, 43% used [0x00007f4ecd000000,0x00007f4fd8562490,0x00007f5137f80000)
 Metaspace       used 128994K, capacity 140958K, committed 148736K, reserved 149504K
}
Event: 20.620 GC heap before
{Heap before GC invocations=27 (full 6):
 PSYoungGen      total 8360448K, used 6918741K [0x00007f67cd000000, 0x00007f6a44e00000, 0x00007f744d000000)
  eden space 6840320K, 100% used [0x00007f67cd000000,0x00007f696e800000,0x00007f696e800000)
  from space 1520128K, 5% used [0x00007f69e8180000,0x00007f69ece15578,0x00007f6a44e00000)
  to   space 1756160K, 0% used [0x00007f696e800000,0x00007f696e800000,0x00007f69d9b00000)
 ParOldGen       total 10141184K, used 4380041K [0x00007f4ecd000000, 0x00007f5137f80000, 0x00007f67cd000000)
  object space 10141184K, 43% used [0x00007f4ecd000000,0x00007f4fd8562490,0x00007f5137f80000)
 Metaspace       used 129059K, capacity 141022K, committed 148736K, reserved 149504K
Event: 20.632 GC heap after
Heap after GC invocations=27 (full 6):
 PSYoungGen      total 8596480K, used 21299K [0x00007f67cd000000, 0x00007f6a8bd80000, 0x00007f744d000000)
  eden space 6840320K, 0% used [0x00007f67cd000000,0x00007f67cd000000,0x00007f696e800000)
  from space 1756160K, 1% used [0x00007f696e800000,0x00007f696fcccc90,0x00007f69d9b00000)
  to   space 1676800K, 0% used [0x00007f6a25800000,0x00007f6a25800000,0x00007f6a8bd80000)
 ParOldGen       total 10141184K, used 4437261K [0x00007f4ecd000000, 0x00007f5137f80000, 0x00007f67cd000000)
  object space 10141184K, 43% used [0x00007f4ecd000000,0x00007f4fdbd436c0,0x00007f5137f80000)
 Metaspace       used 129059K, capacity 141022K, committed 148736K, reserved 149504K
}
Event: 21.307 GC heap before
{Heap before GC invocations=28 (full 6):
 PSYoungGen      total 8596480K, used 6861619K [0x00007f67cd000000, 0x00007f6a8bd80000, 0x00007f744d000000)
  eden space 6840320K, 100% used [0x00007f67cd000000,0x00007f696e800000,0x00007f696e800000)
  from space 1756160K, 1% used [0x00007f696e800000,0x00007f696fcccc90,0x00007f69d9b00000)
  to   space 1676800K, 0% used [0x00007f6a25800000,0x00007f6a25800000,0x00007f6a8bd80000)
 ParOldGen       total 10141184K, used 4437261K [0x00007f4ecd000000, 0x00007f5137f80000, 0x00007f67cd000000)
  object space 10141184K, 43% used [0x00007f4ecd000000,0x00007f4fdbd436c0,0x00007f5137f80000)
 Metaspace       used 129157K, capacity 141090K, committed 148736K, reserved 149504K
Event: 21.315 GC heap after
Heap after GC invocations=28 (full 6):
 PSYoungGen      total 9367552K, used 29224K [0x00007f67cd000000, 0x00007f6a78700000, 0x00007f744d000000)
  eden space 8008704K, 0% used [0x00007f67cd000000,0x00007f67cd000000,0x00007f69b5d00000)
  from space 1358848K, 2% used [0x00007f6a25800000,0x00007f6a2748a048,0x00007f6a78700000)
  to   space 1594368K, 0% used [0x00007f69b5d00000,0x00007f69b5d00000,0x00007f6a17200000)
 ParOldGen       total 10141184K, used 4441950K [0x00007f4ecd000000, 0x00007f5137f80000, 0x00007f67cd000000)
  object space 10141184K, 43% used [0x00007f4ecd000000,0x00007f4fdc1d7bc0,0x00007f5137f80000)
 Metaspace       used 129157K, capacity 141090K, committed 148736K, reserved 149504K
}
Event: 23.406 GC heap before
{Heap before GC invocations=29 (full 6):
 PSYoungGen      total 9367552K, used 8037928K [0x00007f67cd000000, 0x00007f6a78700000, 0x00007f744d000000)
  eden space 8008704K, 100% used [0x00007f67cd000000,0x00007f69b5d00000,0x00007f69b5d00000)
  from space 1358848K, 2% used [0x00007f6a25800000,0x00007f6a2748a048,0x00007f6a78700000)
  to   space 1594368K, 0% used [0x00007f69b5d00000,0x00007f69b5d00000,0x00007f6a17200000)
 ParOldGen       total 10141184K, used 4441950K [0x00007f4ecd000000, 0x00007f5137f80000, 0x00007f67cd000000)
  object space 10141184K, 43% used [0x00007f4ecd000000,0x00007f4fdc1d7bc0,0x00007f5137f80000)
 Metaspace       used 129551K, capacity 141523K, committed 149248K, reserved 149504K
Event: 23.421 GC heap after
Heap after GC invocations=29 (full 6):
 PSYoungGen      total 9603072K, used 61629K [0x00007f67cd000000, 0x00007f6ab5c80000, 0x00007f744d000000)
  eden space 8008704K, 0% used [0x00007f67cd000000,0x00007f67cd000000,0x00007f69b5d00000)
  from space 1594368K, 3% used [0x00007f69b5d00000,0x00007f69b992f540,0x00007f6a17200000)
  to   space 1506304K, 0% used [0x00007f6a59d80000,0x00007f6a59d80000,0x00007f6ab5c80000)
 ParOldGen       total 10141184K, used 4441958K [0x00007f4ecd000000, 0x00007f5137f80000, 0x00007f67cd000000)
  object space 10141184K, 43% used [0x00007f4ecd000000,0x00007f4fdc1d9bc0,0x00007f5137f80000)
 Metaspace       used 129551K, capacity 141523K, committed 149248K, reserved 149504K
}
Event: 25.893 GC heap before
{Heap before GC invocations=30 (full 6):
 PSYoungGen      total 9603072K, used 8070333K [0x00007f67cd000000, 0x00007f6ab5c80000, 0x00007f744d000000)
  eden space 8008704K, 100% used [0x00007f67cd000000,0x00007f69b5d00000,0x00007f69b5d00000)
  from space 1594368K, 3% used [0x00007f69b5d00000,0x00007f69b992f540,0x00007f6a17200000)
  to   space 1506304K, 0% used [0x00007f6a59d80000,0x00007f6a59d80000,0x00007f6ab5c80000)
 ParOldGen       total 10141184K, used 4441958K [0x00007f4ecd000000, 0x00007f5137f80000, 0x00007f67cd000000)
  object space 10141184K, 43% used [0x00007f4ecd000000,0x00007f4fdc1d9bc0,0x00007f5137f80000)
 Metaspace       used 130089K, capacity 142015K, committed 149760K, reserved 151552K
Event: 25.909 GC heap after
Heap after GC invocations=30 (full 6):
 PSYoungGen      total 10186240K, used 65556K [0x00007f67cd000000, 0x00007f6aa0f80000, 0x00007f744d000000)
  eden space 9020928K, 0% used [0x00007f67cd000000,0x00007f67cd000000,0x00007f69f3980000)
  from space 1165312K, 5% used [0x00007f6a59d80000,0x00007f6a5dd85308,0x00007f6aa0f80000)
  to   space 1420288K, 0% used [0x00007f69f3980000,0x00007f69f3980000,0x00007f6a4a480000)
 ParOldGen       total 10141184K, used 4441966K [0x00007f4ecd000000, 0x00007f5137f80000, 0x00007f67cd000000)
  object space 10141184K, 43% used [0x00007f4ecd000000,0x00007f4fdc1dbbc0,0x00007f5137f80000)
 Metaspace       used 130089K, capacity 142015K, committed 149760K, reserved 151552K
}
Event: 27.168 GC heap before
{Heap before GC invocations=31 (full 6):
 PSYoungGen      total 10186240K, used 9086484K [0x00007f67cd000000, 0x00007f6aa0f80000, 0x00007f744d000000)
  eden space 9020928K, 100% used [0x00007f67cd000000,0x00007f69f3980000,0x00007f69f3980000)
  from space 1165312K, 5% used [0x00007f6a59d80000,0x00007f6a5dd85308,0x00007f6aa0f80000)
  to   space 1420288K, 0% used [0x00007f69f3980000,0x00007f69f3980000,0x00007f6a4a480000)
 ParOldGen       total 10141184K, used 4441966K [0x00007f4ecd000000, 0x00007f5137f80000, 0x00007f67cd000000)
  object space 10141184K, 43% used [0x00007f4ecd000000,0x00007f4fdc1dbbc0,0x00007f5137f80000)
 Metaspace       used 130113K, capacity 142015K, committed 149760K, reserved 151552K
Event: 27.181 GC heap after
Heap after GC invocations=31 (full 6):
 PSYoungGen      total 10441216K, used 39212K [0x00007f67cd000000, 0x00007f6ac5280000, 0x00007f744d000000)
  eden space 9020928K, 0% used [0x00007f67cd000000,0x00007f67cd000000,0x00007f69f3980000)
  from space 1420288K, 2% used [0x00007f69f3980000,0x00007f69f5fcb248,0x00007f6a4a480000)
  to   space 1341440K, 0% used [0x00007f6a73480000,0x00007f6a73480000,0x00007f6ac5280000)
 ParOldGen       total 10141184K, used 4441974K [0x00007f4ecd000000, 0x00007f5137f80000, 0x00007f67cd000000)
  object space 10141184K, 43% used [0x00007f4ecd000000,0x00007f4fdc1ddbc0,0x00007f5137f80000)
 Metaspace       used 130113K, capacity 142015K, committed 149760K, reserved 151552K
}
Event: 29.291 GC heap before
{Heap before GC invocations=32 (full 6):
 PSYoungGen      total 10441216K, used 9060140K [0x00007f67cd000000, 0x00007f6ac5280000, 0x00007f744d000000)
  eden space 9020928K, 100% used [0x00007f67cd000000,0x00007f69f3980000,0x00007f69f3980000)
  from space 1420288K, 2% used [0x00007f69f3980000,0x00007f69f5fcb248,0x00007f6a4a480000)
  to   space 1341440K, 0% used [0x00007f6a73480000,0x00007f6a73480000,0x00007f6ac5280000)
 ParOldGen       total 10141184K, used 4441974K [0x00007f4ecd000000, 0x00007f5137f80000, 0x00007f67cd000000)
  object space 10141184K, 43% used [0x00007f4ecd000000,0x00007f4fdc1ddbc0,0x00007f5137f80000)
 Metaspace       used 130340K, capacity 142231K, committed 149760K, reserved 151552K
Event: 29.306 GC heap after
Heap after GC invocations=32 (full 6):
 PSYoungGen      total 10743296K, used 69874K [0x00007f67cd000000, 0x00007f6ab4d80000, 0x00007f744d000000)
  eden space 9669120K, 0% used [0x00007f67cd000000,0x00007f67cd000000,0x00007f6a1b280000)
  from space 1074176K, 6% used [0x00007f6a73480000,0x00007f6a778bc818,0x00007f6ab4d80000)
  to   space 1259008K, 0% used [0x00007f6a1b280000,0x00007f6a1b280000,0x00007f6a68000000)
 ParOldGen       total 10141184K, used 4441982K [0x00007f4ecd000000, 0x00007f5137f80000, 0x00007f67cd000000)
  object space 10141184K, 43% used [0x00007f4ecd000000,0x00007f4fdc1dfbc0,0x00007f5137f80000)
 Metaspace       used 130340K, capacity 142231K, committed 149760K, reserved 151552K
}
Event: 31.723 GC heap before
{Heap before GC invocations=33 (full 6):
 PSYoungGen      total 10743296K, used 9738994K [0x00007f67cd000000, 0x00007f6ab4d80000, 0x00007f744d000000)
  eden space 9669120K, 100% used [0x00007f67cd000000,0x00007f6a1b280000,0x00007f6a1b280000)
  from space 1074176K, 6% used [0x00007f6a73480000,0x00007f6a778bc818,0x00007f6ab4d80000)
  to   space 1259008K, 0% used [0x00007f6a1b280000,0x00007f6a1b280000,0x00007f6a68000000)
 ParOldGen       total 10141184K, used 4441982K [0x00007f4ecd000000, 0x00007f5137f80000, 0x00007f67cd000000)
  object space 10141184K, 43% used [0x00007f4ecd000000,0x00007f4fdc1dfbc0,0x00007f5137f80000)
 Metaspace       used 130765K, capacity 142674K, committed 150272K, reserved 151552K
Event: 31.739 GC heap after
Heap after GC invocations=33 (full 6):
 PSYoungGen      total 10928128K, used 75801K [0x00007f67cd000000, 0x00007f6acfa80000, 0x00007f744d000000)
  eden space 9669120K, 0% used [0x00007f67cd000000,0x00007f67cd000000,0x00007f6a1b280000)
  from space 1259008K, 6% used [0x00007f6a1b280000,0x00007f6a1fc865d8,0x00007f6a68000000)
  to   space 1179648K, 0% used [0x00007f6a87a80000,0x00007f6a87a80000,0x00007f6acfa80000)
 ParOldGen       total 10141184K, used 4441990K [0x00007f4ecd000000, 0x00007f5137f80000, 0x00007f67cd000000)
  object space 10141184K, 43% used [0x00007f4ecd000000,0x00007f4fdc1e1bc0,0x00007f5137f80000)
 Metaspace       used 130765K, capacity 142674K, committed 150272K, reserved 151552K
}
Event: 32.829 GC heap before
{Heap before GC invocations=34 (full 6):
 PSYoungGen      total 10928128K, used 9744921K [0x00007f67cd000000, 0x00007f6acfa80000, 0x00007f744d000000)
  eden space 9669120K, 100% used [0x00007f67cd000000,0x00007f6a1b280000,0x00007f6a1b280000)
  from space 1259008K, 6% used [0x00007f6a1b280000,0x00007f6a1fc865d8,0x00007f6a68000000)
  to   space 1179648K, 0% used [0x00007f6a87a80000,0x00007f6a87a80000,0x00007f6acfa80000)
 ParOldGen       total 10141184K, used 4441990K [0x00007f4ecd000000, 0x00007f5137f80000, 0x00007f67cd000000)
  object space 10141184K, 43% used [0x00007f4ecd000000,0x00007f4fdc1e1bc0,0x00007f5137f80000)
 Metaspace       used 130775K, capacity 142674K, committed 150272K, reserved 151552K
Event: 32.844 GC heap after
Heap after GC invocations=34 (full 6):
 PSYoungGen      total 11239936K, used 73344K [0x00007f67cd000000, 0x00007f6ac4c00000, 0x00007f744d000000)
  eden space 10238976K, 0% used [0x00007f67cd000000,0x00007f67cd000000,0x00007f6a3df00000)
  from space 1000960K, 7% used [0x00007f6a87a80000,0x00007f6a8c2202f8,0x00007f6ac4c00000)
  to   space 1104384K, 0% used [0x00007f6a3df00000,0x00007f6a3df00000,0x00007f6a81580000)
 ParOldGen       total 10141184K, used 4441998K [0x00007f4ecd000000, 0x00007f5137f80000, 0x00007f67cd000000)
  object space 10141184K, 43% used [0x00007f4ecd000000,0x00007f4fdc1e3bc0,0x00007f5137f80000)
 Metaspace       used 130775K, capacity 142674K, committed 150272K, reserved 151552K
}
Event: 40.543 GC heap before
{Heap before GC invocations=35 (full 6):
 PSYoungGen      total 11239936K, used 10312320K [0x00007f67cd000000, 0x00007f6ac4c00000, 0x00007f744d000000)
  eden space 10238976K, 100% used [0x00007f67cd000000,0x00007f6a3df00000,0x00007f6a3df00000)
  from space 1000960K, 7% used [0x00007f6a87a80000,0x00007f6a8c2202f8,0x00007f6ac4c00000)
  to   space 1104384K, 0% used [0x00007f6a3df00000,0x00007f6a3df00000,0x00007f6a81580000)
 ParOldGen       total 10141184K, used 4441998K [0x00007f4ecd000000, 0x00007f5137f80000, 0x00007f67cd000000)
  object space 10141184K, 43% used [0x00007f4ecd000000,0x00007f4fdc1e3bc0,0x00007f5137f80000)
 Metaspace       used 130983K, capacity 142831K, committed 150272K, reserved 151552K
Event: 40.557 GC heap after
Heap after GC invocations=35 (full 6):
 PSYoungGen      total 11343360K, used 76230K [0x00007f67cd000000, 0x00007f6ada100000, 0x00007f744d000000)
  eden space 10238976K, 0% used [0x00007f67cd000000,0x00007f67cd000000,0x00007f6a3df00000)
  from space 1104384K, 6% used [0x00007f6a3df00000,0x00007f6a42971a48,0x00007f6a81580000)
  to   space 1033216K, 0% used [0x00007f6a9b000000,0x00007f6a9b000000,0x00007f6ada100000)
 ParOldGen       total 10141184K, used 4442006K [0x00007f4ecd000000, 0x00007f5137f80000, 0x00007f67cd000000)
  object space 10141184K, 43% used [0x00007f4ecd000000,0x00007f4fdc1e5bc0,0x00007f5137f80000)
 Metaspace       used 130983K, capacity 142831K, committed 150272K, reserved 151552K
}
Event: 41.961 GC heap before
{Heap before GC invocations=36 (full 6):
 PSYoungGen      total 11343360K, used 10315206K [0x00007f67cd000000, 0x00007f6ada100000, 0x00007f744d000000)
  eden space 10238976K, 100% used [0x00007f67cd000000,0x00007f6a3df00000,0x00007f6a3df00000)
  from space 1104384K, 6% used [0x00007f6a3df00000,0x00007f6a42971a48,0x00007f6a81580000)
  to   space 1033216K, 0% used [0x00007f6a9b000000,0x00007f6a9b000000,0x00007f6ada100000)
 ParOldGen       total 10141184K, used 4442006K [0x00007f4ecd000000, 0x00007f5137f80000, 0x00007f67cd000000)
  object space 10141184K, 43% used [0x00007f4ecd000000,0x00007f4fdc1e5bc0,0x00007f5137f80000)
 Metaspace       used 131062K, capacity 142959K, committed 150528K, reserved 151552K
Event: 41.971 GC heap after
Heap after GC invocations=36 (full 6):
 PSYoungGen      total 11554816K, used 17738K [0x00007f67cd000000, 0x00007f6ad0280000, 0x00007f744d000000)
  eden space 10683904K, 0% used [0x00007f67cd000000,0x00007f67cd000000,0x00007f6a59180000)
  from space 870912K, 2% used [0x00007f6a9b000000,0x00007f6a9c152888,0x00007f6ad0280000)
  to   space 975360K, 0% used [0x00007f6a59180000,0x00007f6a59180000,0x00007f6a94a00000)
 ParOldGen       total 10141184K, used 4442014K [0x00007f4ecd000000, 0x00007f5137f80000, 0x00007f67cd000000)
  object space 10141184K, 43% used [0x00007f4ecd000000,0x00007f4fdc1e7bc0,0x00007f5137f80000)
 Metaspace       used 131062K, capacity 142959K, committed 150528K, reserved 151552K
}
Event: 43.805 GC heap before
{Heap before GC invocations=37 (full 6):
 PSYoungGen      total 11554816K, used 10701642K [0x00007f67cd000000, 0x00007f6ad0280000, 0x00007f744d000000)
  eden space 10683904K, 100% used [0x00007f67cd000000,0x00007f6a59180000,0x00007f6a59180000)
  from space 870912K, 2% used [0x00007f6a9b000000,0x00007f6a9c152888,0x00007f6ad0280000)
  to   space 975360K, 0% used [0x00007f6a59180000,0x00007f6a59180000,0x00007f6a94a00000)
 ParOldGen       total 10141184K, used 4442014K [0x00007f4ecd000000, 0x00007f5137f80000, 0x00007f67cd000000)
  object space 10141184K, 43% used [0x00007f4ecd000000,0x00007f4fdc1e7bc0,0x00007f5137f80000)
 Metaspace       used 131314K, capacity 143236K, committed 150784K, reserved 151552K
Event: 43.818 GC heap after
Heap after GC invocations=37 (full 6):
 PSYoungGen      total 11659264K, used 74330K [0x00007f67cd000000, 0x00007f6ae1e80000, 0x00007f744d000000)
  eden space 10683904K, 0% used [0x00007f67cd000000,0x00007f67cd000000,0x00007f6a59180000)
  from space 975360K, 7% used [0x00007f6a59180000,0x00007f6a5da16ba8,0x00007f6a94a00000)
  to   space 909824K, 0% used [0x00007f6aaa600000,0x00007f6aaa600000,0x00007f6ae1e80000)
 ParOldGen       total 10141184K, used 4442022K [0x00007f4ecd000000, 0x00007f5137f80000, 0x00007f67cd000000)
  object space 10141184K, 43% used [0x00007f4ecd000000,0x00007f4fdc1e9bc0,0x00007f5137f80000)
 Metaspace       used 131314K, capacity 143236K, committed 150784K, reserved 151552K
}
Event: 44.983 GC heap before
{Heap before GC invocations=38 (full 6):
 PSYoungGen      total 11659264K, used 10758234K [0x00007f67cd000000, 0x00007f6ae1e80000, 0x00007f744d000000)
  eden space 10683904K, 100% used [0x00007f67cd000000,0x00007f6a59180000,0x00007f6a59180000)
  from space 975360K, 7% used [0x00007f6a59180000,0x00007f6a5da16ba8,0x00007f6a94a00000)
  to   space 909824K, 0% used [0x00007f6aaa600000,0x00007f6aaa600000,0x00007f6ae1e80000)
 ParOldGen       total 10141184K, used 4442022K [0x00007f4ecd000000, 0x00007f5137f80000, 0x00007f67cd000000)
  object space 10141184K, 43% used [0x00007f4ecd000000,0x00007f4fdc1e9bc0,0x00007f5137f80000)
 Metaspace       used 131335K, capacity 143236K, committed 150784K, reserved 151552K
Event: 44.993 GC heap after
Heap after GC invocations=38 (full 6):
 PSYoungGen      total 11875328K, used 53752K [0x00007f67cd000000, 0x00007f6ada100000, 0x00007f744d000000)
  eden space 11094016K, 0% used [0x00007f67cd000000,0x00007f67cd000000,0x00007f6a72200000)
  from space 781312K, 6% used [0x00007f6aaa600000,0x00007f6aada7e278,0x00007f6ada100000)
  to   space 851456K, 0% used [0x00007f6a72200000,0x00007f6a72200000,0x00007f6aa6180000)
 ParOldGen       total 10141184K, used 4442030K [0x00007f4ecd000000, 0x00007f5137f80000, 0x00007f67cd000000)
  object space 10141184K, 43% used [0x00007f4ecd000000,0x00007f4fdc1ebbc0,0x00007f5137f80000)
 Metaspace       used 131335K, capacity 143236K, committed 150784K, reserved 151552K
}
Event: 47.888 GC heap before
{Heap before GC invocations=39 (full 6):
 PSYoungGen      total 11875328K, used 11147768K [0x00007f67cd000000, 0x00007f6ada100000, 0x00007f744d000000)
  eden space 11094016K, 100% used [0x00007f67cd000000,0x00007f6a72200000,0x00007f6a72200000)
  from space 781312K, 6% used [0x00007f6aaa600000,0x00007f6aada7e278,0x00007f6ada100000)
  to   space 851456K, 0% used [0x00007f6a72200000,0x00007f6a72200000,0x00007f6aa6180000)
 ParOldGen       total 10141184K, used 4442030K [0x00007f4ecd000000, 0x00007f5137f80000, 0x00007f67cd000000)
  object space 10141184K, 43% used [0x00007f4ecd000000,0x00007f4fdc1ebbc0,0x00007f5137f80000)
 Metaspace       used 131633K, capacity 143632K, committed 151040K, reserved 151552K
Event: 47.902 GC heap after
Heap after GC invocations=39 (full 6):
 PSYoungGen      total 11945472K, used 35811K [0x00007f67cd000000, 0x00007f6ae7080000, 0x00007f744d000000)
  eden space 11094016K, 0% used [0x00007f67cd000000,0x00007f67cd000000,0x00007f6a72200000)
  from space 851456K, 4% used [0x00007f6a72200000,0x00007f6a744f8c20,0x00007f6aa6180000)
  to   space 799744K, 0% used [0x00007f6ab6380000,0x00007f6ab6380000,0x00007f6ae7080000)
 ParOldGen       total 10141184K, used 4442038K [0x00007f4ecd000000, 0x00007f5137f80000, 0x00007f67cd000000)
  object space 10141184K, 43% used [0x00007f4ecd000000,0x00007f4fdc1edbc0,0x00007f5137f80000)
 Metaspace       used 131633K, capacity 143632K, committed 151040K, reserved 151552K
}
Event: 52.838 GC heap before
{Heap before GC invocations=40 (full 6):
 PSYoungGen      total 11945472K, used 11129827K [0x00007f67cd000000, 0x00007f6ae7080000, 0x00007f744d000000)
  eden space 11094016K, 100% used [0x00007f67cd000000,0x00007f6a72200000,0x00007f6a72200000)
  from space 851456K, 4% used [0x00007f6a72200000,0x00007f6a744f8c20,0x00007f6aa6180000)
  to   space 799744K, 0% used [0x00007f6ab6380000,0x00007f6ab6380000,0x00007f6ae7080000)
 ParOldGen       total 10141184K, used 4442038K [0x00007f4ecd000000, 0x00007f5137f80000, 0x00007f67cd000000)
  object space 10141184K, 43% used [0x00007f4ecd000000,0x00007f4fdc1edbc0,0x00007f5137f80000)
 Metaspace       used 139181K, capacity 157918K, committed 157952K, reserved 159744K
Event: 52.952 GC heap after
Heap after GC invocations=40 (full 6):
 PSYoungGen      total 11992064K, used 799738K [0x00007f67cd000000, 0x00007f6b08a00000, 0x00007f744d000000)
  eden space 11192320K, 0% used [0x00007f67cd000000,0x00007f67cd000000,0x00007f6a78200000)
  from space 799744K, 99% used [0x00007f6ab6380000,0x00007f6ae707eb98,0x00007f6ae7080000)
  to   space 1017344K, 0% used [0x00007f6a78200000,0x00007f6a78200000,0x00007f6ab6380000)
 ParOldGen       total 10141184K, used 4544979K [0x00007f4ecd000000, 0x00007f5137f80000, 0x00007f67cd000000)
  object space 10141184K, 44% used [0x00007f4ecd000000,0x00007f4fe2674d30,0x00007f5137f80000)
 Metaspace       used 139181K, capacity 157918K, committed 157952K, reserved 159744K
}
Event: 54.326 GC heap before
{Heap before GC invocations=41 (full 6):
 PSYoungGen      total 11992064K, used 11969947K [0x00007f67cd000000, 0x00007f6b08a00000, 0x00007f744d000000)
  eden space 11192320K, 99% used [0x00007f67cd000000,0x00007f6a76c681e0,0x00007f6a78200000)
  from space 799744K, 99% used [0x00007f6ab6380000,0x00007f6ae707eb98,0x00007f6ae7080000)
  to   space 1017344K, 0% used [0x00007f6a78200000,0x00007f6a78200000,0x00007f6ab6380000)
 ParOldGen       total 10141184K, used 4544979K [0x00007f4ecd000000, 0x00007f5137f80000, 0x00007f67cd000000)
  object space 10141184K, 44% used [0x00007f4ecd000000,0x00007f4fe2674d30,0x00007f5137f80000)
 Metaspace       used 139217K, capacity 158054K, committed 158208K, reserved 159744K
Event: 54.506 GC heap after
Heap after GC invocations=41 (full 6):
 PSYoungGen      total 12209664K, used 1017339K [0x00007f67cd000000, 0x00007f6ba6880000, 0x00007f744d000000)
  eden space 11192320K, 0% used [0x00007f67cd000000,0x00007f67cd000000,0x00007f6a78200000)
  from space 1017344K, 99% used [0x00007f6a78200000,0x00007f6ab637eff8,0x00007f6ab6380000)
  to   space 1963520K, 0% used [0x00007f6b2eb00000,0x00007f6b2eb00000,0x00007f6ba6880000)
 ParOldGen       total 10141184K, used 6514371K [0x00007f4ecd000000, 0x00007f5137f80000, 0x00007f67cd000000)
  object space 10141184K, 64% used [0x00007f4ecd000000,0x00007f505a9b0c20,0x00007f5137f80000)
 Metaspace       used 139217K, capacity 158054K, committed 158208K, reserved 159744K
}
Event: 55.571 GC heap before
{Heap before GC invocations=42 (full 6):
 PSYoungGen      total 12209664K, used 12209659K [0x00007f67cd000000, 0x00007f6ba6880000, 0x00007f744d000000)
  eden space 11192320K, 100% used [0x00007f67cd000000,0x00007f6a78200000,0x00007f6a78200000)
  from space 1017344K, 99% used [0x00007f6a78200000,0x00007f6ab637eff8,0x00007f6ab6380000)
  to   space 1963520K, 0% used [0x00007f6b2eb00000,0x00007f6b2eb00000,0x00007f6ba6880000)
 ParOldGen       total 10141184K, used 6514371K [0x00007f4ecd000000, 0x00007f5137f80000, 0x00007f67cd000000)
  object space 10141184K, 64% used [0x00007f4ecd000000,0x00007f505a9b0c20,0x00007f5137f80000)
 Metaspace       used 139459K, capacity 158383K, committed 158464K, reserved 159744K
Event: 55.971 GC heap after
Heap after GC invocations=42 (full 6):
 PSYoungGen      total 13005312K, used 1963512K [0x00007f67cd000000, 0x00007f6c5dc80000, 0x00007f744d000000)
  eden space 11041792K, 0% used [0x00007f67cd000000,0x00007f67cd000000,0x00007f6a6ef00000)
  from space 1963520K, 99% used [0x00007f6b2eb00000,0x00007f6ba687e1a8,0x00007f6ba6880000)
  to   space 3141632K, 0% used [0x00007f6a6ef00000,0x00007f6a6ef00000,0x00007f6b2eb00000)
 ParOldGen       total 10141184K, used 8621581K [0x00007f4ecd000000, 0x00007f5137f80000, 0x00007f67cd000000)
  object space 10141184K, 85% used [0x00007f4ecd000000,0x00007f50db383470,0x00007f5137f80000)
 Metaspace       used 139459K, capacity 158383K, committed 158464K, reserved 159744K
}
Event: 55.971 GC heap before
{Heap before GC invocations=43 (full 7):
 PSYoungGen      total 13005312K, used 1963512K [0x00007f67cd000000, 0x00007f6c5dc80000, 0x00007f744d000000)
  eden space 11041792K, 0% used [0x00007f67cd000000,0x00007f67cd000000,0x00007f6a6ef00000)
  from space 1963520K, 99% used [0x00007f6b2eb00000,0x00007f6ba687e1a8,0x00007f6ba6880000)
  to   space 3141632K, 0% used [0x00007f6a6ef00000,0x00007f6a6ef00000,0x00007f6b2eb00000)
 ParOldGen       total 10141184K, used 8621581K [0x00007f4ecd000000, 0x00007f5137f80000, 0x00007f67cd000000)
  object space 10141184K, 85% used [0x00007f4ecd000000,0x00007f50db383470,0x00007f5137f80000)
 Metaspace       used 139459K, capacity 158383K, committed 158464K, reserved 159744K
Event: 56.763 GC heap after
Heap after GC invocations=43 (full 7):
 PSYoungGen      total 13005312K, used 0K [0x00007f67cd000000, 0x00007f6c5dc80000, 0x00007f744d000000)
  eden space 11041792K, 0% used [0x00007f67cd000000,0x00007f67cd000000,0x00007f6a6ef00000)
  from space 1963520K, 0% used [0x00007f6b2eb00000,0x00007f6b2eb00000,0x00007f6ba6880000)
  to   space 3141632K, 0% used [0x00007f6a6ef00000,0x00007f6a6ef00000,0x00007f6b2eb00000)
 ParOldGen       total 14347776K, used 8488773K [0x00007f4ecd000000, 0x00007f5238b80000, 0x00007f67cd000000)
  object space 14347776K, 59% used [0x00007f4ecd000000,0x00007f50d31d14d8,0x00007f5238b80000)
 Metaspace       used 134483K, capacity 147543K, committed 158464K, reserved 159744K
}
Event: 57.927 GC heap before
{Heap before GC invocations=44 (full 7):
 PSYoungGen      total 13005312K, used 11041792K [0x00007f67cd000000, 0x00007f6c5dc80000, 0x00007f744d000000)
  eden space 11041792K, 100% used [0x00007f67cd000000,0x00007f6a6ef00000,0x00007f6a6ef00000)
  from space 1963520K, 0% used [0x00007f6b2eb00000,0x00007f6b2eb00000,0x00007f6ba6880000)
  to   space 3141632K, 0% used [0x00007f6a6ef00000,0x00007f6a6ef00000,0x00007f6b2eb00000)
 ParOldGen       total 14347776K, used 8488773K [0x00007f4ecd000000, 0x00007f5238b80000, 0x00007f67cd000000)
  object space 14347776K, 59% used [0x00007f4ecd000000,0x00007f50d31d14d8,0x00007f5238b80000)
 Metaspace       used 134486K, capacity 147543K, committed 158464K, reserved 159744K
Event: 58.004 GC heap after
Heap after GC invocations=44 (full 7):
 PSYoungGen      total 14183424K, used 1591130K [0x00007f67cd000000, 0x00007f6c5a080000, 0x00007f744d000000)
  eden space 11041792K, 0% used [0x00007f67cd000000,0x00007f67cd000000,0x00007f6a6ef00000)
  from space 3141632K, 50% used [0x00007f6a6ef00000,0x00007f6ad00d6a08,0x00007f6b2eb00000)
  to   space 3187712K, 0% used [0x00007f6b97780000,0x00007f6b97780000,0x00007f6c5a080000)
 ParOldGen       total 14347776K, used 8488773K [0x00007f4ecd000000, 0x00007f5238b80000, 0x00007f67cd000000)
  object space 14347776K, 59% used [0x00007f4ecd000000,0x00007f50d31d14d8,0x00007f5238b80000)
 Metaspace       used 134486K, capacity 147543K, committed 158464K, reserved 159744K
}
Event: 59.059 GC heap before
{Heap before GC invocations=45 (full 7):
 PSYoungGen      total 14183424K, used 12632922K [0x00007f67cd000000, 0x00007f6c5a080000, 0x00007f744d000000)
  eden space 11041792K, 100% used [0x00007f67cd000000,0x00007f6a6ef00000,0x00007f6a6ef00000)
  from space 3141632K, 50% used [0x00007f6a6ef00000,0x00007f6ad00d6a08,0x00007f6b2eb00000)
  to   space 3187712K, 0% used [0x00007f6b97780000,0x00007f6b97780000,0x00007f6c5a080000)
 ParOldGen       total 14347776K, used 8488773K [0x00007f4ecd000000, 0x00007f5238b80000, 0x00007f67cd000000)
  object space 14347776K, 59% used [0x00007f4ecd000000,0x00007f50d31d14d8,0x00007f5238b80000)
 Metaspace       used 134487K, capacity 147543K, committed 158464K, reserved 159744K
Event: 59.310 GC heap after
Heap after GC invocations=45 (full 7):
 PSYoungGen      total 15491072K, used 2639101K [0x00007f67cd000000, 0x00007f6c97600000, 0x00007f744d000000)
  eden space 12303360K, 0% used [0x00007f67cd000000,0x00007f67cd000000,0x00007f6abbf00000)
  from space 3187712K, 82% used [0x00007f6b97780000,0x00007f6c388bf670,0x00007f6c5a080000)
  to   space 3596800K, 0% used [0x00007f6abbf00000,0x00007f6abbf00000,0x00007f6b97780000)
 ParOldGen       total 14347776K, used 8488773K [0x00007f4ecd000000, 0x00007f5238b80000, 0x00007f67cd000000)
  object space 14347776K, 59% used [0x00007f4ecd000000,0x00007f50d31d14d8,0x00007f5238b80000)
 Metaspace       used 134487K, capacity 147543K, committed 158464K, reserved 159744K
}
Event: 60.544 GC heap before
{Heap before GC invocations=46 (full 7):
 PSYoungGen      total 15491072K, used 14942461K [0x00007f67cd000000, 0x00007f6c97600000, 0x00007f744d000000)
  eden space 12303360K, 100% used [0x00007f67cd000000,0x00007f6abbf00000,0x00007f6abbf00000)
  from space 3187712K, 82% used [0x00007f6b97780000,0x00007f6c388bf670,0x00007f6c5a080000)
  to   space 3596800K, 0% used [0x00007f6abbf00000,0x00007f6abbf00000,0x00007f6b97780000)
 ParOldGen       total 14347776K, used 8488773K [0x00007f4ecd000000, 0x00007f5238b80000, 0x00007f67cd000000)
  object space 14347776K, 59% used [0x00007f4ecd000000,0x00007f50d31d14d8,0x00007f5238b80000)
 Metaspace       used 134487K, capacity 147543K, committed 158464K, reserved 159744K
Event: 60.700 GC heap after
Heap after GC invocations=46 (full 7):
 PSYoungGen      total 15900160K, used 2901319K [0x00007f67cd000000, 0x00007f6d24880000, 0x00007f744d000000)
  eden space 12303360K, 0% used [0x00007f67cd000000,0x00007f67cd000000,0x00007f6abbf00000)
  from space 3596800K, 80% used [0x00007f6abbf00000,0x00007f6b6d051fe8,0x00007f6b97780000)
  to   space 4015104K, 0% used [0x00007f6c2f780000,0x00007f6c2f780000,0x00007f6d24880000)
 ParOldGen       total 14347776K, used 8488773K [0x00007f4ecd000000, 0x00007f5238b80000, 0x00007f67cd000000)
  object space 14347776K, 59% used [0x00007f4ecd000000,0x00007f50d31d14d8,0x00007f5238b80000)
 Metaspace       used 134487K, capacity 147543K, committed 158464K, reserved 159744K
}
Event: 61.765 GC heap before
{Heap before GC invocations=47 (full 7):
 PSYoungGen      total 15900160K, used 15204679K [0x00007f67cd000000, 0x00007f6d24880000, 0x00007f744d000000)
  eden space 12303360K, 100% used [0x00007f67cd000000,0x00007f6abbf00000,0x00007f6abbf00000)
  from space 3596800K, 80% used [0x00007f6abbf00000,0x00007f6b6d051fe8,0x00007f6b97780000)
  to   space 4015104K, 0% used [0x00007f6c2f780000,0x00007f6c2f780000,0x00007f6d24880000)
 ParOldGen       total 14347776K, used 8488773K [0x00007f4ecd000000, 0x00007f5238b80000, 0x00007f67cd000000)
  object space 14347776K, 59% used [0x00007f4ecd000000,0x00007f50d31d14d8,0x00007f5238b80000)
 Metaspace       used 134487K, capacity 147543K, committed 158464K, reserved 159744K
Event: 62.095 GC heap after
Heap after GC invocations=47 (full 7):
 PSYoungGen      total 17916928K, used 3294248K [0x00007f67cd000000, 0x00007f6d68600000, 0x00007f744d000000)
  eden space 13901824K, 0% used [0x00007f67cd000000,0x00007f67cd000000,0x00007f6b1d800000)
  from space 4015104K, 82% used [0x00007f6c2f780000,0x00007f6cf888a390,0x00007f6d24880000)
  to   space 4488704K, 0% used [0x00007f6b1d800000,0x00007f6b1d800000,0x00007f6c2f780000)
 ParOldGen       total 14347776K, used 8488773K [0x00007f4ecd000000, 0x00007f5238b80000, 0x00007f67cd000000)
  object space 14347776K, 59% used [0x00007f4ecd000000,0x00007f50d31d14d8,0x00007f5238b80000)
 Metaspace       used 134487K, capacity 147543K, committed 158464K, reserved 159744K
}
Event: 63.353 GC heap before
{Heap before GC invocations=48 (full 7):
 PSYoungGen      total 17916928K, used 17196072K [0x00007f67cd000000, 0x00007f6d68600000, 0x00007f744d000000)
  eden space 13901824K, 100% used [0x00007f67cd000000,0x00007f6b1d800000,0x00007f6b1d800000)
  from space 4015104K, 82% used [0x00007f6c2f780000,0x00007f6cf888a390,0x00007f6d24880000)
  to   space 4488704K, 0% used [0x00007f6b1d800000,0x00007f6b1d800000,0x00007f6c2f780000)
 ParOldGen       total 14347776K, used 8488773K [0x00007f4ecd000000, 0x00007f5238b80000, 0x00007f67cd000000)
  object space 14347776K, 59% used [0x00007f4ecd000000,0x00007f50d31d14d8,0x00007f5238b80000)
 Metaspace       used 134487K, capacity 147543K, committed 158464K, reserved 159744K
Event: 63.573 GC heap after
Heap after GC invocations=48 (full 7):
 PSYoungGen      total 18390528K, used 4474623K [0x00007f67cd000000, 0x00007f6e2c380000, 0x00007f744d000000)
  eden space 13901824K, 0% used [0x00007f67cd000000,0x00007f67cd000000,0x00007f6b1d800000)
  from space 4488704K, 99% used [0x00007f6b1d800000,0x00007f6c2e9bfc88,0x00007f6c2f780000)
  to   space 5297152K, 0% used [0x00007f6ce8e80000,0x00007f6ce8e80000,0x00007f6e2c380000)
 ParOldGen       total 14347776K, used 8750917K [0x00007f4ecd000000, 0x00007f5238b80000, 0x00007f67cd000000)
  object space 14347776K, 60% used [0x00007f4ecd000000,0x00007f50e31d1538,0x00007f5238b80000)
 Metaspace       used 134487K, capacity 147543K, committed 158464K, reserved 159744K
}
Event: 64.854 GC heap before
{Heap before GC invocations=49 (full 7):
 PSYoungGen      total 18390528K, used 18376447K [0x00007f67cd000000, 0x00007f6e2c380000, 0x00007f744d000000)
  eden space 13901824K, 100% used [0x00007f67cd000000,0x00007f6b1d800000,0x00007f6b1d800000)
  from space 4488704K, 99% used [0x00007f6b1d800000,0x00007f6c2e9bfc88,0x00007f6c2f780000)
  to   space 5297152K, 0% used [0x00007f6ce8e80000,0x00007f6ce8e80000,0x00007f6e2c380000)
 ParOldGen       total 14347776K, used 8750917K [0x00007f4ecd000000, 0x00007f5238b80000, 0x00007f67cd000000)
  object space 14347776K, 60% used [0x00007f4ecd000000,0x00007f50e31d1538,0x00007f5238b80000)
 Metaspace       used 134487K, capacity 147543K, committed 158464K, reserved 159744K
Event: 65.314 GC heap after
Heap after GC invocations=49 (full 7):
 PSYoungGen      total 21170176K, used 3426145K [0x00007f67cd000000, 0x00007f6e52a00000, 0x00007f744d000000)
  eden space 15873024K, 0% used [0x00007f67cd000000,0x00007f67cd000000,0x00007f6b95d00000)
  from space 5297152K, 64% used [0x00007f6ce8e80000,0x00007f6dba0587c8,0x00007f6e2c380000)
  to   space 5555712K, 0% used [0x00007f6b95d00000,0x00007f6b95d00000,0x00007f6ce8e80000)
 ParOldGen       total 14347776K, used 10194009K [0x00007f4ecd000000, 0x00007f5238b80000, 0x00007f67cd000000)
  object space 14347776K, 71% used [0x00007f4ecd000000,0x00007f513b316760,0x00007f5238b80000)
 Metaspace       used 134487K, capacity 147543K, committed 158464K, reserved 159744K
}
Event: 66.704 GC heap before
{Heap before GC invocations=50 (full 7):
 PSYoungGen      total 21170176K, used 19299169K [0x00007f67cd000000, 0x00007f6e52a00000, 0x00007f744d000000)
  eden space 15873024K, 100% used [0x00007f67cd000000,0x00007f6b95d00000,0x00007f6b95d00000)
  from space 5297152K, 64% used [0x00007f6ce8e80000,0x00007f6dba0587c8,0x00007f6e2c380000)
  to   space 5555712K, 0% used [0x00007f6b95d00000,0x00007f6b95d00000,0x00007f6ce8e80000)
 ParOldGen       total 14347776K, used 10194009K [0x00007f4ecd000000, 0x00007f5238b80000, 0x00007f67cd000000)
  object space 14347776K, 71% used [0x00007f4ecd000000,0x00007f513b316760,0x00007f5238b80000)
 Metaspace       used 134492K, capacity 147543K, committed 158464K, reserved 159744K
Event: 66.933 GC heap after
Heap after GC invocations=50 (full 7):
 PSYoungGen      total 21428736K, used 2837423K [0x00007f67cd000000, 0x00007f6ed9b00000, 0x00007f744d000000)
  eden space 15873024K, 0% used [0x00007f67cd000000,0x00007f67cd000000,0x00007f6b95d00000)
  from space 5555712K, 51% used [0x00007f6b95d00000,0x00007f6c42febc50,0x00007f6ce8e80000)
  to   space 5526016K, 0% used [0x00007f6d88680000,0x00007f6d88680000,0x00007f6ed9b00000)
 ParOldGen       total 14347776K, used 11832586K [0x00007f4ecd000000, 0x00007f5238b80000, 0x00007f67cd000000)
  object space 14347776K, 82% used [0x00007f4ecd000000,0x00007f519f3429b8,0x00007f5238b80000)
 Metaspace       used 134492K, capacity 147543K, committed 158464K, reserved 159744K
}
Event: 68.306 GC heap before
{Heap before GC invocations=51 (full 7):
 PSYoungGen      total 21428736K, used 18710447K [0x00007f67cd000000, 0x00007f6ed9b00000, 0x00007f744d000000)
  eden space 15873024K, 100% used [0x00007f67cd000000,0x00007f6b95d00000,0x00007f6b95d00000)
  from space 5555712K, 51% used [0x00007f6b95d00000,0x00007f6c42febc50,0x00007f6ce8e80000)
  to   space 5526016K, 0% used [0x00007f6d88680000,0x00007f6d88680000,0x00007f6ed9b00000)
 ParOldGen       total 14347776K, used 11832586K [0x00007f4ecd000000, 0x00007f5238b80000, 0x00007f67cd000000)
  object space 14347776K, 82% used [0x00007f4ecd000000,0x00007f519f3429b8,0x00007f5238b80000)
 Metaspace       used 134496K, capacity 147543K, committed 158464K, reserved 159744K
Event: 68.671 GC heap after
Heap after GC invocations=51 (full 7):
 PSYoungGen      total 23527936K, used 1733470K [0x00007f67cd000000, 0x00007f6eb7c00000, 0x00007f744d000000)
  eden space 18557952K, 0% used [0x00007f67cd000000,0x00007f67cd000000,0x00007f6c39b00000)
  from space 4969984K, 34% used [0x00007f6d88680000,0x00007f6df2357ae8,0x00007f6eb7c00000)
  to   space 5227008K, 0% used [0x00007f6c39b00000,0x00007f6c39b00000,0x00007f6d78b80000)
 ParOldGen       total 14347776K, used 14060995K [0x00007f4ecd000000, 0x00007f5238b80000, 0x00007f67cd000000)
  object space 14347776K, 98% used [0x00007f4ecd000000,0x00007f5227370ce8,0x00007f5238b80000)
 Metaspace       used 134496K, capacity 147543K, committed 158464K, reserved 159744K
}
Event: 68.671 GC heap before
{Heap before GC invocations=52 (full 8):
 PSYoungGen      total 23527936K, used 1733470K [0x00007f67cd000000, 0x00007f6eb7c00000, 0x00007f744d000000)
  eden space 18557952K, 0% used [0x00007f67cd000000,0x00007f67cd000000,0x00007f6c39b00000)
  from space 4969984K, 34% used [0x00007f6d88680000,0x00007f6df2357ae8,0x00007f6eb7c00000)
  to   space 5227008K, 0% used [0x00007f6c39b00000,0x00007f6c39b00000,0x00007f6d78b80000)
 ParOldGen       total 14347776K, used 14060995K [0x00007f4ecd000000, 0x00007f5238b80000, 0x00007f67cd000000)
  object space 14347776K, 98% used [0x00007f4ecd000000,0x00007f5227370ce8,0x00007f5238b80000)
 Metaspace       used 134496K, capacity 147543K, committed 158464K, reserved 159744K
Event: 69.527 GC heap after
Heap after GC invocations=52 (full 8):
 PSYoungGen      total 23527936K, used 0K [0x00007f67cd000000, 0x00007f6eb7c00000, 0x00007f744d000000)
  eden space 18557952K, 0% used [0x00007f67cd000000,0x00007f67cd000000,0x00007f6c39b00000)
  from space 4969984K, 0% used [0x00007f6d88680000,0x00007f6d88680000,0x00007f6eb7c00000)
  to   space 5227008K, 0% used [0x00007f6c39b00000,0x00007f6c39b00000,0x00007f6d78b80000)
 ParOldGen       total 17304064K, used 10440481K [0x00007f4ecd000000, 0x00007f52ed280000, 0x00007f67cd000000)
  object space 17304064K, 60% used [0x00007f4ecd000000,0x00007f514a3c8420,0x00007f52ed280000)
 Metaspace       used 134496K, capacity 147543K, committed 158464K, reserved 159744K
}
Event: 71.166 GC heap before
{Heap before GC invocations=53 (full 8):
 PSYoungGen      total 23527936K, used 18557952K [0x00007f67cd000000, 0x00007f6eb7c00000, 0x00007f744d000000)
  eden space 18557952K, 100% used [0x00007f67cd000000,0x00007f6c39b00000,0x00007f6c39b00000)
  from space 4969984K, 0% used [0x00007f6d88680000,0x00007f6d88680000,0x00007f6eb7c00000)
  to   space 5227008K, 0% used [0x00007f6c39b00000,0x00007f6c39b00000,0x00007f6d78b80000)
 ParOldGen       total 17304064K, used 10440481K [0x00007f4ecd000000, 0x00007f52ed280000, 0x00007f67cd000000)
  object space 17304064K, 60% used [0x00007f4ecd000000,0x00007f514a3c8420,0x00007f52ed280000)
 Metaspace       used 134498K, capacity 147543K, committed 158464K, reserved 159744K
Event: 71.207 GC heap after
Heap after GC invocations=53 (full 8):
 PSYoungGen      total 23784960K, used 674218K [0x00007f67cd000000, 0x00007f6f5bf00000, 0x00007f744d000000)
  eden space 18557952K, 0% used [0x00007f67cd000000,0x00007f67cd000000,0x00007f6c39b00000)
  from space 5227008K, 12% used [0x00007f6c39b00000,0x00007f6c62d6aa50,0x00007f6d78b80000)
  to   space 5129728K, 0% used [0x00007f6e22d80000,0x00007f6e22d80000,0x00007f6f5bf00000)
 ParOldGen       total 17304064K, used 10440481K [0x00007f4ecd000000, 0x00007f52ed280000, 0x00007f67cd000000)
  object space 17304064K, 60% used [0x00007f4ecd000000,0x00007f514a3c8420,0x00007f52ed280000)
 Metaspace       used 134498K, capacity 147543K, committed 158464K, reserved 159744K
}
Event: 72.906 GC heap before
{Heap before GC invocations=54 (full 8):
 PSYoungGen      total 23784960K, used 19232170K [0x00007f67cd000000, 0x00007f6f5bf00000, 0x00007f744d000000)
  eden space 18557952K, 100% used [0x00007f67cd000000,0x00007f6c39b00000,0x00007f6c39b00000)
  from space 5227008K, 12% used [0x00007f6c39b00000,0x00007f6c62d6aa50,0x00007f6d78b80000)
  to   space 5129728K, 0% used [0x00007f6e22d80000,0x00007f6e22d80000,0x00007f6f5bf00000)
 ParOldGen       total 17304064K, used 10440481K [0x00007f4ecd000000, 0x00007f52ed280000, 0x00007f67cd000000)
  object space 17304064K, 60% used [0x00007f4ecd000000,0x00007f514a3c8420,0x00007f52ed280000)
 Metaspace       used 134498K, capacity 147543K, committed 158464K, reserved 159744K
Event: 73.024 GC heap after
Heap after GC invocations=54 (full 8):
 PSYoungGen      total 26115584K, used 577246K [0x00007f67cd000000, 0x00007f6f47800000, 0x00007f744d000000)
  eden space 21320704K, 0% used [0x00007f67cd000000,0x00007f67cd000000,0x00007f6ce2500000)
  from space 4794880K, 12% used [0x00007f6e22d80000,0x00007f6e46137ad0,0x00007f6f47800000)
  to   space 5023232K, 0% used [0x00007f6ce2500000,0x00007f6ce2500000,0x00007f6e14e80000)
 ParOldGen       total 17304064K, used 10965669K [0x00007f4ecd000000, 0x00007f52ed280000, 0x00007f67cd000000)
  object space 17304064K, 63% used [0x00007f4ecd000000,0x00007f516a4a9528,0x00007f52ed280000)
 Metaspace       used 134498K, capacity 147543K, committed 158464K, reserved 159744K
}
Event: 75.230 GC heap before
{Heap before GC invocations=55 (full 8):
 PSYoungGen      total 26115584K, used 21897950K [0x00007f67cd000000, 0x00007f6f47800000, 0x00007f744d000000)
  eden space 21320704K, 100% used [0x00007f67cd000000,0x00007f6ce2500000,0x00007f6ce2500000)
  from space 4794880K, 12% used [0x00007f6e22d80000,0x00007f6e46137ad0,0x00007f6f47800000)
  to   space 5023232K, 0% used [0x00007f6ce2500000,0x00007f6ce2500000,0x00007f6e14e80000)
 ParOldGen       total 17304064K, used 10965669K [0x00007f4ecd000000, 0x00007f52ed280000, 0x00007f67cd000000)
  object space 17304064K, 63% used [0x00007f4ecd000000,0x00007f516a4a9528,0x00007f52ed280000)
 Metaspace       used 134498K, capacity 147543K, committed 158464K, reserved 159744K
Event: 75.297 GC heap after
Heap after GC invocations=55 (full 8):
 PSYoungGen      total 26343936K, used 680004K [0x00007f67cd000000, 0x00007f6fe9500000, 0x00007f744d000000)
  eden space 21320704K, 0% used [0x00007f67cd000000,0x00007f67cd000000,0x00007f6ce2500000)
  from space 5023232K, 13% used [0x00007f6ce2500000,0x00007f6d0bd11138,0x00007f6e14e80000)
  to   space 4874752K, 0% used [0x00007f6ebfc80000,0x00007f6ebfc80000,0x00007f6fe9500000)
 ParOldGen       total 17304064K, used 11507662K [0x00007f4ecd000000, 0x00007f52ed280000, 0x00007f67cd000000)
  object space 17304064K, 66% used [0x00007f4ecd000000,0x00007f518b5f3810,0x00007f52ed280000)
 Metaspace       used 134498K, capacity 147543K, committed 158464K, reserved 159744K
}
Event: 77.196 GC heap before
{Heap before GC invocations=56 (full 8):
 PSYoungGen      total 26343936K, used 22000708K [0x00007f67cd000000, 0x00007f6fe9500000, 0x00007f744d000000)
  eden space 21320704K, 100% used [0x00007f67cd000000,0x00007f6ce2500000,0x00007f6ce2500000)
  from space 5023232K, 13% used [0x00007f6ce2500000,0x00007f6d0bd11138,0x00007f6e14e80000)
  to   space 4874752K, 0% used [0x00007f6ebfc80000,0x00007f6ebfc80000,0x00007f6fe9500000)
 ParOldGen       total 17304064K, used 11507662K [0x00007f4ecd000000, 0x00007f52ed280000, 0x00007f67cd000000)
  object space 17304064K, 66% used [0x00007f4ecd000000,0x00007f518b5f3810,0x00007f52ed280000)
 Metaspace       used 134498K, capacity 147543K, committed 158464K, reserved 159744K
Event: 77.290 GC heap after
Heap after GC invocations=56 (full 8):
 PSYoungGen      total 28517888K, used 675006K [0x00007f67cd000000, 0x00007f6fcc600000, 0x00007f744d000000)
  eden space 24117248K, 0% used [0x00007f67cd000000,0x00007f67cd000000,0x00007f6d8d000000)
  from space 4400640K, 15% used [0x00007f6ebfc80000,0x00007f6ee8faf8f0,0x00007f6fcc600000)
  to   space 4713472K, 0% used [0x00007f6d8d000000,0x00007f6d8d000000,0x00007f6eacb00000)
 ParOldGen       total 17304064K, used 11974635K [0x00007f4ecd000000, 0x00007f52ed280000, 0x00007f67cd000000)
  object space 17304064K, 69% used [0x00007f4ecd000000,0x00007f51a7dfaf70,0x00007f52ed280000)
 Metaspace       used 134498K, capacity 147543K, committed 158464K, reserved 159744K
}
Event: 79.493 GC heap before
{Heap before GC invocations=57 (full 8):
 PSYoungGen      total 28517888K, used 24792254K [0x00007f67cd000000, 0x00007f6fcc600000, 0x00007f744d000000)
  eden space 24117248K, 100% used [0x00007f67cd000000,0x00007f6d8d000000,0x00007f6d8d000000)
  from space 4400640K, 15% used [0x00007f6ebfc80000,0x00007f6ee8faf8f0,0x00007f6fcc600000)
  to   space 4713472K, 0% used [0x00007f6d8d000000,0x00007f6d8d000000,0x00007f6eacb00000)
 ParOldGen       total 17304064K, used 11974635K [0x00007f4ecd000000, 0x00007f52ed280000, 0x00007f67cd000000)
  object space 17304064K, 69% used [0x00007f4ecd000000,0x00007f51a7dfaf70,0x00007f52ed280000)
 Metaspace       used 134500K, capacity 147543K, committed 158464K, reserved 159744K
Event: 79.567 GC heap after
Heap after GC invocations=57 (full 8):
 PSYoungGen      total 28830720K, used 335607K [0x00007f67cd000000, 0x00007f7069e80000, 0x00007f744d000000)
  eden space 24117248K, 0% used [0x00007f67cd000000,0x00007f67cd000000,0x00007f6d8d000000)
  from space 4713472K, 7% used [0x00007f6d8d000000,0x00007f6da17bddc0,0x00007f6eacb00000)
  to   space 4600320K, 0% used [0x00007f6f51200000,0x00007f6f51200000,0x00007f7069e80000)
 ParOldGen       total 17304064K, used 12511052K [0x00007f4ecd000000, 0x00007f52ed280000, 0x00007f67cd000000)
  object space 17304064K, 72% used [0x00007f4ecd000000,0x00007f51c89d3300,0x00007f52ed280000)
 Metaspace       used 134500K, capacity 147543K, committed 158464K, reserved 159744K
}
Event: 81.761 GC heap before
{Heap before GC invocations=58 (full 8):
 PSYoungGen      total 28830720K, used 24452855K [0x00007f67cd000000, 0x00007f7069e80000, 0x00007f744d000000)
  eden space 24117248K, 100% used [0x00007f67cd000000,0x00007f6d8d000000,0x00007f6d8d000000)
  from space 4713472K, 7% used [0x00007f6d8d000000,0x00007f6da17bddc0,0x00007f6eacb00000)
  to   space 4600320K, 0% used [0x00007f6f51200000,0x00007f6f51200000,0x00007f7069e80000)
 ParOldGen       total 17304064K, used 12511052K [0x00007f4ecd000000, 0x00007f52ed280000, 0x00007f67cd000000)
  object space 17304064K, 72% used [0x00007f4ecd000000,0x00007f51c89d3300,0x00007f52ed280000)
 Metaspace       used 134502K, capacity 147543K, committed 158464K, reserved 159744K
Event: 81.836 GC heap after
Heap after GC invocations=58 (full 8):
 PSYoungGen      total 30936064K, used 227159K [0x00007f67cd000000, 0x00007f7050d80000, 0x00007f744d000000)
  eden space 26746368K, 0% used [0x00007f67cd000000,0x00007f67cd000000,0x00007f6e2d780000)
  from space 4189696K, 5% used [0x00007f6f51200000,0x00007f6f5efd5ee8,0x00007f7050d80000)
  to   space 4484096K, 0% used [0x00007f6e2d780000,0x00007f6e2d780000,0x00007f6f3f280000)
 ParOldGen       total 17304064K, used 13139561K [0x00007f4ecd000000, 0x00007f52ed280000, 0x00007f67cd000000)
  object space 17304064K, 75% used [0x00007f4ecd000000,0x00007f51eef9a6d0,0x00007f52ed280000)
 Metaspace       used 134502K, capacity 147543K, committed 158464K, reserved 159744K
}
Event: 84.235 GC heap before
{Heap before GC invocations=59 (full 8):
 PSYoungGen      total 30936064K, used 26973527K [0x00007f67cd000000, 0x00007f7050d80000, 0x00007f744d000000)
  eden space 26746368K, 100% used [0x00007f67cd000000,0x00007f6e2d780000,0x00007f6e2d780000)
  from space 4189696K, 5% used [0x00007f6f51200000,0x00007f6f5efd5ee8,0x00007f7050d80000)
  to   space 4484096K, 0% used [0x00007f6e2d780000,0x00007f6e2d780000,0x00007f6f3f280000)
 ParOldGen       total 17304064K, used 13139561K [0x00007f4ecd000000, 0x00007f52ed280000, 0x00007f67cd000000)
  object space 17304064K, 75% used [0x00007f4ecd000000,0x00007f51eef9a6d0,0x00007f52ed280000)
 Metaspace       used 134505K, capacity 147543K, committed 158464K, reserved 159744K
Event: 84.291 GC heap after
Heap after GC invocations=59 (full 8):
 PSYoungGen      total 31230464K, used 14794K [0x00007f67cd000000, 0x00007f70e7700000, 0x00007f744d000000)
  eden space 26746368K, 0% used [0x00007f67cd000000,0x00007f67cd000000,0x00007f6e2d780000)
  from space 4484096K, 0% used [0x00007f6e2d780000,0x00007f6e2e5f28e0,0x00007f6f3f280000)
  to   space 4383744K, 0% used [0x00007f6fdbe00000,0x00007f6fdbe00000,0x00007f70e7700000)
 ParOldGen       total 17304064K, used 13316399K [0x00007f4ecd000000, 0x00007f52ed280000, 0x00007f67cd000000)
  object space 17304064K, 76% used [0x00007f4ecd000000,0x00007f51f9c4bc98,0x00007f52ed280000)
 Metaspace       used 134505K, capacity 147543K, committed 158464K, reserved 159744K
}
Event: 86.761 GC heap before
{Heap before GC invocations=60 (full 8):
 PSYoungGen      total 31230464K, used 26761162K [0x00007f67cd000000, 0x00007f70e7700000, 0x00007f744d000000)
  eden space 26746368K, 100% used [0x00007f67cd000000,0x00007f6e2d780000,0x00007f6e2d780000)
  from space 4484096K, 0% used [0x00007f6e2d780000,0x00007f6e2e5f28e0,0x00007f6f3f280000)
  to   space 4383744K, 0% used [0x00007f6fdbe00000,0x00007f6fdbe00000,0x00007f70e7700000)
 ParOldGen       total 17304064K, used 13316399K [0x00007f4ecd000000, 0x00007f52ed280000, 0x00007f67cd000000)
  object space 17304064K, 76% used [0x00007f4ecd000000,0x00007f51f9c4bc98,0x00007f52ed280000)
 Metaspace       used 134506K, capacity 147543K, committed 158464K, reserved 159744K
Event: 86.808 GC heap after
Heap after GC invocations=60 (full 8):
 PSYoungGen      total 33068032K, used 17569K [0x00007f67cd000000, 0x00007f70c9800000, 0x00007f744d000000)
  eden space 29174784K, 0% used [0x00007f67cd000000,0x00007f67cd000000,0x00007f6ec1b00000)
  from space 3893248K, 0% used [0x00007f6fdbe00000,0x00007f6fdcf28760,0x00007f70c9800000)
  to   space 4258304K, 0% used [0x00007f6ec1b00000,0x00007f6ec1b00000,0x00007f6fc5980000)
 ParOldGen       total 17304064K, used 13316399K [0x00007f4ecd000000, 0x00007f52ed280000, 0x00007f67cd000000)
  object space 17304064K, 76% used [0x00007f4ecd000000,0x00007f51f9c4bc98,0x00007f52ed280000)
 Metaspace       used 134506K, capacity 147543K, committed 158464K, reserved 159744K
}
Event: 92.780 GC heap before
{Heap before GC invocations=61 (full 8):
 PSYoungGen      total 33068032K, used 29192353K [0x00007f67cd000000, 0x00007f70c9800000, 0x00007f744d000000)
  eden space 29174784K, 100% used [0x00007f67cd000000,0x00007f6ec1b00000,0x00007f6ec1b00000)
  from space 3893248K, 0% used [0x00007f6fdbe00000,0x00007f6fdcf28760,0x00007f70c9800000)
  to   space 4258304K, 0% used [0x00007f6ec1b00000,0x00007f6ec1b00000,0x00007f6fc5980000)
 ParOldGen       total 17304064K, used 13316399K [0x00007f4ecd000000, 0x00007f52ed280000, 0x00007f67cd000000)
  object space 17304064K, 76% used [0x00007f4ecd000000,0x00007f51f9c4bc98,0x00007f52ed280000)
 Metaspace       used 134513K, capacity 147543K, committed 158464K, reserved 159744K
Event: 92.802 GC heap after
Heap after GC invocations=61 (full 8):
 PSYoungGen      total 33433088K, used 79877K [0x00007f67cd000000, 0x00007f7140c00000, 0x00007f744d000000)
  eden space 29174784K, 0% used [0x00007f67cd000000,0x00007f67cd000000,0x00007f6ec1b00000)
  from space 4258304K, 1% used [0x00007f6ec1b00000,0x00007f6ec6901498,0x00007f6fc5980000)
  to   space 4103680K, 0% used [0x00007f7046480000,0x00007f7046480000,0x00007f7140c00000)
 ParOldGen       total 17304064K, used 13316399K [0x00007f4ecd000000, 0x00007f52ed280000, 0x00007f67cd000000)
  object space 17304064K, 76% used [0x00007f4ecd000000,0x00007f51f9c4bc98,0x00007f52ed280000)
 Metaspace       used 134513K, capacity 147543K, committed 158464K, reserved 159744K
}
Event: 96.088 GC heap before
{Heap before GC invocations=62 (full 8):
 PSYoungGen      total 33433088K, used 29254661K [0x00007f67cd000000, 0x00007f7140c00000, 0x00007f744d000000)
  eden space 29174784K, 100% used [0x00007f67cd000000,0x00007f6ec1b00000,0x00007f6ec1b00000)
  from space 4258304K, 1% used [0x00007f6ec1b00000,0x00007f6ec6901498,0x00007f6fc5980000)
  to   space 4103680K, 0% used [0x00007f7046480000,0x00007f7046480000,0x00007f7140c00000)
 ParOldGen       total 17304064K, used 13316399K [0x00007f4ecd000000, 0x00007f52ed280000, 0x00007f67cd000000)
  object space 17304064K, 76% used [0x00007f4ecd000000,0x00007f51f9c4bc98,0x00007f52ed280000)
 Metaspace       used 134514K, capacity 147607K, committed 158464K, reserved 159744K
Event: 96.240 GC heap after
Heap after GC invocations=62 (full 8):
 PSYoungGen      total 35395072K, used 232144K [0x00007f67cd000000, 0x00007f7130980000, 0x00007f744d000000)
  eden space 31556096K, 0% used [0x00007f67cd000000,0x00007f67cd000000,0x00007f6f53080000)
  from space 3838976K, 6% used [0x00007f7046480000,0x00007f70547342d0,0x00007f7130980000)
  to   space 3912192K, 0% used [0x00007f6f53080000,0x00007f6f53080000,0x00007f7041d00000)
 ParOldGen       total 17304064K, used 13316399K [0x00007f4ecd000000, 0x00007f52ed280000, 0x00007f67cd000000)
  object space 17304064K, 76% used [0x00007f4ecd000000,0x00007f51f9c4bc98,0x00007f52ed280000)
 Metaspace       used 134514K, capacity 147607K, committed 158464K, reserved 159744K
}
Event: 101.148 GC heap before
{Heap before GC invocations=63 (full 8):
 PSYoungGen      total 35395072K, used 31788240K [0x00007f67cd000000, 0x00007f7130980000, 0x00007f744d000000)
  eden space 31556096K, 100% used [0x00007f67cd000000,0x00007f6f53080000,0x00007f6f53080000)
  from space 3838976K, 6% used [0x00007f7046480000,0x00007f70547342d0,0x00007f7130980000)
  to   space 3912192K, 0% used [0x00007f6f53080000,0x00007f6f53080000,0x00007f7041d00000)
 ParOldGen       total 17304064K, used 13316399K [0x00007f4ecd000000, 0x00007f52ed280000, 0x00007f67cd000000)
  object space 17304064K, 76% used [0x00007f4ecd000000,0x00007f51f9c4bc98,0x00007f52ed280000)
 Metaspace       used 134518K, capacity 147607K, committed 158464K, reserved 159744K
Event: 101.846 GC heap after
Heap after GC invocations=63 (full 8):
 PSYoungGen      total 35468288K, used 545392K [0x00007f67cd000000, 0x00007f71dfc80000, 0x00007f744d000000)
  eden space 31556096K, 0% used [0x00007f67cd000000,0x00007f67cd000000,0x00007f6f53080000)
  from space 3912192K, 13% used [0x00007f6f53080000,0x00007f6f7451c078,0x00007f7041d00000)
  to   space 3666944K, 0% used [0x00007f70fff80000,0x00007f70fff80000,0x00007f71dfc80000)
 ParOldGen       total 17304064K, used 13316399K [0x00007f4ecd000000, 0x00007f52ed280000, 0x00007f67cd000000)
  object space 17304064K, 76% used [0x00007f4ecd000000,0x00007f51f9c4bc98,0x00007f52ed280000)
 Metaspace       used 134518K, capacity 147607K, committed 158464K, reserved 159744K
}
Event: 105.538 GC heap before
{Heap before GC invocations=64 (full 8):
 PSYoungGen      total 35468288K, used 32101488K [0x00007f67cd000000, 0x00007f71dfc80000, 0x00007f744d000000)
  eden space 31556096K, 100% used [0x00007f67cd000000,0x00007f6f53080000,0x00007f6f53080000)
  from space 3912192K, 13% used [0x00007f6f53080000,0x00007f6f7451c078,0x00007f7041d00000)
  to   space 3666944K, 0% used [0x00007f70fff80000,0x00007f70fff80000,0x00007f71dfc80000)
 ParOldGen       total 17304064K, used 13316399K [0x00007f4ecd000000, 0x00007f52ed280000, 0x00007f67cd000000)
  object space 17304064K, 76% used [0x00007f4ecd000000,0x00007f51f9c4bc98,0x00007f52ed280000)
 Metaspace       used 134522K, capacity 147607K, committed 158464K, reserved 159744K
Event: 106.018 GC heap after
Heap after GC invocations=64 (full 8):
 PSYoungGen      total 38696960K, used 1304876K [0x00007f67cd000000, 0x00007f71e8180000, 0x00007f744d000000)
  eden space 35030016K, 0% used [0x00007f67cd000000,0x00007f67cd000000,0x00007f7027100000)
  from space 3666944K, 35% used [0x00007f70fff80000,0x00007f714f9cb3a0,0x00007f71dfc80000)
  to   space 3553792K, 0% used [0x00007f7027100000,0x00007f7027100000,0x00007f70fff80000)
 ParOldGen       total 17304064K, used 13316455K [0x00007f4ecd000000, 0x00007f52ed280000, 0x00007f67cd000000)
  object space 17304064K, 76% used [0x00007f4ecd000000,0x00007f51f9c59c98,0x00007f52ed280000)
 Metaspace       used 134522K, capacity 147607K, committed 158464K, reserved 159744K
}
Event: 109.967 GC heap before
{Heap before GC invocations=65 (full 8):
 PSYoungGen      total 38696960K, used 36334892K [0x00007f67cd000000, 0x00007f71e8180000, 0x00007f744d000000)
  eden space 35030016K, 100% used [0x00007f67cd000000,0x00007f7027100000,0x00007f7027100000)
  from space 3666944K, 35% used [0x00007f70fff80000,0x00007f714f9cb3a0,0x00007f71dfc80000)
  to   space 3553792K, 0% used [0x00007f7027100000,0x00007f7027100000,0x00007f70fff80000)
 ParOldGen       total 17304064K, used 13316455K [0x00007f4ecd000000, 0x00007f52ed280000, 0x00007f67cd000000)
  object space 17304064K, 76% used [0x00007f4ecd000000,0x00007f51f9c59c98,0x00007f52ed280000)
 Metaspace       used 134525K, capacity 147607K, committed 158464K, reserved 159744K
Event: 110.440 GC heap after
Heap after GC invocations=65 (full 8):
 PSYoungGen      total 38583808K, used 1489271K [0x00007f67cd000000, 0x00007f72cf180000, 0x00007f744d000000)
  eden space 35030016K, 0% used [0x00007f67cd000000,0x00007f67cd000000,0x00007f7027100000)
  from space 3553792K, 41% used [0x00007f7027100000,0x00007f7081f5dd00,0x00007f70fff80000)
  to   space 3507200K, 0% used [0x00007f71f9080000,0x00007f71f9080000,0x00007f72cf180000)
 ParOldGen       total 17304064K, used 13340274K [0x00007f4ecd000000, 0x00007f52ed280000, 0x00007f67cd000000)
  object space 17304064K, 77% used [0x00007f4ecd000000,0x00007f51fb39ca30,0x00007f52ed280000)
 Metaspace       used 134525K, capacity 147607K, committed 158464K, reserved 159744K
}
Event: 113.654 GC heap before
{Heap before GC invocations=66 (full 8):
 PSYoungGen      total 38583808K, used 36519287K [0x00007f67cd000000, 0x00007f72cf180000, 0x00007f744d000000)
  eden space 35030016K, 100% used [0x00007f67cd000000,0x00007f7027100000,0x00007f7027100000)
  from space 3553792K, 41% used [0x00007f7027100000,0x00007f7081f5dd00,0x00007f70fff80000)
  to   space 3507200K, 0% used [0x00007f71f9080000,0x00007f71f9080000,0x00007f72cf180000)
 ParOldGen       total 17304064K, used 13340274K [0x00007f4ecd000000, 0x00007f52ed280000, 0x00007f67cd000000)
  object space 17304064K, 77% used [0x00007f4ecd000000,0x00007f51fb39ca30,0x00007f52ed280000)
 Metaspace       used 134528K, capacity 147671K, committed 158720K, reserved 159744K
Event: 114.303 GC heap after
Heap after GC invocations=66 (full 8):
 PSYoungGen      total 42566656K, used 1909354K [0x00007f67cd000000, 0x00007f72f3280000, 0x00007f744d000000)
  eden space 39059456K, 0% used [0x00007f67cd000000,0x00007f67cd000000,0x00007f711d000000)
  from space 3507200K, 54% used [0x00007f71f9080000,0x00007f726d91ab18,0x00007f72cf180000)
  to   space 3604992K, 0% used [0x00007f711d000000,0x00007f711d000000,0x00007f71f9080000)
 ParOldGen       total 17304064K, used 13524132K [0x00007f4ecd000000, 0x00007f52ed280000, 0x00007f67cd000000)
  object space 17304064K, 78% used [0x00007f4ecd000000,0x00007f5206729258,0x00007f52ed280000)
 Metaspace       used 134528K, capacity 147671K, committed 158720K, reserved 159744K
}
Event: 120.328 GC heap before
{Heap before GC invocations=67 (full 8):
 PSYoungGen      total 42566656K, used 40968810K [0x00007f67cd000000, 0x00007f72f3280000, 0x00007f744d000000)
  eden space 39059456K, 100% used [0x00007f67cd000000,0x00007f711d000000,0x00007f711d000000)
  from space 3507200K, 54% used [0x00007f71f9080000,0x00007f726d91ab18,0x00007f72cf180000)
  to   space 3604992K, 0% used [0x00007f711d000000,0x00007f711d000000,0x00007f71f9080000)
 ParOldGen       total 17304064K, used 13524132K [0x00007f4ecd000000, 0x00007f52ed280000, 0x00007f67cd000000)
  object space 17304064K, 78% used [0x00007f4ecd000000,0x00007f5206729258,0x00007f52ed280000)
 Metaspace       used 134530K, capacity 147671K, committed 158720K, reserved 159744K
Event: 120.810 GC heap after
Heap after GC invocations=67 (full 8):
 PSYoungGen      total 42664448K, used 475701K [0x00007f67cd000000, 0x00007f73ed780000, 0x00007f744d000000)
  eden space 39059456K, 0% used [0x00007f67cd000000,0x00007f67cd000000,0x00007f711d000000)
  from space 3604992K, 13% used [0x00007f711d000000,0x00007f713a08d4e8,0x00007f71f9080000)
  to   space 3447296K, 0% used [0x00007f731b100000,0x00007f731b100000,0x00007f73ed780000)
 ParOldGen       total 17304064K, used 14266448K [0x00007f4ecd000000, 0x00007f52ed280000, 0x00007f67cd000000)
  object space 17304064K, 82% used [0x00007f4ecd000000,0x00007f5233c14258,0x00007f52ed280000)
 Metaspace       used 134530K, capacity 147671K, committed 158720K, reserved 159744K
}
Event: 124.663 GC heap before
{Heap before GC invocations=68 (full 8):
 PSYoungGen      total 42664448K, used 39535157K [0x00007f67cd000000, 0x00007f73ed780000, 0x00007f744d000000)
  eden space 39059456K, 100% used [0x00007f67cd000000,0x00007f711d000000,0x00007f711d000000)
  from space 3604992K, 13% used [0x00007f711d000000,0x00007f713a08d4e8,0x00007f71f9080000)
  to   space 3447296K, 0% used [0x00007f731b100000,0x00007f731b100000,0x00007f73ed780000)
 ParOldGen       total 17304064K, used 14266448K [0x00007f4ecd000000, 0x00007f52ed280000, 0x00007f67cd000000)
  object space 17304064K, 82% used [0x00007f4ecd000000,0x00007f5233c14258,0x00007f52ed280000)
 Metaspace       used 134530K, capacity 147671K, committed 158720K, reserved 159744K
Event: 125.482 GC heap after
Heap after GC invocations=68 (full 8):
 PSYoungGen      total 47545856K, used 312146K [0x00007f67cd000000, 0x00007f73f2680000, 0x00007f744d000000)
  eden space 44098560K, 0% used [0x00007f67cd000000,0x00007f67cd000000,0x00007f7250900000)
  from space 3447296K, 9% used [0x00007f731b100000,0x00007f732e1d48c0,0x00007f73ed780000)
  to   space 3317760K, 0% used [0x00007f7250900000,0x00007f7250900000,0x00007f731b100000)
 ParOldGen       total 17304064K, used 14948184K [0x00007f4ecd000000, 0x00007f52ed280000, 0x00007f67cd000000)
  object space 17304064K, 86% used [0x00007f4ecd000000,0x00007f525d5d6348,0x00007f52ed280000)
 Metaspace       used 134530K, capacity 147671K, committed 158720K, reserved 159744K
}
Event: 129.761 GC heap before
{Heap before GC invocations=69 (full 8):
 PSYoungGen      total 47545856K, used 44410706K [0x00007f67cd000000, 0x00007f73f2680000, 0x00007f744d000000)
  eden space 44098560K, 100% used [0x00007f67cd000000,0x00007f7250900000,0x00007f7250900000)
  from space 3447296K, 9% used [0x00007f731b100000,0x00007f732e1d48c0,0x00007f73ed780000)
  to   space 3317760K, 0% used [0x00007f7250900000,0x00007f7250900000,0x00007f731b100000)
 ParOldGen       total 17304064K, used 14948184K [0x00007f4ecd000000, 0x00007f52ed280000, 0x00007f67cd000000)
  object space 17304064K, 86% used [0x00007f4ecd000000,0x00007f525d5d6348,0x00007f52ed280000)
 Metaspace       used 134531K, capacity 147671K, committed 158720K, reserved 159744K
Event: 129.916 GC heap after
Heap after GC invocations=69 (full 8):
 PSYoungGen      total 47416320K, used 404718K [0x00007f67cd000000, 0x00007f7432b80000, 0x00007f744d000000)
  eden space 44098560K, 0% used [0x00007f67cd000000,0x00007f67cd000000,0x00007f7250900000)
  from space 3317760K, 12% used [0x00007f7250900000,0x00007f726943ba58,0x00007f731b100000)
  to   space 3167232K, 0% used [0x00007f7371680000,0x00007f7371680000,0x00007f7432b80000)
 ParOldGen       total 17304064K, used 15650601K [0x00007f4ecd000000, 0x00007f52ed280000, 0x00007f67cd000000)
  object space 17304064K, 90% used [0x00007f4ecd000000,0x00007f52883ca6a0,0x00007f52ed280000)
 Metaspace       used 134531K, capacity 147671K, committed 158720K, reserved 159744K
}
Event: 134.172 GC heap before
{Heap before GC invocations=70 (full 8):
 PSYoungGen      total 47416320K, used 44503278K [0x00007f67cd000000, 0x00007f7432b80000, 0x00007f744d000000)
  eden space 44098560K, 100% used [0x00007f67cd000000,0x00007f7250900000,0x00007f7250900000)
  from space 3317760K, 12% used [0x00007f7250900000,0x00007f726943ba58,0x00007f731b100000)
  to   space 3167232K, 0% used [0x00007f7371680000,0x00007f7371680000,0x00007f7432b80000)
 ParOldGen       total 17304064K, used 15650601K [0x00007f4ecd000000, 0x00007f52ed280000, 0x00007f67cd000000)
  object space 17304064K, 90% used [0x00007f4ecd000000,0x00007f52883ca6a0,0x00007f52ed280000)
 Metaspace       used 134531K, capacity 147671K, committed 158720K, reserved 159744K
Event: 134.590 GC heap after
Heap after GC invocations=70 (full 8):
 PSYoungGen      total 48957952K, used 423585K [0x00007f67cd000000, 0x00007f7431200000, 0x00007f744d000000)
  eden space 45816832K, 0% used [0x00007f67cd000000,0x00007f67cd000000,0x00007f72b9700000)
  from space 3141120K, 13% used [0x00007f7371680000,0x00007f738b4286f0,0x00007f7431200000)
  to   space 3014144K, 0% used [0x00007f72b9700000,0x00007f72b9700000,0x00007f7371680000)
 ParOldGen       total 17304064K, used 16268621K [0x00007f4ecd000000, 0x00007f52ed280000, 0x00007f67cd000000)
  object space 17304064K, 94% used [0x00007f4ecd000000,0x00007f52adf534d8,0x00007f52ed280000)
 Metaspace       used 134531K, capacity 147671K, committed 158720K, reserved 159744K
}
Event: 134.590 GC heap before
{Heap before GC invocations=71 (full 9):
 PSYoungGen      total 48957952K, used 423585K [0x00007f67cd000000, 0x00007f7431200000, 0x00007f744d000000)
  eden space 45816832K, 0% used [0x00007f67cd000000,0x00007f67cd000000,0x00007f72b9700000)
  from space 3141120K, 13% used [0x00007f7371680000,0x00007f738b4286f0,0x00007f7431200000)
  to   space 3014144K, 0% used [0x00007f72b9700000,0x00007f72b9700000,0x00007f7371680000)
 ParOldGen       total 17304064K, used 16268621K [0x00007f4ecd000000, 0x00007f52ed280000, 0x00007f67cd000000)
  object space 17304064K, 94% used [0x00007f4ecd000000,0x00007f52adf534d8,0x00007f52ed280000)
 Metaspace       used 134531K, capacity 147671K, committed 158720K, reserved 159744K
Event: 135.415 GC heap after
Heap after GC invocations=71 (full 9):
 PSYoungGen      total 48957952K, used 0K [0x00007f67cd000000, 0x00007f7431200000, 0x00007f744d000000)
  eden space 45816832K, 0% used [0x00007f67cd000000,0x00007f67cd000000,0x00007f72b9700000)
  from space 3141120K, 0% used [0x00007f7371680000,0x00007f7371680000,0x00007f7431200000)
  to   space 3014144K, 0% used [0x00007f72b9700000,0x00007f72b9700000,0x00007f7371680000)
 ParOldGen       total 17491456K, used 11553797K [0x00007f4ecd000000, 0x00007f52f8980000, 0x00007f67cd000000)
  object space 17491456K, 66% used [0x00007f4ecd000000,0x00007f518e3017d0,0x00007f52f8980000)
 Metaspace       used 134531K, capacity 147671K, committed 158720K, reserved 159744K
}
Event: 140.028 GC heap before
{Heap before GC invocations=72 (full 9):
 PSYoungGen      total 48957952K, used 45816832K [0x00007f67cd000000, 0x00007f7431200000, 0x00007f744d000000)
  eden space 45816832K, 100% used [0x00007f67cd000000,0x00007f72b9700000,0x00007f72b9700000)
  from space 3141120K, 0% used [0x00007f7371680000,0x00007f7371680000,0x00007f7431200000)
  to   space 3014144K, 0% used [0x00007f72b9700000,0x00007f72b9700000,0x00007f7371680000)
 ParOldGen       total 17491456K, used 11553797K [0x00007f4ecd000000, 0x00007f52f8980000, 0x00007f67cd000000)
  object space 17491456K, 66% used [0x00007f4ecd000000,0x00007f518e3017d0,0x00007f52f8980000)
 Metaspace       used 134533K, capacity 147671K, committed 158720K, reserved 159744K
Event: 141.795 GC heap after
Heap after GC invocations=72 (full 9):
 PSYoungGen      total 48830976K, used 2143148K [0x00007f67cd000000, 0x00007f744d000000, 0x00007f744d000000)
  eden space 45816832K, 0% used [0x00007f67cd000000,0x00007f67cd000000,0x00007f72b9700000)
  from space 3014144K, 71% used [0x00007f72b9700000,0x00007f733c3eb290,0x00007f7371680000)
  to   space 3281920K, 0% used [0x00007f7384b00000,0x00007f7384b00000,0x00007f744d000000)
 ParOldGen       total 17491456K, used 11553797K [0x00007f4ecd000000, 0x00007f52f8980000, 0x00007f67cd000000)
  object space 17491456K, 66% used [0x00007f4ecd000000,0x00007f518e3017d0,0x00007f52f8980000)
 Metaspace       used 134533K, capacity 147671K, committed 158720K, reserved 159744K
}
Event: 145.992 GC heap before
{Heap before GC invocations=73 (full 9):
 PSYoungGen      total 48830976K, used 47959980K [0x00007f67cd000000, 0x00007f744d000000, 0x00007f744d000000)
  eden space 45816832K, 100% used [0x00007f67cd000000,0x00007f72b9700000,0x00007f72b9700000)
  from space 3014144K, 71% used [0x00007f72b9700000,0x00007f733c3eb290,0x00007f7371680000)
  to   space 3281920K, 0% used [0x00007f7384b00000,0x00007f7384b00000,0x00007f744d000000)
 ParOldGen       total 17491456K, used 11553797K [0x00007f4ecd000000, 0x00007f52f8980000, 0x00007f67cd000000)
  object space 17491456K, 66% used [0x00007f4ecd000000,0x00007f518e3017d0,0x00007f52f8980000)
 Metaspace       used 134535K, capacity 147671K, committed 158720K, reserved 159744K
Event: 149.223 GC heap after
Heap after GC invocations=73 (full 9):
 PSYoungGen      total 49269760K, used 447455K [0x00007f67cd000000, 0x00007f744ba80000, 0x00007f744d000000)
  eden space 46009856K, 0% used [0x00007f67cd000000,0x00007f67cd000000,0x00007f72c5380000)
  from space 3259904K, 13% used [0x00007f7384b00000,0x00007f739fff7ce8,0x00007f744ba80000)
  to   space 3137024K, 0% used [0x00007f72c5380000,0x00007f72c5380000,0x00007f7384b00000)
 ParOldGen       total 17491456K, used 13104982K [0x00007f4ecd000000, 0x00007f52f8980000, 0x00007f67cd000000)
  object space 17491456K, 74% used [0x00007f4ecd000000,0x00007f51ecdd5ad8,0x00007f52f8980000)
 Metaspace       used 134535K, capacity 147671K, committed 158720K, reserved 159744K
}
Event: 153.689 GC heap before
{Heap before GC invocations=74 (full 9):
 PSYoungGen      total 49269760K, used 46457311K [0x00007f67cd000000, 0x00007f744ba80000, 0x00007f744d000000)
  eden space 46009856K, 100% used [0x00007f67cd000000,0x00007f72c5380000,0x00007f72c5380000)
  from space 3259904K, 13% used [0x00007f7384b00000,0x00007f739fff7ce8,0x00007f744ba80000)
  to   space 3137024K, 0% used [0x00007f72c5380000,0x00007f72c5380000,0x00007f7384b00000)
 ParOldGen       total 17491456K, used 13104982K [0x00007f4ecd000000, 0x00007f52f8980000, 0x00007f67cd000000)
  object space 17491456K, 74% used [0x00007f4ecd000000,0x00007f51ecdd5ad8,0x00007f52f8980000)
 Metaspace       used 134557K, capacity 147671K, committed 158720K, reserved 159744K
Event: 153.772 GC heap after
Heap after GC invocations=74 (full 9):
 PSYoungGen      total 46202368K, used 192151K [0x00007f67cd000000, 0x00007f7439300000, 0x00007f744d000000)
  eden space 46009856K, 0% used [0x00007f67cd000000,0x00007f67cd000000,0x00007f72c5380000)
  from space 192512K, 99% used [0x00007f72c5380000,0x00007f72d0f25ed0,0x00007f72d0f80000)
  to   space 3036160K, 0% used [0x00007f737fe00000,0x00007f737fe00000,0x00007f7439300000)
 ParOldGen       total 17491456K, used 13459546K [0x00007f4ecd000000, 0x00007f52f8980000, 0x00007f67cd000000)
  object space 17491456K, 76% used [0x00007f4ecd000000,0x00007f5202816888,0x00007f52f8980000)
 Metaspace       used 134557K, capacity 147671K, committed 158720K, reserved 159744K
}
Event: 158.106 GC heap before
{Heap before GC invocations=75 (full 9):
 PSYoungGen      total 46202368K, used 46202007K [0x00007f67cd000000, 0x00007f7439300000, 0x00007f744d000000)
  eden space 46009856K, 100% used [0x00007f67cd000000,0x00007f72c5380000,0x00007f72c5380000)
  from space 192512K, 99% used [0x00007f72c5380000,0x00007f72d0f25ed0,0x00007f72d0f80000)
  to   space 3036160K, 0% used [0x00007f737fe00000,0x00007f737fe00000,0x00007f7439300000)
 ParOldGen       total 17491456K, used 13459546K [0x00007f4ecd000000, 0x00007f52f8980000, 0x00007f67cd000000)
  object space 17491456K, 76% used [0x00007f4ecd000000,0x00007f5202816888,0x00007f52f8980000)
 Metaspace       used 134557K, capacity 147671K, committed 158720K, reserved 159744K
Event: 158.185 GC heap after
Heap after GC invocations=75 (full 9):
 PSYoungGen      total 49170432K, used 145469K [0x00007f67cd000000, 0x00007f744d000000, 0x00007f744d000000)
  eden space 46134272K, 0% used [0x00007f67cd000000,0x00007f67cd000000,0x00007f72ccd00000)
  from space 3036160K, 4% used [0x00007f737fe00000,0x00007f7388c0f450,0x00007f7439300000)
  to   space 2933760K, 0% used [0x00007f72ccd00000,0x00007f72ccd00000,0x00007f737fe00000)
 ParOldGen       total 17491456K, used 13627635K [0x00007f4ecd000000, 0x00007f52f8980000, 0x00007f67cd000000)
  object space 17491456K, 77% used [0x00007f4ecd000000,0x00007f520cc3cd58,0x00007f52f8980000)
 Metaspace       used 134557K, capacity 147671K, committed 158720K, reserved 159744K
}
Event: 162.617 GC heap before
{Heap before GC invocations=76 (full 9):
 PSYoungGen      total 49170432K, used 46279741K [0x00007f67cd000000, 0x00007f744d000000, 0x00007f744d000000)
  eden space 46134272K, 100% used [0x00007f67cd000000,0x00007f72ccd00000,0x00007f72ccd00000)
  from space 3036160K, 4% used [0x00007f737fe00000,0x00007f7388c0f450,0x00007f7439300000)
  to   space 2933760K, 0% used [0x00007f72ccd00000,0x00007f72ccd00000,0x00007f737fe00000)
 ParOldGen       total 17491456K, used 13627635K [0x00007f4ecd000000, 0x00007f52f8980000, 0x00007f67cd000000)
  object space 17491456K, 77% used [0x00007f4ecd000000,0x00007f520cc3cd58,0x00007f52f8980000)
 Metaspace       used 134557K, capacity 147671K, committed 158720K, reserved 159744K
Event: 162.759 GC heap after
Heap after GC invocations=76 (full 9):
 PSYoungGen      total 49068032K, used 391571K [0x00007f67cd000000, 0x00007f7434200000, 0x00007f744d000000)
  eden space 46134272K, 0% used [0x00007f67cd000000,0x00007f67cd000000,0x00007f72ccd00000)
  from space 2933760K, 13% used [0x00007f72ccd00000,0x00007f72e4b64c08,0x00007f737fe00000)
  to   space 2781184K, 0% used [0x00007f738a600000,0x00007f738a600000,0x00007f7434200000)
 ParOldGen       total 17491456K, used 13819691K [0x00007f4ecd000000, 0x00007f52f8980000, 0x00007f67cd000000)
  object space 17491456K, 79% used [0x00007f4ecd000000,0x00007f52187cad40,0x00007f52f8980000)
 Metaspace       used 134557K, capacity 147671K, committed 158720K, reserved 159744K
}
Event: 167.503 GC heap before
{Heap before GC invocations=77 (full 9):
 PSYoungGen      total 49068032K, used 46525843K [0x00007f67cd000000, 0x00007f7434200000, 0x00007f744d000000)
  eden space 46134272K, 100% used [0x00007f67cd000000,0x00007f72ccd00000,0x00007f72ccd00000)
  from space 2933760K, 13% used [0x00007f72ccd00000,0x00007f72e4b64c08,0x00007f737fe00000)
  to   space 2781184K, 0% used [0x00007f738a600000,0x00007f738a600000,0x00007f7434200000)
 ParOldGen       total 17491456K, used 13819691K [0x00007f4ecd000000, 0x00007f52f8980000, 0x00007f67cd000000)
  object space 17491456K, 79% used [0x00007f4ecd000000,0x00007f52187cad40,0x00007f52f8980000)
 Metaspace       used 134561K, capacity 147671K, committed 158720K, reserved 159744K
Event: 167.569 GC heap after
Heap after GC invocations=77 (full 9):
 PSYoungGen      total 49362944K, used 300232K [0x00007f67cd000000, 0x00007f7433900000, 0x00007f744d000000)
  eden space 46590976K, 0% used [0x00007f67cd000000,0x00007f67cd000000,0x00007f72e8b00000)
  from space 2771968K, 10% used [0x00007f738a600000,0x00007f739cb322d8,0x00007f7433900000)
  to   space 2649088K, 0% used [0x00007f72e8b00000,0x00007f72e8b00000,0x00007f738a600000)
 ParOldGen       total 17491456K, used 14333469K [0x00007f4ecd000000, 0x00007f52f8980000, 0x00007f67cd000000)
  object space 17491456K, 81% used [0x00007f4ecd000000,0x00007f5237d87778,0x00007f52f8980000)
 Metaspace       used 134561K, capacity 147671K, committed 158720K, reserved 159744K
}
Event: 171.884 GC heap before
{Heap before GC invocations=78 (full 9):
 PSYoungGen      total 49362944K, used 46891208K [0x00007f67cd000000, 0x00007f7433900000, 0x00007f744d000000)
  eden space 46590976K, 100% used [0x00007f67cd000000,0x00007f72e8b00000,0x00007f72e8b00000)
  from space 2771968K, 10% used [0x00007f738a600000,0x00007f739cb322d8,0x00007f7433900000)
  to   space 2649088K, 0% used [0x00007f72e8b00000,0x00007f72e8b00000,0x00007f738a600000)
 ParOldGen       total 17491456K, used 14333469K [0x00007f4ecd000000, 0x00007f52f8980000, 0x00007f67cd000000)
  object space 17491456K, 81% used [0x00007f4ecd000000,0x00007f5237d87778,0x00007f52f8980000)
 Metaspace       used 134567K, capacity 147671K, committed 158720K, reserved 159744K
Event: 172.007 GC heap after
Heap after GC invocations=78 (full 9):
 PSYoungGen      total 49240064K, used 675455K [0x00007f67cd000000, 0x00007f742dd00000, 0x00007f744d000000)
  eden space 46590976K, 0% used [0x00007f67cd000000,0x00007f67cd000000,0x00007f72e8b00000)
  from space 2649088K, 25% used [0x00007f72e8b00000,0x00007f7311e9fce8,0x00007f738a600000)
  to   space 2455040K, 0% used [0x00007f7397f80000,0x00007f7397f80000,0x00007f742dd00000)
 ParOldGen       total 17491456K, used 14755866K [0x00007f4ecd000000, 0x00007f52f8980000, 0x00007f67cd000000)
  object space 17491456K, 84% used [0x00007f4ecd000000,0x00007f5251a06998,0x00007f52f8980000)
 Metaspace       used 134567K, capacity 147671K, committed 158720K, reserved 159744K
}
Event: 176.586 GC heap before
{Heap before GC invocations=79 (full 9):
 PSYoungGen      total 49240064K, used 47266431K [0x00007f67cd000000, 0x00007f742dd00000, 0x00007f744d000000)
  eden space 46590976K, 100% used [0x00007f67cd000000,0x00007f72e8b00000,0x00007f72e8b00000)
  from space 2649088K, 25% used [0x00007f72e8b00000,0x00007f7311e9fce8,0x00007f738a600000)
  to   space 2455040K, 0% used [0x00007f7397f80000,0x00007f7397f80000,0x00007f742dd00000)
 ParOldGen       total 17491456K, used 14755866K [0x00007f4ecd000000, 0x00007f52f8980000, 0x00007f67cd000000)
  object space 17491456K, 84% used [0x00007f4ecd000000,0x00007f5251a06998,0x00007f52f8980000)
 Metaspace       used 134567K, capacity 147671K, committed 158720K, reserved 159744K
Event: 176.688 GC heap after
Heap after GC invocations=79 (full 9):
 PSYoungGen      total 49533952K, used 63538K [0x00007f67cd000000, 0x00007f7438780000, 0x00007f744d000000)
  eden space 47078912K, 0% used [0x00007f67cd000000,0x00007f67cd000000,0x00007f7306780000)
  from space 2455040K, 2% used [0x00007f7397f80000,0x00007f739bd8caf0,0x00007f742dd00000)
  to   space 2383872K, 0% used [0x00007f7306780000,0x00007f7306780000,0x00007f7397f80000)
 ParOldGen       total 17491456K, used 15289481K [0x00007f4ecd000000, 0x00007f52f8980000, 0x00007f67cd000000)
  object space 17491456K, 87% used [0x00007f4ecd000000,0x00007f5272322760,0x00007f52f8980000)
 Metaspace       used 134567K, capacity 147671K, committed 158720K, reserved 159744K
}
Event: 181.423 GC heap before
{Heap before GC invocations=80 (full 9):
 PSYoungGen      total 49533952K, used 47142450K [0x00007f67cd000000, 0x00007f7438780000, 0x00007f744d000000)
  eden space 47078912K, 100% used [0x00007f67cd000000,0x00007f7306780000,0x00007f7306780000)
  from space 2455040K, 2% used [0x00007f7397f80000,0x00007f739bd8caf0,0x00007f742dd00000)
  to   space 2383872K, 0% used [0x00007f7306780000,0x00007f7306780000,0x00007f7397f80000)
 ParOldGen       total 17491456K, used 15289481K [0x00007f4ecd000000, 0x00007f52f8980000, 0x00007f67cd000000)
  object space 17491456K, 87% used [0x00007f4ecd000000,0x00007f5272322760,0x00007f52f8980000)
 Metaspace       used 134567K, capacity 147671K, committed 158720K, reserved 159744K
Event: 181.476 GC heap after
Heap after GC invocations=80 (full 9):
 PSYoungGen      total 49462784K, used 254576K [0x00007f67cd000000, 0x00007f743ad80000, 0x00007f744d000000)
  eden space 47078912K, 0% used [0x00007f67cd000000,0x00007f67cd000000,0x00007f7306780000)
  from space 2383872K, 10% used [0x00007f7306780000,0x00007f731601c330,0x00007f7397f80000)
  to   space 2270720K, 0% used [0x00007f73b0400000,0x00007f73b0400000,0x00007f743ad80000)
 ParOldGen       total 17491456K, used 15337008K [0x00007f4ecd000000, 0x00007f52f8980000, 0x00007f67cd000000)
  object space 17491456K, 87% used [0x00007f4ecd000000,0x00007f527518c0c0,0x00007f52f8980000)
 Metaspace       used 134567K, capacity 147671K, committed 158720K, reserved 159744K
}
Event: 186.114 GC heap before
{Heap before GC invocations=81 (full 9):
 PSYoungGen      total 49462784K, used 47333488K [0x00007f67cd000000, 0x00007f743ad80000, 0x00007f744d000000)
  eden space 47078912K, 100% used [0x00007f67cd000000,0x00007f7306780000,0x00007f7306780000)
  from space 2383872K, 10% used [0x00007f7306780000,0x00007f731601c330,0x00007f7397f80000)
  to   space 2270720K, 0% used [0x00007f73b0400000,0x00007f73b0400000,0x00007f743ad80000)
 ParOldGen       total 17491456K, used 15337008K [0x00007f4ecd000000, 0x00007f52f8980000, 0x00007f67cd000000)
  object space 17491456K, 87% used [0x00007f4ecd000000,0x00007f527518c0c0,0x00007f52f8980000)
 Metaspace       used 134567K, capacity 147671K, committed 158720K, reserved 159744K
Event: 186.186 GC heap after
Heap after GC invocations=81 (full 9):
 PSYoungGen      total 49943040K, used 195204K [0x00007f67cd000000, 0x00007f7439a80000, 0x00007f744d000000)
  eden space 47691776K, 0% used [0x00007f67cd000000,0x00007f67cd000000,0x00007f732be00000)
  from space 2251264K, 8% used [0x00007f73b0400000,0x00007f73bc2a11e0,0x00007f7439a80000)
  to   space 2168832K, 0% used [0x00007f732be00000,0x00007f732be00000,0x00007f73b0400000)
 ParOldGen       total 17491456K, used 15633134K [0x00007f4ecd000000, 0x00007f52f8980000, 0x00007f67cd000000)
  object space 17491456K, 89% used [0x00007f4ecd000000,0x00007f52872bbb08,0x00007f52f8980000)
 Metaspace       used 134567K, capacity 147671K, committed 158720K, reserved 159744K
}
Event: 191.035 GC heap before
{Heap before GC invocations=82 (full 9):
 PSYoungGen      total 49943040K, used 47886980K [0x00007f67cd000000, 0x00007f7439a80000, 0x00007f744d000000)
  eden space 47691776K, 100% used [0x00007f67cd000000,0x00007f732be00000,0x00007f732be00000)
  from space 2251264K, 8% used [0x00007f73b0400000,0x00007f73bc2a11e0,0x00007f7439a80000)
  to   space 2168832K, 0% used [0x00007f732be00000,0x00007f732be00000,0x00007f73b0400000)
 ParOldGen       total 17491456K, used 15633134K [0x00007f4ecd000000, 0x00007f52f8980000, 0x00007f67cd000000)
  object space 17491456K, 89% used [0x00007f4ecd000000,0x00007f52872bbb08,0x00007f52f8980000)
 Metaspace       used 134585K, capacity 147701K, committed 158720K, reserved 159744K
Event: 191.123 GC heap after
Heap after GC invocations=82 (full 9):
 PSYoungGen      total 49860608K, used 651043K [0x00007f67cd000000, 0x00007f7438d80000, 0x00007f744d000000)
  eden space 47691776K, 0% used [0x00007f67cd000000,0x00007f67cd000000,0x00007f732be00000)
  from space 2168832K, 30% used [0x00007f732be00000,0x00007f73539c8f30,0x00007f73b0400000)
  to   space 2044928K, 0% used [0x00007f73bc080000,0x00007f73bc080000,0x00007f7438d80000)
 ParOldGen       total 17491456K, used 15633134K [0x00007f4ecd000000, 0x00007f52f8980000, 0x00007f67cd000000)
  object space 17491456K, 89% used [0x00007f4ecd000000,0x00007f52872bbb08,0x00007f52f8980000)
 Metaspace       used 134585K, capacity 147701K, committed 158720K, reserved 159744K
}
Event: 196.166 GC heap before
{Heap before GC invocations=83 (full 9):
 PSYoungGen      total 49860608K, used 48342819K [0x00007f67cd000000, 0x00007f7438d80000, 0x00007f744d000000)
  eden space 47691776K, 100% used [0x00007f67cd000000,0x00007f732be00000,0x00007f732be00000)
  from space 2168832K, 30% used [0x00007f732be00000,0x00007f73539c8f30,0x00007f73b0400000)
  to   space 2044928K, 0% used [0x00007f73bc080000,0x00007f73bc080000,0x00007f7438d80000)
 ParOldGen       total 17491456K, used 15633134K [0x00007f4ecd000000, 0x00007f52f8980000, 0x00007f67cd000000)
  object space 17491456K, 89% used [0x00007f4ecd000000,0x00007f52872bbb08,0x00007f52f8980000)
 Metaspace       used 134585K, capacity 147701K, committed 158720K, reserved 159744K
Event: 196.313 GC heap after
Heap after GC invocations=83 (full 9):
 PSYoungGen      total 50086400K, used 871203K [0x00007f67cd000000, 0x00007f7441700000, 0x00007f744d000000)
  eden space 48041472K, 0% used [0x00007f67cd000000,0x00007f67cd000000,0x00007f7341380000)
  from space 2044928K, 42% used [0x00007f73bc080000,0x00007f73f1348fe8,0x00007f7438d80000)
  to   space 2012160K, 0% used [0x00007f7341380000,0x00007f7341380000,0x00007f73bc080000)
 ParOldGen       total 17491456K, used 15633134K [0x00007f4ecd000000, 0x00007f52f8980000, 0x00007f67cd000000)
  object space 17491456K, 89% used [0x00007f4ecd000000,0x00007f52872bbb08,0x00007f52f8980000)
 Metaspace       used 134585K, capacity 147701K, committed 158720K, reserved 159744K
}
Event: 200.897 GC heap before
{Heap before GC invocations=84 (full 9):
 PSYoungGen      total 50086400K, used 48912675K [0x00007f67cd000000, 0x00007f7441700000, 0x00007f744d000000)
  eden space 48041472K, 100% used [0x00007f67cd000000,0x00007f7341380000,0x00007f7341380000)
  from space 2044928K, 42% used [0x00007f73bc080000,0x00007f73f1348fe8,0x00007f7438d80000)
  to   space 2012160K, 0% used [0x00007f7341380000,0x00007f7341380000,0x00007f73bc080000)
 ParOldGen       total 17491456K, used 15633134K [0x00007f4ecd000000, 0x00007f52f8980000, 0x00007f67cd000000)
  object space 17491456K, 89% used [0x00007f4ecd000000,0x00007f52872bbb08,0x00007f52f8980000)
 Metaspace       used 134585K, capacity 147701K, committed 158720K, reserved 159744K
Event: 201.295 GC heap after
Heap after GC invocations=84 (full 9):
 PSYoungGen      total 50053632K, used 698972K [0x00007f67cd000000, 0x00007f743e900000, 0x00007f744d000000)
  eden space 48041472K, 0% used [0x00007f67cd000000,0x00007f67cd000000,0x00007f7341380000)
  from space 2012160K, 34% used [0x00007f7341380000,0x00007f736be17320,0x00007f73bc080000)
  to   space 1910272K, 0% used [0x00007f73c9f80000,0x00007f73c9f80000,0x00007f743e900000)
 ParOldGen       total 17491456K, used 15633134K [0x00007f4ecd000000, 0x00007f52f8980000, 0x00007f67cd000000)
  object space 17491456K, 89% used [0x00007f4ecd000000,0x00007f52872bbb08,0x00007f52f8980000)
 Metaspace       used 134585K, capacity 147701K, committed 158720K, reserved 159744K
}
Event: 206.112 GC heap before
{Heap before GC invocations=85 (full 9):
 PSYoungGen      total 50053632K, used 48740444K [0x00007f67cd000000, 0x00007f743e900000, 0x00007f744d000000)
  eden space 48041472K, 100% used [0x00007f67cd000000,0x00007f7341380000,0x00007f7341380000)
  from space 2012160K, 34% used [0x00007f7341380000,0x00007f736be17320,0x00007f73bc080000)
  to   space 1910272K, 0% used [0x00007f73c9f80000,0x00007f73c9f80000,0x00007f743e900000)
 ParOldGen       total 17491456K, used 15633134K [0x00007f4ecd000000, 0x00007f52f8980000, 0x00007f67cd000000)
  object space 17491456K, 89% used [0x00007f4ecd000000,0x00007f52872bbb08,0x00007f52f8980000)
 Metaspace       used 134590K, capacity 147706K, committed 158720K, reserved 159744K
Event: 206.367 GC heap after
Heap after GC invocations=85 (full 9):
 PSYoungGen      total 50335232K, used 734332K [0x00007f67cd000000, 0x00007f743cd80000, 0x00007f744d000000)
  eden space 48453120K, 0% used [0x00007f67cd000000,0x00007f67cd000000,0x00007f735a580000)
  from space 1882112K, 39% used [0x00007f73c9f80000,0x00007f73f6c9f080,0x00007f743cd80000)
  to   space 1828864K, 0% used [0x00007f735a580000,0x00007f735a580000,0x00007f73c9f80000)
 ParOldGen       total 17491456K, used 15804806K [0x00007f4ecd000000, 0x00007f52f8980000, 0x00007f67cd000000)
  object space 17491456K, 90% used [0x00007f4ecd000000,0x00007f5291a61a58,0x00007f52f8980000)
 Metaspace       used 134590K, capacity 147706K, committed 158720K, reserved 159744K
}
Event: 211.087 GC heap before
{Heap before GC invocations=86 (full 9):
 PSYoungGen      total 50335232K, used 49187452K [0x00007f67cd000000, 0x00007f743cd80000, 0x00007f744d000000)
  eden space 48453120K, 100% used [0x00007f67cd000000,0x00007f735a580000,0x00007f735a580000)
  from space 1882112K, 39% used [0x00007f73c9f80000,0x00007f73f6c9f080,0x00007f743cd80000)
  to   space 1828864K, 0% used [0x00007f735a580000,0x00007f735a580000,0x00007f73c9f80000)
 ParOldGen       total 17491456K, used 15804806K [0x00007f4ecd000000, 0x00007f52f8980000, 0x00007f67cd000000)
  object space 17491456K, 90% used [0x00007f4ecd000000,0x00007f5291a61a58,0x00007f52f8980000)
 Metaspace       used 134637K, capacity 147721K, committed 158720K, reserved 159744K
Event: 211.426 GC heap after
Heap after GC invocations=86 (full 9):
 PSYoungGen      total 50281984K, used 400206K [0x00007f67cd000000, 0x00007f743f600000, 0x00007f744d000000)
  eden space 48453120K, 0% used [0x00007f67cd000000,0x00007f67cd000000,0x00007f735a580000)
  from space 1828864K, 21% used [0x00007f735a580000,0x00007f7372c538e8,0x00007f73c9f80000)
  to   space 1743872K, 0% used [0x00007f73d4f00000,0x00007f73d4f00000,0x00007f743f600000)
 ParOldGen       total 17491456K, used 15834856K [0x00007f4ecd000000, 0x00007f52f8980000, 0x00007f67cd000000)
  object space 17491456K, 90% used [0x00007f4ecd000000,0x00007f52937ba270,0x00007f52f8980000)
 Metaspace       used 134637K, capacity 147721K, committed 158720K, reserved 159744K
}
Event: 221.991 GC heap before
{Heap before GC invocations=87 (full 9):
 PSYoungGen      total 50281984K, used 48853326K [0x00007f67cd000000, 0x00007f743f600000, 0x00007f744d000000)
  eden space 48453120K, 100% used [0x00007f67cd000000,0x00007f735a580000,0x00007f735a580000)
  from space 1828864K, 21% used [0x00007f735a580000,0x00007f7372c538e8,0x00007f73c9f80000)
  to   space 1743872K, 0% used [0x00007f73d4f00000,0x00007f73d4f00000,0x00007f743f600000)
 ParOldGen       total 17491456K, used 15834856K [0x00007f4ecd000000, 0x00007f52f8980000, 0x00007f67cd000000)
  object space 17491456K, 90% used [0x00007f4ecd000000,0x00007f52937ba270,0x00007f52f8980000)
 Metaspace       used 134644K, capacity 147785K, committed 158720K, reserved 159744K
Event: 222.010 GC heap after
Heap after GC invocations=87 (full 9):
 PSYoungGen      total 50487296K, used 66491K [0x00007f67cd000000, 0x00007f7444b00000, 0x00007f744d000000)
  eden space 48743424K, 0% used [0x00007f67cd000000,0x00007f67cd000000,0x00007f736c100000)
  from space 1743872K, 3% used [0x00007f73d4f00000,0x00007f73d8feedb0,0x00007f743f600000)
  to   space 1718272K, 0% used [0x00007f736c100000,0x00007f736c100000,0x00007f73d4f00000)
 ParOldGen       total 17491456K, used 15850384K [0x00007f4ecd000000, 0x00007f52f8980000, 0x00007f67cd000000)
  object space 17491456K, 90% used [0x00007f4ecd000000,0x00007f52946e41b0,0x00007f52f8980000)
 Metaspace       used 134644K, capacity 147785K, committed 158720K, reserved 159744K
}
Event: 251.172 GC heap before
{Heap before GC invocations=88 (full 9):
 PSYoungGen      total 50487296K, used 48809915K [0x00007f67cd000000, 0x00007f7444b00000, 0x00007f744d000000)
  eden space 48743424K, 100% used [0x00007f67cd000000,0x00007f736c100000,0x00007f736c100000)
  from space 1743872K, 3% used [0x00007f73d4f00000,0x00007f73d8feedb0,0x00007f743f600000)
  to   space 1718272K, 0% used [0x00007f736c100000,0x00007f736c100000,0x00007f73d4f00000)
 ParOldGen       total 17491456K, used 15850384K [0x00007f4ecd000000, 0x00007f52f8980000, 0x00007f67cd000000)
  object space 17491456K, 90% used [0x00007f4ecd000000,0x00007f52946e41b0,0x00007f52f8980000)
 Metaspace       used 135167K, capacity 148455K, committed 158976K, reserved 159744K
Event: 251.191 GC heap after
Heap after GC invocations=88 (full 9):
 PSYoungGen      total 50461696K, used 54601K [0x00007f67cd000000, 0x00007f7447200000, 0x00007f744d000000)
  eden space 48743424K, 0% used [0x00007f67cd000000,0x00007f67cd000000,0x00007f736c100000)
  from space 1718272K, 3% used [0x00007f736c100000,0x00007f736f652700,0x00007f73d4f00000)
  to   space 1682944K, 0% used [0x00007f73e0680000,0x00007f73e0680000,0x00007f7447200000)
 ParOldGen       total 17491456K, used 15850392K [0x00007f4ecd000000, 0x00007f52f8980000, 0x00007f67cd000000)
  object space 17491456K, 90% used [0x00007f4ecd000000,0x00007f52946e61b0,0x00007f52f8980000)
 Metaspace       used 135167K, capacity 148455K, committed 158976K, reserved 159744K
}
Event: 296.955 GC heap before
{Heap before GC invocations=89 (full 9):
 PSYoungGen      total 50461696K, used 48798025K [0x00007f67cd000000, 0x00007f7447200000, 0x00007f744d000000)
  eden space 48743424K, 100% used [0x00007f67cd000000,0x00007f736c100000,0x00007f736c100000)
  from space 1718272K, 3% used [0x00007f736c100000,0x00007f736f652700,0x00007f73d4f00000)
  to   space 1682944K, 0% used [0x00007f73e0680000,0x00007f73e0680000,0x00007f7447200000)
 ParOldGen       total 17491456K, used 15850392K [0x00007f4ecd000000, 0x00007f52f8980000, 0x00007f67cd000000)
  object space 17491456K, 90% used [0x00007f4ecd000000,0x00007f52946e61b0,0x00007f52f8980000)
 Metaspace       used 135180K, capacity 148455K, committed 158976K, reserved 159744K
Event: 296.975 GC heap after
Heap after GC invocations=89 (full 9):
 PSYoungGen      total 50665472K, used 54402K [0x00007f67cd000000, 0x00007f7445580000, 0x00007f744d000000)
  eden space 49011712K, 0% used [0x00007f67cd000000,0x00007f67cd000000,0x00007f737c700000)
  from space 1653760K, 3% used [0x00007f73e0680000,0x00007f73e3ba0ab0,0x00007f7445580000)
  to   space 1637888K, 0% used [0x00007f737c700000,0x00007f737c700000,0x00007f73e0680000)
 ParOldGen       total 17491456K, used 15850392K [0x00007f4ecd000000, 0x00007f52f8980000, 0x00007f67cd000000)
  object space 17491456K, 90% used [0x00007f4ecd000000,0x00007f52946e61b0,0x00007f52f8980000)
 Metaspace       used 135180K, capacity 148455K, committed 158976K, reserved 159744K
}
Event: 318.787 GC heap before
{Heap before GC invocations=90 (full 9):
 PSYoungGen      total 50665472K, used 49066114K [0x00007f67cd000000, 0x00007f7445580000, 0x00007f744d000000)
  eden space 49011712K, 100% used [0x00007f67cd000000,0x00007f737c700000,0x00007f737c700000)
  from space 1653760K, 3% used [0x00007f73e0680000,0x00007f73e3ba0ab0,0x00007f7445580000)
  to   space 1637888K, 0% used [0x00007f737c700000,0x00007f737c700000,0x00007f73e0680000)
 ParOldGen       total 17491456K, used 15850392K [0x00007f4ecd000000, 0x00007f52f8980000, 0x00007f67cd000000)
  object space 17491456K, 90% used [0x00007f4ecd000000,0x00007f52946e61b0,0x00007f52f8980000)
 Metaspace       used 135330K, capacity 148603K, committed 159232K, reserved 159744K
Event: 318.805 GC heap after
Heap after GC invocations=90 (full 9):
 PSYoungGen      total 50649600K, used 55785K [0x00007f67cd000000, 0x00007f7445a80000, 0x00007f744d000000)
  eden space 49011712K, 0% used [0x00007f67cd000000,0x00007f67cd000000,0x00007f737c700000)
  from space 1637888K, 3% used [0x00007f737c700000,0x00007f737fd7a4d0,0x00007f73e0680000)
  to   space 1585664K, 0% used [0x00007f73e4e00000,0x00007f73e4e00000,0x00007f7445a80000)
 ParOldGen       total 17491456K, used 15850392K [0x00007f4ecd000000, 0x00007f52f8980000, 0x00007f67cd000000)
  object space 17491456K, 90% used [0x00007f4ecd000000,0x00007f52946e61b0,0x00007f52f8980000)
 Metaspace       used 135330K, capacity 148603K, committed 159232K, reserved 159744K
}
Event: 336.353 GC heap before
{Heap before GC invocations=91 (full 9):
 PSYoungGen      total 50649600K, used 49067497K [0x00007f67cd000000, 0x00007f7445a80000, 0x00007f744d000000)
  eden space 49011712K, 100% used [0x00007f67cd000000,0x00007f737c700000,0x00007f737c700000)
  from space 1637888K, 3% used [0x00007f737c700000,0x00007f737fd7a4d0,0x00007f73e0680000)
  to   space 1585664K, 0% used [0x00007f73e4e00000,0x00007f73e4e00000,0x00007f7445a80000)
 ParOldGen       total 17491456K, used 15850392K [0x00007f4ecd000000, 0x00007f52f8980000, 0x00007f67cd000000)
  object space 17491456K, 90% used [0x00007f4ecd000000,0x00007f52946e61b0,0x00007f52f8980000)
 Metaspace       used 135337K, capacity 148603K, committed 159232K, reserved 159744K
Event: 336.373 GC heap after
Heap after GC invocations=91 (full 9):
 PSYoungGen      total 50733056K, used 55238K [0x00007f67cd000000, 0x00007f7442c00000, 0x00007f744d000000)
  eden space 49195008K, 0% used [0x00007f67cd000000,0x00007f67cd000000,0x00007f7387a00000)
  from space 1538048K, 3% used [0x00007f73e4e00000,0x00007f73e83f1898,0x00007f7442c00000)
  to   space 1527808K, 0% used [0x00007f7387a00000,0x00007f7387a00000,0x00007f73e4e00000)
 ParOldGen       total 17491456K, used 15850392K [0x00007f4ecd000000, 0x00007f52f8980000, 0x00007f67cd000000)
  object space 17491456K, 90% used [0x00007f4ecd000000,0x00007f52946e61b0,0x00007f52f8980000)
 Metaspace       used 135337K, capacity 148603K, committed 159232K, reserved 159744K
}
Event: 357.055 GC heap before
{Heap before GC invocations=92 (full 9):
 PSYoungGen      total 50733056K, used 49250246K [0x00007f67cd000000, 0x00007f7442c00000, 0x00007f744d000000)
  eden space 49195008K, 100% used [0x00007f67cd000000,0x00007f7387a00000,0x00007f7387a00000)
  from space 1538048K, 3% used [0x00007f73e4e00000,0x00007f73e83f1898,0x00007f7442c00000)
  to   space 1527808K, 0% used [0x00007f7387a00000,0x00007f7387a00000,0x00007f73e4e00000)
 ParOldGen       total 17491456K, used 15850392K [0x00007f4ecd000000, 0x00007f52f8980000, 0x00007f67cd000000)
  object space 17491456K, 90% used [0x00007f4ecd000000,0x00007f52946e61b0,0x00007f52f8980000)
 Metaspace       used 135479K, capacity 148820K, committed 159232K, reserved 159744K
Event: 357.074 GC heap after
Heap after GC invocations=92 (full 9):
 PSYoungGen      total 50722816K, used 55775K [0x00007f67cd000000, 0x00007f7444e00000, 0x00007f744d000000)
  eden space 49195008K, 0% used [0x00007f67cd000000,0x00007f67cd000000,0x00007f7387a00000)
  from space 1527808K, 3% used [0x00007f7387a00000,0x00007f738b077cc8,0x00007f73e4e00000)
  to   space 1466368K, 0% used [0x00007f73eb600000,0x00007f73eb600000,0x00007f7444e00000)
 ParOldGen       total 17491456K, used 15850400K [0x00007f4ecd000000, 0x00007f52f8980000, 0x00007f67cd000000)
  object space 17491456K, 90% used [0x00007f4ecd000000,0x00007f52946e81b0,0x00007f52f8980000)
 Metaspace       used 135479K, capacity 148820K, committed 159232K, reserved 159744K
}
Event: 372.517 GC heap before
{Heap before GC invocations=93 (full 9):
 PSYoungGen      total 50722816K, used 49250783K [0x00007f67cd000000, 0x00007f7444e00000, 0x00007f744d000000)
  eden space 49195008K, 100% used [0x00007f67cd000000,0x00007f7387a00000,0x00007f7387a00000)
  from space 1527808K, 3% used [0x00007f7387a00000,0x00007f738b077cc8,0x00007f73e4e00000)
  to   space 1466368K, 0% used [0x00007f73eb600000,0x00007f73eb600000,0x00007f7444e00000)
 ParOldGen       total 17491456K, used 15850400K [0x00007f4ecd000000, 0x00007f52f8980000, 0x00007f67cd000000)
  object space 17491456K, 90% used [0x00007f4ecd000000,0x00007f52946e81b0,0x00007f52f8980000)
 Metaspace       used 135490K, capacity 148820K, committed 159232K, reserved 159744K
Event: 372.535 GC heap after
Heap after GC invocations=93 (full 9):
 PSYoungGen      total 50836992K, used 55029K [0x00007f67cd000000, 0x00007f7441700000, 0x00007f744d000000)
  eden space 49426944K, 0% used [0x00007f67cd000000,0x00007f67cd000000,0x00007f7395c80000)
  from space 1410048K, 3% used [0x00007f73eb600000,0x00007f73eebbd458,0x00007f7441700000)
  to   space 1402368K, 0% used [0x00007f7395c80000,0x00007f7395c80000,0x00007f73eb600000)
 ParOldGen       total 17491456K, used 15850400K [0x00007f4ecd000000, 0x00007f52f8980000, 0x00007f67cd000000)
  object space 17491456K, 90% used [0x00007f4ecd000000,0x00007f52946e81b0,0x00007f52f8980000)
 Metaspace       used 135490K, capacity 148820K, committed 159232K, reserved 159744K
}
Event: 392.276 GC heap before
{Heap before GC invocations=94 (full 9):
 PSYoungGen      total 50836992K, used 49481973K [0x00007f67cd000000, 0x00007f7441700000, 0x00007f744d000000)
  eden space 49426944K, 100% used [0x00007f67cd000000,0x00007f7395c80000,0x00007f7395c80000)
  from space 1410048K, 3% used [0x00007f73eb600000,0x00007f73eebbd458,0x00007f7441700000)
  to   space 1402368K, 0% used [0x00007f7395c80000,0x00007f7395c80000,0x00007f73eb600000)
 ParOldGen       total 17491456K, used 15850400K [0x00007f4ecd000000, 0x00007f52f8980000, 0x00007f67cd000000)
  object space 17491456K, 90% used [0x00007f4ecd000000,0x00007f52946e81b0,0x00007f52f8980000)
 Metaspace       used 135625K, capacity 149028K, committed 159488K, reserved 159744K
Event: 392.299 GC heap after
Heap after GC invocations=94 (full 9):
 PSYoungGen      total 50829312K, used 56661K [0x00007f67cd000000, 0x00007f7444980000, 0x00007f744d000000)
  eden space 49426944K, 0% used [0x00007f67cd000000,0x00007f67cd000000,0x00007f7395c80000)
  from space 1402368K, 4% used [0x00007f7395c80000,0x00007f73993d5428,0x00007f73eb600000)
  to   space 1337344K, 0% used [0x00007f73f2f80000,0x00007f73f2f80000,0x00007f7444980000)
 ParOldGen       total 17491456K, used 15850408K [0x00007f4ecd000000, 0x00007f52f8980000, 0x00007f67cd000000)
  object space 17491456K, 90% used [0x00007f4ecd000000,0x00007f52946ea1b0,0x00007f52f8980000)
 Metaspace       used 135625K, capacity 149028K, committed 159488K, reserved 159744K
}
Event: 403.442 GC heap before
{Heap before GC invocations=95 (full 9):
 PSYoungGen      total 50829312K, used 49483605K [0x00007f67cd000000, 0x00007f7444980000, 0x00007f744d000000)
  eden space 49426944K, 100% used [0x00007f67cd000000,0x00007f7395c80000,0x00007f7395c80000)
  from space 1402368K, 4% used [0x00007f7395c80000,0x00007f73993d5428,0x00007f73eb600000)
  to   space 1337344K, 0% used [0x00007f73f2f80000,0x00007f73f2f80000,0x00007f7444980000)
 ParOldGen       total 17491456K, used 15850408K [0x00007f4ecd000000, 0x00007f52f8980000, 0x00007f67cd000000)
  object space 17491456K, 90% used [0x00007f4ecd000000,0x00007f52946ea1b0,0x00007f52f8980000)
 Metaspace       used 135634K, capacity 149028K, committed 159488K, reserved 159744K
Event: 403.461 GC heap after
Heap after GC invocations=95 (full 9):
 PSYoungGen      total 50962432K, used 45466K [0x00007f67cd000000, 0x00007f7441380000, 0x00007f744d000000)
  eden space 49680384K, 0% used [0x00007f67cd000000,0x00007f67cd000000,0x00007f73a5400000)
  from space 1282048K, 3% used [0x00007f73f2f80000,0x00007f73f5be6a98,0x00007f7441380000)
  to   space 1273344K, 0% used [0x00007f73a5400000,0x00007f73a5400000,0x00007f73f2f80000)
 ParOldGen       total 17491456K, used 15850416K [0x00007f4ecd000000, 0x00007f52f8980000, 0x00007f67cd000000)
  object space 17491456K, 90% used [0x00007f4ecd000000,0x00007f52946ec1b0,0x00007f52f8980000)
 Metaspace       used 135634K, capacity 149028K, committed 159488K, reserved 159744K
}
Event: 421.500 GC heap before
{Heap before GC invocations=96 (full 9):
 PSYoungGen      total 50962432K, used 49725850K [0x00007f67cd000000, 0x00007f7441380000, 0x00007f744d000000)
  eden space 49680384K, 100% used [0x00007f67cd000000,0x00007f73a5400000,0x00007f73a5400000)
  from space 1282048K, 3% used [0x00007f73f2f80000,0x00007f73f5be6a98,0x00007f7441380000)
  to   space 1273344K, 0% used [0x00007f73a5400000,0x00007f73a5400000,0x00007f73f2f80000)
 ParOldGen       total 17491456K, used 15850416K [0x00007f4ecd000000, 0x00007f52f8980000, 0x00007f67cd000000)
  object space 17491456K, 90% used [0x00007f4ecd000000,0x00007f52946ec1b0,0x00007f52f8980000)
 Metaspace       used 135783K, capacity 149240K, committed 159744K, reserved 159744K
Event: 421.524 GC heap after
Heap after GC invocations=96 (full 9):
 PSYoungGen      total 50953728K, used 55918K [0x00007f67cd000000, 0x00007f7444680000, 0x00007f744d000000)
  eden space 49680384K, 0% used [0x00007f67cd000000,0x00007f67cd000000,0x00007f73a5400000)
  from space 1273344K, 4% used [0x00007f73a5400000,0x00007f73a8a9b980,0x00007f73f2f80000)
  to   space 1207296K, 0% used [0x00007f73fab80000,0x00007f73fab80000,0x00007f7444680000)
 ParOldGen       total 17491456K, used 15850424K [0x00007f4ecd000000, 0x00007f52f8980000, 0x00007f67cd000000)
  object space 17491456K, 90% used [0x00007f4ecd000000,0x00007f52946ee1b0,0x00007f52f8980000)
 Metaspace       used 135783K, capacity 149240K, committed 159744K, reserved 159744K
}
Event: 431.165 GC heap before
{Heap before GC invocations=97 (full 9):
 PSYoungGen      total 50953728K, used 49736302K [0x00007f67cd000000, 0x00007f7444680000, 0x00007f744d000000)
  eden space 49680384K, 100% used [0x00007f67cd000000,0x00007f73a5400000,0x00007f73a5400000)
  from space 1273344K, 4% used [0x00007f73a5400000,0x00007f73a8a9b980,0x00007f73f2f80000)
  to   space 1207296K, 0% used [0x00007f73fab80000,0x00007f73fab80000,0x00007f7444680000)
 ParOldGen       total 17491456K, used 15850424K [0x00007f4ecd000000, 0x00007f52f8980000, 0x00007f67cd000000)
  object space 17491456K, 90% used [0x00007f4ecd000000,0x00007f52946ee1b0,0x00007f52f8980000)
 Metaspace       used 135787K, capacity 149240K, committed 159744K, reserved 159744K
Event: 431.184 GC heap after
Heap after GC invocations=97 (full 9):
 PSYoungGen      total 51098624K, used 8192K [0x00007f67cd000000, 0x00007f7442080000, 0x00007f744d000000)
  eden space 49930240K, 0% used [0x00007f67cd000000,0x00007f67cd000000,0x00007f73b4800000)
  from space 1168384K, 0% used [0x00007f73fab80000,0x00007f73fb380238,0x00007f7442080000)
  to   space 1150464K, 0% used [0x00007f73b4800000,0x00007f73b4800000,0x00007f73fab80000)
 ParOldGen       total 17491456K, used 15850432K [0x00007f4ecd000000, 0x00007f52f8980000, 0x00007f67cd000000)
  object space 17491456K, 90% used [0x00007f4ecd000000,0x00007f52946f01b0,0x00007f52f8980000)
 Metaspace       used 135787K, capacity 149240K, committed 159744K, reserved 159744K
}
Event: 435.716 GC heap before
{Heap before GC invocations=98 (full 9):
 PSYoungGen      total 51098624K, used 49938432K [0x00007f67cd000000, 0x00007f7442080000, 0x00007f744d000000)
  eden space 49930240K, 100% used [0x00007f67cd000000,0x00007f73b4800000,0x00007f73b4800000)
  from space 1168384K, 0% used [0x00007f73fab80000,0x00007f73fb380238,0x00007f7442080000)
  to   space 1150464K, 0% used [0x00007f73b4800000,0x00007f73b4800000,0x00007f73fab80000)
 ParOldGen       total 17491456K, used 15850432K [0x00007f4ecd000000, 0x00007f52f8980000, 0x00007f67cd000000)
  object space 17491456K, 90% used [0x00007f4ecd000000,0x00007f52946f01b0,0x00007f52f8980000)
 Metaspace       used 136029K, capacity 149536K, committed 159744K, reserved 159744K
Event: 435.733 GC heap after
Heap after GC invocations=98 (full 9):
 PSYoungGen      total 51080704K, used 16572K [0x00007f67cd000000, 0x00007f7444c80000, 0x00007f744d000000)
  eden space 49930240K, 0% used [0x00007f67cd000000,0x00007f67cd000000,0x00007f73b4800000)
  from space 1150464K, 1% used [0x00007f73b4800000,0x00007f73b582f2a0,0x00007f73fab80000)
  to   space 1092096K, 0% used [0x00007f7402200000,0x00007f7402200000,0x00007f7444c80000)
 ParOldGen       total 17491456K, used 15850440K [0x00007f4ecd000000, 0x00007f52f8980000, 0x00007f67cd000000)
  object space 17491456K, 90% used [0x00007f4ecd000000,0x00007f52946f21b0,0x00007f52f8980000)
 Metaspace       used 136029K, capacity 149536K, committed 159744K, reserved 159744K
}
Event: 443.604 GC heap before
{Heap before GC invocations=99 (full 9):
 PSYoungGen      total 51080704K, used 49946812K [0x00007f67cd000000, 0x00007f7444c80000, 0x00007f744d000000)
  eden space 49930240K, 100% used [0x00007f67cd000000,0x00007f73b4800000,0x00007f73b4800000)
  from space 1150464K, 1% used [0x00007f73b4800000,0x00007f73b582f2a0,0x00007f73fab80000)
  to   space 1092096K, 0% used [0x00007f7402200000,0x00007f7402200000,0x00007f7444c80000)
 ParOldGen       total 17491456K, used 15850440K [0x00007f4ecd000000, 0x00007f52f8980000, 0x00007f67cd000000)
  object space 17491456K, 90% used [0x00007f4ecd000000,0x00007f52946f21b0,0x00007f52f8980000)
 Metaspace       used 136085K, capacity 149608K, committed 159744K, reserved 159744K
Event: 443.624 GC heap after
Heap after GC invocations=99 (full 9):
 PSYoungGen      total 51219968K, used 16798K [0x00007f67cd000000, 0x00007f7442500000, 0x00007f744d000000)
  eden space 50168320K, 0% used [0x00007f67cd000000,0x00007f67cd000000,0x00007f73c3080000)
  from space 1051648K, 1% used [0x00007f7402200000,0x00007f74032679f0,0x00007f7442500000)
  to   space 1033728K, 0% used [0x00007f73c3080000,0x00007f73c3080000,0x00007f7402200000)
 ParOldGen       total 17491456K, used 15850448K [0x00007f4ecd000000, 0x00007f52f8980000, 0x00007f67cd000000)
  object space 17491456K, 90% used [0x00007f4ecd000000,0x00007f52946f41b0,0x00007f52f8980000)
 Metaspace       used 136085K, capacity 149608K, committed 159744K, reserved 159744K
}
Event: 453.776 GC heap before
{Heap before GC invocations=100 (full 9):
 PSYoungGen      total 51219968K, used 50185118K [0x00007f67cd000000, 0x00007f7442500000, 0x00007f744d000000)
  eden space 50168320K, 100% used [0x00007f67cd000000,0x00007f73c3080000,0x00007f73c3080000)
  from space 1051648K, 1% used [0x00007f7402200000,0x00007f74032679f0,0x00007f7442500000)
  to   space 1033728K, 0% used [0x00007f73c3080000,0x00007f73c3080000,0x00007f7402200000)
 ParOldGen       total 17491456K, used 15850448K [0x00007f4ecd000000, 0x00007f52f8980000, 0x00007f67cd000000)
  object space 17491456K, 90% used [0x00007f4ecd000000,0x00007f52946f41b0,0x00007f52f8980000)
 Metaspace       used 136087K, capacity 149608K, committed 159744K, reserved 159744K
Event: 453.794 GC heap after
Heap after GC invocations=100 (full 9):
 PSYoungGen      total 51202048K, used 12315K [0x00007f67cd000000, 0x00007f7444f80000, 0x00007f744d000000)
  eden space 50168320K, 0% used [0x00007f67cd000000,0x00007f67cd000000,0x00007f73c3080000)
  from space 1033728K, 1% used [0x00007f73c3080000,0x00007f73c3c86c08,0x00007f7402200000)
  to   space 976896K, 0% used [0x00007f7409580000,0x00007f7409580000,0x00007f7444f80000)
 ParOldGen       total 17491456K, used 15851422K [0x00007f4ecd000000, 0x00007f52f8980000, 0x00007f67cd000000)
  object space 17491456K, 90% used [0x00007f4ecd000000,0x00007f52947e7a30,0x00007f52f8980000)
 Metaspace       used 136087K, capacity 149608K, committed 159744K, reserved 159744K
}
Event: 465.564 GC heap before
{Heap before GC invocations=101 (full 9):
 PSYoungGen      total 51202048K, used 50180635K [0x00007f67cd000000, 0x00007f7444f80000, 0x00007f744d000000)
  eden space 50168320K, 100% used [0x00007f67cd000000,0x00007f73c3080000,0x00007f73c3080000)
  from space 1033728K, 1% used [0x00007f73c3080000,0x00007f73c3c86c08,0x00007f7402200000)
  to   space 976896K, 0% used [0x00007f7409580000,0x00007f7409580000,0x00007f7444f80000)
 ParOldGen       total 17491456K, used 15851422K [0x00007f4ecd000000, 0x00007f52f8980000, 0x00007f67cd000000)
  object space 17491456K, 90% used [0x00007f4ecd000000,0x00007f52947e7a30,0x00007f52f8980000)
 Metaspace       used 136145K, capacity 149685K, committed 160000K, reserved 161792K
Event: 465.584 GC heap after
Heap after GC invocations=101 (full 9):
 PSYoungGen      total 51339264K, used 11849K [0x00007f67cd000000, 0x00007f7442b80000, 0x00007f744d000000)
  eden space 50399232K, 0% used [0x00007f67cd000000,0x00007f67cd000000,0x00007f73d1200000)
  from space 940032K, 1% used [0x00007f7409580000,0x00007f740a112750,0x00007f7442b80000)
  to   space 921088K, 0% used [0x00007f73d1200000,0x00007f73d1200000,0x00007f7409580000)
 ParOldGen       total 17491456K, used 15852359K [0x00007f4ecd000000, 0x00007f52f8980000, 0x00007f67cd000000)
  object space 17491456K, 90% used [0x00007f4ecd000000,0x00007f52948d1c48,0x00007f52f8980000)
 Metaspace       used 136145K, capacity 149685K, committed 160000K, reserved 161792K
}
Event: 473.371 GC heap before
{Heap before GC invocations=102 (full 9):
 PSYoungGen      total 51339264K, used 50411081K [0x00007f67cd000000, 0x00007f7442b80000, 0x00007f744d000000)
  eden space 50399232K, 100% used [0x00007f67cd000000,0x00007f73d1200000,0x00007f73d1200000)
  from space 940032K, 1% used [0x00007f7409580000,0x00007f740a112750,0x00007f7442b80000)
  to   space 921088K, 0% used [0x00007f73d1200000,0x00007f73d1200000,0x00007f7409580000)
 ParOldGen       total 17491456K, used 15852359K [0x00007f4ecd000000, 0x00007f52f8980000, 0x00007f67cd000000)
  object space 17491456K, 90% used [0x00007f4ecd000000,0x00007f52948d1c48,0x00007f52f8980000)
 Metaspace       used 136147K, capacity 149685K, committed 160000K, reserved 161792K
Event: 473.391 GC heap after
Heap after GC invocations=102 (full 9):
 PSYoungGen      total 51320320K, used 11191K [0x00007f67cd000000, 0x00007f7445480000, 0x00007f744d000000)
  eden space 50399232K, 0% used [0x00007f67cd000000,0x00007f67cd000000,0x00007f73d1200000)
  from space 921088K, 1% used [0x00007f73d1200000,0x00007f73d1cede08,0x00007f7409580000)
  to   space 867328K, 0% used [0x00007f7410580000,0x00007f7410580000,0x00007f7445480000)
 ParOldGen       total 17491456K, used 15853081K [0x00007f4ecd000000, 0x00007f52f8980000, 0x00007f67cd000000)
  object space 17491456K, 90% used [0x00007f4ecd000000,0x00007f5294986688,0x00007f52f8980000)
 Metaspace       used 136147K, capacity 149685K, committed 160000K, reserved 161792K
}
Event: 481.561 GC heap before
{Heap before GC invocations=103 (full 9):
 PSYoungGen      total 51320320K, used 50410423K [0x00007f67cd000000, 0x00007f7445480000, 0x00007f744d000000)
  eden space 50399232K, 100% used [0x00007f67cd000000,0x00007f73d1200000,0x00007f73d1200000)
  from space 921088K, 1% used [0x00007f73d1200000,0x00007f73d1cede08,0x00007f7409580000)
  to   space 867328K, 0% used [0x00007f7410580000,0x00007f7410580000,0x00007f7445480000)
 ParOldGen       total 17491456K, used 15853081K [0x00007f4ecd000000, 0x00007f52f8980000, 0x00007f67cd000000)
  object space 17491456K, 90% used [0x00007f4ecd000000,0x00007f5294986688,0x00007f52f8980000)
 Metaspace       used 136248K, capacity 149834K, committed 160000K, reserved 161792K
Event: 481.585 GC heap after
Heap after GC invocations=103 (full 9):
 PSYoungGen      total 51448320K, used 53600K [0x00007f67cd000000, 0x00007f7442780000, 0x00007f744d000000)
  eden space 50627072K, 0% used [0x00007f67cd000000,0x00007f67cd000000,0x00007f73df080000)
  from space 821248K, 6% used [0x00007f7410580000,0x00007f74139d82f0,0x00007f7442780000)
  to   space 807936K, 0% used [0x00007f73df080000,0x00007f73df080000,0x00007f7410580000)
 ParOldGen       total 17491456K, used 15854066K [0x00007f4ecd000000, 0x00007f52f8980000, 0x00007f67cd000000)
  object space 17491456K, 90% used [0x00007f4ecd000000,0x00007f5294a7c948,0x00007f52f8980000)
 Metaspace       used 136248K, capacity 149834K, committed 160000K, reserved 161792K
}
Event: 484.424 GC heap before
{Heap before GC invocations=104 (full 9):
 PSYoungGen      total 51448320K, used 50680672K [0x00007f67cd000000, 0x00007f7442780000, 0x00007f744d000000)
  eden space 50627072K, 100% used [0x00007f67cd000000,0x00007f73df080000,0x00007f73df080000)
  from space 821248K, 6% used [0x00007f7410580000,0x00007f74139d82f0,0x00007f7442780000)
  to   space 807936K, 0% used [0x00007f73df080000,0x00007f73df080000,0x00007f7410580000)
 ParOldGen       total 17491456K, used 15854066K [0x00007f4ecd000000, 0x00007f52f8980000, 0x00007f67cd000000)
  object space 17491456K, 90% used [0x00007f4ecd000000,0x00007f5294a7c948,0x00007f52f8980000)
 Metaspace       used 136248K, capacity 149834K, committed 160000K, reserved 161792K
Event: 484.442 GC heap after
Heap after GC invocations=104 (full 9):
 PSYoungGen      total 51435008K, used 53084K [0x00007f67cd000000, 0x00007f7445600000, 0x00007f744d000000)
  eden space 50627072K, 0% used [0x00007f67cd000000,0x00007f67cd000000,0x00007f73df080000)
  from space 807936K, 6% used [0x00007f73df080000,0x00007f73e2457070,0x00007f7410580000)
  to   space 752128K, 0% used [0x00007f7417780000,0x00007f7417780000,0x00007f7445600000)
 ParOldGen       total 17491456K, used 15854234K [0x00007f4ecd000000, 0x00007f52f8980000, 0x00007f67cd000000)
  object space 17491456K, 90% used [0x00007f4ecd000000,0x00007f5294aa6948,0x00007f52f8980000)
 Metaspace       used 136248K, capacity 149834K, committed 160000K, reserved 161792K
}
Event: 491.669 GC heap before
{Heap before GC invocations=105 (full 9):
 PSYoungGen      total 51435008K, used 50680156K [0x00007f67cd000000, 0x00007f7445600000, 0x00007f744d000000)
  eden space 50627072K, 100% used [0x00007f67cd000000,0x00007f73df080000,0x00007f73df080000)
  from space 807936K, 6% used [0x00007f73df080000,0x00007f73e2457070,0x00007f7410580000)
  to   space 752128K, 0% used [0x00007f7417780000,0x00007f7417780000,0x00007f7445600000)
 ParOldGen       total 17491456K, used 15854234K [0x00007f4ecd000000, 0x00007f52f8980000, 0x00007f67cd000000)
  object space 17491456K, 90% used [0x00007f4ecd000000,0x00007f5294aa6948,0x00007f52f8980000)
 Metaspace       used 136446K, capacity 150081K, committed 160256K, reserved 161792K
Event: 491.696 GC heap after
Heap after GC invocations=105 (full 9):
 PSYoungGen      total 51568640K, used 54228K [0x00007f67cd000000, 0x00007f7443380000, 0x00007f744d000000)
  eden space 50851840K, 0% used [0x00007f67cd000000,0x00007f67cd000000,0x00007f73ecc00000)
  from space 716800K, 7% used [0x00007f7417780000,0x00007f741ac753e8,0x00007f7443380000)
  to   space 699904K, 0% used [0x00007f73ecc00000,0x00007f73ecc00000,0x00007f7417780000)
 ParOldGen       total 17491456K, used 15854586K [0x00007f4ecd000000, 0x00007f52f8980000, 0x00007f67cd000000)
  object space 17491456K, 90% used [0x00007f4ecd000000,0x00007f5294afeb08,0x00007f52f8980000)
 Metaspace       used 136446K, capacity 150081K, committed 160256K, reserved 161792K
}
Event: 501.916 GC heap before
{Heap before GC invocations=106 (full 9):
 PSYoungGen      total 51568640K, used 50906068K [0x00007f67cd000000, 0x00007f7443380000, 0x00007f744d000000)
  eden space 50851840K, 100% used [0x00007f67cd000000,0x00007f73ecc00000,0x00007f73ecc00000)
  from space 716800K, 7% used [0x00007f7417780000,0x00007f741ac753e8,0x00007f7443380000)
  to   space 699904K, 0% used [0x00007f73ecc00000,0x00007f73ecc00000,0x00007f7417780000)
 ParOldGen       total 17491456K, used 15854586K [0x00007f4ecd000000, 0x00007f52f8980000, 0x00007f67cd000000)
  object space 17491456K, 90% used [0x00007f4ecd000000,0x00007f5294afeb08,0x00007f52f8980000)
 Metaspace       used 136449K, capacity 150081K, committed 160256K, reserved 161792K
Event: 501.937 GC heap after
Heap after GC invocations=106 (full 9):
 PSYoungGen      total 51551744K, used 47761K [0x00007f67cd000000, 0x00007f7446280000, 0x00007f744d000000)
  eden space 50851840K, 0% used [0x00007f67cd000000,0x00007f67cd000000,0x00007f73ecc00000)
  from space 699904K, 6% used [0x00007f73ecc00000,0x00007f73efaa4408,0x00007f7417780000)
  to   space 652288K, 0% used [0x00007f741e580000,0x00007f741e580000,0x00007f7446280000)
 ParOldGen       total 17491456K, used 15854706K [0x00007f4ecd000000, 0x00007f52f8980000, 0x00007f67cd000000)
  object space 17491456K, 90% used [0x00007f4ecd000000,0x00007f5294b1cb08,0x00007f52f8980000)
 Metaspace       used 136449K, capacity 150081K, committed 160256K, reserved 161792K
}
Event: 513.700 GC heap before
{Heap before GC invocations=107 (full 9):
 PSYoungGen      total 51551744K, used 50899601K [0x00007f67cd000000, 0x00007f7446280000, 0x00007f744d000000)
  eden space 50851840K, 100% used [0x00007f67cd000000,0x00007f73ecc00000,0x00007f73ecc00000)
  from space 699904K, 6% used [0x00007f73ecc00000,0x00007f73efaa4408,0x00007f7417780000)
  to   space 652288K, 0% used [0x00007f741e580000,0x00007f741e580000,0x00007f7446280000)
 ParOldGen       total 17491456K, used 15854706K [0x00007f4ecd000000, 0x00007f52f8980000, 0x00007f67cd000000)
  object space 17491456K, 90% used [0x00007f4ecd000000,0x00007f5294b1cb08,0x00007f52f8980000)
 Metaspace       used 139903K, capacity 154415K, committed 162304K, reserved 163840K
Event: 513.726 GC heap after
Heap after GC invocations=107 (full 9):
 PSYoungGen      total 51688448K, used 23026K [0x00007f67cd000000, 0x00007f7445280000, 0x00007f744d000000)
  eden space 51052544K, 0% used [0x00007f67cd000000,0x00007f67cd000000,0x00007f73f9000000)
  from space 635904K, 3% used [0x00007f741e580000,0x00007f741fbfc9f0,0x00007f7445280000)
  to   space 611840K, 0% used [0x00007f73f9000000,0x00007f73f9000000,0x00007f741e580000)
 ParOldGen       total 17491456K, used 15855046K [0x00007f4ecd000000, 0x00007f52f8980000, 0x00007f67cd000000)
  object space 17491456K, 90% used [0x00007f4ecd000000,0x00007f5294b71bf8,0x00007f52f8980000)
 Metaspace       used 139903K, capacity 154415K, committed 162304K, reserved 163840K
}
Event: 516.413 GC heap before
{Heap before GC invocations=108 (full 9):
 PSYoungGen      total 51688448K, used 51075570K [0x00007f67cd000000, 0x00007f7445280000, 0x00007f744d000000)
  eden space 51052544K, 100% used [0x00007f67cd000000,0x00007f73f9000000,0x00007f73f9000000)
  from space 635904K, 3% used [0x00007f741e580000,0x00007f741fbfc9f0,0x00007f7445280000)
  to   space 611840K, 0% used [0x00007f73f9000000,0x00007f73f9000000,0x00007f741e580000)
 ParOldGen       total 17491456K, used 15855046K [0x00007f4ecd000000, 0x00007f52f8980000, 0x00007f67cd000000)
  object space 17491456K, 90% used [0x00007f4ecd000000,0x00007f5294b71bf8,0x00007f52f8980000)
 Metaspace       used 139920K, capacity 154415K, committed 162304K, reserved 163840K
Event: 516.432 GC heap after
Heap after GC invocations=108 (full 9):
 PSYoungGen      total 51664384K, used 16668K [0x00007f67cd000000, 0x00007f7446f80000, 0x00007f744d000000)
  eden space 51052544K, 0% used [0x00007f67cd000000,0x00007f67cd000000,0x00007f73f9000000)
  from space 611840K, 2% used [0x00007f73f9000000,0x00007f73fa047128,0x00007f741e580000)
  to   space 574464K, 0% used [0x00007f7423e80000,0x00007f7423e80000,0x00007f7446f80000)
 ParOldGen       total 17491456K, used 15855198K [0x00007f4ecd000000, 0x00007f52f8980000, 0x00007f67cd000000)
  object space 17491456K, 90% used [0x00007f4ecd000000,0x00007f5294b97bf8,0x00007f52f8980000)
 Metaspace       used 139920K, capacity 154415K, committed 162304K, reserved 163840K
}
Event: 518.874 GC heap before
{Heap before GC invocations=109 (full 9):
 PSYoungGen      total 51664384K, used 51069212K [0x00007f67cd000000, 0x00007f7446f80000, 0x00007f744d000000)
  eden space 51052544K, 100% used [0x00007f67cd000000,0x00007f73f9000000,0x00007f73f9000000)
  from space 611840K, 2% used [0x00007f73f9000000,0x00007f73fa047128,0x00007f741e580000)
  to   space 574464K, 0% used [0x00007f7423e80000,0x00007f7423e80000,0x00007f7446f80000)
 ParOldGen       total 17491456K, used 15855198K [0x00007f4ecd000000, 0x00007f52f8980000, 0x00007f67cd000000)
  object space 17491456K, 90% used [0x00007f4ecd000000,0x00007f5294b97bf8,0x00007f52f8980000)
 Metaspace       used 139920K, capacity 154415K, committed 162304K, reserved 163840K
Event: 518.890 GC heap after
Heap after GC invocations=109 (full 9):
 PSYoungGen      total 51781120K, used 15873K [0x00007f67cd000000, 0x00007f7446580000, 0x00007f744d000000)
  eden space 51216896K, 0% used [0x00007f67cd000000,0x00007f67cd000000,0x00007f7403080000)
  from space 564224K, 2% used [0x00007f7423e80000,0x00007f7424e004c8,0x00007f7446580000)
  to   space 538624K, 0% used [0x00007f7403080000,0x00007f7403080000,0x00007f7423e80000)
 ParOldGen       total 17491456K, used 15856115K [0x00007f4ecd000000, 0x00007f52f8980000, 0x00007f67cd000000)
  object space 17491456K, 90% used [0x00007f4ecd000000,0x00007f5294c7cca8,0x00007f52f8980000)
 Metaspace       used 139920K, capacity 154415K, committed 162304K, reserved 163840K
}
Event: 546.667 GC heap before
{Heap before GC invocations=110 (full 9):
 PSYoungGen      total 51781120K, used 51232769K [0x00007f67cd000000, 0x00007f7446580000, 0x00007f744d000000)
  eden space 51216896K, 100% used [0x00007f67cd000000,0x00007f7403080000,0x00007f7403080000)
  from space 564224K, 2% used [0x00007f7423e80000,0x00007f7424e004c8,0x00007f7446580000)
  to   space 538624K, 0% used [0x00007f7403080000,0x00007f7403080000,0x00007f7423e80000)
 ParOldGen       total 17491456K, used 15856198K [0x00007f4ecd000000, 0x00007f52f8980000, 0x00007f67cd000000)
  object space 17491456K, 90% used [0x00007f4ecd000000,0x00007f5294c91820,0x00007f52f8980000)
 Metaspace       used 140792K, capacity 155531K, committed 163072K, reserved 163840K
Event: 546.688 GC heap after
Heap after GC invocations=110 (full 9):
 PSYoungGen      total 51755520K, used 26589K [0x00007f67cd000000, 0x00007f7447000000, 0x00007f744d000000)
  eden space 51216896K, 0% used [0x00007f67cd000000,0x00007f67cd000000,0x00007f7403080000)
  from space 538624K, 4% used [0x00007f7403080000,0x00007f7404a77578,0x00007f7423e80000)
  to   space 502272K, 0% used [0x00007f7428580000,0x00007f7428580000,0x00007f7447000000)
 ParOldGen       total 17491456K, used 15856366K [0x00007f4ecd000000, 0x00007f52f8980000, 0x00007f67cd000000)
  object space 17491456K, 90% used [0x00007f4ecd000000,0x00007f5294cbb820,0x00007f52f8980000)
 Metaspace       used 140792K, capacity 155531K, committed 163072K, reserved 163840K
}
Event: 554.493 GC heap before
{Heap before GC invocations=111 (full 9):
 PSYoungGen      total 51755520K, used 51243485K [0x00007f67cd000000, 0x00007f7447000000, 0x00007f744d000000)
  eden space 51216896K, 100% used [0x00007f67cd000000,0x00007f7403080000,0x00007f7403080000)
  from space 538624K, 4% used [0x00007f7403080000,0x00007f7404a77578,0x00007f7423e80000)
  to   space 502272K, 0% used [0x00007f7428580000,0x00007f7428580000,0x00007f7447000000)
 ParOldGen       total 17491456K, used 15856369K [0x00007f4ecd000000, 0x00007f52f8980000, 0x00007f67cd000000)
  object space 17491456K, 90% used [0x00007f4ecd000000,0x00007f5294cbc408,0x00007f52f8980000)
 Metaspace       used 140793K, capacity 155531K, committed 163072K, reserved 163840K
Event: 554.514 GC heap after
Heap after GC invocations=111 (full 9):
 PSYoungGen      total 51856896K, used 24668K [0x00007f67cd000000, 0x00007f7446b80000, 0x00007f744d000000)
  eden space 51359232K, 0% used [0x00007f67cd000000,0x00007f67cd000000,0x00007f740bb80000)
  from space 497664K, 4% used [0x00007f7428580000,0x00007f7429d970b8,0x00007f7446b80000)
  to   space 468992K, 0% used [0x00007f740bb80000,0x00007f740bb80000,0x00007f7428580000)
 ParOldGen       total 17491456K, used 15856694K [0x00007f4ecd000000, 0x00007f52f8980000, 0x00007f67cd000000)
  object space 17491456K, 90% used [0x00007f4ecd000000,0x00007f5294d0d990,0x00007f52f8980000)
 Metaspace       used 140793K, capacity 155531K, committed 163072K, reserved 163840K
}
Event: 567.056 GC heap before
{Heap before GC invocations=112 (full 9):
 PSYoungGen      total 51856896K, used 51383900K [0x00007f67cd000000, 0x00007f7446b80000, 0x00007f744d000000)
  eden space 51359232K, 100% used [0x00007f67cd000000,0x00007f740bb80000,0x00007f740bb80000)
  from space 497664K, 4% used [0x00007f7428580000,0x00007f7429d970b8,0x00007f7446b80000)
  to   space 468992K, 0% used [0x00007f740bb80000,0x00007f740bb80000,0x00007f7428580000)
 ParOldGen       total 17491456K, used 15856742K [0x00007f4ecd000000, 0x00007f52f8980000, 0x00007f67cd000000)
  object space 17491456K, 90% used [0x00007f4ecd000000,0x00007f5294d19910,0x00007f52f8980000)
 Metaspace       used 140796K, capacity 155595K, committed 163072K, reserved 163840K
Event: 567.079 GC heap after
Heap after GC invocations=112 (full 9):
 PSYoungGen      total 51828224K, used 23641K [0x00007f67cd000000, 0x00007f7447600000, 0x00007f744d000000)
  eden space 51359232K, 0% used [0x00007f67cd000000,0x00007f67cd000000,0x00007f740bb80000)
  from space 468992K, 5% used [0x00007f740bb80000,0x00007f740d296698,0x00007f7428580000)
  to   space 437248K, 0% used [0x00007f742cb00000,0x00007f742cb00000,0x00007f7447600000)
 ParOldGen       total 17491456K, used 15856926K [0x00007f4ecd000000, 0x00007f52f8980000, 0x00007f67cd000000)
  object space 17491456K, 90% used [0x00007f4ecd000000,0x00007f5294d47910,0x00007f52f8980000)
 Metaspace       used 140796K, capacity 155595K, committed 163072K, reserved 163840K
}
Event: 583.865 GC heap before
{Heap before GC invocations=113 (full 9):
 PSYoungGen      total 51828224K, used 51382873K [0x00007f67cd000000, 0x00007f7447600000, 0x00007f744d000000)
  eden space 51359232K, 100% used [0x00007f67cd000000,0x00007f740bb80000,0x00007f740bb80000)
  from space 468992K, 5% used [0x00007f740bb80000,0x00007f740d296698,0x00007f7428580000)
  to   space 437248K, 0% used [0x00007f742cb00000,0x00007f742cb00000,0x00007f7447600000)
 ParOldGen       total 17491456K, used 15857005K [0x00007f4ecd000000, 0x00007f52f8980000, 0x00007f67cd000000)
  object space 17491456K, 90% used [0x00007f4ecd000000,0x00007f5294d5b700,0x00007f52f8980000)
 Metaspace       used 140974K, capacity 155687K, committed 163328K, reserved 163840K
Event: 583.900 GC heap after
Heap after GC invocations=113 (full 9):
 PSYoungGen      total 51929600K, used 25433K [0x00007f67cd000000, 0x00007f7447600000, 0x00007f744d000000)
  eden space 51492352K, 0% used [0x00007f67cd000000,0x00007f67cd000000,0x00007f7413d80000)
  from space 437248K, 5% used [0x00007f742cb00000,0x00007f742e3d6458,0x00007f7447600000)
  to   space 407040K, 0% used [0x00007f7413d80000,0x00007f7413d80000,0x00007f742cb00000)
 ParOldGen       total 17491456K, used 15858205K [0x00007f4ecd000000, 0x00007f52f8980000, 0x00007f67cd000000)
  object space 17491456K, 90% used [0x00007f4ecd000000,0x00007f5294e877d8,0x00007f52f8980000)
 Metaspace       used 140974K, capacity 155687K, committed 163328K, reserved 163840K
}
Event: 599.674 GC heap before
{Heap before GC invocations=114 (full 9):
 PSYoungGen      total 51929600K, used 51517785K [0x00007f67cd000000, 0x00007f7447600000, 0x00007f744d000000)
  eden space 51492352K, 100% used [0x00007f67cd000000,0x00007f7413d80000,0x00007f7413d80000)
  from space 437248K, 5% used [0x00007f742cb00000,0x00007f742e3d6458,0x00007f7447600000)
  to   space 407040K, 0% used [0x00007f7413d80000,0x00007f7413d80000,0x00007f742cb00000)
 ParOldGen       total 17491456K, used 15858331K [0x00007f4ecd000000, 0x00007f52f8980000, 0x00007f67cd000000)
  object space 17491456K, 90% used [0x00007f4ecd000000,0x00007f5294ea6f60,0x00007f52f8980000)
 Metaspace       used 140979K, capacity 155687K, committed 163328K, reserved 163840K
Event: 599.692 GC heap after
Heap after GC invocations=114 (full 9):
 PSYoungGen      total 51899392K, used 23729K [0x00007f67cd000000, 0x00007f7447c80000, 0x00007f744d000000)
  eden space 51492352K, 0% used [0x00007f67cd000000,0x00007f67cd000000,0x00007f7413d80000)
  from space 407040K, 5% used [0x00007f7413d80000,0x00007f74154ac460,0x00007f742cb00000)
  to   space 379392K, 0% used [0x00007f7430a00000,0x00007f7430a00000,0x00007f7447c80000)
 ParOldGen       total 17491456K, used 15858610K [0x00007f4ecd000000, 0x00007f52f8980000, 0x00007f67cd000000)
  object space 17491456K, 90% used [0x00007f4ecd000000,0x00007f5294eecb68,0x00007f52f8980000)
 Metaspace       used 140979K, capacity 155687K, committed 163328K, reserved 163840K
}
Event: 624.293 GC heap before
{Heap before GC invocations=115 (full 9):
 PSYoungGen      total 51899392K, used 51516081K [0x00007f67cd000000, 0x00007f7447c80000, 0x00007f744d000000)
  eden space 51492352K, 100% used [0x00007f67cd000000,0x00007f7413d80000,0x00007f7413d80000)
  from space 407040K, 5% used [0x00007f7413d80000,0x00007f74154ac460,0x00007f742cb00000)
  to   space 379392K, 0% used [0x00007f7430a00000,0x00007f7430a00000,0x00007f7447c80000)
 ParOldGen       total 17491456K, used 15858621K [0x00007f4ecd000000, 0x00007f52f8980000, 0x00007f67cd000000)
  object space 17491456K, 90% used [0x00007f4ecd000000,0x00007f5294eef610,0x00007f52f8980000)
 Metaspace       used 142202K, capacity 157436K, committed 163840K, reserved 163840K
Event: 624.554 GC heap after
Heap after GC invocations=115 (full 9):
 PSYoungGen      total 51909632K, used 291491K [0x00007f67cd000000, 0x00007f744d000000, 0x00007f744d000000)
  eden space 51530240K, 0% used [0x00007f67cd000000,0x00007f67cd000000,0x00007f7416280000)
  from space 379392K, 76% used [0x00007f7430a00000,0x00007f74426a8ef8,0x00007f7447c80000)
  to   space 433664K, 0% used [0x00007f7416280000,0x00007f7416280000,0x00007f7430a00000)
 ParOldGen       total 17491456K, used 16120893K [0x00007f4ecd000000, 0x00007f52f8980000, 0x00007f67cd000000)
  object space 17491456K, 92% used [0x00007f4ecd000000,0x00007f52a4f0f628,0x00007f52f8980000)
 Metaspace       used 142202K, capacity 157436K, committed 163840K, reserved 163840K
}
Event: 646.865 GC heap before
{Heap before GC invocations=116 (full 9):
 PSYoungGen      total 51909632K, used 51821731K [0x00007f67cd000000, 0x00007f744d000000, 0x00007f744d000000)
  eden space 51530240K, 100% used [0x00007f67cd000000,0x00007f7416280000,0x00007f7416280000)
  from space 379392K, 76% used [0x00007f7430a00000,0x00007f74426a8ef8,0x00007f7447c80000)
  to   space 433664K, 0% used [0x00007f7416280000,0x00007f7416280000,0x00007f7430a00000)
 ParOldGen       total 17491456K, used 16120901K [0x00007f4ecd000000, 0x00007f52f8980000, 0x00007f67cd000000)
  object space 17491456K, 92% used [0x00007f4ecd000000,0x00007f52a4f117d0,0x00007f52f8980000)
 Metaspace       used 142220K, capacity 157500K, committed 163840K, reserved 163840K
Event: 647.381 GC heap after
Heap after GC invocations=116 (full 9):
 PSYoungGen      total 51963904K, used 26573K [0x00007f67cd000000, 0x00007f744d000000, 0x00007f744d000000)
  eden space 51530240K, 0% used [0x00007f67cd000000,0x00007f67cd000000,0x00007f7416280000)
  from space 433664K, 6% used [0x00007f7416280000,0x00007f7417c734e8,0x00007f7430a00000)
  to   space 408064K, 0% used [0x00007f7434180000,0x00007f7434180000,0x00007f744d000000)
 ParOldGen       total 17491456K, used 17169773K [0x00007f4ecd000000, 0x00007f52f8980000, 0x00007f67cd000000)
  object space 17491456K, 98% used [0x00007f4ecd000000,0x00007f52e4f5b758,0x00007f52f8980000)
 Metaspace       used 142220K, capacity 157500K, committed 163840K, reserved 163840K
}
Event: 647.381 GC heap before
{Heap before GC invocations=117 (full 10):
 PSYoungGen      total 51963904K, used 26573K [0x00007f67cd000000, 0x00007f744d000000, 0x00007f744d000000)
  eden space 51530240K, 0% used [0x00007f67cd000000,0x00007f67cd000000,0x00007f7416280000)
  from space 433664K, 6% used [0x00007f7416280000,0x00007f7417c734e8,0x00007f7430a00000)
  to   space 408064K, 0% used [0x00007f7434180000,0x00007f7434180000,0x00007f744d000000)
 ParOldGen       total 17491456K, used 17169773K [0x00007f4ecd000000, 0x00007f52f8980000, 0x00007f67cd000000)
  object space 17491456K, 98% used [0x00007f4ecd000000,0x00007f52e4f5b758,0x00007f52f8980000)
 Metaspace       used 142220K, capacity 157500K, committed 163840K, reserved 163840K
Event: 653.827 GC heap after
Heap after GC invocations=117 (full 10):
 PSYoungGen      total 51963904K, used 0K [0x00007f67cd000000, 0x00007f744d000000, 0x00007f744d000000)
  eden space 51530240K, 0% used [0x00007f67cd000000,0x00007f67cd000000,0x00007f7416280000)
  from space 433664K, 0% used [0x00007f7416280000,0x00007f7416280000,0x00007f7430a00000)
  to   space 408064K, 0% used [0x00007f7434180000,0x00007f7434180000,0x00007f744d000000)
 ParOldGen       total 9744896K, used 3759217K [0x00007f4ecd000000, 0x00007f511fc80000, 0x00007f67cd000000)
  object space 9744896K, 38% used [0x00007f4ecd000000,0x00007f4fb271c5e8,0x00007f511fc80000)
 Metaspace       used 142178K, capacity 157405K, committed 163840K, reserved 163840K
}
Event: 660.916 GC heap before
{Heap before GC invocations=118 (full 10):
 PSYoungGen      total 51963904K, used 51530240K [0x00007f67cd000000, 0x00007f744d000000, 0x00007f744d000000)
  eden space 51530240K, 100% used [0x00007f67cd000000,0x00007f7416280000,0x00007f7416280000)
  from space 433664K, 0% used [0x00007f7416280000,0x00007f7416280000,0x00007f7430a00000)
  to   space 408064K, 0% used [0x00007f7434180000,0x00007f7434180000,0x00007f744d000000)
 ParOldGen       total 9744896K, used 3759231K [0x00007f4ecd000000, 0x00007f511fc80000, 0x00007f67cd000000)
  object space 9744896K, 38% used [0x00007f4ecd000000,0x00007f4fb271fd00,0x00007f511fc80000)
 Metaspace       used 142179K, capacity 157405K, committed 163840K, reserved 163840K
Event: 661.213 GC heap after
Heap after GC invocations=118 (full 10):
 PSYoungGen      total 51851776K, used 394336K [0x00007f67cd000000, 0x00007f744d000000, 0x00007f744d000000)
  eden space 51443712K, 0% used [0x00007f67cd000000,0x00007f67cd000000,0x00007f7410e00000)
  from space 408064K, 96% used [0x00007f7434180000,0x00007f744c298090,0x00007f744d000000)
  to   space 492544K, 0% used [0x00007f7410e00000,0x00007f7410e00000,0x00007f742ef00000)
 ParOldGen       total 9744896K, used 7494783K [0x00007f4ecd000000, 0x00007f511fc80000, 0x00007f67cd000000)
  object space 9744896K, 76% used [0x00007f4ecd000000,0x00007f509671ff88,0x00007f511fc80000)
 Metaspace       used 142179K, capacity 157405K, committed 163840K, reserved 163840K
}
Event: 669.302 GC heap before
{Heap before GC invocations=119 (full 10):
 PSYoungGen      total 51851776K, used 51838048K [0x00007f67cd000000, 0x00007f744d000000, 0x00007f744d000000)
  eden space 51443712K, 100% used [0x00007f67cd000000,0x00007f7410e00000,0x00007f7410e00000)
  from space 408064K, 96% used [0x00007f7434180000,0x00007f744c298090,0x00007f744d000000)
  to   space 492544K, 0% used [0x00007f7410e00000,0x00007f7410e00000,0x00007f742ef00000)
 ParOldGen       total 9744896K, used 7494908K [0x00007f4ecd000000, 0x00007f511fc80000, 0x00007f67cd000000)
  object space 9744896K, 76% used [0x00007f4ecd000000,0x00007f509673f340,0x00007f511fc80000)
 Metaspace       used 142179K, capacity 157405K, committed 163840K, reserved 163840K
Event: 672.102 GC heap after
Heap after GC invocations=119 (full 10):
 PSYoungGen      total 51904000K, used 459904K [0x00007f67cd000000, 0x00007f744d000000, 0x00007f744d000000)
  eden space 51443712K, 0% used [0x00007f67cd000000,0x00007f67cd000000,0x00007f7410e00000)
  from space 460288K, 99% used [0x00007f7410e00000,0x00007f742cf200a8,0x00007f742cf80000)
  to   space 524800K, 0% used [0x00007f742cf80000,0x00007f742cf80000,0x00007f744d000000)
 ParOldGen       total 13295616K, used 13262077K [0x00007f4ecd000000, 0x00007f51f8800000, 0x00007f67cd000000)
  object space 13295616K, 99% used [0x00007f4ecd000000,0x00007f51f673f5b0,0x00007f51f8800000)
 Metaspace       used 142179K, capacity 157405K, committed 163840K, reserved 163840K
}
Event: 672.102 GC heap before
{Heap before GC invocations=120 (full 11):
 PSYoungGen      total 51904000K, used 459904K [0x00007f67cd000000, 0x00007f744d000000, 0x00007f744d000000)
  eden space 51443712K, 0% used [0x00007f67cd000000,0x00007f67cd000000,0x00007f7410e00000)
  from space 460288K, 99% used [0x00007f7410e00000,0x00007f742cf200a8,0x00007f742cf80000)
  to   space 524800K, 0% used [0x00007f742cf80000,0x00007f742cf80000,0x00007f744d000000)
 ParOldGen       total 13295616K, used 13262077K [0x00007f4ecd000000, 0x00007f51f8800000, 0x00007f67cd000000)
  object space 13295616K, 99% used [0x00007f4ecd000000,0x00007f51f673f5b0,0x00007f51f8800000)
 Metaspace       used 142179K, capacity 157405K, committed 163840K, reserved 163840K
Event: 672.512 GC heap after
Heap after GC invocations=120 (full 11):
 PSYoungGen      total 51904000K, used 0K [0x00007f67cd000000, 0x00007f744d000000, 0x00007f744d000000)
  eden space 51443712K, 0% used [0x00007f67cd000000,0x00007f67cd000000,0x00007f7410e00000)
  from space 460288K, 0% used [0x00007f7410e00000,0x00007f7410e00000,0x00007f742cf80000)
  to   space 524800K, 0% used [0x00007f742cf80000,0x00007f742cf80000,0x00007f744d000000)
 ParOldGen       total 18446848K, used 8999858K [0x00007f4ecd000000, 0x00007f5332e80000, 0x00007f67cd000000)
  object space 18446848K, 48% used [0x00007f4ecd000000,0x00007f50f24ecaf0,0x00007f5332e80000)
 Metaspace       used 142179K, capacity 157405K, committed 163840K, reserved 163840K
}
Event: 731.395 GC heap before
{Heap before GC invocations=121 (full 11):
 PSYoungGen      total 51904000K, used 51443712K [0x00007f67cd000000, 0x00007f744d000000, 0x00007f744d000000)
  eden space 51443712K, 100% used [0x00007f67cd000000,0x00007f7410e00000,0x00007f7410e00000)
  from space 460288K, 0% used [0x00007f7410e00000,0x00007f7410e00000,0x00007f742cf80000)
  to   space 524800K, 0% used [0x00007f742cf80000,0x00007f742cf80000,0x00007f744d000000)
 ParOldGen       total 18446848K, used 8999941K [0x00007f4ecd000000, 0x00007f5332e80000, 0x00007f67cd000000)
  object space 18446848K, 48% used [0x00007f4ecd000000,0x00007f50f25017a8,0x00007f5332e80000)
 Metaspace       used 143401K, capacity 158683K, committed 165120K, reserved 165888K
Event: 737.960 GC heap after
Heap after GC invocations=121 (full 11):
 PSYoungGen      total 51625472K, used 478343K [0x00007f67cd000000, 0x00007f744d000000, 0x00007f744d000000)
  eden space 51100672K, 0% used [0x00007f67cd000000,0x00007f67cd000000,0x00007f73fbf00000)
  from space 524800K, 91% used [0x00007f742cf80000,0x00007f744a2a1d28,0x00007f744d000000)
  to   space 664064K, 0% used [0x00007f73fbf00000,0x00007f73fbf00000,0x00007f7424780000)
 ParOldGen       total 33275392K, used 33248275K [0x00007f4ecd000000, 0x00007f56bbf80000, 0x00007f67cd000000)
  object space 33275392K, 99% used [0x00007f4ecd000000,0x00007f56ba504e88,0x00007f56bbf80000)
 Metaspace       used 143401K, capacity 158683K, committed 165120K, reserved 165888K
}
Event: 737.960 GC heap before
{Heap before GC invocations=122 (full 12):
 PSYoungGen      total 51625472K, used 478343K [0x00007f67cd000000, 0x00007f744d000000, 0x00007f744d000000)
  eden space 51100672K, 0% used [0x00007f67cd000000,0x00007f67cd000000,0x00007f73fbf00000)
  from space 524800K, 91% used [0x00007f742cf80000,0x00007f744a2a1d28,0x00007f744d000000)
  to   space 664064K, 0% used [0x00007f73fbf00000,0x00007f73fbf00000,0x00007f7424780000)
 ParOldGen       total 33275392K, used 33248275K [0x00007f4ecd000000, 0x00007f56bbf80000, 0x00007f67cd000000)
  object space 33275392K, 99% used [0x00007f4ecd000000,0x00007f56ba504e88,0x00007f56bbf80000)
 Metaspace       used 143401K, capacity 158683K, committed 165120K, reserved 165888K
Event: 739.685 GC heap after
Heap after GC invocations=122 (full 12):
 PSYoungGen      total 51625472K, used 0K [0x00007f67cd000000, 0x00007f744d000000, 0x00007f744d000000)
  eden space 51100672K, 0% used [0x00007f67cd000000,0x00007f67cd000000,0x00007f73fbf00000)
  from space 524800K, 0% used [0x00007f742cf80000,0x00007f742cf80000,0x00007f744d000000)
  to   space 664064K, 0% used [0x00007f73fbf00000,0x00007f73fbf00000,0x00007f7424780000)
 ParOldGen       total 43527680K, used 25401885K [0x00007f4ecd000000, 0x00007f592db80000, 0x00007f67cd000000)
  object space 43527680K, 58% used [0x00007f4ecd000000,0x00007f54db687568,0x00007f592db80000)
 Metaspace       used 143401K, capacity 158683K, committed 165120K, reserved 165888K
}
Event: 749.004 GC heap before
{Heap before GC invocations=123 (full 12):
 PSYoungGen      total 51625472K, used 51100672K [0x00007f67cd000000, 0x00007f744d000000, 0x00007f744d000000)
  eden space 51100672K, 100% used [0x00007f67cd000000,0x00007f73fbf00000,0x00007f73fbf00000)
  from space 524800K, 0% used [0x00007f742cf80000,0x00007f742cf80000,0x00007f744d000000)
  to   space 664064K, 0% used [0x00007f73fbf00000,0x00007f73fbf00000,0x00007f7424780000)
 ParOldGen       total 43527680K, used 25401948K [0x00007f4ecd000000, 0x00007f592db80000, 0x00007f67cd000000)
  object space 43527680K, 58% used [0x00007f4ecd000000,0x00007f54db697008,0x00007f592db80000)
 Metaspace       used 143402K, capacity 158683K, committed 165120K, reserved 165888K
Event: 749.053 GC heap after
Heap after GC invocations=123 (full 12):
 PSYoungGen      total 51626496K, used 525664K [0x00007f67cd000000, 0x00007f744d000000, 0x00007f744d000000)
  eden space 51100672K, 0% used [0x00007f67cd000000,0x00007f67cd000000,0x00007f73fbf00000)
  from space 525824K, 99% used [0x00007f73fbf00000,0x00007f741c0580d8,0x00007f741c080000)
  to   space 744448K, 0% used [0x00007f741f900000,0x00007f741f900000,0x00007f744d000000)
 ParOldGen       total 43527680K, used 25401948K [0x00007f4ecd000000, 0x00007f592db80000, 0x00007f67cd000000)
  object space 43527680K, 58% used [0x00007f4ecd000000,0x00007f54db697008,0x00007f592db80000)
 Metaspace       used 143402K, capacity 158683K, committed 165120K, reserved 165888K
}
Event: 765.026 GC heap before
{Heap before GC invocations=124 (full 12):
 PSYoungGen      total 51626496K, used 51626336K [0x00007f67cd000000, 0x00007f744d000000, 0x00007f744d000000)
  eden space 51100672K, 100% used [0x00007f67cd000000,0x00007f73fbf00000,0x00007f73fbf00000)
  from space 525824K, 99% used [0x00007f73fbf00000,0x00007f741c0580d8,0x00007f741c080000)
  to   space 744448K, 0% used [0x00007f741f900000,0x00007f741f900000,0x00007f744d000000)
 ParOldGen       total 43527680K, used 25402024K [0x00007f4ecd000000, 0x00007f592db80000, 0x00007f67cd000000)
  object space 43527680K, 58% used [0x00007f4ecd000000,0x00007f54db6aa3c0,0x00007f592db80000)
 Metaspace       used 143402K, capacity 158683K, committed 165120K, reserved 165888K
Event: 765.076 GC heap after
Heap after GC invocations=124 (full 12):
 PSYoungGen      total 51414016K, used 722112K [0x00007f67cd000000, 0x00007f744d000000, 0x00007f744d000000)
  eden space 50669568K, 0% used [0x00007f67cd000000,0x00007f67cd000000,0x00007f73e1a00000)
  from space 744448K, 96% used [0x00007f741f900000,0x00007f744ba30108,0x00007f744d000000)
  to   space 879616K, 0% used [0x00007f73e1a00000,0x00007f73e1a00000,0x00007f7417500000)
 ParOldGen       total 43527680K, used 25926313K [0x00007f4ecd000000, 0x00007f592db80000, 0x00007f67cd000000)
  object space 43527680K, 59% used [0x00007f4ecd000000,0x00007f54fb6aa480,0x00007f592db80000)
 Metaspace       used 143402K, capacity 158683K, committed 165120K, reserved 165888K
}
Event: 777.586 GC heap before
{Heap before GC invocations=125 (full 12):
 PSYoungGen      total 51414016K, used 51391680K [0x00007f67cd000000, 0x00007f744d000000, 0x00007f744d000000)
  eden space 50669568K, 100% used [0x00007f67cd000000,0x00007f73e1a00000,0x00007f73e1a00000)
  from space 744448K, 96% used [0x00007f741f900000,0x00007f744ba30108,0x00007f744d000000)
  to   space 879616K, 0% used [0x00007f73e1a00000,0x00007f73e1a00000,0x00007f7417500000)
 ParOldGen       total 43527680K, used 25926365K [0x00007f4ecd000000, 0x00007f592db80000, 0x00007f67cd000000)
  object space 43527680K, 59% used [0x00007f4ecd000000,0x00007f54fb6b7478,0x00007f592db80000)
 Metaspace       used 143402K, capacity 158683K, committed 165120K, reserved 165888K
Event: 777.652 GC heap after
Heap after GC invocations=125 (full 12):
 PSYoungGen      total 51523584K, used 853504K [0x00007f67cd000000, 0x00007f744d000000, 0x00007f744d000000)
  eden space 50669568K, 0% used [0x00007f67cd000000,0x00007f67cd000000,0x00007f73e1a00000)
  from space 854016K, 99% used [0x00007f73e1a00000,0x00007f7415b80150,0x00007f7415c00000)
  to   space 905216K, 0% used [0x00007f7415c00000,0x00007f7415c00000,0x00007f744d000000)
 ParOldGen       total 43527680K, used 26974941K [0x00007f4ecd000000, 0x00007f592db80000, 0x00007f67cd000000)
  object space 43527680K, 61% used [0x00007f4ecd000000,0x00007f553b6b75f8,0x00007f592db80000)
 Metaspace       used 143402K, capacity 158683K, committed 165120K, reserved 165888K
}
Event: 822.910 GC heap before
{Heap before GC invocations=126 (full 12):
 PSYoungGen      total 51523584K, used 51523072K [0x00007f67cd000000, 0x00007f744d000000, 0x00007f744d000000)
  eden space 50669568K, 100% used [0x00007f67cd000000,0x00007f73e1a00000,0x00007f73e1a00000)
  from space 854016K, 99% used [0x00007f73e1a00000,0x00007f7415b80150,0x00007f7415c00000)
  to   space 905216K, 0% used [0x00007f7415c00000,0x00007f7415c00000,0x00007f744d000000)
 ParOldGen       total 43527680K, used 27171551K [0x00007f4ecd000000, 0x00007f592db80000, 0x00007f67cd000000)
  object space 43527680K, 62% used [0x00007f4ecd000000,0x00007f55476b7e38,0x00007f592db80000)
 Metaspace       used 145044K, capacity 160457K, committed 166656K, reserved 167936K
Event: 831.633 GC heap after
Heap after GC invocations=126 (full 12):
 PSYoungGen      total 51006464K, used 859052K [0x00007f67cd000000, 0x00007f744d000000, 0x00007f744d000000)
  eden space 50101248K, 0% used [0x00007f67cd000000,0x00007f67cd000000,0x00007f73bef00000)
  from space 905216K, 94% used [0x00007f7415c00000,0x00007f744a2eb340,0x00007f744d000000)
  to   space 1163776K, 0% used [0x00007f73bef00000,0x00007f73bef00000,0x00007f7405f80000)
 ParOldGen       total 51916800K, used 50961129K [0x00007f4ecd000000, 0x00007f5b2dc00000, 0x00007f67cd000000)
  object space 51916800K, 98% used [0x00007f4ecd000000,0x00007f5af36ba7b0,0x00007f5b2dc00000)
 Metaspace       used 145044K, capacity 160457K, committed 166656K, reserved 167936K
}
Event: 831.633 GC heap before
{Heap before GC invocations=127 (full 13):
 PSYoungGen      total 51006464K, used 859052K [0x00007f67cd000000, 0x00007f744d000000, 0x00007f744d000000)
  eden space 50101248K, 0% used [0x00007f67cd000000,0x00007f67cd000000,0x00007f73bef00000)
  from space 905216K, 94% used [0x00007f7415c00000,0x00007f744a2eb340,0x00007f744d000000)
  to   space 1163776K, 0% used [0x00007f73bef00000,0x00007f73bef00000,0x00007f7405f80000)
 ParOldGen       total 51916800K, used 50961129K [0x00007f4ecd000000, 0x00007f5b2dc00000, 0x00007f67cd000000)
  object space 51916800K, 98% used [0x00007f4ecd000000,0x00007f5af36ba7b0,0x00007f5b2dc00000)
 Metaspace       used 145044K, capacity 160457K, committed 166656K, reserved 167936K
Event: 833.488 GC heap after
Heap after GC invocations=127 (full 13):
 PSYoungGen      total 51006464K, used 0K [0x00007f67cd000000, 0x00007f744d000000, 0x00007f744d000000)
  eden space 50101248K, 0% used [0x00007f67cd000000,0x00007f67cd000000,0x00007f73bef00000)
  from space 905216K, 0% used [0x00007f7415c00000,0x00007f7415c00000,0x00007f744d000000)
  to   space 1163776K, 0% used [0x00007f73bef00000,0x00007f73bef00000,0x00007f7405f80000)
 ParOldGen       total 62924288K, used 38697115K [0x00007f4ecd000000, 0x00007f5dcd980000, 0x00007f67cd000000)
  object space 62924288K, 61% used [0x00007f4ecd000000,0x00007f5806e26c38,0x00007f5dcd980000)
 Metaspace       used 145044K, capacity 160457K, committed 166656K, reserved 167936K
}
Event: 922.815 GC heap before
{Heap before GC invocations=128 (full 13):
 PSYoungGen      total 51006464K, used 43835484K [0x00007f67cd000000, 0x00007f744d000000, 0x00007f744d000000)
  eden space 50101248K, 87% used [0x00007f67cd000000,0x00007f7240817110,0x00007f73bef00000)
  from space 905216K, 0% used [0x00007f7415c00000,0x00007f7415c00000,0x00007f744d000000)
  to   space 1163776K, 0% used [0x00007f73bef00000,0x00007f73bef00000,0x00007f7405f80000)
 ParOldGen       total 62924288K, used 38697115K [0x00007f4ecd000000, 0x00007f5dcd980000, 0x00007f67cd000000)
  object space 62924288K, 61% used [0x00007f4ecd000000,0x00007f5806e26c38,0x00007f5dcd980000)
 Metaspace       used 145068K, capacity 160477K, committed 166656K, reserved 167936K
Event: 927.382 GC heap after
Heap after GC invocations=128 (full 13):
 PSYoungGen      total 51220992K, used 1119360K [0x00007f67cd000000, 0x00007f744d000000, 0x00007f744d000000)
  eden space 50101248K, 0% used [0x00007f67cd000000,0x00007f67cd000000,0x00007f73bef00000)
  from space 1119744K, 99% used [0x00007f73bef00000,0x00007f7403420240,0x00007f7403480000)
  to   space 1207808K, 0% used [0x00007f7403480000,0x00007f7403480000,0x00007f744d000000)
 ParOldGen       total 74878976K, used 74873004K [0x00007f4ecd000000, 0x00007f60a7400000, 0x00007f67cd000000)
  object space 74878976K, 99% used [0x00007f4ecd000000,0x00007f60a6e2b158,0x00007f60a7400000)
 Metaspace       used 145068K, capacity 160477K, committed 166656K, reserved 167936K
}
Event: 927.382 GC heap before
{Heap before GC invocations=129 (full 14):
 PSYoungGen      total 51220992K, used 1119360K [0x00007f67cd000000, 0x00007f744d000000, 0x00007f744d000000)
  eden space 50101248K, 0% used [0x00007f67cd000000,0x00007f67cd000000,0x00007f73bef00000)
  from space 1119744K, 99% used [0x00007f73bef00000,0x00007f7403420240,0x00007f7403480000)
  to   space 1207808K, 0% used [0x00007f7403480000,0x00007f7403480000,0x00007f744d000000)
 ParOldGen       total 74878976K, used 74873004K [0x00007f4ecd000000, 0x00007f60a7400000, 0x00007f67cd000000)
  object space 74878976K, 99% used [0x00007f4ecd000000,0x00007f60a6e2b158,0x00007f60a7400000)
 Metaspace       used 145068K, capacity 160477K, committed 166656K, reserved 167936K

